nohup: ignoring input
Loading required package: lattice
Loading required package: ggplot2
Loading required package: foreach
Loading required package: iterators
Loading required package: parallel
Loading required package: qdapDictionaries
Loading required package: qdapRegex

Attaching package: ‘qdapRegex’

The following object is masked from ‘package:ggplot2’:

    %+%

Loading required package: qdapTools
Loading required package: RColorBrewer

Attaching package: ‘qdap’

The following object is masked from ‘package:base’:

    Filter

── Attaching packages ─────────────────────────────────────── tidyverse 1.2.1 ──
✔ tibble  2.1.1       ✔ purrr   0.3.2  
✔ tidyr   0.8.3       ✔ dplyr   0.8.0.1
✔ readr   1.3.1       ✔ stringr 1.4.0  
✔ tibble  2.1.1       ✔ forcats 0.4.0  
── Conflicts ────────────────────────────────────────── tidyverse_conflicts() ──
✖ qdapRegex::%+%()    masks ggplot2::%+%()
✖ purrr::accumulate() masks foreach::accumulate()
✖ dplyr::explain()    masks qdapRegex::explain()
✖ dplyr::filter()     masks stats::filter()
✖ dplyr::id()         masks qdapTools::id()
✖ dplyr::lag()        masks stats::lag()
✖ purrr::lift()       masks caret::lift()
✖ purrr::when()       masks foreach::when()
Loading required package: NLP

Attaching package: ‘NLP’

The following object is masked from ‘package:qdap’:

    ngrams

The following object is masked from ‘package:ggplot2’:

    annotate


Attaching package: ‘tm’

The following objects are masked from ‘package:qdap’:

    as.DocumentTermMatrix, as.TermDocumentMatrix

NULL
TRACE [2019-04-22 19:11:47] Script started...
TRACE [2019-04-22 19:11:47] Ouput path: ~/Workspace/doctorate/long-lived-bug-prediction/notebooks/datasets
TRACE [2019-04-22 19:11:47] >>> PROJECT NAME : freedesktop
TRACE [2019-04-22 19:11:47] Last evaluation file generated: ~/Workspace/doctorate/long-lived-bug-prediction/notebooks/datasets/20190411123334_freedesktop__result_metrics.csv
TRACE [2019-04-22 19:11:47] Starting with parameter: 229
TRACE [2019-04-22 19:11:47] Bug reports file : ~/Workspace/doctorate/long-lived-bug-prediction/notebooks/datasets/20190309_freedesktop_bug_report_data.csv
TRACE [2019-04-22 19:11:47] Clean text features
TRACE [2019-04-22 19:12:27] Text mining: extracting 400 terms
TRACE [2019-04-22 19:13:03] Predicting: feature[short_long_description], threshold[20], classifier[rf], resampling[LGOCV], balancing[unbalanced]
TRACE [2019-04-22 19:13:03] Balancing dataset
TRACE [2019-04-22 19:13:03] [balance_dataset]: balancing method: unbalanced
TRACE [2019-04-22 19:13:03] Partitioning dataset
TRACE [2019-04-22 19:13:03] Training model: 
TRACE [2019-04-22 20:20:58] Testing model: 
TRACE [2019-04-22 20:20:58] Evaluating: Bcc [0.512633], Acc0 [0.628378], Acc1 [0.396887]
TRACE [2019-04-22 20:20:58] Recording evaluation results on CSV file.
TRACE [2019-04-22 20:20:59] Predicting: feature[short_long_description], threshold[24], classifier[rf], resampling[LGOCV], balancing[unbalanced]
TRACE [2019-04-22 20:20:59] Balancing dataset
TRACE [2019-04-22 20:20:59] [balance_dataset]: balancing method: unbalanced
TRACE [2019-04-22 20:20:59] Partitioning dataset
TRACE [2019-04-22 20:20:59] Training model: 
TRACE [2019-04-22 21:29:24] Testing model: 
TRACE [2019-04-22 21:29:24] Evaluating: Bcc [0.548995], Acc0 [0.634498], Acc1 [0.463492]
TRACE [2019-04-22 21:29:24] Recording evaluation results on CSV file.
TRACE [2019-04-22 21:29:24] Predicting: feature[short_long_description], threshold[28], classifier[rf], resampling[LGOCV], balancing[unbalanced]
TRACE [2019-04-22 21:29:24] Balancing dataset
TRACE [2019-04-22 21:29:24] [balance_dataset]: balancing method: unbalanced
TRACE [2019-04-22 21:29:24] Partitioning dataset
TRACE [2019-04-22 21:29:25] Training model: 
TRACE [2019-04-22 22:41:08] Testing model: 
TRACE [2019-04-22 22:41:09] Evaluating: Bcc [0.546783], Acc0 [0.624179], Acc1 [0.469388]
TRACE [2019-04-22 22:41:09] Recording evaluation results on CSV file.
TRACE [2019-04-22 22:41:09] Predicting: feature[short_long_description], threshold[32], classifier[rf], resampling[LGOCV], balancing[unbalanced]
TRACE [2019-04-22 22:41:09] Balancing dataset
TRACE [2019-04-22 22:41:09] [balance_dataset]: balancing method: unbalanced
TRACE [2019-04-22 22:41:09] Partitioning dataset
TRACE [2019-04-22 22:41:09] Training model: 
TRACE [2019-04-22 23:58:00] Testing model: 
TRACE [2019-04-22 23:58:00] Evaluating: Bcc [0.553150], Acc0 [0.631847], Acc1 [0.474453]
TRACE [2019-04-22 23:58:00] Recording evaluation results on CSV file.
TRACE [2019-04-22 23:58:00] Predicting: feature[short_long_description], threshold[36], classifier[rf], resampling[LGOCV], balancing[unbalanced]
TRACE [2019-04-22 23:58:00] Balancing dataset
TRACE [2019-04-22 23:58:00] [balance_dataset]: balancing method: unbalanced
TRACE [2019-04-22 23:58:00] Partitioning dataset
TRACE [2019-04-22 23:58:00] Training model: 
TRACE [2019-04-23 01:19:21] Testing model: 
TRACE [2019-04-23 01:19:21] Evaluating: Bcc [0.548427], Acc0 [0.635316], Acc1 [0.461538]
TRACE [2019-04-23 01:19:21] Recording evaluation results on CSV file.
TRACE [2019-04-23 01:19:21] Predicting: feature[short_long_description], threshold[40], classifier[rf], resampling[LGOCV], balancing[unbalanced]
TRACE [2019-04-23 01:19:21] Balancing dataset
TRACE [2019-04-23 01:19:21] [balance_dataset]: balancing method: unbalanced
TRACE [2019-04-23 01:19:21] Partitioning dataset
TRACE [2019-04-23 01:19:21] Training model: 
TRACE [2019-04-23 02:41:18] Testing model: 
TRACE [2019-04-23 02:41:18] Evaluating: Bcc [0.534637], Acc0 [0.637901], Acc1 [0.431373]
TRACE [2019-04-23 02:41:18] Recording evaluation results on CSV file.
TRACE [2019-04-23 02:41:18] Predicting: feature[short_long_description], threshold[44], classifier[rf], resampling[LGOCV], balancing[unbalanced]
TRACE [2019-04-23 02:41:18] Balancing dataset
TRACE [2019-04-23 02:41:18] [balance_dataset]: balancing method: unbalanced
TRACE [2019-04-23 02:41:18] Partitioning dataset
TRACE [2019-04-23 02:41:18] Training model: 
TRACE [2019-04-23 04:09:33] Testing model: 
TRACE [2019-04-23 04:09:33] Evaluating: Bcc [0.454924], Acc0 [0.643182], Acc1 [0.266667]
TRACE [2019-04-23 04:09:33] Recording evaluation results on CSV file.
TRACE [2019-04-23 04:09:34] Predicting: feature[short_long_description], threshold[48], classifier[rf], resampling[LGOCV], balancing[unbalanced]
TRACE [2019-04-23 04:09:34] Balancing dataset
TRACE [2019-04-23 04:09:34] [balance_dataset]: balancing method: unbalanced
TRACE [2019-04-23 04:09:34] Partitioning dataset
TRACE [2019-04-23 04:09:34] Training model: 
TRACE [2019-04-23 05:41:07] Testing model: 
TRACE [2019-04-23 05:41:08] Evaluating: Bcc [0.581638], Acc0 [0.645418], Acc1 [0.517857]
TRACE [2019-04-23 05:41:08] Recording evaluation results on CSV file.
TRACE [2019-04-23 05:41:08] Predicting: feature[short_long_description], threshold[52], classifier[rf], resampling[LGOCV], balancing[unbalanced]
TRACE [2019-04-23 05:41:08] Balancing dataset
TRACE [2019-04-23 05:41:08] [balance_dataset]: balancing method: unbalanced
TRACE [2019-04-23 05:41:08] Partitioning dataset
TRACE [2019-04-23 05:41:08] Training model: 
TRACE [2019-04-23 07:15:22] Testing model: 
TRACE [2019-04-23 07:15:22] Evaluating: Bcc [0.543584], Acc0 [0.649667], Acc1 [0.437500]
TRACE [2019-04-23 07:15:22] Recording evaluation results on CSV file.
TRACE [2019-04-23 07:15:23] Predicting: feature[short_long_description], threshold[56], classifier[rf], resampling[LGOCV], balancing[unbalanced]
TRACE [2019-04-23 07:15:23] Balancing dataset
TRACE [2019-04-23 07:15:23] [balance_dataset]: balancing method: unbalanced
TRACE [2019-04-23 07:15:23] Partitioning dataset
TRACE [2019-04-23 07:15:23] Training model: 
TRACE [2019-04-23 08:53:46] Testing model: 
TRACE [2019-04-23 08:53:46] Evaluating: Bcc [0.575651], Acc0 [0.651302], Acc1 [0.500000]
TRACE [2019-04-23 08:53:46] Recording evaluation results on CSV file.
TRACE [2019-04-23 08:53:47] Predicting: feature[short_long_description], threshold[60], classifier[rf], resampling[LGOCV], balancing[unbalanced]
TRACE [2019-04-23 08:53:47] Balancing dataset
TRACE [2019-04-23 08:53:47] [balance_dataset]: balancing method: unbalanced
TRACE [2019-04-23 08:53:47] Partitioning dataset
TRACE [2019-04-23 08:53:47] Training model: 
TRACE [2019-04-23 10:37:17] Testing model: 
TRACE [2019-04-23 10:37:18] Evaluating: Bcc [0.577540], Acc0 [0.655080], Acc1 [0.500000]
TRACE [2019-04-23 10:37:18] Recording evaluation results on CSV file.
TRACE [2019-04-23 10:37:18] Predicting: feature[short_long_description], threshold[64], classifier[rf], resampling[LGOCV], balancing[unbalanced]
TRACE [2019-04-23 10:37:18] Balancing dataset
TRACE [2019-04-23 10:37:18] [balance_dataset]: balancing method: unbalanced
TRACE [2019-04-23 10:37:18] Partitioning dataset
TRACE [2019-04-23 10:37:18] Training model: 
TRACE [2019-04-23 12:20:06] Testing model: 
TRACE [2019-04-23 12:20:07] Evaluating: Bcc [0.521744], Acc0 [0.658874], Acc1 [0.384615]
TRACE [2019-04-23 12:20:07] Recording evaluation results on CSV file.
TRACE [2019-04-23 12:20:07] Predicting: feature[short_long_description], threshold[4], classifier[svmRadial], resampling[LGOCV], balancing[unbalanced]
TRACE [2019-04-23 12:20:07] Balancing dataset
TRACE [2019-04-23 12:20:07] [balance_dataset]: balancing method: unbalanced
TRACE [2019-04-23 12:20:07] Partitioning dataset
TRACE [2019-04-23 12:20:07] Training model: 
TRACE [2019-04-23 12:23:08] Testing model: 
TRACE [2019-04-23 12:23:10] Evaluating: Bcc [0.498590], Acc0 [0.592040], Acc1 [0.405141]
TRACE [2019-04-23 12:23:10] Recording evaluation results on CSV file.
TRACE [2019-04-23 12:23:10] Predicting: feature[short_long_description], threshold[8], classifier[svmRadial], resampling[LGOCV], balancing[unbalanced]
TRACE [2019-04-23 12:23:10] Balancing dataset
TRACE [2019-04-23 12:23:10] [balance_dataset]: balancing method: unbalanced
TRACE [2019-04-23 12:23:10] Partitioning dataset
TRACE [2019-04-23 12:23:10] Training model: 
TRACE [2019-04-23 12:27:00] Testing model: 
TRACE [2019-04-23 12:27:01] Evaluating: Bcc [0.501703], Acc0 [0.605617], Acc1 [0.397790]
TRACE [2019-04-23 12:27:01] Recording evaluation results on CSV file.
TRACE [2019-04-23 12:27:01] Predicting: feature[short_long_description], threshold[12], classifier[svmRadial], resampling[LGOCV], balancing[unbalanced]
TRACE [2019-04-23 12:27:01] Balancing dataset
TRACE [2019-04-23 12:27:01] [balance_dataset]: balancing method: unbalanced
TRACE [2019-04-23 12:27:01] Partitioning dataset
TRACE [2019-04-23 12:27:01] Training model: 
TRACE [2019-04-23 12:31:22] Testing model: 
TRACE [2019-04-23 12:31:24] Evaluating: Bcc [0.522890], Acc0 [0.609455], Acc1 [0.436326]
TRACE [2019-04-23 12:31:24] Recording evaluation results on CSV file.
TRACE [2019-04-23 12:31:24] Predicting: feature[short_long_description], threshold[16], classifier[svmRadial], resampling[LGOCV], balancing[unbalanced]
TRACE [2019-04-23 12:31:24] Balancing dataset
TRACE [2019-04-23 12:31:24] [balance_dataset]: balancing method: unbalanced
TRACE [2019-04-23 12:31:24] Partitioning dataset
TRACE [2019-04-23 12:31:24] Training model: 
TRACE [2019-04-23 12:36:11] Testing model: 
TRACE [2019-04-23 12:36:13] Evaluating: Bcc [0.533290], Acc0 [0.624552], Acc1 [0.442029]
TRACE [2019-04-23 12:36:13] Recording evaluation results on CSV file.
TRACE [2019-04-23 12:36:13] Predicting: feature[short_long_description], threshold[20], classifier[svmRadial], resampling[LGOCV], balancing[unbalanced]
TRACE [2019-04-23 12:36:13] Balancing dataset
TRACE [2019-04-23 12:36:13] [balance_dataset]: balancing method: unbalanced
TRACE [2019-04-23 12:36:13] Partitioning dataset
TRACE [2019-04-23 12:36:13] Training model: 
TRACE [2019-04-23 12:41:21] Testing model: 
TRACE [2019-04-23 12:41:23] Evaluating: Bcc [0.521880], Acc0 [0.637510], Acc1 [0.406250]
TRACE [2019-04-23 12:41:23] Recording evaluation results on CSV file.
TRACE [2019-04-23 12:41:23] Predicting: feature[short_long_description], threshold[24], classifier[svmRadial], resampling[LGOCV], balancing[unbalanced]
TRACE [2019-04-23 12:41:23] Balancing dataset
TRACE [2019-04-23 12:41:23] [balance_dataset]: balancing method: unbalanced
TRACE [2019-04-23 12:41:23] Partitioning dataset
TRACE [2019-04-23 12:41:23] Training model: 
TRACE [2019-04-23 12:46:48] Testing model: 
TRACE [2019-04-23 12:46:50] Evaluating: Bcc [0.539188], Acc0 [0.639667], Acc1 [0.438710]
TRACE [2019-04-23 12:46:50] Recording evaluation results on CSV file.
TRACE [2019-04-23 12:46:50] Predicting: feature[short_long_description], threshold[28], classifier[svmRadial], resampling[LGOCV], balancing[unbalanced]
TRACE [2019-04-23 12:46:50] Balancing dataset
TRACE [2019-04-23 12:46:50] [balance_dataset]: balancing method: unbalanced
TRACE [2019-04-23 12:46:50] Partitioning dataset
TRACE [2019-04-23 12:46:50] Training model: 
TRACE [2019-04-23 12:52:28] Testing model: 
TRACE [2019-04-23 12:52:31] Evaluating: Bcc [0.563074], Acc0 [0.633500], Acc1 [0.492647]
TRACE [2019-04-23 12:52:31] Recording evaluation results on CSV file.
TRACE [2019-04-23 12:52:31] Predicting: feature[short_long_description], threshold[32], classifier[svmRadial], resampling[LGOCV], balancing[unbalanced]
TRACE [2019-04-23 12:52:31] Balancing dataset
TRACE [2019-04-23 12:52:31] [balance_dataset]: balancing method: unbalanced
TRACE [2019-04-23 12:52:31] Partitioning dataset
TRACE [2019-04-23 12:52:31] Training model: 
TRACE [2019-04-23 12:58:26] Testing model: 
TRACE [2019-04-23 12:58:29] Evaluating: Bcc [0.577280], Acc0 [0.636488], Acc1 [0.518072]
TRACE [2019-04-23 12:58:29] Recording evaluation results on CSV file.
TRACE [2019-04-23 12:58:29] Predicting: feature[short_long_description], threshold[36], classifier[svmRadial], resampling[LGOCV], balancing[unbalanced]
TRACE [2019-04-23 12:58:29] Balancing dataset
TRACE [2019-04-23 12:58:29] [balance_dataset]: balancing method: unbalanced
TRACE [2019-04-23 12:58:29] Partitioning dataset
TRACE [2019-04-23 12:58:29] Training model: 
TRACE [2019-04-23 13:04:36] Testing model: 
TRACE [2019-04-23 13:04:38] Evaluating: Bcc [0.522172], Acc0 [0.627678], Acc1 [0.416667]
TRACE [2019-04-23 13:04:38] Recording evaluation results on CSV file.
TRACE [2019-04-23 13:04:38] Predicting: feature[short_long_description], threshold[40], classifier[svmRadial], resampling[LGOCV], balancing[unbalanced]
TRACE [2019-04-23 13:04:38] Balancing dataset
TRACE [2019-04-23 13:04:38] [balance_dataset]: balancing method: unbalanced
TRACE [2019-04-23 13:04:38] Partitioning dataset
TRACE [2019-04-23 13:04:38] Training model: 
TRACE [2019-04-23 13:11:02] Testing model: 
TRACE [2019-04-23 13:11:05] Evaluating: Bcc [NaN], Acc0 [0.631937], Acc1 [NaN]
TRACE [2019-04-23 13:11:05] Recording evaluation results on CSV file.
TRACE [2019-04-23 13:11:05] Predicting: feature[short_long_description], threshold[44], classifier[svmRadial], resampling[LGOCV], balancing[unbalanced]
TRACE [2019-04-23 13:11:05] Balancing dataset
TRACE [2019-04-23 13:11:05] [balance_dataset]: balancing method: unbalanced
TRACE [2019-04-23 13:11:05] Partitioning dataset
TRACE [2019-04-23 13:11:05] Training model: 
TRACE [2019-04-23 13:17:39] Testing model: 
TRACE [2019-04-23 13:17:42] Evaluating: Bcc [NaN], Acc0 [0.636872], Acc1 [NaN]
TRACE [2019-04-23 13:17:42] Recording evaluation results on CSV file.
TRACE [2019-04-23 13:17:42] Predicting: feature[short_long_description], threshold[48], classifier[svmRadial], resampling[LGOCV], balancing[unbalanced]
TRACE [2019-04-23 13:17:42] Balancing dataset
TRACE [2019-04-23 13:17:42] [balance_dataset]: balancing method: unbalanced
TRACE [2019-04-23 13:17:42] Partitioning dataset
TRACE [2019-04-23 13:17:42] Training model: 
TRACE [2019-04-23 13:24:26] Testing model: 
TRACE [2019-04-23 13:24:29] Evaluating: Bcc [0.572021], Acc0 [0.649419], Acc1 [0.494624]
TRACE [2019-04-23 13:24:29] Recording evaluation results on CSV file.
TRACE [2019-04-23 13:24:29] Predicting: feature[short_long_description], threshold[52], classifier[svmRadial], resampling[LGOCV], balancing[unbalanced]
TRACE [2019-04-23 13:24:29] Balancing dataset
TRACE [2019-04-23 13:24:29] [balance_dataset]: balancing method: unbalanced
TRACE [2019-04-23 13:24:29] Partitioning dataset
TRACE [2019-04-23 13:24:29] Training model: 
TRACE [2019-04-23 13:31:22] Testing model: 
TRACE [2019-04-23 13:31:25] Evaluating: Bcc [0.604084], Acc0 [0.648846], Acc1 [0.559322]
TRACE [2019-04-23 13:31:25] Recording evaluation results on CSV file.
TRACE [2019-04-23 13:31:25] Predicting: feature[short_long_description], threshold[56], classifier[svmRadial], resampling[LGOCV], balancing[unbalanced]
TRACE [2019-04-23 13:31:25] Balancing dataset
TRACE [2019-04-23 13:31:25] [balance_dataset]: balancing method: unbalanced
TRACE [2019-04-23 13:31:25] Partitioning dataset
TRACE [2019-04-23 13:31:25] Training model: 
TRACE [2019-04-23 13:38:32] Testing model: 
TRACE [2019-04-23 13:38:35] Evaluating: Bcc [0.325431], Acc0 [0.650862], Acc1 [0.000000]
TRACE [2019-04-23 13:38:35] Recording evaluation results on CSV file.
TRACE [2019-04-23 13:38:35] Predicting: feature[short_long_description], threshold[60], classifier[svmRadial], resampling[LGOCV], balancing[unbalanced]
TRACE [2019-04-23 13:38:35] Balancing dataset
TRACE [2019-04-23 13:38:35] [balance_dataset]: balancing method: unbalanced
TRACE [2019-04-23 13:38:35] Partitioning dataset
TRACE [2019-04-23 13:38:35] Training model: 
TRACE [2019-04-23 13:46:00] Testing model: 
TRACE [2019-04-23 13:46:03] Evaluating: Bcc [0.646722], Acc0 [0.654555], Acc1 [0.638889]
TRACE [2019-04-23 13:46:03] Recording evaluation results on CSV file.
TRACE [2019-04-23 13:46:03] Predicting: feature[short_long_description], threshold[64], classifier[svmRadial], resampling[LGOCV], balancing[unbalanced]
TRACE [2019-04-23 13:46:03] Balancing dataset
TRACE [2019-04-23 13:46:03] [balance_dataset]: balancing method: unbalanced
TRACE [2019-04-23 13:46:03] Partitioning dataset
TRACE [2019-04-23 13:46:03] Training model: 
TRACE [2019-04-23 13:53:36] Testing model: 
TRACE [2019-04-23 13:53:39] Evaluating: Bcc [NaN], Acc0 [0.656992], Acc1 [NaN]
TRACE [2019-04-23 13:53:39] Recording evaluation results on CSV file.
TRACE [2019-04-23 13:53:39] Text mining: extracting 500 terms
TRACE [2019-04-23 13:54:15] Predicting: feature[short_long_description], threshold[4], classifier[knn], resampling[LGOCV], balancing[unbalanced]
TRACE [2019-04-23 13:54:15] Balancing dataset
TRACE [2019-04-23 13:54:15] [balance_dataset]: balancing method: unbalanced
TRACE [2019-04-23 13:54:15] Partitioning dataset
TRACE [2019-04-23 13:54:15] Training model: 
TRACE [2019-04-23 14:00:29] Testing model: 
TRACE [2019-04-23 14:00:37] Evaluating: Bcc [0.455889], Acc0 [0.521678], Acc1 [0.390099]
TRACE [2019-04-23 14:00:37] Recording evaluation results on CSV file.
TRACE [2019-04-23 14:00:37] Predicting: feature[short_long_description], threshold[8], classifier[knn], resampling[LGOCV], balancing[unbalanced]
TRACE [2019-04-23 14:00:37] Balancing dataset
TRACE [2019-04-23 14:00:37] [balance_dataset]: balancing method: unbalanced
TRACE [2019-04-23 14:00:37] Partitioning dataset
TRACE [2019-04-23 14:00:37] Training model: 
TRACE [2019-04-23 14:08:38] Testing model: 
TRACE [2019-04-23 14:08:50] Evaluating: Bcc [0.513273], Acc0 [0.559756], Acc1 [0.466790]
TRACE [2019-04-23 14:08:50] Recording evaluation results on CSV file.
TRACE [2019-04-23 14:08:50] Predicting: feature[short_long_description], threshold[12], classifier[knn], resampling[LGOCV], balancing[unbalanced]
TRACE [2019-04-23 14:08:50] Balancing dataset
TRACE [2019-04-23 14:08:50] [balance_dataset]: balancing method: unbalanced
TRACE [2019-04-23 14:08:50] Partitioning dataset
TRACE [2019-04-23 14:08:50] Training model: 
TRACE [2019-04-23 14:17:56] Testing model: 
TRACE [2019-04-23 14:18:04] Evaluating: Bcc [0.537168], Acc0 [0.575490], Acc1 [0.498845]
TRACE [2019-04-23 14:18:04] Recording evaluation results on CSV file.
TRACE [2019-04-23 14:18:05] Predicting: feature[short_long_description], threshold[16], classifier[knn], resampling[LGOCV], balancing[unbalanced]
TRACE [2019-04-23 14:18:05] Balancing dataset
TRACE [2019-04-23 14:18:05] [balance_dataset]: balancing method: unbalanced
TRACE [2019-04-23 14:18:05] Partitioning dataset
TRACE [2019-04-23 14:18:05] Training model: 
TRACE [2019-04-23 14:28:24] Testing model: 
TRACE [2019-04-23 14:28:37] Evaluating: Bcc [0.548533], Acc0 [0.607755], Acc1 [0.489311]
TRACE [2019-04-23 14:28:37] Recording evaluation results on CSV file.
TRACE [2019-04-23 14:28:37] Predicting: feature[short_long_description], threshold[20], classifier[knn], resampling[LGOCV], balancing[unbalanced]
TRACE [2019-04-23 14:28:37] Balancing dataset
TRACE [2019-04-23 14:28:37] [balance_dataset]: balancing method: unbalanced
TRACE [2019-04-23 14:28:37] Partitioning dataset
TRACE [2019-04-23 14:28:37] Training model: 
TRACE [2019-04-23 14:40:01] Testing model: 
TRACE [2019-04-23 14:40:19] Evaluating: Bcc [0.557662], Acc0 [0.615323], Acc1 [0.500000]
TRACE [2019-04-23 14:40:19] Recording evaluation results on CSV file.
TRACE [2019-04-23 14:40:19] Predicting: feature[short_long_description], threshold[24], classifier[knn], resampling[LGOCV], balancing[unbalanced]
TRACE [2019-04-23 14:40:19] Balancing dataset
TRACE [2019-04-23 14:40:19] [balance_dataset]: balancing method: unbalanced
TRACE [2019-04-23 14:40:19] Partitioning dataset
TRACE [2019-04-23 14:40:19] Training model: 
TRACE [2019-04-23 14:51:39] Testing model: 
TRACE [2019-04-23 14:51:58] Evaluating: Bcc [0.576080], Acc0 [0.618210], Acc1 [0.533951]
TRACE [2019-04-23 14:51:58] Recording evaluation results on CSV file.
TRACE [2019-04-23 14:51:58] Predicting: feature[short_long_description], threshold[28], classifier[knn], resampling[LGOCV], balancing[unbalanced]
TRACE [2019-04-23 14:51:58] Balancing dataset
TRACE [2019-04-23 14:51:58] [balance_dataset]: balancing method: unbalanced
TRACE [2019-04-23 14:51:58] Partitioning dataset
TRACE [2019-04-23 14:51:58] Training model: 
TRACE [2019-04-23 15:04:21] Testing model: 
TRACE [2019-04-23 15:04:41] Evaluating: Bcc [0.568114], Acc0 [0.639222], Acc1 [0.497006]
TRACE [2019-04-23 15:04:41] Recording evaluation results on CSV file.
TRACE [2019-04-23 15:04:42] Predicting: feature[short_long_description], threshold[32], classifier[knn], resampling[LGOCV], balancing[unbalanced]
TRACE [2019-04-23 15:04:42] Balancing dataset
TRACE [2019-04-23 15:04:42] [balance_dataset]: balancing method: unbalanced
TRACE [2019-04-23 15:04:42] Partitioning dataset
TRACE [2019-04-23 15:04:42] Training model: 
TRACE [2019-04-23 15:18:05] Testing model: 
TRACE [2019-04-23 15:18:17] Evaluating: Bcc [0.594012], Acc0 [0.633884], Acc1 [0.554140]
TRACE [2019-04-23 15:18:17] Recording evaluation results on CSV file.
TRACE [2019-04-23 15:18:18] Predicting: feature[short_long_description], threshold[36], classifier[knn], resampling[LGOCV], balancing[unbalanced]
TRACE [2019-04-23 15:18:18] Balancing dataset
TRACE [2019-04-23 15:18:18] [balance_dataset]: balancing method: unbalanced
TRACE [2019-04-23 15:18:18] Partitioning dataset
TRACE [2019-04-23 15:18:18] Training model: 
TRACE [2019-04-23 15:31:45] Testing model: 
TRACE [2019-04-23 15:32:00] Evaluating: Bcc [0.578742], Acc0 [0.652661], Acc1 [0.504823]
TRACE [2019-04-23 15:32:00] Recording evaluation results on CSV file.
TRACE [2019-04-23 15:32:00] Predicting: feature[short_long_description], threshold[40], classifier[knn], resampling[LGOCV], balancing[unbalanced]
TRACE [2019-04-23 15:32:00] Balancing dataset
TRACE [2019-04-23 15:32:00] [balance_dataset]: balancing method: unbalanced
TRACE [2019-04-23 15:32:00] Partitioning dataset
TRACE [2019-04-23 15:32:00] Training model: 
TRACE [2019-04-23 15:45:54] Testing model: 
TRACE [2019-04-23 15:46:11] Evaluating: Bcc [0.606217], Acc0 [0.646091], Acc1 [0.566343]
TRACE [2019-04-23 15:46:11] Recording evaluation results on CSV file.
TRACE [2019-04-23 15:46:11] Predicting: feature[short_long_description], threshold[44], classifier[knn], resampling[LGOCV], balancing[unbalanced]
TRACE [2019-04-23 15:46:11] Balancing dataset
TRACE [2019-04-23 15:46:11] [balance_dataset]: balancing method: unbalanced
TRACE [2019-04-23 15:46:11] Partitioning dataset
TRACE [2019-04-23 15:46:11] Training model: 
TRACE [2019-04-23 16:00:14] Testing model: 
TRACE [2019-04-23 16:00:34] Evaluating: Bcc [0.624861], Acc0 [0.641026], Acc1 [0.608696]
TRACE [2019-04-23 16:00:34] Recording evaluation results on CSV file.
TRACE [2019-04-23 16:00:35] Predicting: feature[short_long_description], threshold[48], classifier[knn], resampling[LGOCV], balancing[unbalanced]
TRACE [2019-04-23 16:00:35] Balancing dataset
TRACE [2019-04-23 16:00:35] [balance_dataset]: balancing method: unbalanced
TRACE [2019-04-23 16:00:35] Partitioning dataset
TRACE [2019-04-23 16:00:35] Training model: 
TRACE [2019-04-23 16:13:58] Testing model: 
TRACE [2019-04-23 16:14:13] Evaluating: Bcc [0.619905], Acc0 [0.651575], Acc1 [0.588235]
TRACE [2019-04-23 16:14:13] Recording evaluation results on CSV file.
TRACE [2019-04-23 16:14:13] Predicting: feature[short_long_description], threshold[52], classifier[knn], resampling[LGOCV], balancing[unbalanced]
TRACE [2019-04-23 16:14:13] Balancing dataset
TRACE [2019-04-23 16:14:13] [balance_dataset]: balancing method: unbalanced
TRACE [2019-04-23 16:14:13] Partitioning dataset
TRACE [2019-04-23 16:14:13] Training model: 
TRACE [2019-04-23 16:29:13] Testing model: 
TRACE [2019-04-23 16:29:36] Evaluating: Bcc [0.625700], Acc0 [0.656005], Acc1 [0.595395]
TRACE [2019-04-23 16:29:36] Recording evaluation results on CSV file.
TRACE [2019-04-23 16:29:36] Predicting: feature[short_long_description], threshold[56], classifier[knn], resampling[LGOCV], balancing[unbalanced]
TRACE [2019-04-23 16:29:36] Balancing dataset
TRACE [2019-04-23 16:29:36] [balance_dataset]: balancing method: unbalanced
TRACE [2019-04-23 16:29:36] Partitioning dataset
TRACE [2019-04-23 16:29:36] Training model: 
TRACE [2019-04-23 16:44:47] Testing model: 
TRACE [2019-04-23 16:45:11] Evaluating: Bcc [0.616701], Acc0 [0.664561], Acc1 [0.568841]
TRACE [2019-04-23 16:45:11] Recording evaluation results on CSV file.
TRACE [2019-04-23 16:45:11] Predicting: feature[short_long_description], threshold[60], classifier[knn], resampling[LGOCV], balancing[unbalanced]
TRACE [2019-04-23 16:45:11] Balancing dataset
TRACE [2019-04-23 16:45:11] [balance_dataset]: balancing method: unbalanced
TRACE [2019-04-23 16:45:11] Partitioning dataset
TRACE [2019-04-23 16:45:11] Training model: 
TRACE [2019-04-23 17:01:32] Testing model: 
TRACE [2019-04-23 17:02:01] Evaluating: Bcc [0.635679], Acc0 [0.661510], Acc1 [0.609848]
TRACE [2019-04-23 17:02:01] Recording evaluation results on CSV file.
TRACE [2019-04-23 17:02:01] Predicting: feature[short_long_description], threshold[64], classifier[knn], resampling[LGOCV], balancing[unbalanced]
TRACE [2019-04-23 17:02:01] Balancing dataset
TRACE [2019-04-23 17:02:01] [balance_dataset]: balancing method: unbalanced
TRACE [2019-04-23 17:02:01] Partitioning dataset
TRACE [2019-04-23 17:02:01] Training model: 
TRACE [2019-04-23 17:18:18] Testing model: 
TRACE [2019-04-23 17:18:45] Evaluating: Bcc [0.634705], Acc0 [0.664260], Acc1 [0.605150]
TRACE [2019-04-23 17:18:45] Recording evaluation results on CSV file.
TRACE [2019-04-23 17:18:45] Predicting: feature[short_long_description], threshold[4], classifier[nb], resampling[LGOCV], balancing[unbalanced]
TRACE [2019-04-23 17:18:45] Balancing dataset
TRACE [2019-04-23 17:18:45] [balance_dataset]: balancing method: unbalanced
TRACE [2019-04-23 17:18:45] Partitioning dataset
TRACE [2019-04-23 17:18:45] Training model: 
TRACE [2019-04-23 17:22:23] Testing model: 
TRACE [2019-04-23 17:22:31] Evaluating: Bcc [0.479100], Acc0 [0.557915], Acc1 [0.400285]
TRACE [2019-04-23 17:22:31] Recording evaluation results on CSV file.
TRACE [2019-04-23 17:22:31] Predicting: feature[short_long_description], threshold[8], classifier[nb], resampling[LGOCV], balancing[unbalanced]
TRACE [2019-04-23 17:22:31] Balancing dataset
TRACE [2019-04-23 17:22:31] [balance_dataset]: balancing method: unbalanced
TRACE [2019-04-23 17:22:31] Partitioning dataset
TRACE [2019-04-23 17:22:31] Training model: 
TRACE [2019-04-23 17:26:27] Testing model: 
TRACE [2019-04-23 17:26:36] Evaluating: Bcc [0.532320], Acc0 [0.628059], Acc1 [0.436582]
TRACE [2019-04-23 17:26:36] Recording evaluation results on CSV file.
TRACE [2019-04-23 17:26:36] Predicting: feature[short_long_description], threshold[12], classifier[nb], resampling[LGOCV], balancing[unbalanced]
TRACE [2019-04-23 17:26:36] Balancing dataset
TRACE [2019-04-23 17:26:36] [balance_dataset]: balancing method: unbalanced
TRACE [2019-04-23 17:26:36] Partitioning dataset
TRACE [2019-04-23 17:26:36] Training model: 
TRACE [2019-04-23 17:30:52] Testing model: 
TRACE [2019-04-23 17:31:02] Evaluating: Bcc [0.558154], Acc0 [0.612557], Acc1 [0.503750]
TRACE [2019-04-23 17:31:02] Recording evaluation results on CSV file.
TRACE [2019-04-23 17:31:02] Predicting: feature[short_long_description], threshold[16], classifier[nb], resampling[LGOCV], balancing[unbalanced]
TRACE [2019-04-23 17:31:02] Balancing dataset
TRACE [2019-04-23 17:31:02] [balance_dataset]: balancing method: unbalanced
TRACE [2019-04-23 17:31:02] Partitioning dataset
TRACE [2019-04-23 17:31:02] Training model: 
TRACE [2019-04-23 17:35:27] Testing model: 
TRACE [2019-04-23 17:35:37] Evaluating: Bcc [0.588942], Acc0 [0.673947], Acc1 [0.503937]
TRACE [2019-04-23 17:35:37] Recording evaluation results on CSV file.
TRACE [2019-04-23 17:35:37] Predicting: feature[short_long_description], threshold[20], classifier[nb], resampling[LGOCV], balancing[unbalanced]
TRACE [2019-04-23 17:35:37] Balancing dataset
TRACE [2019-04-23 17:35:37] [balance_dataset]: balancing method: unbalanced
TRACE [2019-04-23 17:35:37] Partitioning dataset
TRACE [2019-04-23 17:35:37] Training model: 
TRACE [2019-04-23 17:40:18] Testing model: 
TRACE [2019-04-23 17:41:25] Evaluating: Bcc [0.555234], Acc0 [0.622533], Acc1 [0.487936]
TRACE [2019-04-23 17:41:25] Recording evaluation results on CSV file.
TRACE [2019-04-23 17:41:25] Predicting: feature[short_long_description], threshold[24], classifier[nb], resampling[LGOCV], balancing[unbalanced]
TRACE [2019-04-23 17:41:25] Balancing dataset
TRACE [2019-04-23 17:41:25] [balance_dataset]: balancing method: unbalanced
TRACE [2019-04-23 17:41:25] Partitioning dataset
TRACE [2019-04-23 17:41:25] Training model: 
TRACE [2019-04-23 17:46:14] Testing model: 
TRACE [2019-04-23 17:47:22] Evaluating: Bcc [0.565111], Acc0 [0.623770], Acc1 [0.506452]
TRACE [2019-04-23 17:47:22] Recording evaluation results on CSV file.
TRACE [2019-04-23 17:47:22] Predicting: feature[short_long_description], threshold[28], classifier[nb], resampling[LGOCV], balancing[unbalanced]
TRACE [2019-04-23 17:47:22] Balancing dataset
TRACE [2019-04-23 17:47:22] [balance_dataset]: balancing method: unbalanced
TRACE [2019-04-23 17:47:22] Partitioning dataset
TRACE [2019-04-23 17:47:22] Training model: 
TRACE [2019-04-23 17:52:16] Testing model: 
TRACE [2019-04-23 17:53:26] Evaluating: Bcc [0.581973], Acc0 [0.624023], Acc1 [0.539924]
TRACE [2019-04-23 17:53:26] Recording evaluation results on CSV file.
TRACE [2019-04-23 17:53:26] Predicting: feature[short_long_description], threshold[32], classifier[nb], resampling[LGOCV], balancing[unbalanced]
TRACE [2019-04-23 17:53:26] Balancing dataset
TRACE [2019-04-23 17:53:26] [balance_dataset]: balancing method: unbalanced
TRACE [2019-04-23 17:53:26] Partitioning dataset
TRACE [2019-04-23 17:53:26] Training model: 
TRACE [2019-04-23 17:58:29] Testing model: 
TRACE [2019-04-23 17:59:41] Evaluating: Bcc [0.591337], Acc0 [0.629932], Acc1 [0.552743]
TRACE [2019-04-23 17:59:41] Recording evaluation results on CSV file.
TRACE [2019-04-23 17:59:42] Predicting: feature[short_long_description], threshold[36], classifier[nb], resampling[LGOCV], balancing[unbalanced]
TRACE [2019-04-23 17:59:42] Balancing dataset
TRACE [2019-04-23 17:59:42] [balance_dataset]: balancing method: unbalanced
TRACE [2019-04-23 17:59:42] Partitioning dataset
TRACE [2019-04-23 17:59:42] Training model: 
TRACE [2019-04-23 18:04:49] Testing model: 
TRACE [2019-04-23 18:06:03] Evaluating: Bcc [0.585102], Acc0 [0.639398], Acc1 [0.530806]
TRACE [2019-04-23 18:06:03] Recording evaluation results on CSV file.
TRACE [2019-04-23 18:06:03] Predicting: feature[short_long_description], threshold[40], classifier[nb], resampling[LGOCV], balancing[unbalanced]
TRACE [2019-04-23 18:06:03] Balancing dataset
TRACE [2019-04-23 18:06:03] [balance_dataset]: balancing method: unbalanced
TRACE [2019-04-23 18:06:03] Partitioning dataset
TRACE [2019-04-23 18:06:03] Training model: 
TRACE [2019-04-23 18:11:17] Testing model: 
TRACE [2019-04-23 18:12:31] Evaluating: Bcc [0.598236], Acc0 [0.636473], Acc1 [0.560000]
TRACE [2019-04-23 18:12:31] Recording evaluation results on CSV file.
TRACE [2019-04-23 18:12:31] Predicting: feature[short_long_description], threshold[44], classifier[nb], resampling[LGOCV], balancing[unbalanced]
TRACE [2019-04-23 18:12:31] Balancing dataset
TRACE [2019-04-23 18:12:31] [balance_dataset]: balancing method: unbalanced
TRACE [2019-04-23 18:12:31] Partitioning dataset
TRACE [2019-04-23 18:12:31] Training model: 
TRACE [2019-04-23 18:17:47] Testing model: 
TRACE [2019-04-23 18:19:02] Evaluating: Bcc [0.607613], Acc0 [0.642857], Acc1 [0.572368]
TRACE [2019-04-23 18:19:02] Recording evaluation results on CSV file.
TRACE [2019-04-23 18:19:02] Predicting: feature[short_long_description], threshold[48], classifier[nb], resampling[LGOCV], balancing[unbalanced]
TRACE [2019-04-23 18:19:02] Balancing dataset
TRACE [2019-04-23 18:19:02] [balance_dataset]: balancing method: unbalanced
TRACE [2019-04-23 18:19:02] Partitioning dataset
TRACE [2019-04-23 18:19:02] Training model: 
TRACE [2019-04-23 18:24:21] Testing model: 
TRACE [2019-04-23 18:25:36] Evaluating: Bcc [0.633049], Acc0 [0.642442], Acc1 [0.623656]
TRACE [2019-04-23 18:25:36] Recording evaluation results on CSV file.
TRACE [2019-04-23 18:25:37] Predicting: feature[short_long_description], threshold[52], classifier[nb], resampling[LGOCV], balancing[unbalanced]
TRACE [2019-04-23 18:25:37] Balancing dataset
TRACE [2019-04-23 18:25:37] [balance_dataset]: balancing method: unbalanced
TRACE [2019-04-23 18:25:37] Partitioning dataset
TRACE [2019-04-23 18:25:37] Training model: 
TRACE [2019-04-23 18:30:59] Testing model: 
TRACE [2019-04-23 18:32:16] Evaluating: Bcc [0.626941], Acc0 [0.647324], Acc1 [0.606557]
TRACE [2019-04-23 18:32:16] Recording evaluation results on CSV file.
TRACE [2019-04-23 18:32:16] Predicting: feature[short_long_description], threshold[56], classifier[nb], resampling[LGOCV], balancing[unbalanced]
TRACE [2019-04-23 18:32:16] Balancing dataset
TRACE [2019-04-23 18:32:16] [balance_dataset]: balancing method: unbalanced
TRACE [2019-04-23 18:32:16] Partitioning dataset
TRACE [2019-04-23 18:32:16] Training model: 
TRACE [2019-04-23 18:37:39] Testing model: 
TRACE [2019-04-23 18:38:57] Evaluating: Bcc [0.591117], Acc0 [0.653931], Acc1 [0.528302]
TRACE [2019-04-23 18:38:57] Recording evaluation results on CSV file.
TRACE [2019-04-23 18:38:57] Predicting: feature[short_long_description], threshold[60], classifier[nb], resampling[LGOCV], balancing[unbalanced]
TRACE [2019-04-23 18:38:57] Balancing dataset
TRACE [2019-04-23 18:38:57] [balance_dataset]: balancing method: unbalanced
TRACE [2019-04-23 18:38:57] Partitioning dataset
TRACE [2019-04-23 18:38:57] Training model: 
TRACE [2019-04-23 18:44:27] Testing model: 
TRACE [2019-04-23 18:45:48] Evaluating: Bcc [0.637665], Acc0 [0.655611], Acc1 [0.619718]
TRACE [2019-04-23 18:45:48] Recording evaluation results on CSV file.
TRACE [2019-04-23 18:45:48] Predicting: feature[short_long_description], threshold[64], classifier[nb], resampling[LGOCV], balancing[unbalanced]
TRACE [2019-04-23 18:45:48] Balancing dataset
TRACE [2019-04-23 18:45:48] [balance_dataset]: balancing method: unbalanced
TRACE [2019-04-23 18:45:48] Partitioning dataset
TRACE [2019-04-23 18:45:48] Training model: 
TRACE [2019-04-23 18:51:16] Testing model: 
TRACE [2019-04-23 18:52:34] Evaluating: Bcc [0.618348], Acc0 [0.658919], Acc1 [0.577778]
TRACE [2019-04-23 18:52:34] Recording evaluation results on CSV file.
TRACE [2019-04-23 18:52:35] Predicting: feature[short_long_description], threshold[4], classifier[rf], resampling[LGOCV], balancing[unbalanced]
TRACE [2019-04-23 18:52:35] Balancing dataset
TRACE [2019-04-23 18:52:35] [balance_dataset]: balancing method: unbalanced
TRACE [2019-04-23 18:52:35] Partitioning dataset
TRACE [2019-04-23 18:52:35] Training model: 
TRACE [2019-04-23 19:39:26] Testing model: 
TRACE [2019-04-23 19:39:26] Evaluating: Bcc [0.510085], Acc0 [0.648456], Acc1 [0.371715]
TRACE [2019-04-23 19:39:26] Recording evaluation results on CSV file.
TRACE [2019-04-23 19:39:26] Predicting: feature[short_long_description], threshold[8], classifier[rf], resampling[LGOCV], balancing[unbalanced]
TRACE [2019-04-23 19:39:26] Balancing dataset
TRACE [2019-04-23 19:39:26] [balance_dataset]: balancing method: unbalanced
TRACE [2019-04-23 19:39:26] Partitioning dataset
TRACE [2019-04-23 19:39:26] Training model: 
TRACE [2019-04-23 20:43:33] Testing model: 
TRACE [2019-04-23 20:43:34] Evaluating: Bcc [0.521977], Acc0 [0.655474], Acc1 [0.388479]
TRACE [2019-04-23 20:43:34] Recording evaluation results on CSV file.
TRACE [2019-04-23 20:43:34] Predicting: feature[short_long_description], threshold[12], classifier[rf], resampling[LGOCV], balancing[unbalanced]
TRACE [2019-04-23 20:43:34] Balancing dataset
TRACE [2019-04-23 20:43:34] [balance_dataset]: balancing method: unbalanced
TRACE [2019-04-23 20:43:34] Partitioning dataset
TRACE [2019-04-23 20:43:34] Training model: 
TRACE [2019-04-23 21:57:52] Testing model: 
TRACE [2019-04-23 21:57:52] Evaluating: Bcc [0.536694], Acc0 [0.626901], Acc1 [0.446488]
TRACE [2019-04-23 21:57:52] Recording evaluation results on CSV file.
TRACE [2019-04-23 21:57:52] Predicting: feature[short_long_description], threshold[16], classifier[rf], resampling[LGOCV], balancing[unbalanced]
TRACE [2019-04-23 21:57:52] Balancing dataset
TRACE [2019-04-23 21:57:52] [balance_dataset]: balancing method: unbalanced
TRACE [2019-04-23 21:57:52] Partitioning dataset
TRACE [2019-04-23 21:57:53] Training model: 
TRACE [2019-04-23 23:24:50] Testing model: 
TRACE [2019-04-23 23:24:50] Evaluating: Bcc [0.526265], Acc0 [0.647717], Acc1 [0.404814]
TRACE [2019-04-23 23:24:50] Recording evaluation results on CSV file.
TRACE [2019-04-23 23:24:51] Predicting: feature[short_long_description], threshold[20], classifier[rf], resampling[LGOCV], balancing[unbalanced]
TRACE [2019-04-23 23:24:51] Balancing dataset
TRACE [2019-04-23 23:24:51] [balance_dataset]: balancing method: unbalanced
TRACE [2019-04-23 23:24:51] Partitioning dataset
TRACE [2019-04-23 23:24:51] Training model: 
TRACE [2019-04-24 01:02:22] Testing model: 
TRACE [2019-04-24 01:02:23] Evaluating: Bcc [0.517313], Acc0 [0.646870], Acc1 [0.387755]
TRACE [2019-04-24 01:02:23] Recording evaluation results on CSV file.
TRACE [2019-04-24 01:02:23] Predicting: feature[short_long_description], threshold[24], classifier[rf], resampling[LGOCV], balancing[unbalanced]
TRACE [2019-04-24 01:02:23] Balancing dataset
TRACE [2019-04-24 01:02:23] [balance_dataset]: balancing method: unbalanced
TRACE [2019-04-24 01:02:23] Partitioning dataset
TRACE [2019-04-24 01:02:23] Training model: 
TRACE [2019-04-24 02:46:48] Testing model: 
TRACE [2019-04-24 02:46:49] Evaluating: Bcc [0.520522], Acc0 [0.637881], Acc1 [0.403162]
TRACE [2019-04-24 02:46:49] Recording evaluation results on CSV file.
TRACE [2019-04-24 02:46:49] Predicting: feature[short_long_description], threshold[28], classifier[rf], resampling[LGOCV], balancing[unbalanced]
TRACE [2019-04-24 02:46:49] Balancing dataset
TRACE [2019-04-24 02:46:49] [balance_dataset]: balancing method: unbalanced
TRACE [2019-04-24 02:46:49] Partitioning dataset
TRACE [2019-04-24 02:46:49] Training model: 
TRACE [2019-04-24 04:37:36] Testing model: 
TRACE [2019-04-24 04:37:36] Evaluating: Bcc [0.526077], Acc0 [0.627694], Acc1 [0.424460]
TRACE [2019-04-24 04:37:36] Recording evaluation results on CSV file.
TRACE [2019-04-24 04:37:37] Predicting: feature[short_long_description], threshold[32], classifier[rf], resampling[LGOCV], balancing[unbalanced]
TRACE [2019-04-24 04:37:37] Balancing dataset
TRACE [2019-04-24 04:37:37] [balance_dataset]: balancing method: unbalanced
TRACE [2019-04-24 04:37:37] Partitioning dataset
TRACE [2019-04-24 04:37:37] Training model: 
TRACE [2019-04-24 06:27:10] Testing model: 
TRACE [2019-04-24 06:27:11] Evaluating: Bcc [0.565693], Acc0 [0.655882], Acc1 [0.475504]
TRACE [2019-04-24 06:27:11] Recording evaluation results on CSV file.
TRACE [2019-04-24 06:27:11] Predicting: feature[short_long_description], threshold[36], classifier[rf], resampling[LGOCV], balancing[unbalanced]
TRACE [2019-04-24 06:27:11] Balancing dataset
TRACE [2019-04-24 06:27:11] [balance_dataset]: balancing method: unbalanced
TRACE [2019-04-24 06:27:11] Partitioning dataset
TRACE [2019-04-24 06:27:11] Training model: 
TRACE [2019-04-24 08:33:13] Testing model: 
TRACE [2019-04-24 08:33:13] Evaluating: Bcc [0.518924], Acc0 [0.637848], Acc1 [0.400000]
TRACE [2019-04-24 08:33:13] Recording evaluation results on CSV file.
TRACE [2019-04-24 08:33:13] Predicting: feature[short_long_description], threshold[40], classifier[rf], resampling[LGOCV], balancing[unbalanced]
TRACE [2019-04-24 08:33:13] Balancing dataset
TRACE [2019-04-24 08:33:13] [balance_dataset]: balancing method: unbalanced
TRACE [2019-04-24 08:33:13] Partitioning dataset
TRACE [2019-04-24 08:33:14] Training model: 
TRACE [2019-04-24 10:38:48] Testing model: 
TRACE [2019-04-24 10:38:49] Evaluating: Bcc [0.545260], Acc0 [0.637690], Acc1 [0.452830]
TRACE [2019-04-24 10:38:49] Recording evaluation results on CSV file.
TRACE [2019-04-24 10:38:49] Predicting: feature[short_long_description], threshold[44], classifier[rf], resampling[LGOCV], balancing[unbalanced]
TRACE [2019-04-24 10:38:49] Balancing dataset
TRACE [2019-04-24 10:38:49] [balance_dataset]: balancing method: unbalanced
TRACE [2019-04-24 10:38:49] Partitioning dataset
TRACE [2019-04-24 10:38:49] Training model: 
