nohup: ignoring input
Loading required package: lattice
Loading required package: ggplot2
Loading required package: foreach
Loading required package: iterators
Loading required package: parallel
Loading required package: qdapDictionaries
Loading required package: qdapRegex

Attaching package: ‘qdapRegex’

The following object is masked from ‘package:ggplot2’:

    %+%

Loading required package: qdapTools
Loading required package: RColorBrewer

Attaching package: ‘qdap’

The following object is masked from ‘package:base’:

    Filter

── Attaching packages ─────────────────────────────────────── tidyverse 1.2.1 ──
✔ tibble  2.1.1       ✔ purrr   0.3.2  
✔ tidyr   0.8.3       ✔ dplyr   0.8.0.1
✔ readr   1.3.1       ✔ stringr 1.4.0  
✔ tibble  2.1.1       ✔ forcats 0.4.0  
── Conflicts ────────────────────────────────────────── tidyverse_conflicts() ──
✖ qdapRegex::%+%()    masks ggplot2::%+%()
✖ purrr::accumulate() masks foreach::accumulate()
✖ dplyr::explain()    masks qdapRegex::explain()
✖ dplyr::filter()     masks stats::filter()
✖ dplyr::id()         masks qdapTools::id()
✖ dplyr::lag()        masks stats::lag()
✖ purrr::lift()       masks caret::lift()
✖ purrr::when()       masks foreach::when()
Loading required package: NLP

Attaching package: ‘NLP’

The following object is masked from ‘package:qdap’:

    ngrams

The following object is masked from ‘package:ggplot2’:

    annotate


Attaching package: ‘tm’

The following objects are masked from ‘package:qdap’:

    as.DocumentTermMatrix, as.TermDocumentMatrix

NULL
TRACE [2019-06-05 12:00:09] Script started...
TRACE [2019-06-05 12:00:09] Ouput path: ~/Workspace/doctorate/long-lived-bug-prediction/notebooks/datasets
TRACE [2019-06-05 12:00:09] >>> PROJECT NAME : freedesktop
TRACE [2019-06-05 12:00:09] Last evaluation file generated: ~/Workspace/doctorate/long-lived-bug-prediction/notebooks/datasets/20190527114516_freedesktop__result_metrics_normalized.csv
TRACE [2019-06-05 12:00:10] Starting with parameter: 240
TRACE [2019-06-05 12:00:10] Bug reports file : ~/Workspace/doctorate/long-lived-bug-prediction/notebooks/datasets/20190309_freedesktop_bug_report_data.csv
TRACE [2019-06-05 12:00:10] Clean text features
TRACE [2019-06-05 12:00:50] Text mining: extracting 400 terms
TRACE [2019-06-05 12:01:22] Text mining: extracted 400 terms
TRACE [2019-06-05 12:01:22] Predicting: feature[short_long_description], threshold[64], classifier[rf], resampling[LGOCV], balancing[unbalanced]
TRACE [2019-06-05 12:01:22] Balancing dataset
TRACE [2019-06-05 12:01:22] [balance_dataset]: balancing method: unbalanced
TRACE [2019-06-05 12:01:22] Partitioning dataset
TRACE [2019-06-05 12:01:24] Training model: 
TRACE [2019-06-05 14:47:04] Testing model: 
TRACE [2019-06-05 14:47:04] Evaluating: Bcc [0.540217], Acc0 [0.659382], Acc1 [0.421053]
TRACE [2019-06-05 14:47:04] Recording evaluation results on CSV file.
TRACE [2019-06-05 14:47:04] Predicting: feature[short_long_description], threshold[4], classifier[svmRadial], resampling[LGOCV], balancing[unbalanced]
TRACE [2019-06-05 14:47:04] Balancing dataset
TRACE [2019-06-05 14:47:04] [balance_dataset]: balancing method: unbalanced
TRACE [2019-06-05 14:47:04] Partitioning dataset
TRACE [2019-06-05 14:47:06] Training model: 
TRACE [2019-06-05 14:50:48] Testing model: 
TRACE [2019-06-05 14:50:49] Evaluating: Bcc [0.477431], Acc0 [0.554286], Acc1 [0.400576]
TRACE [2019-06-05 14:50:49] Recording evaluation results on CSV file.
TRACE [2019-06-05 14:50:49] Predicting: feature[short_long_description], threshold[8], classifier[svmRadial], resampling[LGOCV], balancing[unbalanced]
TRACE [2019-06-05 14:50:49] Balancing dataset
TRACE [2019-06-05 14:50:49] [balance_dataset]: balancing method: unbalanced
TRACE [2019-06-05 14:50:49] Partitioning dataset
TRACE [2019-06-05 14:50:51] Training model: 
TRACE [2019-06-05 14:55:30] Testing model: 
TRACE [2019-06-05 14:55:31] Evaluating: Bcc [0.480889], Acc0 [0.582726], Acc1 [0.379052]
TRACE [2019-06-05 14:55:31] Recording evaluation results on CSV file.
TRACE [2019-06-05 14:55:32] Predicting: feature[short_long_description], threshold[12], classifier[svmRadial], resampling[LGOCV], balancing[unbalanced]
TRACE [2019-06-05 14:55:32] Balancing dataset
TRACE [2019-06-05 14:55:32] [balance_dataset]: balancing method: unbalanced
TRACE [2019-06-05 14:55:32] Partitioning dataset
TRACE [2019-06-05 14:55:33] Training model: 
TRACE [2019-06-05 15:00:46] Testing model: 
TRACE [2019-06-05 15:00:47] Evaluating: Bcc [0.512880], Acc0 [0.600760], Acc1 [0.425000]
TRACE [2019-06-05 15:00:47] Recording evaluation results on CSV file.
TRACE [2019-06-05 15:00:48] Predicting: feature[short_long_description], threshold[16], classifier[svmRadial], resampling[LGOCV], balancing[unbalanced]
TRACE [2019-06-05 15:00:48] Balancing dataset
TRACE [2019-06-05 15:00:48] [balance_dataset]: balancing method: unbalanced
TRACE [2019-06-05 15:00:48] Partitioning dataset
TRACE [2019-06-05 15:00:50] Training model: 
TRACE [2019-06-05 15:06:33] Testing model: 
TRACE [2019-06-05 15:06:35] Evaluating: Bcc [0.527131], Acc0 [0.621107], Acc1 [0.433155]
TRACE [2019-06-05 15:06:35] Recording evaluation results on CSV file.
TRACE [2019-06-05 15:06:36] Predicting: feature[short_long_description], threshold[20], classifier[svmRadial], resampling[LGOCV], balancing[unbalanced]
TRACE [2019-06-05 15:06:36] Balancing dataset
TRACE [2019-06-05 15:06:36] [balance_dataset]: balancing method: unbalanced
TRACE [2019-06-05 15:06:36] Partitioning dataset
TRACE [2019-06-05 15:06:37] Training model: 
TRACE [2019-06-05 15:12:47] Testing model: 
TRACE [2019-06-05 15:12:49] Evaluating: Bcc [0.517301], Acc0 [0.636576], Acc1 [0.398026]
TRACE [2019-06-05 15:12:49] Recording evaluation results on CSV file.
TRACE [2019-06-05 15:12:49] Predicting: feature[short_long_description], threshold[24], classifier[svmRadial], resampling[LGOCV], balancing[unbalanced]
TRACE [2019-06-05 15:12:49] Balancing dataset
TRACE [2019-06-05 15:12:49] [balance_dataset]: balancing method: unbalanced
TRACE [2019-06-05 15:12:49] Partitioning dataset
TRACE [2019-06-05 15:12:50] Training model: 
TRACE [2019-06-05 15:19:16] Testing model: 
TRACE [2019-06-05 15:19:18] Evaluating: Bcc [0.534665], Acc0 [0.629496], Acc1 [0.439834]
TRACE [2019-06-05 15:19:18] Recording evaluation results on CSV file.
TRACE [2019-06-05 15:19:18] Predicting: feature[short_long_description], threshold[28], classifier[svmRadial], resampling[LGOCV], balancing[unbalanced]
TRACE [2019-06-05 15:19:18] Balancing dataset
TRACE [2019-06-05 15:19:18] [balance_dataset]: balancing method: unbalanced
TRACE [2019-06-05 15:19:18] Partitioning dataset
TRACE [2019-06-05 15:19:20] Training model: 
TRACE [2019-06-05 15:26:01] Testing model: 
TRACE [2019-06-05 15:26:04] Evaluating: Bcc [0.546598], Acc0 [0.629655], Acc1 [0.463542]
TRACE [2019-06-05 15:26:04] Recording evaluation results on CSV file.
TRACE [2019-06-05 15:26:04] Predicting: feature[short_long_description], threshold[32], classifier[svmRadial], resampling[LGOCV], balancing[unbalanced]
TRACE [2019-06-05 15:26:04] Balancing dataset
TRACE [2019-06-05 15:26:04] [balance_dataset]: balancing method: unbalanced
TRACE [2019-06-05 15:26:04] Partitioning dataset
TRACE [2019-06-05 15:26:06] Training model: 
TRACE [2019-06-05 15:33:06] Testing model: 
TRACE [2019-06-05 15:33:09] Evaluating: Bcc [0.571361], Acc0 [0.635935], Acc1 [0.506787]
TRACE [2019-06-05 15:33:09] Recording evaluation results on CSV file.
TRACE [2019-06-05 15:33:09] Predicting: feature[short_long_description], threshold[36], classifier[svmRadial], resampling[LGOCV], balancing[unbalanced]
TRACE [2019-06-05 15:33:09] Balancing dataset
TRACE [2019-06-05 15:33:09] [balance_dataset]: balancing method: unbalanced
TRACE [2019-06-05 15:33:09] Partitioning dataset
TRACE [2019-06-05 15:33:10] Training model: 
TRACE [2019-06-05 15:40:27] Testing model: 
TRACE [2019-06-05 15:40:30] Evaluating: Bcc [0.540930], Acc0 [0.627315], Acc1 [0.454545]
TRACE [2019-06-05 15:40:30] Recording evaluation results on CSV file.
TRACE [2019-06-05 15:40:30] Predicting: feature[short_long_description], threshold[40], classifier[svmRadial], resampling[LGOCV], balancing[unbalanced]
TRACE [2019-06-05 15:40:30] Balancing dataset
TRACE [2019-06-05 15:40:30] [balance_dataset]: balancing method: unbalanced
TRACE [2019-06-05 15:40:30] Partitioning dataset
TRACE [2019-06-05 15:40:32] Training model: 
TRACE [2019-06-05 15:48:07] Testing model: 
TRACE [2019-06-05 15:48:10] Evaluating: Bcc [NaN], Acc0 [0.631937], Acc1 [NaN]
TRACE [2019-06-05 15:48:10] Recording evaluation results on CSV file.
TRACE [2019-06-05 15:48:10] Predicting: feature[short_long_description], threshold[44], classifier[svmRadial], resampling[LGOCV], balancing[unbalanced]
TRACE [2019-06-05 15:48:10] Balancing dataset
TRACE [2019-06-05 15:48:10] [balance_dataset]: balancing method: unbalanced
TRACE [2019-06-05 15:48:10] Partitioning dataset
TRACE [2019-06-05 15:48:12] Training model: 
TRACE [2019-06-05 15:56:07] Testing model: 
TRACE [2019-06-05 15:56:10] Evaluating: Bcc [NaN], Acc0 [0.636872], Acc1 [NaN]
TRACE [2019-06-05 15:56:10] Recording evaluation results on CSV file.
TRACE [2019-06-05 15:56:10] Predicting: feature[short_long_description], threshold[48], classifier[svmRadial], resampling[LGOCV], balancing[unbalanced]
TRACE [2019-06-05 15:56:10] Balancing dataset
TRACE [2019-06-05 15:56:10] [balance_dataset]: balancing method: unbalanced
TRACE [2019-06-05 15:56:10] Partitioning dataset
TRACE [2019-06-05 15:56:12] Training model: 
TRACE [2019-06-05 16:04:17] Testing model: 
TRACE [2019-06-05 16:04:19] Evaluating: Bcc [0.560661], Acc0 [0.650058], Acc1 [0.471264]
TRACE [2019-06-05 16:04:19] Recording evaluation results on CSV file.
TRACE [2019-06-05 16:04:20] Predicting: feature[short_long_description], threshold[52], classifier[svmRadial], resampling[LGOCV], balancing[unbalanced]
TRACE [2019-06-05 16:04:20] Balancing dataset
TRACE [2019-06-05 16:04:20] [balance_dataset]: balancing method: unbalanced
TRACE [2019-06-05 16:04:20] Partitioning dataset
TRACE [2019-06-05 16:04:22] Training model: 
TRACE [2019-06-05 16:12:33] Testing model: 
TRACE [2019-06-05 16:12:36] Evaluating: Bcc [0.614449], Acc0 [0.648253], Acc1 [0.580645]
TRACE [2019-06-05 16:12:36] Recording evaluation results on CSV file.
TRACE [2019-06-05 16:12:36] Predicting: feature[short_long_description], threshold[56], classifier[svmRadial], resampling[LGOCV], balancing[unbalanced]
TRACE [2019-06-05 16:12:36] Balancing dataset
TRACE [2019-06-05 16:12:36] [balance_dataset]: balancing method: unbalanced
TRACE [2019-06-05 16:12:36] Partitioning dataset
TRACE [2019-06-05 16:12:37] Training model: 
TRACE [2019-06-05 16:21:06] Testing model: 
TRACE [2019-06-05 16:21:09] Evaluating: Bcc [0.325256], Acc0 [0.650512], Acc1 [0.000000]
TRACE [2019-06-05 16:21:09] Recording evaluation results on CSV file.
TRACE [2019-06-05 16:21:09] Predicting: feature[short_long_description], threshold[60], classifier[svmRadial], resampling[LGOCV], balancing[unbalanced]
TRACE [2019-06-05 16:21:09] Balancing dataset
TRACE [2019-06-05 16:21:09] [balance_dataset]: balancing method: unbalanced
TRACE [2019-06-05 16:21:09] Partitioning dataset
TRACE [2019-06-05 16:21:11] Training model: 
TRACE [2019-06-05 16:30:05] Testing model: 
TRACE [2019-06-05 16:30:07] Evaluating: Bcc [0.556793], Acc0 [0.659041], Acc1 [0.454545]
TRACE [2019-06-05 16:30:07] Recording evaluation results on CSV file.
TRACE [2019-06-05 16:30:08] Predicting: feature[short_long_description], threshold[64], classifier[svmRadial], resampling[LGOCV], balancing[unbalanced]
TRACE [2019-06-05 16:30:08] Balancing dataset
TRACE [2019-06-05 16:30:08] [balance_dataset]: balancing method: unbalanced
TRACE [2019-06-05 16:30:08] Partitioning dataset
TRACE [2019-06-05 16:30:10] Training model: 
TRACE [2019-06-05 16:39:07] Testing model: 
TRACE [2019-06-05 16:39:10] Evaluating: Bcc [NaN], Acc0 [0.656992], Acc1 [NaN]
TRACE [2019-06-05 16:39:10] Recording evaluation results on CSV file.
TRACE [2019-06-05 16:39:10] Text mining: extracting 500 terms
TRACE [2019-06-05 16:39:45] Text mining: extracted 500 terms
TRACE [2019-06-05 16:39:46] Predicting: feature[short_long_description], threshold[4], classifier[knn], resampling[LGOCV], balancing[unbalanced]
TRACE [2019-06-05 16:39:46] Balancing dataset
TRACE [2019-06-05 16:39:46] [balance_dataset]: balancing method: unbalanced
TRACE [2019-06-05 16:39:46] Partitioning dataset
TRACE [2019-06-05 16:39:47] Training model: 
TRACE [2019-06-05 16:42:26] Testing model: 
TRACE [2019-06-05 16:42:39] Evaluating: Bcc [0.465992], Acc0 [0.523274], Acc1 [0.408710]
TRACE [2019-06-05 16:42:39] Recording evaluation results on CSV file.
TRACE [2019-06-05 16:42:39] Predicting: feature[short_long_description], threshold[8], classifier[knn], resampling[LGOCV], balancing[unbalanced]
TRACE [2019-06-05 16:42:39] Balancing dataset
TRACE [2019-06-05 16:42:39] [balance_dataset]: balancing method: unbalanced
TRACE [2019-06-05 16:42:39] Partitioning dataset
TRACE [2019-06-05 16:42:41] Training model: 
TRACE [2019-06-05 16:44:41] Testing model: 
TRACE [2019-06-05 16:44:57] Evaluating: Bcc [0.516121], Acc0 [0.562259], Acc1 [0.469983]
TRACE [2019-06-05 16:44:57] Recording evaluation results on CSV file.
TRACE [2019-06-05 16:44:57] Predicting: feature[short_long_description], threshold[12], classifier[knn], resampling[LGOCV], balancing[unbalanced]
TRACE [2019-06-05 16:44:57] Balancing dataset
TRACE [2019-06-05 16:44:57] [balance_dataset]: balancing method: unbalanced
TRACE [2019-06-05 16:44:57] Partitioning dataset
TRACE [2019-06-05 16:44:59] Training model: 
TRACE [2019-06-05 16:48:48] Testing model: 
TRACE [2019-06-05 16:48:58] Evaluating: Bcc [0.541441], Acc0 [0.582882], Acc1 [0.500000]
TRACE [2019-06-05 16:48:58] Recording evaluation results on CSV file.
TRACE [2019-06-05 16:48:58] Predicting: feature[short_long_description], threshold[16], classifier[knn], resampling[LGOCV], balancing[unbalanced]
TRACE [2019-06-05 16:48:58] Balancing dataset
TRACE [2019-06-05 16:48:58] [balance_dataset]: balancing method: unbalanced
TRACE [2019-06-05 16:48:58] Partitioning dataset
TRACE [2019-06-05 16:49:00] Training model: 
TRACE [2019-06-05 16:53:11] Testing model: 
TRACE [2019-06-05 16:53:29] Evaluating: Bcc [0.550328], Acc0 [0.614515], Acc1 [0.486141]
TRACE [2019-06-05 16:53:29] Recording evaluation results on CSV file.
TRACE [2019-06-05 16:53:29] Predicting: feature[short_long_description], threshold[20], classifier[knn], resampling[LGOCV], balancing[unbalanced]
TRACE [2019-06-05 16:53:29] Balancing dataset
TRACE [2019-06-05 16:53:29] [balance_dataset]: balancing method: unbalanced
TRACE [2019-06-05 16:53:29] Partitioning dataset
TRACE [2019-06-05 16:53:32] Training model: 
TRACE [2019-06-05 16:58:08] Testing model: 
TRACE [2019-06-05 16:58:33] Evaluating: Bcc [0.562554], Acc0 [0.625108], Acc1 [0.500000]
TRACE [2019-06-05 16:58:33] Recording evaluation results on CSV file.
TRACE [2019-06-05 16:58:33] Predicting: feature[short_long_description], threshold[24], classifier[knn], resampling[LGOCV], balancing[unbalanced]
TRACE [2019-06-05 16:58:33] Balancing dataset
TRACE [2019-06-05 16:58:33] [balance_dataset]: balancing method: unbalanced
TRACE [2019-06-05 16:58:33] Partitioning dataset
TRACE [2019-06-05 16:58:35] Training model: 
TRACE [2019-06-05 17:02:02] Testing model: 
TRACE [2019-06-05 17:02:28] Evaluating: Bcc [0.571891], Acc0 [0.628319], Acc1 [0.515464]
TRACE [2019-06-05 17:02:28] Recording evaluation results on CSV file.
TRACE [2019-06-05 17:02:28] Predicting: feature[short_long_description], threshold[28], classifier[knn], resampling[LGOCV], balancing[unbalanced]
TRACE [2019-06-05 17:02:28] Balancing dataset
TRACE [2019-06-05 17:02:28] [balance_dataset]: balancing method: unbalanced
TRACE [2019-06-05 17:02:28] Partitioning dataset
TRACE [2019-06-05 17:02:30] Training model: 
TRACE [2019-06-05 17:07:22] Testing model: 
TRACE [2019-06-05 17:07:45] Evaluating: Bcc [0.583749], Acc0 [0.637232], Acc1 [0.530266]
TRACE [2019-06-05 17:07:45] Recording evaluation results on CSV file.
TRACE [2019-06-05 17:07:45] Predicting: feature[short_long_description], threshold[32], classifier[knn], resampling[LGOCV], balancing[unbalanced]
TRACE [2019-06-05 17:07:45] Balancing dataset
TRACE [2019-06-05 17:07:45] [balance_dataset]: balancing method: unbalanced
TRACE [2019-06-05 17:07:45] Partitioning dataset
TRACE [2019-06-05 17:07:47] Training model: 
TRACE [2019-06-05 17:11:10] Testing model: 
TRACE [2019-06-05 17:11:23] Evaluating: Bcc [0.592396], Acc0 [0.638314], Acc1 [0.546479]
TRACE [2019-06-05 17:11:23] Recording evaluation results on CSV file.
TRACE [2019-06-05 17:11:23] Predicting: feature[short_long_description], threshold[36], classifier[knn], resampling[LGOCV], balancing[unbalanced]
TRACE [2019-06-05 17:11:23] Balancing dataset
TRACE [2019-06-05 17:11:23] [balance_dataset]: balancing method: unbalanced
TRACE [2019-06-05 17:11:23] Partitioning dataset
TRACE [2019-06-05 17:11:25] Training model: 
TRACE [2019-06-05 17:14:41] Testing model: 
TRACE [2019-06-05 17:14:57] Evaluating: Bcc [0.608723], Acc0 [0.641836], Acc1 [0.575610]
TRACE [2019-06-05 17:14:57] Recording evaluation results on CSV file.
TRACE [2019-06-05 17:14:58] Predicting: feature[short_long_description], threshold[40], classifier[knn], resampling[LGOCV], balancing[unbalanced]
TRACE [2019-06-05 17:14:58] Balancing dataset
TRACE [2019-06-05 17:14:58] [balance_dataset]: balancing method: unbalanced
TRACE [2019-06-05 17:14:58] Partitioning dataset
TRACE [2019-06-05 17:15:00] Training model: 
TRACE [2019-06-05 17:19:06] Testing model: 
TRACE [2019-06-05 17:19:31] Evaluating: Bcc [0.615107], Acc0 [0.644652], Acc1 [0.585561]
TRACE [2019-06-05 17:19:31] Recording evaluation results on CSV file.
TRACE [2019-06-05 17:19:32] Predicting: feature[short_long_description], threshold[44], classifier[knn], resampling[LGOCV], balancing[unbalanced]
TRACE [2019-06-05 17:19:32] Balancing dataset
TRACE [2019-06-05 17:19:32] [balance_dataset]: balancing method: unbalanced
TRACE [2019-06-05 17:19:32] Partitioning dataset
TRACE [2019-06-05 17:19:34] Training model: 
TRACE [2019-06-05 17:24:58] Testing model: 
TRACE [2019-06-05 17:25:34] Evaluating: Bcc [0.614741], Acc0 [0.648086], Acc1 [0.581395]
TRACE [2019-06-05 17:25:34] Recording evaluation results on CSV file.
TRACE [2019-06-05 17:25:34] Predicting: feature[short_long_description], threshold[48], classifier[knn], resampling[LGOCV], balancing[unbalanced]
TRACE [2019-06-05 17:25:34] Balancing dataset
TRACE [2019-06-05 17:25:34] [balance_dataset]: balancing method: unbalanced
TRACE [2019-06-05 17:25:34] Partitioning dataset
TRACE [2019-06-05 17:25:36] Training model: 
TRACE [2019-06-05 17:31:02] Testing model: 
TRACE [2019-06-05 17:31:28] Evaluating: Bcc [0.616671], Acc0 [0.653872], Acc1 [0.579470]
TRACE [2019-06-05 17:31:28] Recording evaluation results on CSV file.
TRACE [2019-06-05 17:31:28] Predicting: feature[short_long_description], threshold[52], classifier[knn], resampling[LGOCV], balancing[unbalanced]
TRACE [2019-06-05 17:31:28] Balancing dataset
TRACE [2019-06-05 17:31:28] [balance_dataset]: balancing method: unbalanced
TRACE [2019-06-05 17:31:28] Partitioning dataset
TRACE [2019-06-05 17:31:30] Training model: 
TRACE [2019-06-05 17:37:13] Testing model: 
TRACE [2019-06-05 17:37:36] Evaluating: Bcc [0.635233], Acc0 [0.651715], Acc1 [0.618750]
TRACE [2019-06-05 17:37:36] Recording evaluation results on CSV file.
TRACE [2019-06-05 17:37:36] Predicting: feature[short_long_description], threshold[56], classifier[knn], resampling[LGOCV], balancing[unbalanced]
TRACE [2019-06-05 17:37:36] Balancing dataset
TRACE [2019-06-05 17:37:36] [balance_dataset]: balancing method: unbalanced
TRACE [2019-06-05 17:37:36] Partitioning dataset
TRACE [2019-06-05 17:37:38] Training model: 
TRACE [2019-06-05 17:43:24] Testing model: 
TRACE [2019-06-05 17:43:48] Evaluating: Bcc [0.623575], Acc0 [0.666226], Acc1 [0.580925]
TRACE [2019-06-05 17:43:48] Recording evaluation results on CSV file.
TRACE [2019-06-05 17:43:48] Predicting: feature[short_long_description], threshold[60], classifier[knn], resampling[LGOCV], balancing[unbalanced]
TRACE [2019-06-05 17:43:48] Balancing dataset
TRACE [2019-06-05 17:43:48] [balance_dataset]: balancing method: unbalanced
TRACE [2019-06-05 17:43:48] Partitioning dataset
TRACE [2019-06-05 17:43:50] Training model: 
TRACE [2019-06-05 17:49:43] Testing model: 
TRACE [2019-06-05 17:50:08] Evaluating: Bcc [0.635878], Acc0 [0.664717], Acc1 [0.607038]
TRACE [2019-06-05 17:50:08] Recording evaluation results on CSV file.
TRACE [2019-06-05 17:50:09] Predicting: feature[short_long_description], threshold[64], classifier[knn], resampling[LGOCV], balancing[unbalanced]
TRACE [2019-06-05 17:50:09] Balancing dataset
TRACE [2019-06-05 17:50:09] [balance_dataset]: balancing method: unbalanced
TRACE [2019-06-05 17:50:09] Partitioning dataset
TRACE [2019-06-05 17:50:11] Training model: 
TRACE [2019-06-05 17:54:12] Testing model: 
TRACE [2019-06-05 17:54:41] Evaluating: Bcc [0.631198], Acc0 [0.668539], Acc1 [0.593857]
TRACE [2019-06-05 17:54:41] Recording evaluation results on CSV file.
TRACE [2019-06-05 17:54:41] Predicting: feature[short_long_description], threshold[4], classifier[nb], resampling[LGOCV], balancing[unbalanced]
TRACE [2019-06-05 17:54:41] Balancing dataset
TRACE [2019-06-05 17:54:41] [balance_dataset]: balancing method: unbalanced
TRACE [2019-06-05 17:54:41] Partitioning dataset
TRACE [2019-06-05 17:54:42] Training model: 
TRACE [2019-06-05 17:58:34] Testing model: 
TRACE [2019-06-05 17:58:42] Evaluating: Bcc [0.468459], Acc0 [0.537563], Acc1 [0.399356]
TRACE [2019-06-05 17:58:42] Recording evaluation results on CSV file.
TRACE [2019-06-05 17:58:42] Predicting: feature[short_long_description], threshold[8], classifier[nb], resampling[LGOCV], balancing[unbalanced]
TRACE [2019-06-05 17:58:42] Balancing dataset
TRACE [2019-06-05 17:58:42] [balance_dataset]: balancing method: unbalanced
TRACE [2019-06-05 17:58:42] Partitioning dataset
TRACE [2019-06-05 17:58:44] Training model: 
TRACE [2019-06-05 18:03:14] Testing model: 
TRACE [2019-06-05 18:03:22] Evaluating: Bcc [0.518300], Acc0 [0.577869], Acc1 [0.458730]
TRACE [2019-06-05 18:03:22] Recording evaluation results on CSV file.
TRACE [2019-06-05 18:03:23] Predicting: feature[short_long_description], threshold[12], classifier[nb], resampling[LGOCV], balancing[unbalanced]
TRACE [2019-06-05 18:03:23] Balancing dataset
TRACE [2019-06-05 18:03:23] [balance_dataset]: balancing method: unbalanced
TRACE [2019-06-05 18:03:23] Partitioning dataset
TRACE [2019-06-05 18:03:25] Training model: 
TRACE [2019-06-05 18:08:10] Testing model: 
TRACE [2019-06-05 18:08:20] Evaluating: Bcc [0.553323], Acc0 [0.592437], Acc1 [0.514208]
TRACE [2019-06-05 18:08:20] Recording evaluation results on CSV file.
TRACE [2019-06-05 18:08:20] Predicting: feature[short_long_description], threshold[16], classifier[nb], resampling[LGOCV], balancing[unbalanced]
TRACE [2019-06-05 18:08:20] Balancing dataset
TRACE [2019-06-05 18:08:20] [balance_dataset]: balancing method: unbalanced
TRACE [2019-06-05 18:08:20] Partitioning dataset
TRACE [2019-06-05 18:08:22] Training model: 
TRACE [2019-06-05 18:13:21] Testing model: 
TRACE [2019-06-05 18:13:32] Evaluating: Bcc [0.572611], Acc0 [0.633626], Acc1 [0.511596]
TRACE [2019-06-05 18:13:32] Recording evaluation results on CSV file.
TRACE [2019-06-05 18:13:32] Predicting: feature[short_long_description], threshold[20], classifier[nb], resampling[LGOCV], balancing[unbalanced]
TRACE [2019-06-05 18:13:32] Balancing dataset
TRACE [2019-06-05 18:13:32] [balance_dataset]: balancing method: unbalanced
TRACE [2019-06-05 18:13:32] Partitioning dataset
TRACE [2019-06-05 18:13:34] Training model: 
TRACE [2019-06-05 18:18:42] Testing model: 
TRACE [2019-06-05 18:19:48] Evaluating: Bcc [0.580577], Acc0 [0.603284], Acc1 [0.557870]
TRACE [2019-06-05 18:19:48] Recording evaluation results on CSV file.
TRACE [2019-06-05 18:19:48] Predicting: feature[short_long_description], threshold[24], classifier[nb], resampling[LGOCV], balancing[unbalanced]
TRACE [2019-06-05 18:19:48] Balancing dataset
TRACE [2019-06-05 18:19:48] [balance_dataset]: balancing method: unbalanced
TRACE [2019-06-05 18:19:48] Partitioning dataset
TRACE [2019-06-05 18:19:50] Training model: 
TRACE [2019-06-05 18:25:03] Testing model: 
TRACE [2019-06-05 18:26:11] Evaluating: Bcc [0.596379], Acc0 [0.605915], Acc1 [0.586842]
TRACE [2019-06-05 18:26:11] Recording evaluation results on CSV file.
TRACE [2019-06-05 18:26:11] Predicting: feature[short_long_description], threshold[28], classifier[nb], resampling[LGOCV], balancing[unbalanced]
TRACE [2019-06-05 18:26:11] Balancing dataset
TRACE [2019-06-05 18:26:11] [balance_dataset]: balancing method: unbalanced
TRACE [2019-06-05 18:26:11] Partitioning dataset
TRACE [2019-06-05 18:26:13] Training model: 
TRACE [2019-06-05 18:31:53] Testing model: 
TRACE [2019-06-05 18:33:02] Evaluating: Bcc [0.602096], Acc0 [0.616654], Acc1 [0.587537]
TRACE [2019-06-05 18:33:02] Recording evaluation results on CSV file.
TRACE [2019-06-05 18:33:02] Predicting: feature[short_long_description], threshold[32], classifier[nb], resampling[LGOCV], balancing[unbalanced]
TRACE [2019-06-05 18:33:03] Balancing dataset
TRACE [2019-06-05 18:33:03] [balance_dataset]: balancing method: unbalanced
TRACE [2019-06-05 18:33:03] Partitioning dataset
TRACE [2019-06-05 18:33:05] Training model: 
TRACE [2019-06-05 18:38:50] Testing model: 
TRACE [2019-06-05 18:40:02] Evaluating: Bcc [0.589943], Acc0 [0.638220], Acc1 [0.541667]
TRACE [2019-06-05 18:40:02] Recording evaluation results on CSV file.
TRACE [2019-06-05 18:40:02] Predicting: feature[short_long_description], threshold[36], classifier[nb], resampling[LGOCV], balancing[unbalanced]
TRACE [2019-06-05 18:40:02] Balancing dataset
TRACE [2019-06-05 18:40:02] [balance_dataset]: balancing method: unbalanced
TRACE [2019-06-05 18:40:02] Partitioning dataset
TRACE [2019-06-05 18:40:04] Training model: 
TRACE [2019-06-05 18:45:57] Testing model: 
TRACE [2019-06-05 18:47:10] Evaluating: Bcc [0.607666], Acc0 [0.636555], Acc1 [0.578778]
TRACE [2019-06-05 18:47:10] Recording evaluation results on CSV file.
TRACE [2019-06-05 18:47:10] Predicting: feature[short_long_description], threshold[40], classifier[nb], resampling[LGOCV], balancing[unbalanced]
TRACE [2019-06-05 18:47:10] Balancing dataset
TRACE [2019-06-05 18:47:10] [balance_dataset]: balancing method: unbalanced
TRACE [2019-06-05 18:47:10] Partitioning dataset
TRACE [2019-06-05 18:47:12] Training model: 
TRACE [2019-06-05 18:52:52] Testing model: 
TRACE [2019-06-05 18:54:05] Evaluating: Bcc [0.617839], Acc0 [0.635678], Acc1 [0.600000]
TRACE [2019-06-05 18:54:05] Recording evaluation results on CSV file.
TRACE [2019-06-05 18:54:05] Predicting: feature[short_long_description], threshold[44], classifier[nb], resampling[LGOCV], balancing[unbalanced]
TRACE [2019-06-05 18:54:05] Balancing dataset
TRACE [2019-06-05 18:54:05] [balance_dataset]: balancing method: unbalanced
TRACE [2019-06-05 18:54:05] Partitioning dataset
TRACE [2019-06-05 18:54:07] Training model: 
TRACE [2019-06-05 19:00:05] Testing model: 
TRACE [2019-06-05 19:01:19] Evaluating: Bcc [0.615235], Acc0 [0.647137], Acc1 [0.583333]
TRACE [2019-06-05 19:01:19] Recording evaluation results on CSV file.
TRACE [2019-06-05 19:01:19] Predicting: feature[short_long_description], threshold[48], classifier[nb], resampling[LGOCV], balancing[unbalanced]
TRACE [2019-06-05 19:01:19] Balancing dataset
TRACE [2019-06-05 19:01:19] [balance_dataset]: balancing method: unbalanced
TRACE [2019-06-05 19:01:19] Partitioning dataset
TRACE [2019-06-05 19:01:22] Training model: 
TRACE [2019-06-05 19:07:22] Testing model: 
TRACE [2019-06-05 19:08:38] Evaluating: Bcc [0.622816], Acc0 [0.645631], Acc1 [0.600000]
TRACE [2019-06-05 19:08:38] Recording evaluation results on CSV file.
TRACE [2019-06-05 19:08:38] Predicting: feature[short_long_description], threshold[52], classifier[nb], resampling[LGOCV], balancing[unbalanced]
TRACE [2019-06-05 19:08:38] Balancing dataset
TRACE [2019-06-05 19:08:38] [balance_dataset]: balancing method: unbalanced
TRACE [2019-06-05 19:08:38] Partitioning dataset
TRACE [2019-06-05 19:08:40] Training model: 
TRACE [2019-06-05 19:14:42] Testing model: 
TRACE [2019-06-05 19:15:57] Evaluating: Bcc [0.640912], Acc0 [0.647094], Acc1 [0.634731]
TRACE [2019-06-05 19:15:57] Recording evaluation results on CSV file.
TRACE [2019-06-05 19:15:58] Predicting: feature[short_long_description], threshold[56], classifier[nb], resampling[LGOCV], balancing[unbalanced]
TRACE [2019-06-05 19:15:58] Balancing dataset
TRACE [2019-06-05 19:15:58] [balance_dataset]: balancing method: unbalanced
TRACE [2019-06-05 19:15:58] Partitioning dataset
TRACE [2019-06-05 19:16:00] Training model: 
TRACE [2019-06-05 19:22:11] Testing model: 
TRACE [2019-06-05 19:23:29] Evaluating: Bcc [0.605409], Acc0 [0.657788], Acc1 [0.553030]
TRACE [2019-06-05 19:23:29] Recording evaluation results on CSV file.
TRACE [2019-06-05 19:23:29] Predicting: feature[short_long_description], threshold[60], classifier[nb], resampling[LGOCV], balancing[unbalanced]
TRACE [2019-06-05 19:23:29] Balancing dataset
TRACE [2019-06-05 19:23:29] [balance_dataset]: balancing method: unbalanced
TRACE [2019-06-05 19:23:29] Partitioning dataset
TRACE [2019-06-05 19:23:31] Training model: 
TRACE [2019-06-05 19:29:48] Testing model: 
TRACE [2019-06-05 19:31:06] Evaluating: Bcc [0.638398], Acc0 [0.657077], Acc1 [0.619718]
TRACE [2019-06-05 19:31:06] Recording evaluation results on CSV file.
TRACE [2019-06-05 19:31:06] Predicting: feature[short_long_description], threshold[64], classifier[nb], resampling[LGOCV], balancing[unbalanced]
TRACE [2019-06-05 19:31:06] Balancing dataset
TRACE [2019-06-05 19:31:06] [balance_dataset]: balancing method: unbalanced
TRACE [2019-06-05 19:31:06] Partitioning dataset
TRACE [2019-06-05 19:31:09] Training model: 
TRACE [2019-06-05 19:37:32] Testing model: 
TRACE [2019-06-05 19:38:51] Evaluating: Bcc [0.614436], Acc0 [0.660970], Acc1 [0.567901]
TRACE [2019-06-05 19:38:51] Recording evaluation results on CSV file.
TRACE [2019-06-05 19:38:51] Predicting: feature[short_long_description], threshold[4], classifier[rf], resampling[LGOCV], balancing[unbalanced]
TRACE [2019-06-05 19:38:51] Balancing dataset
TRACE [2019-06-05 19:38:51] [balance_dataset]: balancing method: unbalanced
TRACE [2019-06-05 19:38:51] Partitioning dataset
TRACE [2019-06-05 19:38:53] Training model: 
TRACE [2019-06-05 20:38:24] Testing model: 
TRACE [2019-06-05 20:38:25] Evaluating: Bcc [0.505070], Acc0 [0.640909], Acc1 [0.369231]
TRACE [2019-06-05 20:38:25] Recording evaluation results on CSV file.
TRACE [2019-06-05 20:38:25] Predicting: feature[short_long_description], threshold[8], classifier[rf], resampling[LGOCV], balancing[unbalanced]
TRACE [2019-06-05 20:38:25] Balancing dataset
TRACE [2019-06-05 20:38:25] [balance_dataset]: balancing method: unbalanced
TRACE [2019-06-05 20:38:25] Partitioning dataset
TRACE [2019-06-05 20:38:27] Training model: 
TRACE [2019-06-05 22:01:42] Testing model: 
TRACE [2019-06-05 22:01:42] Evaluating: Bcc [0.520283], Acc0 [0.660895], Acc1 [0.379671]
TRACE [2019-06-05 22:01:42] Recording evaluation results on CSV file.
TRACE [2019-06-05 22:01:42] Predicting: feature[short_long_description], threshold[12], classifier[rf], resampling[LGOCV], balancing[unbalanced]
TRACE [2019-06-05 22:01:42] Balancing dataset
TRACE [2019-06-05 22:01:42] [balance_dataset]: balancing method: unbalanced
TRACE [2019-06-05 22:01:42] Partitioning dataset
TRACE [2019-06-05 22:01:44] Training model: 
TRACE [2019-06-05 23:32:03] Testing model: 
TRACE [2019-06-05 23:32:03] Evaluating: Bcc [0.536560], Acc0 [0.637767], Acc1 [0.435352]
TRACE [2019-06-05 23:32:03] Recording evaluation results on CSV file.
TRACE [2019-06-05 23:32:03] Predicting: feature[short_long_description], threshold[16], classifier[rf], resampling[LGOCV], balancing[unbalanced]
TRACE [2019-06-05 23:32:03] Balancing dataset
TRACE [2019-06-05 23:32:03] [balance_dataset]: balancing method: unbalanced
TRACE [2019-06-05 23:32:03] Partitioning dataset
TRACE [2019-06-05 23:32:05] Training model: 
TRACE [2019-06-06 01:37:47] Testing model: 
TRACE [2019-06-06 01:37:48] Evaluating: Bcc [0.530103], Acc0 [0.646560], Acc1 [0.413646]
TRACE [2019-06-06 01:37:48] Recording evaluation results on CSV file.
TRACE [2019-06-06 01:37:48] Predicting: feature[short_long_description], threshold[20], classifier[rf], resampling[LGOCV], balancing[unbalanced]
TRACE [2019-06-06 01:37:48] Balancing dataset
TRACE [2019-06-06 01:37:48] [balance_dataset]: balancing method: unbalanced
TRACE [2019-06-06 01:37:48] Partitioning dataset
TRACE [2019-06-06 01:37:50] Training model: 
TRACE [2019-06-06 04:18:37] Testing model: 
TRACE [2019-06-06 04:18:38] Evaluating: Bcc [0.524560], Acc0 [0.655259], Acc1 [0.393862]
TRACE [2019-06-06 04:18:38] Recording evaluation results on CSV file.
TRACE [2019-06-06 04:18:38] Predicting: feature[short_long_description], threshold[24], classifier[rf], resampling[LGOCV], balancing[unbalanced]
TRACE [2019-06-06 04:18:38] Balancing dataset
TRACE [2019-06-06 04:18:38] [balance_dataset]: balancing method: unbalanced
TRACE [2019-06-06 04:18:38] Partitioning dataset
TRACE [2019-06-06 04:18:40] Training model: 
TRACE [2019-06-06 06:54:11] Testing model: 
TRACE [2019-06-06 06:54:12] Evaluating: Bcc [0.509820], Acc0 [0.643169], Acc1 [0.376471]
TRACE [2019-06-06 06:54:12] Recording evaluation results on CSV file.
TRACE [2019-06-06 06:54:12] Predicting: feature[short_long_description], threshold[28], classifier[rf], resampling[LGOCV], balancing[unbalanced]
TRACE [2019-06-06 06:54:12] Balancing dataset
TRACE [2019-06-06 06:54:12] [balance_dataset]: balancing method: unbalanced
TRACE [2019-06-06 06:54:12] Partitioning dataset
TRACE [2019-06-06 06:54:14] Training model: 
TRACE [2019-06-06 09:23:49] Testing model: 
TRACE [2019-06-06 09:23:50] Evaluating: Bcc [0.542764], Acc0 [0.634364], Acc1 [0.451163]
TRACE [2019-06-06 09:23:50] Recording evaluation results on CSV file.
TRACE [2019-06-06 09:23:50] Predicting: feature[short_long_description], threshold[32], classifier[rf], resampling[LGOCV], balancing[unbalanced]
TRACE [2019-06-06 09:23:50] Balancing dataset
TRACE [2019-06-06 09:23:50] [balance_dataset]: balancing method: unbalanced
TRACE [2019-06-06 09:23:50] Partitioning dataset
TRACE [2019-06-06 09:23:53] Training model: 
TRACE [2019-06-06 11:59:27] Testing model: 
TRACE [2019-06-06 11:59:27] Evaluating: Bcc [0.583813], Acc0 [0.664495], Acc1 [0.503132]
TRACE [2019-06-06 11:59:27] Recording evaluation results on CSV file.
TRACE [2019-06-06 11:59:27] Predicting: feature[short_long_description], threshold[36], classifier[rf], resampling[LGOCV], balancing[unbalanced]
TRACE [2019-06-06 11:59:27] Balancing dataset
TRACE [2019-06-06 11:59:27] [balance_dataset]: balancing method: unbalanced
TRACE [2019-06-06 11:59:27] Partitioning dataset
TRACE [2019-06-06 11:59:30] Training model: 
TRACE [2019-06-06 15:11:21] Testing model: 
TRACE [2019-06-06 15:11:21] Evaluating: Bcc [0.544101], Acc0 [0.643758], Acc1 [0.444444]
TRACE [2019-06-06 15:11:21] Recording evaluation results on CSV file.
TRACE [2019-06-06 15:11:22] Predicting: feature[short_long_description], threshold[40], classifier[rf], resampling[LGOCV], balancing[unbalanced]
TRACE [2019-06-06 15:11:22] Balancing dataset
TRACE [2019-06-06 15:11:22] [balance_dataset]: balancing method: unbalanced
TRACE [2019-06-06 15:11:22] Partitioning dataset
TRACE [2019-06-06 15:11:24] Training model: 
TRACE [2019-06-06 18:22:55] Testing model: 
TRACE [2019-06-06 18:22:55] Evaluating: Bcc [0.561971], Acc0 [0.642124], Acc1 [0.481818]
TRACE [2019-06-06 18:22:55] Recording evaluation results on CSV file.
TRACE [2019-06-06 18:22:56] Predicting: feature[short_long_description], threshold[44], classifier[rf], resampling[LGOCV], balancing[unbalanced]
TRACE [2019-06-06 18:22:56] Balancing dataset
TRACE [2019-06-06 18:22:56] [balance_dataset]: balancing method: unbalanced
TRACE [2019-06-06 18:22:56] Partitioning dataset
TRACE [2019-06-06 18:22:58] Training model: 
TRACE [2019-06-06 21:35:55] Testing model: 
TRACE [2019-06-06 21:35:55] Evaluating: Bcc [0.596166], Acc0 [0.671750], Acc1 [0.520581]
TRACE [2019-06-06 21:35:55] Recording evaluation results on CSV file.
TRACE [2019-06-06 21:35:55] Predicting: feature[short_long_description], threshold[48], classifier[rf], resampling[LGOCV], balancing[unbalanced]
TRACE [2019-06-06 21:35:55] Balancing dataset
TRACE [2019-06-06 21:35:55] [balance_dataset]: balancing method: unbalanced
TRACE [2019-06-06 21:35:55] Partitioning dataset
TRACE [2019-06-06 21:35:58] Training model: 
TRACE [2019-06-07 00:37:34] Testing model: 
TRACE [2019-06-07 00:37:34] Evaluating: Bcc [0.533880], Acc0 [0.647760], Acc1 [0.420000]
TRACE [2019-06-07 00:37:34] Recording evaluation results on CSV file.
TRACE [2019-06-07 00:37:34] Predicting: feature[short_long_description], threshold[52], classifier[rf], resampling[LGOCV], balancing[unbalanced]
TRACE [2019-06-07 00:37:34] Balancing dataset
TRACE [2019-06-07 00:37:34] [balance_dataset]: balancing method: unbalanced
TRACE [2019-06-07 00:37:34] Partitioning dataset
TRACE [2019-06-07 00:37:37] Training model: 
