Loading required package: caret
Loading required package: lattice
Loading required package: ggplot2
Loading required package: doParallel
Loading required package: foreach
Loading required package: iterators
Loading required package: parallel
Loading required package: klaR
Loading required package: MASS
Loading required package: e1071
Loading required package: futile.logger
Loading required package: qdap
Loading required package: qdapDictionaries
Loading required package: qdapRegex

Attaching package: ‘qdapRegex’

The following object is masked from ‘package:ggplot2’:

    %+%

Loading required package: qdapTools
Loading required package: RColorBrewer

Attaching package: ‘qdap’

The following object is masked from ‘package:base’:

    Filter

Loading required package: SnowballC
Loading required package: tidyverse
── Attaching packages ─────────────────────────────────────── tidyverse 1.2.1 ──
✔ tibble  2.0.1       ✔ purrr   0.3.0  
✔ tidyr   0.8.3       ✔ dplyr   0.8.0.1
✔ readr   1.3.1       ✔ stringr 1.4.0  
✔ tibble  2.0.1       ✔ forcats 0.4.0  
── Conflicts ────────────────────────────────────────── tidyverse_conflicts() ──
✖ qdapRegex::%+%()    masks ggplot2::%+%()
✖ purrr::accumulate() masks foreach::accumulate()
✖ dplyr::explain()    masks qdapRegex::explain()
✖ dplyr::filter()     masks stats::filter()
✖ dplyr::id()         masks qdapTools::id()
✖ dplyr::lag()        masks stats::lag()
✖ purrr::lift()       masks caret::lift()
✖ dplyr::select()     masks MASS::select()
✖ purrr::when()       masks foreach::when()
Loading required package: tidytext
Loading required package: tm
Loading required package: NLP

Attaching package: ‘NLP’

The following object is masked from ‘package:qdap’:

    ngrams

The following object is masked from ‘package:ggplot2’:

    annotate


Attaching package: ‘tm’

The following objects are masked from ‘package:qdap’:

    as.DocumentTermMatrix, as.TermDocumentMatrix

Loading required package: smotefamily
NULL
TRACE [2019-04-24 09:42:48] Script started...
TRACE [2019-04-24 09:42:48] Ouput path: ~/Workspace/doctorate/long-lived-bug-prediction/notebooks/datasets
TRACE [2019-04-24 09:42:48] >>> PROJECT NAME : netbeans
TRACE [2019-04-24 09:42:48] Last evaluation file generated: ~/Workspace/doctorate/long-lived-bug-prediction/notebooks/datasets/20190420163802_netbeans__result_metrics.csv
TRACE [2019-04-24 09:42:48] Starting with parameter: 100
TRACE [2019-04-24 09:42:48] Bug reports file : ~/Workspace/doctorate/long-lived-bug-prediction/notebooks/datasets/20190309_netbeans_bug_report_data.csv
TRACE [2019-04-24 09:42:49] Clean text features
TRACE [2019-04-24 09:44:54] Text mining: extracting 200 terms
TRACE [2019-04-24 09:45:43] Predicting: feature[short_long_description], threshold[16], classifier[rf], resampling[LGOCV], balancing[unbalanced]
TRACE [2019-04-24 09:45:43] Balancing dataset
TRACE [2019-04-24 09:45:43] [balance_dataset]: balancing method: unbalanced
TRACE [2019-04-24 09:45:43] Partitioning dataset
TRACE [2019-04-24 09:45:43] Training model: 
TRACE [2019-04-24 10:58:06] Testing model: 
TRACE [2019-04-24 10:58:07] Evaluating: Bcc [0.552280], Acc0 [0.654560], Acc1 [0.450000]
TRACE [2019-04-24 10:58:07] Recording evaluation results on CSV file.
TRACE [2019-04-24 10:58:07] Predicting: feature[short_long_description], threshold[20], classifier[rf], resampling[LGOCV], balancing[unbalanced]
TRACE [2019-04-24 10:58:07] Balancing dataset
TRACE [2019-04-24 10:58:07] [balance_dataset]: balancing method: unbalanced
TRACE [2019-04-24 10:58:07] Partitioning dataset
TRACE [2019-04-24 10:58:07] Training model: 
TRACE [2019-04-24 12:28:00] Testing model: 
TRACE [2019-04-24 12:28:01] Evaluating: Bcc [0.581255], Acc0 [0.662509], Acc1 [0.500000]
TRACE [2019-04-24 12:28:01] Recording evaluation results on CSV file.
TRACE [2019-04-24 12:28:01] Predicting: feature[short_long_description], threshold[24], classifier[rf], resampling[LGOCV], balancing[unbalanced]
TRACE [2019-04-24 12:28:01] Balancing dataset
TRACE [2019-04-24 12:28:01] [balance_dataset]: balancing method: unbalanced
TRACE [2019-04-24 12:28:01] Partitioning dataset
TRACE [2019-04-24 12:28:01] Training model: 
TRACE [2019-04-24 13:50:42] Testing model: 
TRACE [2019-04-24 13:50:43] Evaluating: Bcc [0.555282], Acc0 [0.673063], Acc1 [0.437500]
TRACE [2019-04-24 13:50:43] Recording evaluation results on CSV file.
TRACE [2019-04-24 13:50:43] Predicting: feature[short_long_description], threshold[28], classifier[rf], resampling[LGOCV], balancing[unbalanced]
TRACE [2019-04-24 13:50:43] Balancing dataset
TRACE [2019-04-24 13:50:43] [balance_dataset]: balancing method: unbalanced
TRACE [2019-04-24 13:50:43] Partitioning dataset
TRACE [2019-04-24 13:50:43] Training model: 
TRACE [2019-04-24 15:30:52] Testing model: 
TRACE [2019-04-24 15:30:52] Evaluating: Bcc [0.539863], Acc0 [0.679725], Acc1 [0.400000]
TRACE [2019-04-24 15:30:52] Recording evaluation results on CSV file.
TRACE [2019-04-24 15:30:52] Predicting: feature[short_long_description], threshold[32], classifier[rf], resampling[LGOCV], balancing[unbalanced]
TRACE [2019-04-24 15:30:52] Balancing dataset
TRACE [2019-04-24 15:30:52] [balance_dataset]: balancing method: unbalanced
TRACE [2019-04-24 15:30:52] Partitioning dataset
TRACE [2019-04-24 15:30:52] Training model: 
TRACE [2019-04-24 17:05:59] Testing model: 
TRACE [2019-04-24 17:06:00] Evaluating: Bcc [0.342972], Acc0 [0.685945], Acc1 [0.000000]
TRACE [2019-04-24 17:06:00] Recording evaluation results on CSV file.
TRACE [2019-04-24 17:06:00] Predicting: feature[short_long_description], threshold[36], classifier[rf], resampling[LGOCV], balancing[unbalanced]
TRACE [2019-04-24 17:06:00] Balancing dataset
TRACE [2019-04-24 17:06:00] [balance_dataset]: balancing method: unbalanced
TRACE [2019-04-24 17:06:00] Partitioning dataset
TRACE [2019-04-24 17:06:00] Training model: 
TRACE [2019-04-24 18:53:03] Testing model: 
TRACE [2019-04-24 18:53:04] Evaluating: Bcc [0.631716], Acc0 [0.692003], Acc1 [0.571429]
TRACE [2019-04-24 18:53:04] Recording evaluation results on CSV file.
TRACE [2019-04-24 18:53:04] Predicting: feature[short_long_description], threshold[40], classifier[rf], resampling[LGOCV], balancing[unbalanced]
TRACE [2019-04-24 18:53:04] Balancing dataset
TRACE [2019-04-24 18:53:04] [balance_dataset]: balancing method: unbalanced
TRACE [2019-04-24 18:53:04] Partitioning dataset
TRACE [2019-04-24 18:53:04] Training model: 
Lost warning messages
Execution halted
