2020-05-02 03:53:29,075:: INFO - Setup completed
2020-05-02 03:53:29,076:: INFO - >>> Starting prediction with threshold 8
2020-05-02 03:53:29,185:: INFO - Bug reports file read
2020-05-02 03:53:29,185:: INFO - Reports - Total: 10000 Positive: 4969 (49.69% of total)
2020-05-02 03:53:30,949:: INFO - Bug reports long_description cleaned.
2020-05-02 03:53:31,847:: INFO - Data tokenized using 100 terms
2020-05-02 03:53:31,847:: INFO - Shape of data tensor : (10000, 100)
2020-05-02 03:53:31,847:: INFO - Shape of label tensor: (10000, 2)
2020-05-02 03:53:31,847:: INFO - Data pre-processed
2020-05-02 03:53:31,847:: INFO - Spliting data started
2020-05-02 03:53:31,852:: INFO - Training shape    : (6400, 100) (6400, 2)
2020-05-02 03:53:31,852:: INFO - Validation shape  : (1600, 100) (1600, 2)
2020-05-02 03:53:31,852:: INFO - Test shape        : (2000, 100) (2000, 2)
2020-05-02 03:53:31,852:: INFO - Spliting data concluded
2020-05-02 03:54:19,763:: INFO - Model built.
2020-05-02 03:54:19,763:: WARNING - From /home/lgomes/experiments/long-lived-bug-prediction-w-dnn.py:230: Sequential.predict_classes (from tensorflow.python.keras.engine.sequential) is deprecated and will be removed after 2021-01-01.
Instructions for updating:
Please use instead:* `np.argmax(model.predict(x), axis=-1)`,   if your model does multi-class classification   (e.g. if it uses a `softmax` last-layer activation).* `(model.predict(x) > 0.5).astype("int32")`,   if your model does binary classification   (e.g. if it uses a `sigmoid` last-layer activation).
2020-05-02 03:54:21,536:: INFO - loss:0.7123687267303467
2020-05-02 03:54:21,536:: INFO - tp:1151.0
2020-05-02 03:54:21,536:: INFO - fp:855.0
2020-05-02 03:54:21,536:: INFO - tn:1145.0
2020-05-02 03:54:21,536:: INFO - fn:849.0
2020-05-02 03:54:21,536:: INFO - accuracy:0.5740000009536743
2020-05-02 03:54:21,536:: INFO - precision:0.5737786889076233
2020-05-02 03:54:21,537:: INFO - recall:0.5755000114440918
2020-05-02 03:54:21,537:: INFO - auc:0.5971879363059998
2020-05-02 03:54:21,554:: INFO - balanced accuracy : 0.5711346072874818
2020-05-02 03:54:21,554:: INFO - Model evaluated.
2020-05-02 03:54:22,529:: INFO - Data tokenized using 150 terms
2020-05-02 03:54:22,529:: INFO - Shape of data tensor : (10000, 150)
2020-05-02 03:54:22,529:: INFO - Shape of label tensor: (10000, 2)
2020-05-02 03:54:22,529:: INFO - Data pre-processed
2020-05-02 03:54:22,529:: INFO - Spliting data started
2020-05-02 03:54:22,533:: INFO - Training shape    : (6400, 150) (6400, 2)
2020-05-02 03:54:22,533:: INFO - Validation shape  : (1600, 150) (1600, 2)
2020-05-02 03:54:22,533:: INFO - Test shape        : (2000, 150) (2000, 2)
2020-05-02 03:54:22,533:: INFO - Spliting data concluded
2020-05-02 03:55:27,271:: INFO - Model built.
2020-05-02 03:55:29,545:: INFO - loss:0.6835035085678101
2020-05-02 03:55:29,546:: INFO - tp:1140.0
2020-05-02 03:55:29,546:: INFO - fp:853.0
2020-05-02 03:55:29,546:: INFO - tn:1147.0
2020-05-02 03:55:29,546:: INFO - fn:860.0
2020-05-02 03:55:29,546:: INFO - accuracy:0.5717499852180481
2020-05-02 03:55:29,546:: INFO - precision:0.5720019936561584
2020-05-02 03:55:29,546:: INFO - recall:0.5699999928474426
2020-05-02 03:55:29,546:: INFO - auc:0.5864406824111938
2020-05-02 03:55:29,562:: INFO - balanced accuracy : 0.5711471088001648
2020-05-02 03:55:29,562:: INFO - Model evaluated.
2020-05-02 03:55:30,542:: INFO - Data tokenized using 200 terms
2020-05-02 03:55:30,542:: INFO - Shape of data tensor : (10000, 200)
2020-05-02 03:55:30,542:: INFO - Shape of label tensor: (10000, 2)
2020-05-02 03:55:30,542:: INFO - Data pre-processed
2020-05-02 03:55:30,542:: INFO - Spliting data started
2020-05-02 03:55:30,547:: INFO - Training shape    : (6400, 200) (6400, 2)
2020-05-02 03:55:30,547:: INFO - Validation shape  : (1600, 200) (1600, 2)
2020-05-02 03:55:30,547:: INFO - Test shape        : (2000, 200) (2000, 2)
2020-05-02 03:55:30,547:: INFO - Spliting data concluded
2020-05-02 03:56:50,198:: INFO - Model built.
2020-05-02 03:56:53,249:: INFO - loss:0.6837762594223022
2020-05-02 03:56:53,249:: INFO - tp:1125.0
2020-05-02 03:56:53,250:: INFO - fp:869.0
2020-05-02 03:56:53,250:: INFO - tn:1131.0
2020-05-02 03:56:53,250:: INFO - fn:875.0
2020-05-02 03:56:53,250:: INFO - accuracy:0.5640000104904175
2020-05-02 03:56:53,250:: INFO - precision:0.5641925930976868
2020-05-02 03:56:53,250:: INFO - recall:0.5625
2020-05-02 03:56:53,250:: INFO - auc:0.5882419943809509
2020-05-02 03:56:53,269:: INFO - balanced accuracy : 0.5641892669012951
2020-05-02 03:56:53,269:: INFO - Model evaluated.
2020-05-02 03:56:54,242:: INFO - Data tokenized using 250 terms
2020-05-02 03:56:54,242:: INFO - Shape of data tensor : (10000, 250)
2020-05-02 03:56:54,242:: INFO - Shape of label tensor: (10000, 2)
2020-05-02 03:56:54,242:: INFO - Data pre-processed
2020-05-02 03:56:54,242:: INFO - Spliting data started
2020-05-02 03:56:54,247:: INFO - Training shape    : (6400, 250) (6400, 2)
2020-05-02 03:56:54,247:: INFO - Validation shape  : (1600, 250) (1600, 2)
2020-05-02 03:56:54,247:: INFO - Test shape        : (2000, 250) (2000, 2)
2020-05-02 03:56:54,247:: INFO - Spliting data concluded
2020-05-02 03:58:37,724:: INFO - Model built.
2020-05-02 03:58:41,412:: INFO - loss:0.7971864938735962
2020-05-02 03:58:41,413:: INFO - tp:1136.0
2020-05-02 03:58:41,413:: INFO - fp:866.0
2020-05-02 03:58:41,413:: INFO - tn:1134.0
2020-05-02 03:58:41,413:: INFO - fn:864.0
2020-05-02 03:58:41,413:: INFO - accuracy:0.5674999952316284
2020-05-02 03:58:41,413:: INFO - precision:0.5674325823783875
2020-05-02 03:58:41,413:: INFO - recall:0.5680000185966492
2020-05-02 03:58:41,413:: INFO - auc:0.5883815288543701
2020-05-02 03:58:41,423:: INFO - balanced accuracy : 0.5659689822468519
2020-05-02 03:58:41,423:: INFO - Model evaluated.
2020-05-02 03:58:42,397:: INFO - Data tokenized using 300 terms
2020-05-02 03:58:42,397:: INFO - Shape of data tensor : (10000, 300)
2020-05-02 03:58:42,397:: INFO - Shape of label tensor: (10000, 2)
2020-05-02 03:58:42,397:: INFO - Data pre-processed
2020-05-02 03:58:42,397:: INFO - Spliting data started
2020-05-02 03:58:42,403:: INFO - Training shape    : (6400, 300) (6400, 2)
2020-05-02 03:58:42,403:: INFO - Validation shape  : (1600, 300) (1600, 2)
2020-05-02 03:58:42,403:: INFO - Test shape        : (2000, 300) (2000, 2)
2020-05-02 03:58:42,403:: INFO - Spliting data concluded
2020-05-02 04:00:32,144:: INFO - Model built.
2020-05-02 04:00:36,433:: INFO - loss:0.6836585998535156
2020-05-02 04:00:36,433:: INFO - tp:1135.0
2020-05-02 04:00:36,433:: INFO - fp:857.0
2020-05-02 04:00:36,434:: INFO - tn:1143.0
2020-05-02 04:00:36,434:: INFO - fn:865.0
2020-05-02 04:00:36,434:: INFO - accuracy:0.5695000290870667
2020-05-02 04:00:36,434:: INFO - precision:0.569779098033905
2020-05-02 04:00:36,434:: INFO - recall:0.5674999952316284
2020-05-02 04:00:36,434:: INFO - auc:0.5867103338241577
2020-05-02 04:00:36,452:: INFO - balanced accuracy : 0.5714106406875232
2020-05-02 04:00:36,452:: INFO - Model evaluated.
2020-05-02 04:00:36,463:: INFO - >>> Starting prediction with threshold 63
2020-05-02 04:00:36,575:: INFO - Bug reports file read
2020-05-02 04:00:36,575:: INFO - Reports - Total: 10000 Positive: 2492 (24.92% of total)
2020-05-02 04:00:38,375:: INFO - Bug reports long_description cleaned.
2020-05-02 04:00:39,281:: INFO - Data tokenized using 100 terms
2020-05-02 04:00:39,281:: INFO - Shape of data tensor : (10000, 100)
2020-05-02 04:00:39,281:: INFO - Shape of label tensor: (10000, 2)
2020-05-02 04:00:39,281:: INFO - Data pre-processed
2020-05-02 04:00:39,281:: INFO - Spliting data started
2020-05-02 04:00:39,284:: INFO - Training shape    : (6400, 100) (6400, 2)
2020-05-02 04:00:39,284:: INFO - Validation shape  : (1600, 100) (1600, 2)
2020-05-02 04:00:39,284:: INFO - Test shape        : (2000, 100) (2000, 2)
2020-05-02 04:00:39,284:: INFO - Spliting data concluded
2020-05-02 04:01:23,680:: INFO - Model built.
2020-05-02 04:01:25,224:: INFO - loss:0.5945134162902832
2020-05-02 04:01:25,225:: INFO - tp:1469.0
2020-05-02 04:01:25,225:: INFO - fp:532.0
2020-05-02 04:01:25,225:: INFO - tn:1468.0
2020-05-02 04:01:25,225:: INFO - fn:531.0
2020-05-02 04:01:25,225:: INFO - accuracy:0.734250009059906
2020-05-02 04:01:25,225:: INFO - precision:0.7341329455375671
2020-05-02 04:01:25,225:: INFO - recall:0.734499990940094
2020-05-02 04:01:25,225:: INFO - auc:0.7644573450088501
2020-05-02 04:01:25,241:: INFO - balanced accuracy : 0.5000407782298624
2020-05-02 04:01:25,241:: INFO - Model evaluated.
2020-05-02 04:01:26,190:: INFO - Data tokenized using 150 terms
2020-05-02 04:01:26,190:: INFO - Shape of data tensor : (10000, 150)
2020-05-02 04:01:26,190:: INFO - Shape of label tensor: (10000, 2)
2020-05-02 04:01:26,190:: INFO - Data pre-processed
2020-05-02 04:01:26,190:: INFO - Spliting data started
2020-05-02 04:01:26,193:: INFO - Training shape    : (6400, 150) (6400, 2)
2020-05-02 04:01:26,194:: INFO - Validation shape  : (1600, 150) (1600, 2)
2020-05-02 04:01:26,194:: INFO - Test shape        : (2000, 150) (2000, 2)
2020-05-02 04:01:26,194:: INFO - Spliting data concluded
2020-05-02 04:02:24,881:: INFO - Model built.
2020-05-02 04:02:27,089:: INFO - loss:0.5866086483001709
2020-05-02 04:02:27,089:: INFO - tp:1470.0
2020-05-02 04:02:27,089:: INFO - fp:531.0
2020-05-02 04:02:27,090:: INFO - tn:1469.0
2020-05-02 04:02:27,090:: INFO - fn:530.0
2020-05-02 04:02:27,090:: INFO - accuracy:0.734749972820282
2020-05-02 04:02:27,090:: INFO - precision:0.734632670879364
2020-05-02 04:02:27,090:: INFO - recall:0.7350000143051147
2020-05-02 04:02:27,090:: INFO - auc:0.7644046545028687
2020-05-02 04:02:27,108:: INFO - balanced accuracy : 0.500996801174413
2020-05-02 04:02:27,108:: INFO - Model evaluated.
2020-05-02 04:02:28,085:: INFO - Data tokenized using 200 terms
2020-05-02 04:02:28,085:: INFO - Shape of data tensor : (10000, 200)
2020-05-02 04:02:28,085:: INFO - Shape of label tensor: (10000, 2)
2020-05-02 04:02:28,085:: INFO - Data pre-processed
2020-05-02 04:02:28,085:: INFO - Spliting data started
2020-05-02 04:02:28,090:: INFO - Training shape    : (6400, 200) (6400, 2)
2020-05-02 04:02:28,090:: INFO - Validation shape  : (1600, 200) (1600, 2)
2020-05-02 04:02:28,090:: INFO - Test shape        : (2000, 200) (2000, 2)
2020-05-02 04:02:28,090:: INFO - Spliting data concluded
2020-05-02 04:03:48,638:: INFO - Model built.
2020-05-02 04:03:51,646:: INFO - loss:0.5924153327941895
2020-05-02 04:03:51,646:: INFO - tp:1472.0
2020-05-02 04:03:51,646:: INFO - fp:527.0
2020-05-02 04:03:51,646:: INFO - tn:1473.0
2020-05-02 04:03:51,647:: INFO - fn:528.0
2020-05-02 04:03:51,647:: INFO - accuracy:0.7362499833106995
2020-05-02 04:03:51,647:: INFO - precision:0.7363681793212891
2020-05-02 04:03:51,647:: INFO - recall:0.7360000014305115
2020-05-02 04:03:51,647:: INFO - auc:0.7645549774169922
2020-05-02 04:03:51,665:: INFO - balanced accuracy : 0.49926340276851816
2020-05-02 04:03:51,665:: INFO - Model evaluated.
2020-05-02 04:03:52,640:: INFO - Data tokenized using 250 terms
2020-05-02 04:03:52,640:: INFO - Shape of data tensor : (10000, 250)
2020-05-02 04:03:52,640:: INFO - Shape of label tensor: (10000, 2)
2020-05-02 04:03:52,641:: INFO - Data pre-processed
2020-05-02 04:03:52,641:: INFO - Spliting data started
2020-05-02 04:03:52,646:: INFO - Training shape    : (6400, 250) (6400, 2)
2020-05-02 04:03:52,646:: INFO - Validation shape  : (1600, 250) (1600, 2)
2020-05-02 04:03:52,646:: INFO - Test shape        : (2000, 250) (2000, 2)
2020-05-02 04:03:52,646:: INFO - Spliting data concluded
2020-05-02 04:05:29,787:: INFO - Model built.
2020-05-02 04:05:33,427:: INFO - loss:0.594813346862793
2020-05-02 04:05:33,428:: INFO - tp:1468.0
2020-05-02 04:05:33,428:: INFO - fp:538.0
2020-05-02 04:05:33,428:: INFO - tn:1462.0
2020-05-02 04:05:33,428:: INFO - fn:532.0
2020-05-02 04:05:33,428:: INFO - accuracy:0.7325000166893005
2020-05-02 04:05:33,428:: INFO - precision:0.731804609298706
2020-05-02 04:05:33,428:: INFO - recall:0.734000027179718
2020-05-02 04:05:33,428:: INFO - auc:0.7637054324150085
2020-05-02 04:05:33,447:: INFO - balanced accuracy : 0.5061562181622352
2020-05-02 04:05:33,447:: INFO - Model evaluated.
2020-05-02 04:05:34,429:: INFO - Data tokenized using 300 terms
2020-05-02 04:05:34,429:: INFO - Shape of data tensor : (10000, 300)
2020-05-02 04:05:34,429:: INFO - Shape of label tensor: (10000, 2)
2020-05-02 04:05:34,429:: INFO - Data pre-processed
2020-05-02 04:05:34,429:: INFO - Spliting data started
2020-05-02 04:05:34,435:: INFO - Training shape    : (6400, 300) (6400, 2)
2020-05-02 04:05:34,435:: INFO - Validation shape  : (1600, 300) (1600, 2)
2020-05-02 04:05:34,435:: INFO - Test shape        : (2000, 300) (2000, 2)
2020-05-02 04:05:34,435:: INFO - Spliting data concluded
2020-05-02 04:07:39,002:: INFO - Model built.
2020-05-02 04:07:43,305:: INFO - loss:0.6051352024078369
2020-05-02 04:07:43,306:: INFO - tp:1456.0
2020-05-02 04:07:43,306:: INFO - fp:537.0
2020-05-02 04:07:43,306:: INFO - tn:1463.0
2020-05-02 04:07:43,306:: INFO - fn:544.0
2020-05-02 04:07:43,306:: INFO - accuracy:0.7297499775886536
2020-05-02 04:07:43,306:: INFO - precision:0.7305569648742676
2020-05-02 04:07:43,306:: INFO - recall:0.7279999852180481
2020-05-02 04:07:43,306:: INFO - auc:0.7641806602478027
2020-05-02 04:07:43,325:: INFO - balanced accuracy : 0.5109771111148509
2020-05-02 04:07:43,325:: INFO - Model evaluated.
2020-05-02 04:07:43,336:: INFO - >>> Starting prediction with threshold 108
2020-05-02 04:07:43,451:: INFO - Bug reports file read
2020-05-02 04:07:43,452:: INFO - Reports - Total: 10000 Positive: 1889 (18.89% of total)
2020-05-02 04:07:45,323:: INFO - Bug reports long_description cleaned.
2020-05-02 04:07:46,261:: INFO - Data tokenized using 100 terms
2020-05-02 04:07:46,261:: INFO - Shape of data tensor : (10000, 100)
2020-05-02 04:07:46,261:: INFO - Shape of label tensor: (10000, 2)
2020-05-02 04:07:46,261:: INFO - Data pre-processed
2020-05-02 04:07:46,261:: INFO - Spliting data started
2020-05-02 04:07:46,264:: INFO - Training shape    : (6400, 100) (6400, 2)
2020-05-02 04:07:46,265:: INFO - Validation shape  : (1600, 100) (1600, 2)
2020-05-02 04:07:46,265:: INFO - Test shape        : (2000, 100) (2000, 2)
2020-05-02 04:07:46,265:: INFO - Spliting data concluded
2020-05-02 04:08:33,103:: INFO - Model built.
2020-05-02 04:08:34,642:: INFO - loss:0.5180706977844238
2020-05-02 04:08:34,643:: INFO - tp:1588.0
2020-05-02 04:08:34,643:: INFO - fp:414.0
2020-05-02 04:08:34,643:: INFO - tn:1586.0
2020-05-02 04:08:34,643:: INFO - fn:412.0
2020-05-02 04:08:34,643:: INFO - accuracy:0.7935000061988831
2020-05-02 04:08:34,643:: INFO - precision:0.7932068109512329
2020-05-02 04:08:34,643:: INFO - recall:0.7940000295639038
2020-05-02 04:08:34,643:: INFO - auc:0.8277925252914429
2020-05-02 04:08:34,661:: INFO - balanced accuracy : 0.5013301570889594
2020-05-02 04:08:34,661:: INFO - Model evaluated.
2020-05-02 04:08:36,058:: INFO - Data tokenized using 150 terms
2020-05-02 04:08:36,058:: INFO - Shape of data tensor : (10000, 150)
2020-05-02 04:08:36,058:: INFO - Shape of label tensor: (10000, 2)
2020-05-02 04:08:36,059:: INFO - Data pre-processed
2020-05-02 04:08:36,059:: INFO - Spliting data started
2020-05-02 04:08:36,062:: INFO - Training shape    : (6400, 150) (6400, 2)
2020-05-02 04:08:36,062:: INFO - Validation shape  : (1600, 150) (1600, 2)
2020-05-02 04:08:36,062:: INFO - Test shape        : (2000, 150) (2000, 2)
2020-05-02 04:08:36,062:: INFO - Spliting data concluded
2020-05-02 04:09:38,079:: INFO - Model built.
2020-05-02 04:09:40,279:: INFO - loss:0.5126563310623169
2020-05-02 04:09:40,279:: INFO - tp:1598.0
2020-05-02 04:09:40,279:: INFO - fp:403.0
2020-05-02 04:09:40,279:: INFO - tn:1597.0
2020-05-02 04:09:40,279:: INFO - fn:402.0
2020-05-02 04:09:40,280:: INFO - accuracy:0.7987499833106995
2020-05-02 04:09:40,280:: INFO - precision:0.7986006736755371
2020-05-02 04:09:40,280:: INFO - recall:0.7990000247955322
2020-05-02 04:09:40,280:: INFO - auc:0.8267072439193726
2020-05-02 04:09:40,297:: INFO - balanced accuracy : 0.5019186317845475
2020-05-02 04:09:40,297:: INFO - Model evaluated.
2020-05-02 04:09:41,276:: INFO - Data tokenized using 200 terms
2020-05-02 04:09:41,276:: INFO - Shape of data tensor : (10000, 200)
2020-05-02 04:09:41,276:: INFO - Shape of label tensor: (10000, 2)
2020-05-02 04:09:41,276:: INFO - Data pre-processed
2020-05-02 04:09:41,276:: INFO - Spliting data started
2020-05-02 04:09:41,280:: INFO - Training shape    : (6400, 200) (6400, 2)
2020-05-02 04:09:41,281:: INFO - Validation shape  : (1600, 200) (1600, 2)
2020-05-02 04:09:41,281:: INFO - Test shape        : (2000, 200) (2000, 2)
2020-05-02 04:09:41,281:: INFO - Spliting data concluded
2020-05-02 04:11:11,642:: INFO - Model built.
2020-05-02 04:11:14,662:: INFO - loss:0.5150291919708252
2020-05-02 04:11:14,663:: INFO - tp:1601.0
2020-05-02 04:11:14,663:: INFO - fp:396.0
2020-05-02 04:11:14,663:: INFO - tn:1604.0
2020-05-02 04:11:14,663:: INFO - fn:399.0
2020-05-02 04:11:14,663:: INFO - accuracy:0.8012499809265137
2020-05-02 04:11:14,663:: INFO - precision:0.8017025589942932
2020-05-02 04:11:14,663:: INFO - recall:0.8004999756813049
2020-05-02 04:11:14,663:: INFO - auc:0.8263381719589233
2020-05-02 04:11:14,682:: INFO - balanced accuracy : 0.5025306768951792
2020-05-02 04:11:14,682:: INFO - Model evaluated.
2020-05-02 04:11:15,655:: INFO - Data tokenized using 250 terms
2020-05-02 04:11:15,655:: INFO - Shape of data tensor : (10000, 250)
2020-05-02 04:11:15,655:: INFO - Shape of label tensor: (10000, 2)
2020-05-02 04:11:15,655:: INFO - Data pre-processed
2020-05-02 04:11:15,655:: INFO - Spliting data started
2020-05-02 04:11:15,661:: INFO - Training shape    : (6400, 250) (6400, 2)
2020-05-02 04:11:15,661:: INFO - Validation shape  : (1600, 250) (1600, 2)
2020-05-02 04:11:15,661:: INFO - Test shape        : (2000, 250) (2000, 2)
2020-05-02 04:11:15,661:: INFO - Spliting data concluded
2020-05-02 04:13:14,276:: INFO - Model built.
2020-05-02 04:13:17,920:: INFO - loss:0.5476244688034058
2020-05-02 04:13:17,920:: INFO - tp:1580.0
2020-05-02 04:13:17,920:: INFO - fp:420.0
2020-05-02 04:13:17,920:: INFO - tn:1580.0
2020-05-02 04:13:17,920:: INFO - fn:420.0
2020-05-02 04:13:17,920:: INFO - accuracy:0.7900000214576721
2020-05-02 04:13:17,920:: INFO - precision:0.7900000214576721
2020-05-02 04:13:17,920:: INFO - recall:0.7900000214576721
2020-05-02 04:13:17,920:: INFO - auc:0.8286658525466919
2020-05-02 04:13:17,939:: INFO - balanced accuracy : 0.5013537275040031
2020-05-02 04:13:17,939:: INFO - Model evaluated.
2020-05-02 04:13:18,927:: INFO - Data tokenized using 300 terms
2020-05-02 04:13:18,927:: INFO - Shape of data tensor : (10000, 300)
2020-05-02 04:13:18,927:: INFO - Shape of label tensor: (10000, 2)
2020-05-02 04:13:18,927:: INFO - Data pre-processed
2020-05-02 04:13:18,927:: INFO - Spliting data started
2020-05-02 04:13:18,933:: INFO - Training shape    : (6400, 300) (6400, 2)
2020-05-02 04:13:18,934:: INFO - Validation shape  : (1600, 300) (1600, 2)
2020-05-02 04:13:18,934:: INFO - Test shape        : (2000, 300) (2000, 2)
2020-05-02 04:13:18,934:: INFO - Spliting data concluded
2020-05-02 04:15:36,020:: INFO - Model built.
2020-05-02 04:15:40,285:: INFO - loss:0.5380968451499939
2020-05-02 04:15:40,285:: INFO - tp:1586.0
2020-05-02 04:15:40,285:: INFO - fp:415.0
2020-05-02 04:15:40,285:: INFO - tn:1585.0
2020-05-02 04:15:40,285:: INFO - fn:414.0
2020-05-02 04:15:40,285:: INFO - accuracy:0.7927500009536743
2020-05-02 04:15:40,285:: INFO - precision:0.7926036715507507
2020-05-02 04:15:40,286:: INFO - recall:0.7929999828338623
2020-05-02 04:15:40,286:: INFO - auc:0.8280305862426758
2020-05-02 04:15:40,303:: INFO - balanced accuracy : 0.5051202798279674
2020-05-02 04:15:40,304:: INFO - Model evaluated.
2020-05-02 04:15:40,315:: INFO - >>> Starting prediction with threshold 365
2020-05-02 04:15:40,426:: INFO - Bug reports file read
2020-05-02 04:15:40,426:: INFO - Reports - Total: 10000 Positive: 766 (7.66% of total)
2020-05-02 04:15:42,269:: INFO - Bug reports long_description cleaned.
2020-05-02 04:15:43,283:: INFO - Data tokenized using 100 terms
2020-05-02 04:15:43,283:: INFO - Shape of data tensor : (10000, 100)
2020-05-02 04:15:43,283:: INFO - Shape of label tensor: (10000, 2)
2020-05-02 04:15:43,283:: INFO - Data pre-processed
2020-05-02 04:15:43,283:: INFO - Spliting data started
2020-05-02 04:15:43,287:: INFO - Training shape    : (6400, 100) (6400, 2)
2020-05-02 04:15:43,287:: INFO - Validation shape  : (1600, 100) (1600, 2)
2020-05-02 04:15:43,287:: INFO - Test shape        : (2000, 100) (2000, 2)
2020-05-02 04:15:43,287:: INFO - Spliting data concluded
2020-05-02 04:16:44,993:: INFO - Model built.
2020-05-02 04:16:46,511:: INFO - loss:0.33273476362228394
2020-05-02 04:16:46,511:: INFO - tp:1825.0
2020-05-02 04:16:46,512:: INFO - fp:173.0
2020-05-02 04:16:46,512:: INFO - tn:1827.0
2020-05-02 04:16:46,512:: INFO - fn:175.0
2020-05-02 04:16:46,512:: INFO - accuracy:0.9129999876022339
2020-05-02 04:16:46,512:: INFO - precision:0.913413405418396
2020-05-02 04:16:46,512:: INFO - recall:0.9125000238418579
2020-05-02 04:16:46,512:: INFO - auc:0.9217345118522644
2020-05-02 04:16:46,528:: INFO - balanced accuracy : 0.4997263273125342
2020-05-02 04:16:46,528:: INFO - Model evaluated.
2020-05-02 04:16:47,506:: INFO - Data tokenized using 150 terms
2020-05-02 04:16:47,506:: INFO - Shape of data tensor : (10000, 150)
2020-05-02 04:16:47,506:: INFO - Shape of label tensor: (10000, 2)
2020-05-02 04:16:47,506:: INFO - Data pre-processed
2020-05-02 04:16:47,506:: INFO - Spliting data started
2020-05-02 04:16:47,510:: INFO - Training shape    : (6400, 150) (6400, 2)
2020-05-02 04:16:47,510:: INFO - Validation shape  : (1600, 150) (1600, 2)
2020-05-02 04:16:47,510:: INFO - Test shape        : (2000, 150) (2000, 2)
2020-05-02 04:16:47,510:: INFO - Spliting data concluded
2020-05-02 04:18:13,593:: INFO - Model built.
2020-05-02 04:18:15,761:: INFO - loss:0.3108220100402832
2020-05-02 04:18:15,761:: INFO - tp:1827.0
2020-05-02 04:18:15,762:: INFO - fp:173.0
2020-05-02 04:18:15,762:: INFO - tn:1827.0
2020-05-02 04:18:15,762:: INFO - fn:173.0
2020-05-02 04:18:15,762:: INFO - accuracy:0.9135000109672546
2020-05-02 04:18:15,762:: INFO - precision:0.9135000109672546
2020-05-02 04:18:15,762:: INFO - recall:0.9135000109672546
2020-05-02 04:18:15,762:: INFO - auc:0.9214980602264404
2020-05-02 04:18:15,779:: INFO - balanced accuracy : 0.5
2020-05-02 04:18:15,779:: INFO - Model evaluated.
2020-05-02 04:18:16,767:: INFO - Data tokenized using 200 terms
2020-05-02 04:18:16,767:: INFO - Shape of data tensor : (10000, 200)
2020-05-02 04:18:16,767:: INFO - Shape of label tensor: (10000, 2)
2020-05-02 04:18:16,767:: INFO - Data pre-processed
2020-05-02 04:18:16,767:: INFO - Spliting data started
2020-05-02 04:18:16,772:: INFO - Training shape    : (6400, 200) (6400, 2)
2020-05-02 04:18:16,772:: INFO - Validation shape  : (1600, 200) (1600, 2)
2020-05-02 04:18:16,772:: INFO - Test shape        : (2000, 200) (2000, 2)
2020-05-02 04:18:16,772:: INFO - Spliting data concluded
2020-05-02 04:20:14,056:: INFO - Model built.
2020-05-02 04:20:17,061:: INFO - loss:0.34413081407546997
2020-05-02 04:20:17,062:: INFO - tp:1823.0
2020-05-02 04:20:17,062:: INFO - fp:183.0
2020-05-02 04:20:17,062:: INFO - tn:1817.0
2020-05-02 04:20:17,062:: INFO - fn:177.0
2020-05-02 04:20:17,062:: INFO - accuracy:0.9100000262260437
2020-05-02 04:20:17,062:: INFO - precision:0.90877366065979
2020-05-02 04:20:17,062:: INFO - recall:0.9114999771118164
2020-05-02 04:20:17,062:: INFO - auc:0.9232985377311707
2020-05-02 04:20:17,080:: INFO - balanced accuracy : 0.5009744645981441
2020-05-02 04:20:17,080:: INFO - Model evaluated.
2020-05-02 04:20:18,059:: INFO - Data tokenized using 250 terms
2020-05-02 04:20:18,059:: INFO - Shape of data tensor : (10000, 250)
2020-05-02 04:20:18,059:: INFO - Shape of label tensor: (10000, 2)
2020-05-02 04:20:18,059:: INFO - Data pre-processed
2020-05-02 04:20:18,059:: INFO - Spliting data started
2020-05-02 04:20:18,065:: INFO - Training shape    : (6400, 250) (6400, 2)
2020-05-02 04:20:18,065:: INFO - Validation shape  : (1600, 250) (1600, 2)
2020-05-02 04:20:18,065:: INFO - Test shape        : (2000, 250) (2000, 2)
2020-05-02 04:20:18,065:: INFO - Spliting data concluded
2020-05-02 04:22:35,155:: INFO - Model built.
2020-05-02 04:22:38,838:: INFO - loss:0.295844167470932
2020-05-02 04:22:38,839:: INFO - tp:1827.0
2020-05-02 04:22:38,839:: INFO - fp:173.0
2020-05-02 04:22:38,839:: INFO - tn:1827.0
2020-05-02 04:22:38,839:: INFO - fn:173.0
2020-05-02 04:22:38,839:: INFO - accuracy:0.9135000109672546
2020-05-02 04:22:38,839:: INFO - precision:0.9135000109672546
2020-05-02 04:22:38,839:: INFO - recall:0.9135000109672546
2020-05-02 04:22:38,839:: INFO - auc:0.9216645359992981
2020-05-02 04:22:38,856:: INFO - balanced accuracy : 0.5
2020-05-02 04:22:38,857:: INFO - Model evaluated.
2020-05-02 04:22:39,868:: INFO - Data tokenized using 300 terms
2020-05-02 04:22:39,868:: INFO - Shape of data tensor : (10000, 300)
2020-05-02 04:22:39,868:: INFO - Shape of label tensor: (10000, 2)
2020-05-02 04:22:39,868:: INFO - Data pre-processed
2020-05-02 04:22:39,868:: INFO - Spliting data started
2020-05-02 04:22:39,874:: INFO - Training shape    : (6400, 300) (6400, 2)
2020-05-02 04:22:39,874:: INFO - Validation shape  : (1600, 300) (1600, 2)
2020-05-02 04:22:39,874:: INFO - Test shape        : (2000, 300) (2000, 2)
2020-05-02 04:22:39,874:: INFO - Spliting data concluded
2020-05-02 04:25:33,203:: INFO - Model built.
2020-05-02 04:25:37,506:: INFO - loss:0.3244268298149109
2020-05-02 04:25:37,507:: INFO - tp:1826.0
2020-05-02 04:25:37,507:: INFO - fp:173.0
2020-05-02 04:25:37,507:: INFO - tn:1827.0
2020-05-02 04:25:37,507:: INFO - fn:174.0
2020-05-02 04:25:37,507:: INFO - accuracy:0.9132500290870667
2020-05-02 04:25:37,507:: INFO - precision:0.9134567379951477
2020-05-02 04:25:37,507:: INFO - recall:0.9129999876022339
2020-05-02 04:25:37,507:: INFO - auc:0.9221960306167603
2020-05-02 04:25:37,525:: INFO - balanced accuracy : 0.5
2020-05-02 04:25:37,526:: INFO - Model evaluated.
2020-05-02 04:25:37,537:: INFO - Metricas recorded
