2020-05-02 17:45:26,094:: INFO - Setup completed
2020-05-02 17:45:26,094:: INFO - >>> Starting prediction with threshold 8
2020-05-02 17:45:26,200:: INFO - Bug reports file read
2020-05-02 17:45:26,200:: INFO - Reports - Total: 10000 Positive: 4969 (49.69% of total)
2020-05-02 17:45:27,923:: INFO - Bug reports long_description cleaned.
2020-05-02 17:45:28,808:: INFO - Data tokenized using 100 terms
2020-05-02 17:45:28,808:: INFO - Shape of data tensor : (10000, 100)
2020-05-02 17:45:28,808:: INFO - Shape of label tensor: (10000, 2)
2020-05-02 17:45:28,808:: INFO - Data pre-processed
2020-05-02 17:45:28,808:: INFO - Spliting data started
2020-05-02 17:45:28,812:: INFO - Training shape    : (6400, 100) (6400, 2)
2020-05-02 17:45:28,812:: INFO - Validation shape  : (1600, 100) (1600, 2)
2020-05-02 17:45:28,812:: INFO - Test shape        : (2000, 100) (2000, 2)
2020-05-02 17:45:28,812:: INFO - Spliting data concluded
2020-05-02 17:46:17,735:: INFO - Model built.
2020-05-02 17:46:17,736:: WARNING - From /home/lgomes/experiments/long-lived-bug-prediction-w-dnn.py:230: Sequential.predict_classes (from tensorflow.python.keras.engine.sequential) is deprecated and will be removed after 2021-01-01.
Instructions for updating:
Please use instead:* `np.argmax(model.predict(x), axis=-1)`,   if your model does multi-class classification   (e.g. if it uses a `softmax` last-layer activation).* `(model.predict(x) > 0.5).astype("int32")`,   if your model does binary classification   (e.g. if it uses a `sigmoid` last-layer activation).
2020-05-02 17:46:19,453:: INFO - loss:0.6862698793411255
2020-05-02 17:46:19,454:: INFO - tp:1111.0
2020-05-02 17:46:19,454:: INFO - fp:887.0
2020-05-02 17:46:19,454:: INFO - tn:1113.0
2020-05-02 17:46:19,454:: INFO - fn:889.0
2020-05-02 17:46:19,454:: INFO - accuracy:0.5559999942779541
2020-05-02 17:46:19,454:: INFO - precision:0.5560560822486877
2020-05-02 17:46:19,454:: INFO - recall:0.5554999709129333
2020-05-02 17:46:19,454:: INFO - auc:0.5933717489242554
2020-05-02 17:46:19,471:: INFO - balanced accuracy : 0.5573089343810601
2020-05-02 17:46:19,472:: INFO - Model evaluated.
2020-05-02 17:46:20,442:: INFO - Data tokenized using 150 terms
2020-05-02 17:46:20,442:: INFO - Shape of data tensor : (10000, 150)
2020-05-02 17:46:20,442:: INFO - Shape of label tensor: (10000, 2)
2020-05-02 17:46:20,442:: INFO - Data pre-processed
2020-05-02 17:46:20,442:: INFO - Spliting data started
2020-05-02 17:46:20,446:: INFO - Training shape    : (6400, 150) (6400, 2)
2020-05-02 17:46:20,446:: INFO - Validation shape  : (1600, 150) (1600, 2)
2020-05-02 17:46:20,446:: INFO - Test shape        : (2000, 150) (2000, 2)
2020-05-02 17:46:20,446:: INFO - Spliting data concluded
2020-05-02 17:47:29,941:: INFO - Model built.
2020-05-02 17:47:32,299:: INFO - loss:0.6835336089134216
2020-05-02 17:47:32,300:: INFO - tp:1151.0
2020-05-02 17:47:32,300:: INFO - fp:894.0
2020-05-02 17:47:32,300:: INFO - tn:1106.0
2020-05-02 17:47:32,300:: INFO - fn:849.0
2020-05-02 17:47:32,300:: INFO - accuracy:0.5642499923706055
2020-05-02 17:47:32,300:: INFO - precision:0.5628361701965332
2020-05-02 17:47:32,300:: INFO - recall:0.5755000114440918
2020-05-02 17:47:32,300:: INFO - auc:0.59129798412323
2020-05-02 17:47:32,319:: INFO - balanced accuracy : 0.5666405635081845
2020-05-02 17:47:32,319:: INFO - Model evaluated.
2020-05-02 17:47:33,301:: INFO - Data tokenized using 200 terms
2020-05-02 17:47:33,301:: INFO - Shape of data tensor : (10000, 200)
2020-05-02 17:47:33,301:: INFO - Shape of label tensor: (10000, 2)
2020-05-02 17:47:33,301:: INFO - Data pre-processed
2020-05-02 17:47:33,301:: INFO - Spliting data started
2020-05-02 17:47:33,305:: INFO - Training shape    : (6400, 200) (6400, 2)
2020-05-02 17:47:33,305:: INFO - Validation shape  : (1600, 200) (1600, 2)
2020-05-02 17:47:33,306:: INFO - Test shape        : (2000, 200) (2000, 2)
2020-05-02 17:47:33,306:: INFO - Spliting data concluded
2020-05-02 17:49:05,199:: INFO - Model built.
2020-05-02 17:49:08,273:: INFO - loss:0.7411178350448608
2020-05-02 17:49:08,273:: INFO - tp:1138.0
2020-05-02 17:49:08,273:: INFO - fp:832.0
2020-05-02 17:49:08,273:: INFO - tn:1168.0
2020-05-02 17:49:08,274:: INFO - fn:862.0
2020-05-02 17:49:08,274:: INFO - accuracy:0.5764999985694885
2020-05-02 17:49:08,274:: INFO - precision:0.5776649713516235
2020-05-02 17:49:08,274:: INFO - recall:0.5690000057220459
2020-05-02 17:49:08,274:: INFO - auc:0.600390613079071
2020-05-02 17:49:08,292:: INFO - balanced accuracy : 0.5765742654861238
2020-05-02 17:49:08,292:: INFO - Model evaluated.
2020-05-02 17:49:09,270:: INFO - Data tokenized using 250 terms
2020-05-02 17:49:09,270:: INFO - Shape of data tensor : (10000, 250)
2020-05-02 17:49:09,270:: INFO - Shape of label tensor: (10000, 2)
2020-05-02 17:49:09,270:: INFO - Data pre-processed
2020-05-02 17:49:09,270:: INFO - Spliting data started
2020-05-02 17:49:09,276:: INFO - Training shape    : (6400, 250) (6400, 2)
2020-05-02 17:49:09,276:: INFO - Validation shape  : (1600, 250) (1600, 2)
2020-05-02 17:49:09,276:: INFO - Test shape        : (2000, 250) (2000, 2)
2020-05-02 17:49:09,276:: INFO - Spliting data concluded
2020-05-02 17:50:34,933:: INFO - Model built.
2020-05-02 17:50:38,649:: INFO - loss:0.6894269585609436
2020-05-02 17:50:38,649:: INFO - tp:1077.0
2020-05-02 17:50:38,649:: INFO - fp:903.0
2020-05-02 17:50:38,649:: INFO - tn:1097.0
2020-05-02 17:50:38,649:: INFO - fn:923.0
2020-05-02 17:50:38,649:: INFO - accuracy:0.5435000061988831
2020-05-02 17:50:38,649:: INFO - precision:0.5439394116401672
2020-05-02 17:50:38,649:: INFO - recall:0.5385000109672546
2020-05-02 17:50:38,649:: INFO - auc:0.5599119663238525
2020-05-02 17:50:38,659:: INFO - balanced accuracy : 0.545903554330074
2020-05-02 17:50:38,659:: INFO - Model evaluated.
2020-05-02 17:50:39,623:: INFO - Data tokenized using 300 terms
2020-05-02 17:50:39,623:: INFO - Shape of data tensor : (10000, 300)
2020-05-02 17:50:39,623:: INFO - Shape of label tensor: (10000, 2)
2020-05-02 17:50:39,623:: INFO - Data pre-processed
2020-05-02 17:50:39,623:: INFO - Spliting data started
2020-05-02 17:50:39,629:: INFO - Training shape    : (6400, 300) (6400, 2)
2020-05-02 17:50:39,629:: INFO - Validation shape  : (1600, 300) (1600, 2)
2020-05-02 17:50:39,629:: INFO - Test shape        : (2000, 300) (2000, 2)
2020-05-02 17:50:39,629:: INFO - Spliting data concluded
2020-05-02 17:52:15,855:: INFO - Model built.
2020-05-02 17:52:20,178:: INFO - loss:0.6893339157104492
2020-05-02 17:52:20,178:: INFO - tp:1107.0
2020-05-02 17:52:20,178:: INFO - fp:884.0
2020-05-02 17:52:20,178:: INFO - tn:1116.0
2020-05-02 17:52:20,178:: INFO - fn:893.0
2020-05-02 17:52:20,178:: INFO - accuracy:0.5557500123977661
2020-05-02 17:52:20,179:: INFO - precision:0.5560020208358765
2020-05-02 17:52:20,179:: INFO - recall:0.5534999966621399
2020-05-02 17:52:20,179:: INFO - auc:0.5754270553588867
2020-05-02 17:52:20,196:: INFO - balanced accuracy : 0.5564853347255018
2020-05-02 17:52:20,196:: INFO - Model evaluated.
2020-05-02 17:52:20,207:: INFO - >>> Starting prediction with threshold 63
2020-05-02 17:52:20,315:: INFO - Bug reports file read
2020-05-02 17:52:20,316:: INFO - Reports - Total: 10000 Positive: 2492 (24.92% of total)
2020-05-02 17:52:22,119:: INFO - Bug reports long_description cleaned.
2020-05-02 17:52:23,046:: INFO - Data tokenized using 100 terms
2020-05-02 17:52:23,046:: INFO - Shape of data tensor : (10000, 100)
2020-05-02 17:52:23,046:: INFO - Shape of label tensor: (10000, 2)
2020-05-02 17:52:23,047:: INFO - Data pre-processed
2020-05-02 17:52:23,047:: INFO - Spliting data started
2020-05-02 17:52:23,050:: INFO - Training shape    : (6400, 100) (6400, 2)
2020-05-02 17:52:23,050:: INFO - Validation shape  : (1600, 100) (1600, 2)
2020-05-02 17:52:23,050:: INFO - Test shape        : (2000, 100) (2000, 2)
2020-05-02 17:52:23,050:: INFO - Spliting data concluded
2020-05-02 17:52:52,735:: INFO - Model built.
2020-05-02 17:52:54,266:: INFO - loss:0.6401443481445312
2020-05-02 17:52:54,266:: INFO - tp:1477.0
2020-05-02 17:52:54,266:: INFO - fp:523.0
2020-05-02 17:52:54,266:: INFO - tn:1477.0
2020-05-02 17:52:54,266:: INFO - fn:523.0
2020-05-02 17:52:54,267:: INFO - accuracy:0.7384999990463257
2020-05-02 17:52:54,267:: INFO - precision:0.7384999990463257
2020-05-02 17:52:54,267:: INFO - recall:0.7384999990463257
2020-05-02 17:52:54,267:: INFO - auc:0.7476189732551575
2020-05-02 17:52:54,283:: INFO - balanced accuracy : 0.5
2020-05-02 17:52:54,283:: INFO - Model evaluated.
2020-05-02 17:52:55,235:: INFO - Data tokenized using 150 terms
2020-05-02 17:52:55,235:: INFO - Shape of data tensor : (10000, 150)
2020-05-02 17:52:55,235:: INFO - Shape of label tensor: (10000, 2)
2020-05-02 17:52:55,235:: INFO - Data pre-processed
2020-05-02 17:52:55,235:: INFO - Spliting data started
2020-05-02 17:52:55,238:: INFO - Training shape    : (6400, 150) (6400, 2)
2020-05-02 17:52:55,238:: INFO - Validation shape  : (1600, 150) (1600, 2)
2020-05-02 17:52:55,238:: INFO - Test shape        : (2000, 150) (2000, 2)
2020-05-02 17:52:55,238:: INFO - Spliting data concluded
2020-05-02 17:53:50,478:: INFO - Model built.
2020-05-02 17:53:52,669:: INFO - loss:0.5756691694259644
2020-05-02 17:53:52,669:: INFO - tp:1476.0
2020-05-02 17:53:52,669:: INFO - fp:524.0
2020-05-02 17:53:52,669:: INFO - tn:1476.0
2020-05-02 17:53:52,669:: INFO - fn:524.0
2020-05-02 17:53:52,669:: INFO - accuracy:0.7379999756813049
2020-05-02 17:53:52,669:: INFO - precision:0.7379999756813049
2020-05-02 17:53:52,670:: INFO - recall:0.7379999756813049
2020-05-02 17:53:52,670:: INFO - auc:0.7597813606262207
2020-05-02 17:53:52,686:: INFO - balanced accuracy : 0.4996614759647935
2020-05-02 17:53:52,687:: INFO - Model evaluated.
2020-05-02 17:53:53,649:: INFO - Data tokenized using 200 terms
2020-05-02 17:53:53,649:: INFO - Shape of data tensor : (10000, 200)
2020-05-02 17:53:53,649:: INFO - Shape of label tensor: (10000, 2)
2020-05-02 17:53:53,649:: INFO - Data pre-processed
2020-05-02 17:53:53,649:: INFO - Spliting data started
2020-05-02 17:53:53,653:: INFO - Training shape    : (6400, 200) (6400, 2)
2020-05-02 17:53:53,653:: INFO - Validation shape  : (1600, 200) (1600, 2)
2020-05-02 17:53:53,653:: INFO - Test shape        : (2000, 200) (2000, 2)
2020-05-02 17:53:53,653:: INFO - Spliting data concluded
2020-05-02 17:54:48,864:: INFO - Model built.
2020-05-02 17:54:51,880:: INFO - loss:0.631667971611023
2020-05-02 17:54:51,881:: INFO - tp:1477.0
2020-05-02 17:54:51,881:: INFO - fp:523.0
2020-05-02 17:54:51,881:: INFO - tn:1477.0
2020-05-02 17:54:51,881:: INFO - fn:523.0
2020-05-02 17:54:51,881:: INFO - accuracy:0.7384999990463257
2020-05-02 17:54:51,881:: INFO - precision:0.7384999990463257
2020-05-02 17:54:51,881:: INFO - recall:0.7384999990463257
2020-05-02 17:54:51,882:: INFO - auc:0.7497623562812805
2020-05-02 17:54:51,900:: INFO - balanced accuracy : 0.5
2020-05-02 17:54:51,900:: INFO - Model evaluated.
2020-05-02 17:54:52,883:: INFO - Data tokenized using 250 terms
2020-05-02 17:54:52,883:: INFO - Shape of data tensor : (10000, 250)
2020-05-02 17:54:52,883:: INFO - Shape of label tensor: (10000, 2)
2020-05-02 17:54:52,883:: INFO - Data pre-processed
2020-05-02 17:54:52,883:: INFO - Spliting data started
2020-05-02 17:54:52,889:: INFO - Training shape    : (6400, 250) (6400, 2)
2020-05-02 17:54:52,889:: INFO - Validation shape  : (1600, 250) (1600, 2)
2020-05-02 17:54:52,889:: INFO - Test shape        : (2000, 250) (2000, 2)
2020-05-02 17:54:52,889:: INFO - Spliting data concluded
2020-05-02 17:56:00,432:: INFO - Model built.
2020-05-02 17:56:04,137:: INFO - loss:0.6236393451690674
2020-05-02 17:56:04,138:: INFO - tp:1477.0
2020-05-02 17:56:04,138:: INFO - fp:523.0
2020-05-02 17:56:04,138:: INFO - tn:1477.0
2020-05-02 17:56:04,138:: INFO - fn:523.0
2020-05-02 17:56:04,138:: INFO - accuracy:0.7384999990463257
2020-05-02 17:56:04,138:: INFO - precision:0.7384999990463257
2020-05-02 17:56:04,138:: INFO - recall:0.7384999990463257
2020-05-02 17:56:04,138:: INFO - auc:0.752845048904419
2020-05-02 17:56:04,156:: INFO - balanced accuracy : 0.5
2020-05-02 17:56:04,156:: INFO - Model evaluated.
2020-05-02 17:56:05,150:: INFO - Data tokenized using 300 terms
2020-05-02 17:56:05,150:: INFO - Shape of data tensor : (10000, 300)
2020-05-02 17:56:05,150:: INFO - Shape of label tensor: (10000, 2)
2020-05-02 17:56:05,150:: INFO - Data pre-processed
2020-05-02 17:56:05,150:: INFO - Spliting data started
2020-05-02 17:56:05,156:: INFO - Training shape    : (6400, 300) (6400, 2)
2020-05-02 17:56:05,156:: INFO - Validation shape  : (1600, 300) (1600, 2)
2020-05-02 17:56:05,156:: INFO - Test shape        : (2000, 300) (2000, 2)
2020-05-02 17:56:05,156:: INFO - Spliting data concluded
2020-05-02 17:57:55,517:: INFO - Model built.
2020-05-02 17:57:59,856:: INFO - loss:0.5774770975112915
2020-05-02 17:57:59,856:: INFO - tp:1477.0
2020-05-02 17:57:59,856:: INFO - fp:523.0
2020-05-02 17:57:59,856:: INFO - tn:1477.0
2020-05-02 17:57:59,856:: INFO - fn:523.0
2020-05-02 17:57:59,857:: INFO - accuracy:0.7384999990463257
2020-05-02 17:57:59,857:: INFO - precision:0.7384999990463257
2020-05-02 17:57:59,857:: INFO - recall:0.7384999990463257
2020-05-02 17:57:59,857:: INFO - auc:0.762702226638794
2020-05-02 17:57:59,872:: INFO - balanced accuracy : 0.5
2020-05-02 17:57:59,872:: INFO - Model evaluated.
2020-05-02 17:57:59,881:: INFO - >>> Starting prediction with threshold 108
2020-05-02 17:57:59,992:: INFO - Bug reports file read
2020-05-02 17:57:59,993:: INFO - Reports - Total: 10000 Positive: 1889 (18.89% of total)
2020-05-02 17:58:01,845:: INFO - Bug reports long_description cleaned.
2020-05-02 17:58:02,792:: INFO - Data tokenized using 100 terms
2020-05-02 17:58:02,792:: INFO - Shape of data tensor : (10000, 100)
2020-05-02 17:58:02,792:: INFO - Shape of label tensor: (10000, 2)
2020-05-02 17:58:02,792:: INFO - Data pre-processed
2020-05-02 17:58:02,792:: INFO - Spliting data started
2020-05-02 17:58:02,795:: INFO - Training shape    : (6400, 100) (6400, 2)
2020-05-02 17:58:02,795:: INFO - Validation shape  : (1600, 100) (1600, 2)
2020-05-02 17:58:02,795:: INFO - Test shape        : (2000, 100) (2000, 2)
2020-05-02 17:58:02,796:: INFO - Spliting data concluded
2020-05-02 17:58:32,380:: INFO - Model built.
2020-05-02 17:58:33,931:: INFO - loss:0.6281527876853943
2020-05-02 17:58:33,932:: INFO - tp:1603.0
2020-05-02 17:58:33,932:: INFO - fp:397.0
2020-05-02 17:58:33,932:: INFO - tn:1603.0
2020-05-02 17:58:33,932:: INFO - fn:397.0
2020-05-02 17:58:33,932:: INFO - accuracy:0.8015000224113464
2020-05-02 17:58:33,932:: INFO - precision:0.8015000224113464
2020-05-02 17:58:33,932:: INFO - recall:0.8015000224113464
2020-05-02 17:58:33,932:: INFO - auc:0.8158200979232788
2020-05-02 17:58:33,949:: INFO - balanced accuracy : 0.5
2020-05-02 17:58:33,949:: INFO - Model evaluated.
2020-05-02 17:58:34,945:: INFO - Data tokenized using 150 terms
2020-05-02 17:58:34,945:: INFO - Shape of data tensor : (10000, 150)
2020-05-02 17:58:34,945:: INFO - Shape of label tensor: (10000, 2)
2020-05-02 17:58:34,945:: INFO - Data pre-processed
2020-05-02 17:58:34,945:: INFO - Spliting data started
2020-05-02 17:58:34,949:: INFO - Training shape    : (6400, 150) (6400, 2)
2020-05-02 17:58:34,949:: INFO - Validation shape  : (1600, 150) (1600, 2)
2020-05-02 17:58:34,949:: INFO - Test shape        : (2000, 150) (2000, 2)
2020-05-02 17:58:34,949:: INFO - Spliting data concluded
2020-05-02 17:59:15,380:: INFO - Model built.
2020-05-02 17:59:17,573:: INFO - loss:0.6165670156478882
2020-05-02 17:59:17,573:: INFO - tp:1603.0
2020-05-02 17:59:17,574:: INFO - fp:397.0
2020-05-02 17:59:17,574:: INFO - tn:1603.0
2020-05-02 17:59:17,574:: INFO - fn:397.0
2020-05-02 17:59:17,574:: INFO - accuracy:0.8015000224113464
2020-05-02 17:59:17,574:: INFO - precision:0.8015000224113464
2020-05-02 17:59:17,574:: INFO - recall:0.8015000224113464
2020-05-02 17:59:17,574:: INFO - auc:0.8162977695465088
2020-05-02 17:59:17,590:: INFO - balanced accuracy : 0.5
2020-05-02 17:59:17,590:: INFO - Model evaluated.
2020-05-02 17:59:18,565:: INFO - Data tokenized using 200 terms
2020-05-02 17:59:18,565:: INFO - Shape of data tensor : (10000, 200)
2020-05-02 17:59:18,565:: INFO - Shape of label tensor: (10000, 2)
2020-05-02 17:59:18,565:: INFO - Data pre-processed
2020-05-02 17:59:18,565:: INFO - Spliting data started
2020-05-02 17:59:18,569:: INFO - Training shape    : (6400, 200) (6400, 2)
2020-05-02 17:59:18,569:: INFO - Validation shape  : (1600, 200) (1600, 2)
2020-05-02 17:59:18,569:: INFO - Test shape        : (2000, 200) (2000, 2)
2020-05-02 17:59:18,569:: INFO - Spliting data concluded
2020-05-02 18:00:13,891:: INFO - Model built.
2020-05-02 18:00:16,932:: INFO - loss:0.5835206508636475
2020-05-02 18:00:16,932:: INFO - tp:1603.0
2020-05-02 18:00:16,932:: INFO - fp:397.0
2020-05-02 18:00:16,932:: INFO - tn:1603.0
2020-05-02 18:00:16,932:: INFO - fn:397.0
2020-05-02 18:00:16,932:: INFO - accuracy:0.8015000224113464
2020-05-02 18:00:16,932:: INFO - precision:0.8015000224113464
2020-05-02 18:00:16,932:: INFO - recall:0.8015000224113464
2020-05-02 18:00:16,932:: INFO - auc:0.8137337565422058
2020-05-02 18:00:16,950:: INFO - balanced accuracy : 0.5
2020-05-02 18:00:16,950:: INFO - Model evaluated.
2020-05-02 18:00:17,897:: INFO - Data tokenized using 250 terms
2020-05-02 18:00:17,897:: INFO - Shape of data tensor : (10000, 250)
2020-05-02 18:00:17,897:: INFO - Shape of label tensor: (10000, 2)
2020-05-02 18:00:17,897:: INFO - Data pre-processed
2020-05-02 18:00:17,897:: INFO - Spliting data started
2020-05-02 18:00:17,902:: INFO - Training shape    : (6400, 250) (6400, 2)
2020-05-02 18:00:17,903:: INFO - Validation shape  : (1600, 250) (1600, 2)
2020-05-02 18:00:17,903:: INFO - Test shape        : (2000, 250) (2000, 2)
2020-05-02 18:00:17,903:: INFO - Spliting data concluded
2020-05-02 18:01:24,755:: INFO - Model built.
2020-05-02 18:01:28,432:: INFO - loss:0.6193801164627075
2020-05-02 18:01:28,432:: INFO - tp:1603.0
2020-05-02 18:01:28,432:: INFO - fp:397.0
2020-05-02 18:01:28,432:: INFO - tn:1603.0
2020-05-02 18:01:28,432:: INFO - fn:397.0
2020-05-02 18:01:28,432:: INFO - accuracy:0.8015000224113464
2020-05-02 18:01:28,433:: INFO - precision:0.8015000224113464
2020-05-02 18:01:28,433:: INFO - recall:0.8015000224113464
2020-05-02 18:01:28,433:: INFO - auc:0.817528247833252
2020-05-02 18:01:28,451:: INFO - balanced accuracy : 0.5
2020-05-02 18:01:28,451:: INFO - Model evaluated.
2020-05-02 18:01:29,441:: INFO - Data tokenized using 300 terms
2020-05-02 18:01:29,441:: INFO - Shape of data tensor : (10000, 300)
2020-05-02 18:01:29,441:: INFO - Shape of label tensor: (10000, 2)
2020-05-02 18:01:29,441:: INFO - Data pre-processed
2020-05-02 18:01:29,441:: INFO - Spliting data started
2020-05-02 18:01:29,447:: INFO - Training shape    : (6400, 300) (6400, 2)
2020-05-02 18:01:29,448:: INFO - Validation shape  : (1600, 300) (1600, 2)
2020-05-02 18:01:29,448:: INFO - Test shape        : (2000, 300) (2000, 2)
2020-05-02 18:01:29,448:: INFO - Spliting data concluded
2020-05-02 18:02:52,194:: INFO - Model built.
2020-05-02 18:02:56,468:: INFO - loss:0.5961066484451294
2020-05-02 18:02:56,469:: INFO - tp:1603.0
2020-05-02 18:02:56,469:: INFO - fp:397.0
2020-05-02 18:02:56,469:: INFO - tn:1603.0
2020-05-02 18:02:56,469:: INFO - fn:397.0
2020-05-02 18:02:56,469:: INFO - accuracy:0.8015000224113464
2020-05-02 18:02:56,469:: INFO - precision:0.8015000224113464
2020-05-02 18:02:56,469:: INFO - recall:0.8015000224113464
2020-05-02 18:02:56,469:: INFO - auc:0.8138126134872437
2020-05-02 18:02:56,485:: INFO - balanced accuracy : 0.5
2020-05-02 18:02:56,485:: INFO - Model evaluated.
2020-05-02 18:02:56,495:: INFO - >>> Starting prediction with threshold 365
2020-05-02 18:02:56,608:: INFO - Bug reports file read
2020-05-02 18:02:56,609:: INFO - Reports - Total: 10000 Positive: 766 (7.66% of total)
2020-05-02 18:02:58,464:: INFO - Bug reports long_description cleaned.
2020-05-02 18:02:59,388:: INFO - Data tokenized using 100 terms
2020-05-02 18:02:59,388:: INFO - Shape of data tensor : (10000, 100)
2020-05-02 18:02:59,388:: INFO - Shape of label tensor: (10000, 2)
2020-05-02 18:02:59,388:: INFO - Data pre-processed
2020-05-02 18:02:59,388:: INFO - Spliting data started
2020-05-02 18:02:59,391:: INFO - Training shape    : (6400, 100) (6400, 2)
2020-05-02 18:02:59,391:: INFO - Validation shape  : (1600, 100) (1600, 2)
2020-05-02 18:02:59,391:: INFO - Test shape        : (2000, 100) (2000, 2)
2020-05-02 18:02:59,392:: INFO - Spliting data concluded
2020-05-02 18:03:29,083:: INFO - Model built.
2020-05-02 18:03:30,646:: INFO - loss:0.5543007850646973
2020-05-02 18:03:30,646:: INFO - tp:1827.0
2020-05-02 18:03:30,646:: INFO - fp:173.0
2020-05-02 18:03:30,646:: INFO - tn:1827.0
2020-05-02 18:03:30,646:: INFO - fn:173.0
2020-05-02 18:03:30,646:: INFO - accuracy:0.9135000109672546
2020-05-02 18:03:30,647:: INFO - precision:0.9135000109672546
2020-05-02 18:03:30,647:: INFO - recall:0.9135000109672546
2020-05-02 18:03:30,647:: INFO - auc:0.9183698296546936
2020-05-02 18:03:30,663:: INFO - balanced accuracy : 0.5
2020-05-02 18:03:30,664:: INFO - Model evaluated.
2020-05-02 18:03:31,649:: INFO - Data tokenized using 150 terms
2020-05-02 18:03:31,649:: INFO - Shape of data tensor : (10000, 150)
2020-05-02 18:03:31,649:: INFO - Shape of label tensor: (10000, 2)
2020-05-02 18:03:31,649:: INFO - Data pre-processed
2020-05-02 18:03:31,649:: INFO - Spliting data started
2020-05-02 18:03:31,653:: INFO - Training shape    : (6400, 150) (6400, 2)
2020-05-02 18:03:31,653:: INFO - Validation shape  : (1600, 150) (1600, 2)
2020-05-02 18:03:31,653:: INFO - Test shape        : (2000, 150) (2000, 2)
2020-05-02 18:03:31,653:: INFO - Spliting data concluded
2020-05-02 18:04:12,401:: INFO - Model built.
2020-05-02 18:04:14,588:: INFO - loss:0.5732240676879883
2020-05-02 18:04:14,589:: INFO - tp:1827.0
2020-05-02 18:04:14,589:: INFO - fp:173.0
2020-05-02 18:04:14,589:: INFO - tn:1827.0
2020-05-02 18:04:14,589:: INFO - fn:173.0
2020-05-02 18:04:14,589:: INFO - accuracy:0.9135000109672546
2020-05-02 18:04:14,589:: INFO - precision:0.9135000109672546
2020-05-02 18:04:14,589:: INFO - recall:0.9135000109672546
2020-05-02 18:04:14,590:: INFO - auc:0.9184361100196838
2020-05-02 18:04:14,607:: INFO - balanced accuracy : 0.5
2020-05-02 18:04:14,607:: INFO - Model evaluated.
2020-05-02 18:04:15,572:: INFO - Data tokenized using 200 terms
2020-05-02 18:04:15,572:: INFO - Shape of data tensor : (10000, 200)
2020-05-02 18:04:15,572:: INFO - Shape of label tensor: (10000, 2)
2020-05-02 18:04:15,572:: INFO - Data pre-processed
2020-05-02 18:04:15,572:: INFO - Spliting data started
2020-05-02 18:04:15,576:: INFO - Training shape    : (6400, 200) (6400, 2)
2020-05-02 18:04:15,576:: INFO - Validation shape  : (1600, 200) (1600, 2)
2020-05-02 18:04:15,576:: INFO - Test shape        : (2000, 200) (2000, 2)
2020-05-02 18:04:15,576:: INFO - Spliting data concluded
2020-05-02 18:05:10,919:: INFO - Model built.
2020-05-02 18:05:13,955:: INFO - loss:0.6057046055793762
2020-05-02 18:05:13,955:: INFO - tp:1827.0
2020-05-02 18:05:13,955:: INFO - fp:173.0
2020-05-02 18:05:13,955:: INFO - tn:1827.0
2020-05-02 18:05:13,955:: INFO - fn:173.0
2020-05-02 18:05:13,955:: INFO - accuracy:0.9135000109672546
2020-05-02 18:05:13,956:: INFO - precision:0.9135000109672546
2020-05-02 18:05:13,956:: INFO - recall:0.9135000109672546
2020-05-02 18:05:13,956:: INFO - auc:0.9167615175247192
2020-05-02 18:05:13,974:: INFO - balanced accuracy : 0.5
2020-05-02 18:05:13,974:: INFO - Model evaluated.
2020-05-02 18:05:14,965:: INFO - Data tokenized using 250 terms
2020-05-02 18:05:14,965:: INFO - Shape of data tensor : (10000, 250)
2020-05-02 18:05:14,965:: INFO - Shape of label tensor: (10000, 2)
2020-05-02 18:05:14,965:: INFO - Data pre-processed
2020-05-02 18:05:14,965:: INFO - Spliting data started
2020-05-02 18:05:14,970:: INFO - Training shape    : (6400, 250) (6400, 2)
2020-05-02 18:05:14,970:: INFO - Validation shape  : (1600, 250) (1600, 2)
2020-05-02 18:05:14,970:: INFO - Test shape        : (2000, 250) (2000, 2)
2020-05-02 18:05:14,970:: INFO - Spliting data concluded
2020-05-02 18:06:22,418:: INFO - Model built.
2020-05-02 18:06:26,076:: INFO - loss:0.5814434289932251
2020-05-02 18:06:26,076:: INFO - tp:1827.0
2020-05-02 18:06:26,076:: INFO - fp:173.0
2020-05-02 18:06:26,076:: INFO - tn:1827.0
2020-05-02 18:06:26,076:: INFO - fn:173.0
2020-05-02 18:06:26,077:: INFO - accuracy:0.9135000109672546
2020-05-02 18:06:26,077:: INFO - precision:0.9135000109672546
2020-05-02 18:06:26,077:: INFO - recall:0.9135000109672546
2020-05-02 18:06:26,077:: INFO - auc:0.9172573089599609
2020-05-02 18:06:26,094:: INFO - balanced accuracy : 0.5
2020-05-02 18:06:26,095:: INFO - Model evaluated.
2020-05-02 18:06:27,077:: INFO - Data tokenized using 300 terms
2020-05-02 18:06:27,077:: INFO - Shape of data tensor : (10000, 300)
2020-05-02 18:06:27,077:: INFO - Shape of label tensor: (10000, 2)
2020-05-02 18:06:27,077:: INFO - Data pre-processed
2020-05-02 18:06:27,077:: INFO - Spliting data started
2020-05-02 18:06:27,083:: INFO - Training shape    : (6400, 300) (6400, 2)
2020-05-02 18:06:27,083:: INFO - Validation shape  : (1600, 300) (1600, 2)
2020-05-02 18:06:27,083:: INFO - Test shape        : (2000, 300) (2000, 2)
2020-05-02 18:06:27,083:: INFO - Spliting data concluded
2020-05-02 18:07:46,805:: INFO - Model built.
2020-05-02 18:07:51,100:: INFO - loss:0.5933268666267395
2020-05-02 18:07:51,100:: INFO - tp:1827.0
2020-05-02 18:07:51,100:: INFO - fp:173.0
2020-05-02 18:07:51,100:: INFO - tn:1827.0
2020-05-02 18:07:51,101:: INFO - fn:173.0
2020-05-02 18:07:51,101:: INFO - accuracy:0.9135000109672546
2020-05-02 18:07:51,101:: INFO - precision:0.9135000109672546
2020-05-02 18:07:51,101:: INFO - recall:0.9135000109672546
2020-05-02 18:07:51,101:: INFO - auc:0.9201409816741943
2020-05-02 18:07:51,120:: INFO - balanced accuracy : 0.5
2020-05-02 18:07:51,120:: INFO - Model evaluated.
2020-05-02 18:07:51,132:: INFO - Metricas recorded
