Loading required package: caret
Loading required package: lattice
Loading required package: ggplot2
Loading required package: futile.logger
Loading required package: klaR
Loading required package: MASS
Loading required package: doParallel
Loading required package: foreach
Loading required package: iterators
Loading required package: parallel
Loading required package: qdap
Loading required package: qdapDictionaries
Loading required package: qdapRegex

Attaching package: ‘qdapRegex’

The following object is masked from ‘package:ggplot2’:

    %+%

Loading required package: qdapTools
Loading required package: RColorBrewer

Attaching package: ‘qdap’

The following object is masked from ‘package:base’:

    Filter

Warning message:
package ‘qdap’ was built under R version 3.5.2 
Loading required package: SnowballC
Loading required package: tidyverse
── Attaching packages ─────────────────────────────────────── tidyverse 1.2.1 ──
✔ tibble  2.0.0     ✔ purrr   0.2.5
✔ tidyr   0.8.2     ✔ dplyr   0.7.8
✔ readr   1.3.1     ✔ stringr 1.3.1
✔ tibble  2.0.0     ✔ forcats 0.3.0
── Conflicts ────────────────────────────────────────── tidyverse_conflicts() ──
✖ qdapRegex::%+%()    masks ggplot2::%+%()
✖ purrr::accumulate() masks foreach::accumulate()
✖ dplyr::explain()    masks qdapRegex::explain()
✖ dplyr::filter()     masks stats::filter()
✖ dplyr::id()         masks qdapTools::id()
✖ dplyr::lag()        masks stats::lag()
✖ purrr::lift()       masks caret::lift()
✖ dplyr::select()     masks MASS::select()
✖ purrr::when()       masks foreach::when()
Warning message:
package ‘tibble’ was built under R version 3.5.2 
Loading required package: tidytext
Loading required package: tm
Loading required package: NLP

Attaching package: ‘NLP’

The following object is masked from ‘package:qdap’:

    ngrams

The following object is masked from ‘package:ggplot2’:

    annotate


Attaching package: ‘tm’

The following objects are masked from ‘package:qdap’:

    as.DocumentTermMatrix, as.TermDocumentMatrix

Loading required package: smotefamily
NULL
TRACE [2019-02-13 23:59:39] Script started...
TRACE [2019-02-13 23:59:40] Ouput path: ~/Workspace/doctorate/experiments/long-lived-bug/notebooks/datasets
TRACE [2019-02-13 23:59:40] Bug reports file : ~/Workspace/doctorate/experiments/long-lived-bug/notebooks/datasets/20190207_eclipse_bug_reports.csv
TRACE [2019-02-13 23:59:40] Last evaluation file generated: ~/Workspace/doctorate/experiments/long-lived-bug/notebooks/datasets/20190213110244-predicting-metrics.csv
Parsed with column specification:
cols(
  .default = col_double(),
  dataset = col_character(),
  classifier = col_character(),
  resampling = col_character(),
  balancing = col_character(),
  feature = col_character()
)
See spec(...) for full column specifications.
TRACE [2019-02-13 23:59:41] Starting with parameter: 9
Parsed with column specification:
cols(
  bug_id = col_character(),
  creation_date = col_date(format = ""),
  component_name = col_character(),
  product_name = col_character(),
  short_description = col_character(),
  long_description = col_character(),
  assignee_name = col_character(),
  reporter_name = col_character(),
  resolution_category = col_character(),
  resolution_code = col_double(),
  status_category = col_character(),
  status_code = col_double(),
  update_date = col_date(format = ""),
  quantity_of_votes = col_double(),
  quantity_of_comments = col_double(),
  resolution_date = col_date(format = ""),
  days_to_resolve = col_double(),
  severity_category = col_character(),
  severity_code = col_double()
)
Warning: 1 parsing failure.
  row              col expected        actual                                                                                                   file
10423 long_description          embedded null '~/Workspace/doctorate/experiments/long-lived-bug/notebooks/datasets/20190207_eclipse_bug_reports.csv'

TRACE [2019-02-13 23:59:41] Clean text features
TRACE [2019-02-14 00:00:57] Text mining: extracting 200 terms
TRACE [2019-02-14 00:02:09] Predicting: feature[short_long_description], threshold[12], classifier[knn], resampling[boot], balancing[custom]
TRACE [2019-02-14 00:02:09] Balancing dataset
TRACE [2019-02-14 00:02:09] Balancing: custom
TRACE [2019-02-14 00:02:09] Partitioning dataset
TRACE [2019-02-14 00:02:09] Training model: 
TRACE [2019-02-14 00:02:09] Resampling: boot
TRACE [2019-02-14 00:19:28] Testing model: 
TRACE [2019-02-14 00:19:46] Evaluating: Bcc [0.512956], Acc0 [0.549774], Acc1 [0.476139]
TRACE [2019-02-14 00:19:46] Recording evaluation results on CSV file.
Parsed with column specification:
cols(
  .default = col_double(),
  dataset = col_character(),
  classifier = col_character(),
  resampling = col_character(),
  balancing = col_character(),
  feature = col_character()
)
See spec(...) for full column specifications.
TRACE [2019-02-14 00:19:46] Predicting: feature[short_long_description], threshold[12], classifier[knn], resampling[boot], balancing[downsample]
TRACE [2019-02-14 00:19:46] Balancing dataset
TRACE [2019-02-14 00:19:46] Balancing: downsample
TRACE [2019-02-14 00:19:46] Partitioning dataset
TRACE [2019-02-14 00:19:46] Training model: 
TRACE [2019-02-14 00:19:46] Resampling: boot
TRACE [2019-02-14 00:38:46] Testing model: 
TRACE [2019-02-14 00:39:04] Evaluating: Bcc [0.512956], Acc0 [0.549774], Acc1 [0.476139]
TRACE [2019-02-14 00:39:04] Recording evaluation results on CSV file.
Parsed with column specification:
cols(
  .default = col_double(),
  dataset = col_character(),
  classifier = col_character(),
  resampling = col_character(),
  balancing = col_character(),
  feature = col_character()
)
See spec(...) for full column specifications.
TRACE [2019-02-14 00:39:05] Predicting: feature[short_long_description], threshold[12], classifier[knn], resampling[boot], balancing[smote]
TRACE [2019-02-14 00:39:05] Balancing dataset
TRACE [2019-02-14 00:39:05] Balancing: smote
TRACE [2019-02-14 00:39:40] Partitioning dataset
TRACE [2019-02-14 00:39:40] Training model: 
TRACE [2019-02-14 00:39:40] Resampling: boot
