nohup: ignoring input
Loading required package: class
Loading required package: caret
Loading required package: lattice
Loading required package: ggplot2
Loading required package: doMC
Loading required package: foreach
Loading required package: iterators
Loading required package: parallel
Loading required package: dplyr

Attaching package: ‘dplyr’

The following objects are masked from ‘package:stats’:

    filter, lag

The following objects are masked from ‘package:base’:

    intersect, setdiff, setequal, union

Loading required package: futile.logger
Loading required package: randomForest
randomForest 4.6-14
Type rfNews() to see new features/changes/bug fixes.

Attaching package: ‘randomForest’

The following object is masked from ‘package:dplyr’:

    combine

The following object is masked from ‘package:ggplot2’:

    margin

Loading required package: tidytext
Loading required package: tidyr
NULL
Loading required package: qdap
Loading required package: qdapDictionaries
Loading required package: qdapRegex

Attaching package: ‘qdapRegex’

The following object is masked from ‘package:dplyr’:

    explain

The following object is masked from ‘package:ggplot2’:

    %+%

Loading required package: qdapTools

Attaching package: ‘qdapTools’

The following object is masked from ‘package:dplyr’:

    id

Loading required package: RColorBrewer

Attaching package: ‘qdap’

The following object is masked from ‘package:tidyr’:

    %>%

The following object is masked from ‘package:dplyr’:

    %>%

The following object is masked from ‘package:class’:

    condense

The following object is masked from ‘package:base’:

    Filter

Loading required package: SnowballC
Loading required package: tm
Loading required package: NLP

Attaching package: ‘NLP’

The following object is masked from ‘package:qdap’:

    ngrams

The following object is masked from ‘package:ggplot2’:

    annotate


Attaching package: ‘tm’

The following objects are masked from ‘package:qdap’:

    as.DocumentTermMatrix, as.TermDocumentMatrix

TRACE [2018-11-05 15:09:57] Opening data files from Eclipse,
Warning message:
In scan(file = file, what = what, sep = sep, quote = quote, dec = dec,  :
  embedded nul(s) found in input
Warning message:
In scan(file = file, what = what, sep = sep, quote = quote, dec = dec,  :
  embedded nul(s) found in input
TRACE [2018-11-05 15:09:58] Making document term matrix from <Description> feature
TRACE [2018-11-05 15:10:40] Predicting long lived bug with knn using threshold 4.
TRACE [2018-11-05 15:11:47] Evaluating predicting: Balanced Accuracy: 0.437642
TRACE [2018-11-05 15:11:47] Predicting long lived bug with knn using threshold 8.
TRACE [2018-11-05 15:12:51] Evaluating predicting: Balanced Accuracy: 0.529472
TRACE [2018-11-05 15:12:51] Predicting long lived bug with knn using threshold 16.
TRACE [2018-11-05 15:14:00] Evaluating predicting: Balanced Accuracy: 0.600844
TRACE [2018-11-05 15:14:00] Predicting long lived bug with knn using threshold 32.
TRACE [2018-11-05 15:15:02] Evaluating predicting: Balanced Accuracy: 0.702693
TRACE [2018-11-05 15:15:02] Predicting long lived bug with knn using threshold 64.
TRACE [2018-11-05 15:16:11] Evaluating predicting: Balanced Accuracy: 0.782331
TRACE [2018-11-05 15:16:11] Predicting long lived bug with knn using threshold 128.
TRACE [2018-11-05 15:17:11] Evaluating predicting: Balanced Accuracy: 0.873110
TRACE [2018-11-05 15:17:11] Predicting long lived bug with knn using threshold 256.
TRACE [2018-11-05 15:18:10] Evaluating predicting: Balanced Accuracy: 0.967892
TRACE [2018-11-05 15:18:10] Predicting long lived bug with knn using threshold 512.
TRACE [2018-11-05 15:19:09] Evaluating predicting: Balanced Accuracy: NaN
TRACE [2018-11-05 15:19:09] Predicting long lived bug with rf using threshold 4.
TRACE [2018-11-05 15:41:47] Evaluating predicting: Balanced Accuracy: 0.464070
TRACE [2018-11-05 15:41:47] Predicting long lived bug with rf using threshold 8.
TRACE [2018-11-05 16:07:59] Evaluating predicting: Balanced Accuracy: 0.516142
TRACE [2018-11-05 16:07:59] Predicting long lived bug with rf using threshold 16.
TRACE [2018-11-05 16:36:20] Evaluating predicting: Balanced Accuracy: 0.560221
TRACE [2018-11-05 16:36:20] Predicting long lived bug with rf using threshold 32.
TRACE [2018-11-05 17:05:43] Evaluating predicting: Balanced Accuracy: 0.424492
TRACE [2018-11-05 17:05:43] Predicting long lived bug with rf using threshold 64.
TRACE [2018-11-05 17:39:09] Evaluating predicting: Balanced Accuracy: NaN
TRACE [2018-11-05 17:39:09] Predicting long lived bug with rf using threshold 128.
TRACE [2018-11-05 18:17:12] Evaluating predicting: Balanced Accuracy: NaN
TRACE [2018-11-05 18:17:12] Predicting long lived bug with rf using threshold 256.
TRACE [2018-11-05 19:02:42] Evaluating predicting: Balanced Accuracy: NaN
TRACE [2018-11-05 19:02:42] Predicting long lived bug with rf using threshold 512.
TRACE [2018-11-05 19:30:44] Evaluating predicting: Balanced Accuracy: NaN
TRACE [2018-11-05 19:30:44] Predicting long lived bug with svmRadial using threshold 4.
TRACE [2018-11-05 19:33:13] Evaluating predicting: Balanced Accuracy: 0.476624
TRACE [2018-11-05 19:33:13] Predicting long lived bug with svmRadial using threshold 8.
TRACE [2018-11-05 19:35:44] Evaluating predicting: Balanced Accuracy: 0.514815
TRACE [2018-11-05 19:35:44] Predicting long lived bug with svmRadial using threshold 16.
TRACE [2018-11-05 19:38:19] Evaluating predicting: Balanced Accuracy: 0.542247
TRACE [2018-11-05 19:38:19] Predicting long lived bug with svmRadial using threshold 32.
TRACE [2018-11-05 19:41:17] Evaluating predicting: Balanced Accuracy: 0.353140
TRACE [2018-11-05 19:41:17] Predicting long lived bug with svmRadial using threshold 64.
TRACE [2018-11-05 19:44:59] Evaluating predicting: Balanced Accuracy: NaN
TRACE [2018-11-05 19:44:59] Predicting long lived bug with svmRadial using threshold 128.
TRACE [2018-11-05 19:48:17] Evaluating predicting: Balanced Accuracy: NaN
TRACE [2018-11-05 19:48:17] Predicting long lived bug with svmRadial using threshold 256.
TRACE [2018-11-05 19:51:01] Evaluating predicting: Balanced Accuracy: NaN
TRACE [2018-11-05 19:51:01] Predicting long lived bug with svmRadial using threshold 512.
TRACE [2018-11-05 19:51:49] Evaluating predicting: Balanced Accuracy: NaN
TRACE [2018-11-05 19:51:49] Making document term matrix from <Summary> feature
TRACE [2018-11-05 19:51:54] Predicting long lived bug with knn using threshold 4.
TRACE [2018-11-05 19:52:50] Evaluating predicting: Balanced Accuracy: 0.437554
TRACE [2018-11-05 19:52:50] Predicting long lived bug with knn using threshold 8.
TRACE [2018-11-05 19:53:46] Evaluating predicting: Balanced Accuracy: 0.533942
TRACE [2018-11-05 19:53:46] Predicting long lived bug with knn using threshold 16.
TRACE [2018-11-05 19:54:36] Evaluating predicting: Balanced Accuracy: 0.605371
TRACE [2018-11-05 19:54:36] Predicting long lived bug with knn using threshold 32.
TRACE [2018-11-05 19:55:29] Evaluating predicting: Balanced Accuracy: 0.686942
TRACE [2018-11-05 19:55:29] Predicting long lived bug with knn using threshold 64.
TRACE [2018-11-05 19:56:21] Evaluating predicting: Balanced Accuracy: 0.783910
TRACE [2018-11-05 19:56:21] Predicting long lived bug with knn using threshold 128.
TRACE [2018-11-05 19:57:13] Evaluating predicting: Balanced Accuracy: 0.936729
TRACE [2018-11-05 19:57:13] Predicting long lived bug with knn using threshold 256.
TRACE [2018-11-05 19:58:08] Evaluating predicting: Balanced Accuracy: NaN
TRACE [2018-11-05 19:58:08] Predicting long lived bug with knn using threshold 512.
TRACE [2018-11-05 19:59:03] Evaluating predicting: Balanced Accuracy: NaN
TRACE [2018-11-05 19:59:03] Predicting long lived bug with rf using threshold 4.
TRACE [2018-11-05 21:00:19] Evaluating predicting: Balanced Accuracy: 0.465992
TRACE [2018-11-05 21:00:19] Predicting long lived bug with rf using threshold 8.
TRACE [2018-11-05 21:57:03] Evaluating predicting: Balanced Accuracy: 0.525155
TRACE [2018-11-05 21:57:03] Predicting long lived bug with rf using threshold 16.
TRACE [2018-11-05 22:59:51] Evaluating predicting: Balanced Accuracy: 0.576102
TRACE [2018-11-05 22:59:51] Predicting long lived bug with rf using threshold 32.
TRACE [2018-11-06 00:06:44] Evaluating predicting: Balanced Accuracy: 0.742864
TRACE [2018-11-06 00:06:44] Predicting long lived bug with rf using threshold 64.
TRACE [2018-11-06 01:17:00] Evaluating predicting: Balanced Accuracy: 0.566130
TRACE [2018-11-06 01:17:00] Predicting long lived bug with rf using threshold 128.
TRACE [2018-11-06 02:32:18] Evaluating predicting: Balanced Accuracy: NaN
TRACE [2018-11-06 02:32:18] Predicting long lived bug with rf using threshold 256.
TRACE [2018-11-06 03:36:42] Evaluating predicting: Balanced Accuracy: NaN
TRACE [2018-11-06 03:36:42] Predicting long lived bug with rf using threshold 512.
TRACE [2018-11-06 04:11:37] Evaluating predicting: Balanced Accuracy: NaN
TRACE [2018-11-06 04:11:37] Predicting long lived bug with svmRadial using threshold 4.
TRACE [2018-11-06 04:14:01] Evaluating predicting: Balanced Accuracy: 0.459566
TRACE [2018-11-06 04:14:01] Predicting long lived bug with svmRadial using threshold 8.
TRACE [2018-11-06 04:16:28] Evaluating predicting: Balanced Accuracy: 0.527685
TRACE [2018-11-06 04:16:28] Predicting long lived bug with svmRadial using threshold 16.
TRACE [2018-11-06 04:19:04] Evaluating predicting: Balanced Accuracy: 0.714565
TRACE [2018-11-06 04:19:04] Predicting long lived bug with svmRadial using threshold 32.
TRACE [2018-11-06 04:21:41] Evaluating predicting: Balanced Accuracy: 0.521280
TRACE [2018-11-06 04:21:41] Predicting long lived bug with svmRadial using threshold 64.
TRACE [2018-11-06 04:24:56] Evaluating predicting: Balanced Accuracy: 0.649250
TRACE [2018-11-06 04:24:56] Predicting long lived bug with svmRadial using threshold 128.
TRACE [2018-11-06 04:27:46] Evaluating predicting: Balanced Accuracy: NaN
TRACE [2018-11-06 04:27:46] Predicting long lived bug with svmRadial using threshold 256.
TRACE [2018-11-06 04:29:43] Evaluating predicting: Balanced Accuracy: NaN
TRACE [2018-11-06 04:29:43] Predicting long lived bug with svmRadial using threshold 512.
TRACE [2018-11-06 04:30:19] Evaluating predicting: Balanced Accuracy: NaN
TRACE [2018-11-06 04:30:19] Making document term matrix from <Description_Summary> feature
TRACE [2018-11-06 04:30:59] Predicting long lived bug with knn using threshold 4.
TRACE [2018-11-06 04:31:47] Evaluating predicting: Balanced Accuracy: 0.454133
TRACE [2018-11-06 04:31:47] Predicting long lived bug with knn using threshold 8.
TRACE [2018-11-06 04:32:38] Evaluating predicting: Balanced Accuracy: 0.534617
TRACE [2018-11-06 04:32:38] Predicting long lived bug with knn using threshold 16.
TRACE [2018-11-06 04:33:29] Evaluating predicting: Balanced Accuracy: 0.607273
TRACE [2018-11-06 04:33:29] Predicting long lived bug with knn using threshold 32.
TRACE [2018-11-06 04:34:21] Evaluating predicting: Balanced Accuracy: 0.706592
TRACE [2018-11-06 04:34:21] Predicting long lived bug with knn using threshold 64.
TRACE [2018-11-06 04:35:10] Evaluating predicting: Balanced Accuracy: 0.757417
TRACE [2018-11-06 04:35:10] Predicting long lived bug with knn using threshold 128.
TRACE [2018-11-06 04:36:02] Evaluating predicting: Balanced Accuracy: 0.827580
TRACE [2018-11-06 04:36:02] Predicting long lived bug with knn using threshold 256.
TRACE [2018-11-06 04:36:50] Evaluating predicting: Balanced Accuracy: 0.967962
TRACE [2018-11-06 04:36:50] Predicting long lived bug with knn using threshold 512.
TRACE [2018-11-06 04:37:40] Evaluating predicting: Balanced Accuracy: NaN
TRACE [2018-11-06 04:37:40] Predicting long lived bug with rf using threshold 4.
TRACE [2018-11-06 04:59:28] Evaluating predicting: Balanced Accuracy: 0.467045
TRACE [2018-11-06 04:59:28] Predicting long lived bug with rf using threshold 8.
TRACE [2018-11-06 05:22:03] Evaluating predicting: Balanced Accuracy: 0.508432
TRACE [2018-11-06 05:22:03] Predicting long lived bug with rf using threshold 16.
TRACE [2018-11-06 05:47:03] Evaluating predicting: Balanced Accuracy: 0.555832
TRACE [2018-11-06 05:47:03] Predicting long lived bug with rf using threshold 32.
TRACE [2018-11-06 06:20:02] Evaluating predicting: Balanced Accuracy: 0.576072
TRACE [2018-11-06 06:20:02] Predicting long lived bug with rf using threshold 64.
TRACE [2018-11-06 06:53:47] Evaluating predicting: Balanced Accuracy: NaN
TRACE [2018-11-06 06:53:47] Predicting long lived bug with rf using threshold 128.
TRACE [2018-11-06 07:38:19] Evaluating predicting: Balanced Accuracy: NaN
TRACE [2018-11-06 07:38:19] Predicting long lived bug with rf using threshold 256.
TRACE [2018-11-06 08:21:19] Evaluating predicting: Balanced Accuracy: NaN
TRACE [2018-11-06 08:21:19] Predicting long lived bug with rf using threshold 512.
TRACE [2018-11-06 08:53:03] Evaluating predicting: Balanced Accuracy: NaN
TRACE [2018-11-06 08:53:03] Predicting long lived bug with svmRadial using threshold 4.
TRACE [2018-11-06 08:55:45] Evaluating predicting: Balanced Accuracy: 0.467694
TRACE [2018-11-06 08:55:45] Predicting long lived bug with svmRadial using threshold 8.
TRACE [2018-11-06 08:58:28] Evaluating predicting: Balanced Accuracy: 0.517160
TRACE [2018-11-06 08:58:28] Predicting long lived bug with svmRadial using threshold 16.
TRACE [2018-11-06 09:01:09] Evaluating predicting: Balanced Accuracy: 0.539452
TRACE [2018-11-06 09:01:09] Predicting long lived bug with svmRadial using threshold 32.
TRACE [2018-11-06 09:04:39] Evaluating predicting: Balanced Accuracy: 0.520486
TRACE [2018-11-06 09:04:39] Predicting long lived bug with svmRadial using threshold 64.
TRACE [2018-11-06 09:08:41] Evaluating predicting: Balanced Accuracy: NaN
TRACE [2018-11-06 09:08:41] Predicting long lived bug with svmRadial using threshold 128.
TRACE [2018-11-06 09:12:10] Evaluating predicting: Balanced Accuracy: NaN
TRACE [2018-11-06 09:12:10] Predicting long lived bug with svmRadial using threshold 256.
TRACE [2018-11-06 09:14:38] Evaluating predicting: Balanced Accuracy: NaN
TRACE [2018-11-06 09:14:38] Predicting long lived bug with svmRadial using threshold 512.
TRACE [2018-11-06 09:15:26] Evaluating predicting: Balanced Accuracy: NaN
Warning messages:
1: In weighting(x) :
  empty document(s): EFXCLIPSE-489599 E4-283006 LINUX_TOOLS-357280 JDT-514733 SUBVERSIVE-476175 PLATFORM-502353 PLATFORM-492973 Z_ARCHIVED-71297 PLATFORM-441280 EFXCLIPSE-490432 EFXCLIPSE-488527 WTP_WEBSERVICES-142620 VIATRA-492423 GEF-64260 EGIT-322408 COMMUNITY-140209 COMMUNITY-299513 JDT-44401 JETTY-394545 GEF-494736 JETTY-356823 ORION-511660 EFXCLIPSE-493139 Z_ARCHIVED-53960 Z_ARCHIVED-369755 EFXCLIPSE-479047 SUBVERSIVE-462328 EPF-147161 ECLIPSELINK-396541 QVTO-235598 PLATFORM-98972 TITAN-512793 EFXCLIPSE-490569 EQUINOX-516095 Z_ARCHIVED-134410 WEB_TOOLS-115353 LINUX_TOOLS-390874 PLATFORM-520254 EQUINOX-346822 EFXCLIPSE-482422 JDT-49686 PLATFORM-287517 PLATFORM-483462 PLATFORM-254808 TMF-478388 PLATFORM-298755 TMF-232780 GMF-TOOLING-144679 JETTY-415830 EFXCLIPSE-414938 LDT-384989 EFXCLIPSE-489760 SUBVERSIVE-488683 WTP_WEBSERVICES-142355 ORION-416281 EMF-379491 QVTD-439239 SUBVERSIVE-416796 ORION-473091 JETTY-409099 ECLIPSELINK-211300 JDT-183023 WTP_SOURCE_EDITING-115727 WTP_JAVA_EE_T [... truncated]
2: In weighting(x) :
  empty document(s): Z_ARCHIVED-97778 MDT-253464 ACTF-258597 Z_ARCHIVED-100395 Z_ARCHIVED-100542
TRACE [2018-11-06 09:15:26] Recording evaluation results on CSV file.
