2020-05-09 20:24:10,261:: INFO - Setup completed
2020-05-09 20:24:10,261:: INFO - Starting prediction using feature long_description
2020-05-09 20:24:10,261:: INFO - Threshold: 8
2020-05-09 20:24:10,345:: INFO - Bug reports train file read: /home/lgomes/experiments/datasets/20190917_eclipse_bug_report_8_train_data.csv
2020-05-09 20:24:10,345:: INFO - Bug reports test file read: /home/lgomes/experiments/datasets/20190917_eclipse_bug_report_8_test_data.csv
2020-05-09 20:24:10,345:: INFO - Reports in train - Total: 7334 Positive: 3659 (49.89% of total)
2020-05-09 20:24:10,345:: INFO - Reports in test - Total: 2444 Positive: 1219 (49.88% of total)
2020-05-09 20:24:12,129:: INFO - Bug reports long_description cleaned.
2020-05-09 20:24:12,130:: INFO - Metric: val_accuracy
2020-05-09 20:24:12,751:: INFO - Data tokenized using 100 terms
2020-05-09 20:24:12,752:: INFO - Shape of train data tensor : (7334, 100)
2020-05-09 20:24:12,752:: INFO - Shape of train label tensor: (7334,)
2020-05-09 20:24:12,951:: INFO - Shape of test data tensor : (2444, 100)
2020-05-09 20:24:12,951:: INFO - Shape of test label tensor: (2444,)
2020-05-09 20:24:12,953:: INFO - Spliting data started
2020-05-09 20:24:14,128:: INFO - Training shape    : X=(6624, 100) y=(6624, 2)
2020-05-09 20:24:14,129:: INFO - Training shape    : Class 0=3312 Class 1=3312
2020-05-09 20:24:14,129:: INFO - Validation shape  : X=(734, 100) y=(734, 2)
2020-05-09 20:24:14,129:: INFO - Validation shape  : Class 0=363 Class 1=371
2020-05-09 20:24:14,129:: INFO - Test shape    : X=(2444, 100) y=(2444, 2)
2020-05-09 20:24:14,129:: INFO - Test shape    : Class 0=1225 Class 1=1219
2020-05-09 20:24:14,129:: INFO - Spliting data concluded
2020-05-09 20:24:24,332:: INFO - Model built.
2020-05-09 20:24:24,332:: WARNING - From /home/lgomes/experiments/long-lived-bug-prediction-w-dnn.py:291: Sequential.predict_classes (from tensorflow.python.keras.engine.sequential) is deprecated and will be removed after 2021-01-01.
Instructions for updating:
Please use instead:* `np.argmax(model.predict(x), axis=-1)`,   if your model does multi-class classification   (e.g. if it uses a `softmax` last-layer activation).* `(model.predict(x) > 0.5).astype("int32")`,   if your model does binary classification   (e.g. if it uses a `sigmoid` last-layer activation).
2020-05-09 20:24:26,248:: INFO - loss:0.6901020407676697
2020-05-09 20:24:26,248:: INFO - tp:1241.0
2020-05-09 20:24:26,249:: INFO - fp:1065.0
2020-05-09 20:24:26,249:: INFO - tn:1379.0
2020-05-09 20:24:26,249:: INFO - fn:1203.0
2020-05-09 20:24:26,249:: INFO - accuracy:0.5360065698623657
2020-05-09 20:24:26,249:: INFO - precision:0.5381613373756409
2020-05-09 20:24:26,249:: INFO - recall:0.5077741146087646
2020-05-09 20:24:26,249:: INFO - auc:0.5463891625404358
2020-05-09 20:24:26,270:: INFO - balanced accuracy : 0.5379240260501247
2020-05-09 20:24:26,270:: INFO - Model evaluated.
2020-05-09 20:24:26,286:: INFO - Metric: val_accuracy
2020-05-09 20:24:26,930:: INFO - Data tokenized using 150 terms
2020-05-09 20:24:26,930:: INFO - Shape of train data tensor : (7334, 150)
2020-05-09 20:24:26,930:: INFO - Shape of train label tensor: (7334,)
2020-05-09 20:24:27,130:: INFO - Shape of test data tensor : (2444, 150)
2020-05-09 20:24:27,130:: INFO - Shape of test label tensor: (2444,)
2020-05-09 20:24:27,132:: INFO - Spliting data started
2020-05-09 20:24:28,903:: INFO - Training shape    : X=(6624, 150) y=(6624, 2)
2020-05-09 20:24:28,903:: INFO - Training shape    : Class 0=3312 Class 1=3312
2020-05-09 20:24:28,903:: INFO - Validation shape  : X=(734, 150) y=(734, 2)
2020-05-09 20:24:28,903:: INFO - Validation shape  : Class 0=363 Class 1=371
2020-05-09 20:24:28,903:: INFO - Test shape    : X=(2444, 150) y=(2444, 2)
2020-05-09 20:24:28,903:: INFO - Test shape    : Class 0=1225 Class 1=1219
2020-05-09 20:24:28,903:: INFO - Spliting data concluded
2020-05-09 20:24:42,191:: INFO - Model built.
2020-05-09 20:24:44,899:: INFO - loss:0.6901610493659973
2020-05-09 20:24:44,899:: INFO - tp:1213.0
2020-05-09 20:24:44,899:: INFO - fp:1019.0
2020-05-09 20:24:44,899:: INFO - tn:1425.0
2020-05-09 20:24:44,900:: INFO - fn:1231.0
2020-05-09 20:24:44,900:: INFO - accuracy:0.5396890640258789
2020-05-09 20:24:44,900:: INFO - precision:0.5434587597846985
2020-05-09 20:24:44,900:: INFO - recall:0.4963175058364868
2020-05-09 20:24:44,900:: INFO - auc:0.5450010299682617
2020-05-09 20:24:44,920:: INFO - balanced accuracy : 0.5366452930639032
2020-05-09 20:24:44,920:: INFO - Model evaluated.
2020-05-09 20:24:44,930:: INFO - Metric: val_accuracy
2020-05-09 20:24:45,598:: INFO - Data tokenized using 200 terms
2020-05-09 20:24:45,598:: INFO - Shape of train data tensor : (7334, 200)
2020-05-09 20:24:45,598:: INFO - Shape of train label tensor: (7334,)
2020-05-09 20:24:45,797:: INFO - Shape of test data tensor : (2444, 200)
2020-05-09 20:24:45,797:: INFO - Shape of test label tensor: (2444,)
2020-05-09 20:24:45,800:: INFO - Spliting data started
2020-05-09 20:24:48,320:: INFO - Training shape    : X=(6624, 200) y=(6624, 2)
2020-05-09 20:24:48,320:: INFO - Training shape    : Class 0=3312 Class 1=3312
2020-05-09 20:24:48,320:: INFO - Validation shape  : X=(734, 200) y=(734, 2)
2020-05-09 20:24:48,320:: INFO - Validation shape  : Class 0=363 Class 1=371
2020-05-09 20:24:48,320:: INFO - Test shape    : X=(2444, 200) y=(2444, 2)
2020-05-09 20:24:48,320:: INFO - Test shape    : Class 0=1225 Class 1=1219
2020-05-09 20:24:48,320:: INFO - Spliting data concluded
2020-05-09 20:25:06,196:: INFO - Model built.
2020-05-09 20:25:09,652:: INFO - loss:0.6898153424263
2020-05-09 20:25:09,652:: INFO - tp:1366.0
2020-05-09 20:25:09,653:: INFO - fp:1178.0
2020-05-09 20:25:09,653:: INFO - tn:1266.0
2020-05-09 20:25:09,653:: INFO - fn:1078.0
2020-05-09 20:25:09,653:: INFO - accuracy:0.5384615659713745
2020-05-09 20:25:09,653:: INFO - precision:0.5369496941566467
2020-05-09 20:25:09,653:: INFO - recall:0.5589197874069214
2020-05-09 20:25:09,653:: INFO - auc:0.5492801666259766
2020-05-09 20:25:09,674:: INFO - balanced accuracy : 0.5388106678274263
2020-05-09 20:25:09,674:: INFO - Model evaluated.
2020-05-09 20:25:09,685:: INFO - Metric: val_accuracy
2020-05-09 20:25:10,352:: INFO - Data tokenized using 250 terms
2020-05-09 20:25:10,352:: INFO - Shape of train data tensor : (7334, 250)
2020-05-09 20:25:10,352:: INFO - Shape of train label tensor: (7334,)
2020-05-09 20:25:10,563:: INFO - Shape of test data tensor : (2444, 250)
2020-05-09 20:25:10,563:: INFO - Shape of test label tensor: (2444,)
2020-05-09 20:25:10,566:: INFO - Spliting data started
2020-05-09 20:25:13,669:: INFO - Training shape    : X=(6624, 250) y=(6624, 2)
2020-05-09 20:25:13,669:: INFO - Training shape    : Class 0=3312 Class 1=3312
2020-05-09 20:25:13,669:: INFO - Validation shape  : X=(734, 250) y=(734, 2)
2020-05-09 20:25:13,669:: INFO - Validation shape  : Class 0=363 Class 1=371
2020-05-09 20:25:13,669:: INFO - Test shape    : X=(2444, 250) y=(2444, 2)
2020-05-09 20:25:13,669:: INFO - Test shape    : Class 0=1225 Class 1=1219
2020-05-09 20:25:13,669:: INFO - Spliting data concluded
