2020-05-09 18:30:44,127:: INFO - Setup completed
2020-05-09 18:30:44,127:: INFO - Starting prediction using feature long_description
2020-05-09 18:30:44,127:: INFO - Threshold: 8
2020-05-09 18:30:44,366:: INFO - Bug reports train file read: /home/gomes/Workspace/doctorate/projects/long-lived-bug-prediction/deep-learning/datasets/20190917_eclipse_bug_report_8_train_data.csv
2020-05-09 18:30:44,366:: INFO - Bug reports test file read: /home/gomes/Workspace/doctorate/projects/long-lived-bug-prediction/deep-learning/datasets/20190917_eclipse_bug_report_8_test_data.csv
2020-05-09 18:30:44,367:: INFO - Reports in train - Total: 7334 Positive: 3659 (49.89% of total)
2020-05-09 18:30:44,367:: INFO - Reports in train - Total: 7334 Negative: 3675 (50.11% of total)
2020-05-09 18:30:44,367:: INFO - Reports in test - Total: 2444 Positive: 1219 (49.88% of total)
2020-05-09 18:30:49,044:: INFO - Bug reports long_description cleaned.
2020-05-09 18:30:49,050:: INFO - Metric: val_accuracy
2020-05-09 18:30:50,982:: INFO - Data tokenized using 100 terms
2020-05-09 18:30:50,986:: INFO - Shape of train data tensor : (7334, 100)
2020-05-09 18:30:50,986:: INFO - Shape of train label tensor: (7334,)
2020-05-09 18:30:51,529:: INFO - Shape of test data tensor : (2444, 100)
2020-05-09 18:30:51,529:: INFO - Shape of test label tensor: (2444,)
2020-05-09 18:30:51,536:: INFO - Spliting data started
2020-05-09 18:30:51,536:: INFO - BEFORE SMOTE:
2020-05-09 18:30:51,536:: INFO - Training shape    : X=(6600, 100) y=(6600,)
2020-05-09 18:30:51,538:: INFO - Training shape    : Class 0=3312 Class 1=3288
2020-05-09 18:30:56,961:: INFO - AFTER SMOTE:
2020-05-09 18:30:56,969:: INFO - Training shape    : X=(6624, 100) y=(6624, 2)
2020-05-09 18:30:56,976:: INFO - Training shape    : Class 0=3312 Class 1=3312
2020-05-09 18:30:56,976:: INFO - Validation shape  : X=(734, 100) y=(734, 2)
2020-05-09 18:30:56,976:: INFO - Validation shape  : Class 0=363 Class 1=371
2020-05-09 18:30:56,976:: INFO - Test shape    : X=(2444, 100) y=(2444, 2)
2020-05-09 18:30:56,977:: INFO - Test shape    : Class 0=1225 Class 1=1219
2020-05-09 18:30:56,977:: INFO - Spliting data concluded
