2020-05-09 21:37:25,870:: INFO - Setup completed
2020-05-09 21:37:25,870:: INFO - Starting prediction using feature long_description
2020-05-09 21:37:25,870:: INFO - Threshold: 8
2020-05-09 21:37:25,951:: INFO - Bug reports train file read: /home/lgomes/experiments/datasets/20190917_eclipse_bug_report_8_train_data.csv
2020-05-09 21:37:25,951:: INFO - Bug reports test file read: /home/lgomes/experiments/datasets/20190917_eclipse_bug_report_8_test_data.csv
2020-05-09 21:37:25,951:: INFO - Reports in train - Total: 7334 Positive: 3659 (49.89% of total)
2020-05-09 21:37:25,951:: INFO - Reports in train - Total: 7334 Negative: 3675 (50.11% of total)
2020-05-09 21:37:25,952:: INFO - Reports in test - Total: 2444 Positive: 1219 (49.88% of total)
2020-05-09 21:37:27,678:: INFO - Bug reports long_description cleaned.
2020-05-09 21:37:27,678:: INFO - Metric: val_accuracy
2020-05-09 21:37:28,294:: INFO - Data tokenized using 100 terms
2020-05-09 21:37:28,295:: INFO - Shape of train data tensor : (7334, 100)
2020-05-09 21:37:28,295:: INFO - Shape of train label tensor: (7334,)
2020-05-09 21:37:28,495:: INFO - Shape of test data tensor : (2444, 100)
2020-05-09 21:37:28,496:: INFO - Shape of test label tensor: (2444,)
2020-05-09 21:37:28,497:: INFO - Spliting data started
2020-05-09 21:37:28,498:: INFO - BEFORE SMOTE:
2020-05-09 21:37:28,498:: INFO - Training shape    : X=(6600, 100) y=(6600,)
2020-05-09 21:37:28,498:: INFO - Training shape    : Class 0=3312 Class 1=3288
2020-05-09 21:37:29,668:: INFO - AFTER SMOTE:
2020-05-09 21:37:29,668:: INFO - Training shape    : X=(6624, 100) y=(6624, 2)
2020-05-09 21:37:29,668:: INFO - Training shape    : Class 0=3312 Class 1=3312
2020-05-09 21:37:29,668:: INFO - Validation shape  : X=(734, 100) y=(734, 2)
2020-05-09 21:37:29,668:: INFO - Validation shape  : Class 0=363 Class 1=371
2020-05-09 21:37:29,668:: INFO - Test shape    : X=(2444, 100) y=(2444, 2)
2020-05-09 21:37:29,668:: INFO - Test shape    : Class 0=1225 Class 1=1219
2020-05-09 21:37:29,668:: INFO - Spliting data concluded
2020-05-09 21:38:20,956:: INFO - Model built.
2020-05-09 21:38:20,957:: WARNING - From /home/lgomes/experiments/long-lived-bug-prediction-w-dnn.py:300: Sequential.predict_classes (from tensorflow.python.keras.engine.sequential) is deprecated and will be removed after 2021-01-01.
Instructions for updating:
Please use instead:* `np.argmax(model.predict(x), axis=-1)`,   if your model does multi-class classification   (e.g. if it uses a `softmax` last-layer activation).* `(model.predict(x) > 0.5).astype("int32")`,   if your model does binary classification   (e.g. if it uses a `sigmoid` last-layer activation).
2020-05-09 21:38:22,877:: INFO - loss:0.6968457102775574
2020-05-09 21:38:22,877:: INFO - tp:1272.0
2020-05-09 21:38:22,877:: INFO - fp:1177.0
2020-05-09 21:38:22,877:: INFO - tn:1267.0
2020-05-09 21:38:22,877:: INFO - fn:1172.0
2020-05-09 21:38:22,877:: INFO - accuracy:0.5194353461265564
2020-05-09 21:38:22,878:: INFO - precision:0.519395649433136
2020-05-09 21:38:22,878:: INFO - recall:0.5204582810401917
2020-05-09 21:38:22,878:: INFO - auc:0.5282360911369324
2020-05-09 21:38:22,898:: INFO - balanced accuracy : 0.5180529373357218
2020-05-09 21:38:22,898:: INFO - Model evaluated.
2020-05-09 21:38:22,912:: INFO - Metric: val_accuracy
2020-05-09 21:38:23,578:: INFO - Data tokenized using 150 terms
2020-05-09 21:38:23,579:: INFO - Shape of train data tensor : (7334, 150)
2020-05-09 21:38:23,579:: INFO - Shape of train label tensor: (7334,)
2020-05-09 21:38:23,787:: INFO - Shape of test data tensor : (2444, 150)
2020-05-09 21:38:23,787:: INFO - Shape of test label tensor: (2444,)
2020-05-09 21:38:23,789:: INFO - Spliting data started
2020-05-09 21:38:23,789:: INFO - BEFORE SMOTE:
2020-05-09 21:38:23,789:: INFO - Training shape    : X=(6600, 150) y=(6600,)
2020-05-09 21:38:23,790:: INFO - Training shape    : Class 0=3312 Class 1=3288
2020-05-09 21:38:25,542:: INFO - AFTER SMOTE:
2020-05-09 21:38:25,542:: INFO - Training shape    : X=(6624, 150) y=(6624, 2)
2020-05-09 21:38:25,542:: INFO - Training shape    : Class 0=3312 Class 1=3312
2020-05-09 21:38:25,542:: INFO - Validation shape  : X=(734, 150) y=(734, 2)
2020-05-09 21:38:25,542:: INFO - Validation shape  : Class 0=363 Class 1=371
2020-05-09 21:38:25,542:: INFO - Test shape    : X=(2444, 150) y=(2444, 2)
2020-05-09 21:38:25,543:: INFO - Test shape    : Class 0=1225 Class 1=1219
2020-05-09 21:38:25,543:: INFO - Spliting data concluded
2020-05-09 21:39:49,481:: INFO - Model built.
2020-05-09 21:39:52,110:: INFO - loss:0.6972398161888123
2020-05-09 21:39:52,111:: INFO - tp:1287.0
2020-05-09 21:39:52,111:: INFO - fp:1142.0
2020-05-09 21:39:52,111:: INFO - tn:1302.0
2020-05-09 21:39:52,111:: INFO - fn:1157.0
2020-05-09 21:39:52,111:: INFO - accuracy:0.5296644568443298
2020-05-09 21:39:52,111:: INFO - precision:0.5298476815223694
2020-05-09 21:39:52,111:: INFO - recall:0.5265957713127136
2020-05-09 21:39:52,111:: INFO - auc:0.5351849794387817
2020-05-09 21:39:52,132:: INFO - balanced accuracy : 0.5270526192429392
2020-05-09 21:39:52,132:: INFO - Model evaluated.
2020-05-09 21:39:52,143:: INFO - Metric: val_accuracy
2020-05-09 21:39:52,799:: INFO - Data tokenized using 200 terms
2020-05-09 21:39:52,799:: INFO - Shape of train data tensor : (7334, 200)
2020-05-09 21:39:52,799:: INFO - Shape of train label tensor: (7334,)
2020-05-09 21:39:53,000:: INFO - Shape of test data tensor : (2444, 200)
2020-05-09 21:39:53,000:: INFO - Shape of test label tensor: (2444,)
2020-05-09 21:39:53,002:: INFO - Spliting data started
2020-05-09 21:39:53,002:: INFO - BEFORE SMOTE:
2020-05-09 21:39:53,002:: INFO - Training shape    : X=(6600, 200) y=(6600,)
2020-05-09 21:39:53,003:: INFO - Training shape    : Class 0=3312 Class 1=3288
2020-05-09 21:39:55,500:: INFO - AFTER SMOTE:
2020-05-09 21:39:55,500:: INFO - Training shape    : X=(6624, 200) y=(6624, 2)
2020-05-09 21:39:55,500:: INFO - Training shape    : Class 0=3312 Class 1=3312
2020-05-09 21:39:55,501:: INFO - Validation shape  : X=(734, 200) y=(734, 2)
2020-05-09 21:39:55,501:: INFO - Validation shape  : Class 0=363 Class 1=371
2020-05-09 21:39:55,501:: INFO - Test shape    : X=(2444, 200) y=(2444, 2)
2020-05-09 21:39:55,501:: INFO - Test shape    : Class 0=1225 Class 1=1219
2020-05-09 21:39:55,501:: INFO - Spliting data concluded
2020-05-09 21:41:22,660:: INFO - Model built.
2020-05-09 21:41:26,128:: INFO - loss:0.6902060508728027
2020-05-09 21:41:26,128:: INFO - tp:1312.0
2020-05-09 21:41:26,129:: INFO - fp:1144.0
2020-05-09 21:41:26,129:: INFO - tn:1300.0
2020-05-09 21:41:26,129:: INFO - fn:1132.0
2020-05-09 21:41:26,129:: INFO - accuracy:0.5343698859214783
2020-05-09 21:41:26,129:: INFO - precision:0.534201979637146
2020-05-09 21:41:26,129:: INFO - recall:0.5368248820304871
2020-05-09 21:41:26,129:: INFO - auc:0.5485754013061523
2020-05-09 21:41:26,150:: INFO - balanced accuracy : 0.5351572885101539
2020-05-09 21:41:26,150:: INFO - Model evaluated.
2020-05-09 21:41:26,161:: INFO - Metric: val_accuracy
2020-05-09 21:41:26,811:: INFO - Data tokenized using 250 terms
2020-05-09 21:41:26,811:: INFO - Shape of train data tensor : (7334, 250)
2020-05-09 21:41:26,811:: INFO - Shape of train label tensor: (7334,)
2020-05-09 21:41:27,012:: INFO - Shape of test data tensor : (2444, 250)
2020-05-09 21:41:27,012:: INFO - Shape of test label tensor: (2444,)
2020-05-09 21:41:27,015:: INFO - Spliting data started
2020-05-09 21:41:27,015:: INFO - BEFORE SMOTE:
2020-05-09 21:41:27,015:: INFO - Training shape    : X=(6600, 250) y=(6600,)
2020-05-09 21:41:27,016:: INFO - Training shape    : Class 0=3312 Class 1=3288
2020-05-09 21:41:30,058:: INFO - AFTER SMOTE:
2020-05-09 21:41:30,058:: INFO - Training shape    : X=(6624, 250) y=(6624, 2)
2020-05-09 21:41:30,058:: INFO - Training shape    : Class 0=3312 Class 1=3312
2020-05-09 21:41:30,058:: INFO - Validation shape  : X=(734, 250) y=(734, 2)
2020-05-09 21:41:30,058:: INFO - Validation shape  : Class 0=363 Class 1=371
2020-05-09 21:41:30,058:: INFO - Test shape    : X=(2444, 250) y=(2444, 2)
2020-05-09 21:41:30,058:: INFO - Test shape    : Class 0=1225 Class 1=1219
2020-05-09 21:41:30,058:: INFO - Spliting data concluded
2020-05-09 21:43:22,025:: INFO - Model built.
2020-05-09 21:43:26,160:: INFO - loss:0.6945599913597107
2020-05-09 21:43:26,160:: INFO - tp:1299.0
2020-05-09 21:43:26,160:: INFO - fp:1163.0
2020-05-09 21:43:26,160:: INFO - tn:1281.0
2020-05-09 21:43:26,161:: INFO - fn:1145.0
2020-05-09 21:43:26,161:: INFO - accuracy:0.527823269367218
2020-05-09 21:43:26,161:: INFO - precision:0.5276198387145996
2020-05-09 21:43:26,161:: INFO - recall:0.5315057039260864
2020-05-09 21:43:26,161:: INFO - auc:0.5414804220199585
2020-05-09 21:43:26,180:: INFO - balanced accuracy : 0.5276054310157204
2020-05-09 21:43:26,181:: INFO - Model evaluated.
2020-05-09 21:43:26,191:: INFO - Metric: val_accuracy
2020-05-09 21:43:26,857:: INFO - Data tokenized using 300 terms
2020-05-09 21:43:26,857:: INFO - Shape of train data tensor : (7334, 300)
2020-05-09 21:43:26,857:: INFO - Shape of train label tensor: (7334,)
2020-05-09 21:43:27,068:: INFO - Shape of test data tensor : (2444, 300)
2020-05-09 21:43:27,068:: INFO - Shape of test label tensor: (2444,)
2020-05-09 21:43:27,071:: INFO - Spliting data started
2020-05-09 21:43:27,071:: INFO - BEFORE SMOTE:
2020-05-09 21:43:27,071:: INFO - Training shape    : X=(6600, 300) y=(6600,)
2020-05-09 21:43:27,072:: INFO - Training shape    : Class 0=3312 Class 1=3288
2020-05-09 21:43:30,834:: INFO - AFTER SMOTE:
2020-05-09 21:43:30,834:: INFO - Training shape    : X=(6624, 300) y=(6624, 2)
2020-05-09 21:43:30,834:: INFO - Training shape    : Class 0=3312 Class 1=3312
2020-05-09 21:43:30,834:: INFO - Validation shape  : X=(734, 300) y=(734, 2)
2020-05-09 21:43:30,834:: INFO - Validation shape  : Class 0=363 Class 1=371
2020-05-09 21:43:30,834:: INFO - Test shape    : X=(2444, 300) y=(2444, 2)
2020-05-09 21:43:30,834:: INFO - Test shape    : Class 0=1225 Class 1=1219
2020-05-09 21:43:30,834:: INFO - Spliting data concluded
2020-05-09 21:45:24,245:: INFO - Model built.
2020-05-09 21:45:29,126:: INFO - loss:0.6906307339668274
2020-05-09 21:45:29,127:: INFO - tp:1315.0
2020-05-09 21:45:29,127:: INFO - fp:1119.0
2020-05-09 21:45:29,127:: INFO - tn:1325.0
2020-05-09 21:45:29,127:: INFO - fn:1129.0
2020-05-09 21:45:29,127:: INFO - accuracy:0.5400981903076172
2020-05-09 21:45:29,127:: INFO - precision:0.5402629375457764
2020-05-09 21:45:29,127:: INFO - recall:0.5380523800849915
2020-05-09 21:45:29,127:: INFO - auc:0.5472415685653687
2020-05-09 21:45:29,148:: INFO - balanced accuracy : 0.5405839513820294
2020-05-09 21:45:29,148:: INFO - Model evaluated.
2020-05-09 21:45:29,158:: INFO - Threshold: 63
2020-05-09 21:45:29,245:: INFO - Bug reports train file read: /home/lgomes/experiments/datasets/20190917_eclipse_bug_report_63_train_data.csv
2020-05-09 21:45:29,245:: INFO - Bug reports test file read: /home/lgomes/experiments/datasets/20190917_eclipse_bug_report_63_test_data.csv
2020-05-09 21:45:29,245:: INFO - Reports in train - Total: 7334 Positive: 1833 (24.99% of total)
2020-05-09 21:45:29,245:: INFO - Reports in train - Total: 7334 Negative: 5501 (75.01% of total)
2020-05-09 21:45:29,246:: INFO - Reports in test - Total: 2444 Positive: 611 (25.00% of total)
2020-05-09 21:45:31,006:: INFO - Bug reports long_description cleaned.
2020-05-09 21:45:31,006:: INFO - Metric: val_accuracy
2020-05-09 21:45:31,615:: INFO - Data tokenized using 100 terms
2020-05-09 21:45:31,615:: INFO - Shape of train data tensor : (7334, 100)
2020-05-09 21:45:31,615:: INFO - Shape of train label tensor: (7334,)
2020-05-09 21:45:31,825:: INFO - Shape of test data tensor : (2444, 100)
2020-05-09 21:45:31,825:: INFO - Shape of test label tensor: (2444,)
2020-05-09 21:45:31,827:: INFO - Spliting data started
2020-05-09 21:45:31,827:: INFO - BEFORE SMOTE:
2020-05-09 21:45:31,827:: INFO - Training shape    : X=(6600, 100) y=(6600,)
2020-05-09 21:45:31,828:: INFO - Training shape    : Class 0=4941 Class 1=1659
2020-05-09 21:45:32,137:: INFO - AFTER SMOTE:
2020-05-09 21:45:32,137:: INFO - Training shape    : X=(9882, 100) y=(9882, 2)
2020-05-09 21:45:32,137:: INFO - Training shape    : Class 0=4941 Class 1=4941
2020-05-09 21:45:32,137:: INFO - Validation shape  : X=(734, 100) y=(734, 2)
2020-05-09 21:45:32,138:: INFO - Validation shape  : Class 0=560 Class 1=174
2020-05-09 21:45:32,138:: INFO - Test shape    : X=(2444, 100) y=(2444, 2)
2020-05-09 21:45:32,138:: INFO - Test shape    : Class 0=1833 Class 1=611
2020-05-09 21:45:32,138:: INFO - Spliting data concluded
2020-05-09 21:47:10,438:: INFO - Model built.
2020-05-09 21:47:12,625:: INFO - loss:1.4447742700576782
2020-05-09 21:47:12,625:: INFO - tp:1226.0
2020-05-09 21:47:12,625:: INFO - fp:1217.0
2020-05-09 21:47:12,625:: INFO - tn:1227.0
2020-05-09 21:47:12,626:: INFO - fn:1218.0
2020-05-09 21:47:12,626:: INFO - accuracy:0.5018412470817566
2020-05-09 21:47:12,626:: INFO - precision:0.5018420219421387
2020-05-09 21:47:12,626:: INFO - recall:0.5016366839408875
2020-05-09 21:47:12,626:: INFO - auc:0.4046257734298706
2020-05-09 21:47:12,646:: INFO - balanced accuracy : 0.5310965630114566
2020-05-09 21:47:12,646:: INFO - Model evaluated.
2020-05-09 21:47:12,656:: INFO - Metric: val_accuracy
2020-05-09 21:47:13,318:: INFO - Data tokenized using 150 terms
2020-05-09 21:47:13,318:: INFO - Shape of train data tensor : (7334, 150)
2020-05-09 21:47:13,318:: INFO - Shape of train label tensor: (7334,)
2020-05-09 21:47:13,530:: INFO - Shape of test data tensor : (2444, 150)
2020-05-09 21:47:13,530:: INFO - Shape of test label tensor: (2444,)
2020-05-09 21:47:13,532:: INFO - Spliting data started
2020-05-09 21:47:13,532:: INFO - BEFORE SMOTE:
2020-05-09 21:47:13,532:: INFO - Training shape    : X=(6600, 150) y=(6600,)
2020-05-09 21:47:13,533:: INFO - Training shape    : Class 0=4941 Class 1=1659
2020-05-09 21:47:14,034:: INFO - AFTER SMOTE:
2020-05-09 21:47:14,034:: INFO - Training shape    : X=(9882, 150) y=(9882, 2)
2020-05-09 21:47:14,034:: INFO - Training shape    : Class 0=4941 Class 1=4941
2020-05-09 21:47:14,034:: INFO - Validation shape  : X=(734, 150) y=(734, 2)
2020-05-09 21:47:14,034:: INFO - Validation shape  : Class 0=560 Class 1=174
2020-05-09 21:47:14,034:: INFO - Test shape    : X=(2444, 150) y=(2444, 2)
2020-05-09 21:47:14,034:: INFO - Test shape    : Class 0=1833 Class 1=611
2020-05-09 21:47:14,034:: INFO - Spliting data concluded
2020-05-09 21:49:09,687:: INFO - Model built.
2020-05-09 21:49:12,845:: INFO - loss:1.5923452377319336
2020-05-09 21:49:12,845:: INFO - tp:1091.0
2020-05-09 21:49:12,845:: INFO - fp:1345.0
2020-05-09 21:49:12,845:: INFO - tn:1099.0
2020-05-09 21:49:12,845:: INFO - fn:1353.0
2020-05-09 21:49:12,845:: INFO - accuracy:0.4480360150337219
2020-05-09 21:49:12,845:: INFO - precision:0.44786536693573
2020-05-09 21:49:12,846:: INFO - recall:0.4463993310928345
2020-05-09 21:49:12,846:: INFO - auc:0.36109307408332825
2020-05-09 21:49:12,866:: INFO - balanced accuracy : 0.5144571740316422
2020-05-09 21:49:12,867:: INFO - Model evaluated.
2020-05-09 21:49:12,883:: INFO - Metric: val_accuracy
2020-05-09 21:49:13,537:: INFO - Data tokenized using 200 terms
2020-05-09 21:49:13,537:: INFO - Shape of train data tensor : (7334, 200)
2020-05-09 21:49:13,537:: INFO - Shape of train label tensor: (7334,)
2020-05-09 21:49:13,760:: INFO - Shape of test data tensor : (2444, 200)
2020-05-09 21:49:13,760:: INFO - Shape of test label tensor: (2444,)
2020-05-09 21:49:13,763:: INFO - Spliting data started
2020-05-09 21:49:13,763:: INFO - BEFORE SMOTE:
2020-05-09 21:49:13,763:: INFO - Training shape    : X=(6600, 200) y=(6600,)
2020-05-09 21:49:13,763:: INFO - Training shape    : Class 0=4941 Class 1=1659
2020-05-09 21:49:14,431:: INFO - AFTER SMOTE:
2020-05-09 21:49:14,431:: INFO - Training shape    : X=(9882, 200) y=(9882, 2)
2020-05-09 21:49:14,431:: INFO - Training shape    : Class 0=4941 Class 1=4941
2020-05-09 21:49:14,431:: INFO - Validation shape  : X=(734, 200) y=(734, 2)
2020-05-09 21:49:14,431:: INFO - Validation shape  : Class 0=560 Class 1=174
2020-05-09 21:49:14,431:: INFO - Test shape    : X=(2444, 200) y=(2444, 2)
2020-05-09 21:49:14,431:: INFO - Test shape    : Class 0=1833 Class 1=611
2020-05-09 21:49:14,431:: INFO - Spliting data concluded
2020-05-09 21:51:30,314:: INFO - Model built.
2020-05-09 21:51:34,618:: INFO - loss:1.5118408203125
2020-05-09 21:51:34,619:: INFO - tp:1104.0
2020-05-09 21:51:34,619:: INFO - fp:1339.0
2020-05-09 21:51:34,619:: INFO - tn:1105.0
2020-05-09 21:51:34,619:: INFO - fn:1340.0
2020-05-09 21:51:34,619:: INFO - accuracy:0.45192307233810425
2020-05-09 21:51:34,619:: INFO - precision:0.45190340280532837
2020-05-09 21:51:34,619:: INFO - recall:0.4517184793949127
2020-05-09 21:51:34,619:: INFO - auc:0.36050233244895935
2020-05-09 21:51:34,640:: INFO - balanced accuracy : 0.5226404800872886
2020-05-09 21:51:34,640:: INFO - Model evaluated.
2020-05-09 21:51:34,651:: INFO - Metric: val_accuracy
2020-05-09 21:51:35,310:: INFO - Data tokenized using 250 terms
2020-05-09 21:51:35,310:: INFO - Shape of train data tensor : (7334, 250)
2020-05-09 21:51:35,310:: INFO - Shape of train label tensor: (7334,)
2020-05-09 21:51:35,540:: INFO - Shape of test data tensor : (2444, 250)
2020-05-09 21:51:35,540:: INFO - Shape of test label tensor: (2444,)
2020-05-09 21:51:35,542:: INFO - Spliting data started
2020-05-09 21:51:35,542:: INFO - BEFORE SMOTE:
2020-05-09 21:51:35,542:: INFO - Training shape    : X=(6600, 250) y=(6600,)
2020-05-09 21:51:35,543:: INFO - Training shape    : Class 0=4941 Class 1=1659
2020-05-09 21:51:36,322:: INFO - AFTER SMOTE:
2020-05-09 21:51:36,322:: INFO - Training shape    : X=(9882, 250) y=(9882, 2)
2020-05-09 21:51:36,322:: INFO - Training shape    : Class 0=4941 Class 1=4941
2020-05-09 21:51:36,322:: INFO - Validation shape  : X=(734, 250) y=(734, 2)
2020-05-09 21:51:36,322:: INFO - Validation shape  : Class 0=560 Class 1=174
2020-05-09 21:51:36,322:: INFO - Test shape    : X=(2444, 250) y=(2444, 2)
2020-05-09 21:51:36,322:: INFO - Test shape    : Class 0=1833 Class 1=611
2020-05-09 21:51:36,322:: INFO - Spliting data concluded
2020-05-09 21:55:00,248:: INFO - Model built.
2020-05-09 21:55:05,863:: INFO - loss:1.661164402961731
2020-05-09 21:55:05,864:: INFO - tp:1083.0
2020-05-09 21:55:05,864:: INFO - fp:1357.0
2020-05-09 21:55:05,864:: INFO - tn:1087.0
2020-05-09 21:55:05,864:: INFO - fn:1361.0
2020-05-09 21:55:05,864:: INFO - accuracy:0.44394436478614807
2020-05-09 21:55:05,864:: INFO - precision:0.4438524544239044
2020-05-09 21:55:05,864:: INFO - recall:0.44312602281570435
2020-05-09 21:55:05,864:: INFO - auc:0.3575623333454132
2020-05-09 21:55:05,883:: INFO - balanced accuracy : 0.5212765957446808
2020-05-09 21:55:05,883:: INFO - Model evaluated.
2020-05-09 21:55:05,893:: INFO - Metric: val_accuracy
2020-05-09 21:55:06,564:: INFO - Data tokenized using 300 terms
2020-05-09 21:55:06,564:: INFO - Shape of train data tensor : (7334, 300)
2020-05-09 21:55:06,564:: INFO - Shape of train label tensor: (7334,)
2020-05-09 21:55:06,788:: INFO - Shape of test data tensor : (2444, 300)
2020-05-09 21:55:06,788:: INFO - Shape of test label tensor: (2444,)
2020-05-09 21:55:06,791:: INFO - Spliting data started
2020-05-09 21:55:06,791:: INFO - BEFORE SMOTE:
2020-05-09 21:55:06,791:: INFO - Training shape    : X=(6600, 300) y=(6600,)
2020-05-09 21:55:06,792:: INFO - Training shape    : Class 0=4941 Class 1=1659
2020-05-09 21:55:07,805:: INFO - AFTER SMOTE:
2020-05-09 21:55:07,805:: INFO - Training shape    : X=(9882, 300) y=(9882, 2)
2020-05-09 21:55:07,805:: INFO - Training shape    : Class 0=4941 Class 1=4941
2020-05-09 21:55:07,805:: INFO - Validation shape  : X=(734, 300) y=(734, 2)
2020-05-09 21:55:07,805:: INFO - Validation shape  : Class 0=560 Class 1=174
2020-05-09 21:55:07,805:: INFO - Test shape    : X=(2444, 300) y=(2444, 2)
2020-05-09 21:55:07,805:: INFO - Test shape    : Class 0=1833 Class 1=611
2020-05-09 21:55:07,805:: INFO - Spliting data concluded
2020-05-09 21:59:07,961:: INFO - Model built.
2020-05-09 21:59:14,115:: INFO - loss:2.211196184158325
2020-05-09 21:59:14,115:: INFO - tp:1023.0
2020-05-09 21:59:14,116:: INFO - fp:1423.0
2020-05-09 21:59:14,116:: INFO - tn:1021.0
2020-05-09 21:59:14,116:: INFO - fn:1421.0
2020-05-09 21:59:14,116:: INFO - accuracy:0.4181669354438782
2020-05-09 21:59:14,116:: INFO - precision:0.41823384165763855
2020-05-09 21:59:14,116:: INFO - recall:0.41857609152793884
2020-05-09 21:59:14,116:: INFO - auc:0.33006030321121216
2020-05-09 21:59:14,138:: INFO - balanced accuracy : 0.5259138025095472
2020-05-09 21:59:14,138:: INFO - Model evaluated.
2020-05-09 21:59:14,148:: INFO - Threshold: 108
2020-05-09 21:59:14,234:: INFO - Bug reports train file read: /home/lgomes/experiments/datasets/20190917_eclipse_bug_report_108_train_data.csv
2020-05-09 21:59:14,234:: INFO - Bug reports test file read: /home/lgomes/experiments/datasets/20190917_eclipse_bug_report_108_test_data.csv
2020-05-09 21:59:14,234:: INFO - Reports in train - Total: 7334 Positive: 1395 (19.02% of total)
2020-05-09 21:59:14,234:: INFO - Reports in train - Total: 7334 Negative: 5939 (80.98% of total)
2020-05-09 21:59:14,234:: INFO - Reports in test - Total: 2444 Positive: 465 (19.03% of total)
2020-05-09 21:59:16,053:: INFO - Bug reports long_description cleaned.
2020-05-09 21:59:16,053:: INFO - Metric: val_accuracy
2020-05-09 21:59:16,665:: INFO - Data tokenized using 100 terms
2020-05-09 21:59:16,665:: INFO - Shape of train data tensor : (7334, 100)
2020-05-09 21:59:16,665:: INFO - Shape of train label tensor: (7334,)
2020-05-09 21:59:16,870:: INFO - Shape of test data tensor : (2444, 100)
2020-05-09 21:59:16,870:: INFO - Shape of test label tensor: (2444,)
2020-05-09 21:59:16,871:: INFO - Spliting data started
2020-05-09 21:59:16,872:: INFO - BEFORE SMOTE:
2020-05-09 21:59:16,872:: INFO - Training shape    : X=(6600, 100) y=(6600,)
2020-05-09 21:59:16,872:: INFO - Training shape    : Class 0=5333 Class 1=1267
2020-05-09 21:59:17,064:: INFO - AFTER SMOTE:
2020-05-09 21:59:17,065:: INFO - Training shape    : X=(10666, 100) y=(10666, 2)
2020-05-09 21:59:17,065:: INFO - Training shape    : Class 0=5333 Class 1=5333
2020-05-09 21:59:17,065:: INFO - Validation shape  : X=(734, 100) y=(734, 2)
2020-05-09 21:59:17,065:: INFO - Validation shape  : Class 0=606 Class 1=128
2020-05-09 21:59:17,065:: INFO - Test shape    : X=(2444, 100) y=(2444, 2)
2020-05-09 21:59:17,065:: INFO - Test shape    : Class 0=1979 Class 1=465
2020-05-09 21:59:17,065:: INFO - Spliting data concluded
2020-05-09 22:01:15,048:: INFO - Model built.
2020-05-09 22:01:17,299:: INFO - loss:1.7778702974319458
2020-05-09 22:01:17,299:: INFO - tp:1141.0
2020-05-09 22:01:17,299:: INFO - fp:1310.0
2020-05-09 22:01:17,299:: INFO - tn:1134.0
2020-05-09 22:01:17,299:: INFO - fn:1303.0
2020-05-09 22:01:17,299:: INFO - accuracy:0.4654255211353302
2020-05-09 22:01:17,299:: INFO - precision:0.465524286031723
2020-05-09 22:01:17,300:: INFO - recall:0.4668576121330261
2020-05-09 22:01:17,300:: INFO - auc:0.3556342124938965
2020-05-09 22:01:17,321:: INFO - balanced accuracy : 0.5220938129934202
2020-05-09 22:01:17,321:: INFO - Model evaluated.
2020-05-09 22:01:17,332:: INFO - Metric: val_accuracy
2020-05-09 22:01:17,983:: INFO - Data tokenized using 150 terms
2020-05-09 22:01:17,983:: INFO - Shape of train data tensor : (7334, 150)
2020-05-09 22:01:17,984:: INFO - Shape of train label tensor: (7334,)
2020-05-09 22:01:18,197:: INFO - Shape of test data tensor : (2444, 150)
2020-05-09 22:01:18,198:: INFO - Shape of test label tensor: (2444,)
2020-05-09 22:01:18,200:: INFO - Spliting data started
2020-05-09 22:01:18,200:: INFO - BEFORE SMOTE:
2020-05-09 22:01:18,200:: INFO - Training shape    : X=(6600, 150) y=(6600,)
2020-05-09 22:01:18,200:: INFO - Training shape    : Class 0=5333 Class 1=1267
2020-05-09 22:01:18,515:: INFO - AFTER SMOTE:
2020-05-09 22:01:18,515:: INFO - Training shape    : X=(10666, 150) y=(10666, 2)
2020-05-09 22:01:18,515:: INFO - Training shape    : Class 0=5333 Class 1=5333
2020-05-09 22:01:18,515:: INFO - Validation shape  : X=(734, 150) y=(734, 2)
2020-05-09 22:01:18,515:: INFO - Validation shape  : Class 0=606 Class 1=128
2020-05-09 22:01:18,515:: INFO - Test shape    : X=(2444, 150) y=(2444, 2)
2020-05-09 22:01:18,515:: INFO - Test shape    : Class 0=1979 Class 1=465
2020-05-09 22:01:18,515:: INFO - Spliting data concluded
2020-05-09 22:03:59,934:: INFO - Model built.
2020-05-09 22:04:03,208:: INFO - loss:2.276254653930664
2020-05-09 22:04:03,209:: INFO - tp:1035.0
2020-05-09 22:04:03,209:: INFO - fp:1408.0
2020-05-09 22:04:03,209:: INFO - tn:1036.0
2020-05-09 22:04:03,209:: INFO - fn:1409.0
2020-05-09 22:04:03,209:: INFO - accuracy:0.42369067668914795
2020-05-09 22:04:03,209:: INFO - precision:0.42365944385528564
2020-05-09 22:04:03,209:: INFO - recall:0.4234860837459564
2020-05-09 22:04:03,209:: INFO - auc:0.3168671429157257
2020-05-09 22:04:03,230:: INFO - balanced accuracy : 0.502522181833988
2020-05-09 22:04:03,230:: INFO - Model evaluated.
2020-05-09 22:04:03,241:: INFO - Metric: val_accuracy
2020-05-09 22:04:03,896:: INFO - Data tokenized using 200 terms
2020-05-09 22:04:03,896:: INFO - Shape of train data tensor : (7334, 200)
2020-05-09 22:04:03,897:: INFO - Shape of train label tensor: (7334,)
2020-05-09 22:04:04,107:: INFO - Shape of test data tensor : (2444, 200)
2020-05-09 22:04:04,107:: INFO - Shape of test label tensor: (2444,)
2020-05-09 22:04:04,109:: INFO - Spliting data started
2020-05-09 22:04:04,109:: INFO - BEFORE SMOTE:
2020-05-09 22:04:04,110:: INFO - Training shape    : X=(6600, 200) y=(6600,)
2020-05-09 22:04:04,110:: INFO - Training shape    : Class 0=5333 Class 1=1267
2020-05-09 22:04:04,503:: INFO - AFTER SMOTE:
2020-05-09 22:04:04,504:: INFO - Training shape    : X=(10666, 200) y=(10666, 2)
2020-05-09 22:04:04,504:: INFO - Training shape    : Class 0=5333 Class 1=5333
2020-05-09 22:04:04,504:: INFO - Validation shape  : X=(734, 200) y=(734, 2)
2020-05-09 22:04:04,504:: INFO - Validation shape  : Class 0=606 Class 1=128
2020-05-09 22:04:04,504:: INFO - Test shape    : X=(2444, 200) y=(2444, 2)
2020-05-09 22:04:04,504:: INFO - Test shape    : Class 0=1979 Class 1=465
2020-05-09 22:04:04,504:: INFO - Spliting data concluded
2020-05-09 22:06:46,820:: INFO - Model built.
2020-05-09 22:06:51,322:: INFO - loss:1.9682989120483398
2020-05-09 22:06:51,323:: INFO - tp:1044.0
2020-05-09 22:06:51,323:: INFO - fp:1397.0
2020-05-09 22:06:51,323:: INFO - tn:1047.0
2020-05-09 22:06:51,323:: INFO - fn:1400.0
2020-05-09 22:06:51,323:: INFO - accuracy:0.4277823269367218
2020-05-09 22:06:51,323:: INFO - precision:0.42769357562065125
2020-05-09 22:06:51,323:: INFO - recall:0.4271685779094696
2020-05-09 22:06:51,323:: INFO - auc:0.30809226632118225
2020-05-09 22:06:51,343:: INFO - balanced accuracy : 0.5332703059544572
2020-05-09 22:06:51,343:: INFO - Model evaluated.
2020-05-09 22:06:51,353:: INFO - Metric: val_accuracy
2020-05-09 22:06:52,009:: INFO - Data tokenized using 250 terms
2020-05-09 22:06:52,009:: INFO - Shape of train data tensor : (7334, 250)
2020-05-09 22:06:52,009:: INFO - Shape of train label tensor: (7334,)
2020-05-09 22:06:52,218:: INFO - Shape of test data tensor : (2444, 250)
2020-05-09 22:06:52,218:: INFO - Shape of test label tensor: (2444,)
2020-05-09 22:06:52,221:: INFO - Spliting data started
2020-05-09 22:06:52,221:: INFO - BEFORE SMOTE:
2020-05-09 22:06:52,221:: INFO - Training shape    : X=(6600, 250) y=(6600,)
2020-05-09 22:06:52,221:: INFO - Training shape    : Class 0=5333 Class 1=1267
2020-05-09 22:06:52,713:: INFO - AFTER SMOTE:
2020-05-09 22:06:52,713:: INFO - Training shape    : X=(10666, 250) y=(10666, 2)
2020-05-09 22:06:52,713:: INFO - Training shape    : Class 0=5333 Class 1=5333
2020-05-09 22:06:52,713:: INFO - Validation shape  : X=(734, 250) y=(734, 2)
2020-05-09 22:06:52,714:: INFO - Validation shape  : Class 0=606 Class 1=128
2020-05-09 22:06:52,714:: INFO - Test shape    : X=(2444, 250) y=(2444, 2)
2020-05-09 22:06:52,714:: INFO - Test shape    : Class 0=1979 Class 1=465
2020-05-09 22:06:52,714:: INFO - Spliting data concluded
2020-05-09 22:10:04,475:: INFO - Model built.
2020-05-09 22:10:09,915:: INFO - loss:1.8544362783432007
2020-05-09 22:10:09,915:: INFO - tp:1034.0
2020-05-09 22:10:09,915:: INFO - fp:1421.0
2020-05-09 22:10:09,915:: INFO - tn:1023.0
2020-05-09 22:10:09,915:: INFO - fn:1410.0
2020-05-09 22:10:09,915:: INFO - accuracy:0.4208265244960785
2020-05-09 22:10:09,915:: INFO - precision:0.42118126153945923
2020-05-09 22:10:09,916:: INFO - recall:0.42307692766189575
2020-05-09 22:10:09,916:: INFO - auc:0.30185943841934204
2020-05-09 22:10:09,936:: INFO - balanced accuracy : 0.5339109031932061
2020-05-09 22:10:09,936:: INFO - Model evaluated.
2020-05-09 22:10:09,946:: INFO - Metric: val_accuracy
2020-05-09 22:10:11,015:: INFO - Data tokenized using 300 terms
2020-05-09 22:10:11,015:: INFO - Shape of train data tensor : (7334, 300)
2020-05-09 22:10:11,016:: INFO - Shape of train label tensor: (7334,)
2020-05-09 22:10:11,235:: INFO - Shape of test data tensor : (2444, 300)
2020-05-09 22:10:11,235:: INFO - Shape of test label tensor: (2444,)
2020-05-09 22:10:11,238:: INFO - Spliting data started
2020-05-09 22:10:11,239:: INFO - BEFORE SMOTE:
2020-05-09 22:10:11,239:: INFO - Training shape    : X=(6600, 300) y=(6600,)
2020-05-09 22:10:11,239:: INFO - Training shape    : Class 0=5333 Class 1=1267
2020-05-09 22:10:11,799:: INFO - AFTER SMOTE:
2020-05-09 22:10:11,799:: INFO - Training shape    : X=(10666, 300) y=(10666, 2)
2020-05-09 22:10:11,799:: INFO - Training shape    : Class 0=5333 Class 1=5333
2020-05-09 22:10:11,799:: INFO - Validation shape  : X=(734, 300) y=(734, 2)
2020-05-09 22:10:11,799:: INFO - Validation shape  : Class 0=606 Class 1=128
2020-05-09 22:10:11,799:: INFO - Test shape    : X=(2444, 300) y=(2444, 2)
2020-05-09 22:10:11,799:: INFO - Test shape    : Class 0=1979 Class 1=465
2020-05-09 22:10:11,799:: INFO - Spliting data concluded
2020-05-09 22:13:36,889:: INFO - Model built.
2020-05-09 22:13:43,229:: INFO - loss:1.9168000221252441
2020-05-09 22:13:43,230:: INFO - tp:998.0
2020-05-09 22:13:43,230:: INFO - fp:1446.0
2020-05-09 22:13:43,230:: INFO - tn:998.0
2020-05-09 22:13:43,230:: INFO - fn:1446.0
2020-05-09 22:13:43,230:: INFO - accuracy:0.4083469808101654
2020-05-09 22:13:43,230:: INFO - precision:0.4083469808101654
2020-05-09 22:13:43,230:: INFO - recall:0.4083469808101654
2020-05-09 22:13:43,230:: INFO - auc:0.2913004159927368
2020-05-09 22:13:43,251:: INFO - balanced accuracy : 0.5299390916450689
2020-05-09 22:13:43,251:: INFO - Model evaluated.
2020-05-09 22:13:43,261:: INFO - Threshold: 365
2020-05-09 22:13:43,347:: INFO - Bug reports train file read: /home/lgomes/experiments/datasets/20190917_eclipse_bug_report_365_train_data.csv
2020-05-09 22:13:43,347:: INFO - Bug reports test file read: /home/lgomes/experiments/datasets/20190917_eclipse_bug_report_365_test_data.csv
2020-05-09 22:13:43,347:: INFO - Reports in train - Total: 7334 Positive: 569 (7.76% of total)
2020-05-09 22:13:43,347:: INFO - Reports in train - Total: 7334 Negative: 6765 (92.24% of total)
2020-05-09 22:13:43,347:: INFO - Reports in test - Total: 2444 Positive: 189 (7.73% of total)
2020-05-09 22:13:45,120:: INFO - Bug reports long_description cleaned.
2020-05-09 22:13:45,120:: INFO - Metric: val_accuracy
2020-05-09 22:13:45,732:: INFO - Data tokenized using 100 terms
2020-05-09 22:13:45,732:: INFO - Shape of train data tensor : (7334, 100)
2020-05-09 22:13:45,732:: INFO - Shape of train label tensor: (7334,)
2020-05-09 22:13:45,931:: INFO - Shape of test data tensor : (2444, 100)
2020-05-09 22:13:45,931:: INFO - Shape of test label tensor: (2444,)
2020-05-09 22:13:45,933:: INFO - Spliting data started
2020-05-09 22:13:45,933:: INFO - BEFORE SMOTE:
2020-05-09 22:13:45,933:: INFO - Training shape    : X=(6600, 100) y=(6600,)
2020-05-09 22:13:45,933:: INFO - Training shape    : Class 0=6104 Class 1=496
2020-05-09 22:13:45,972:: INFO - AFTER SMOTE:
2020-05-09 22:13:45,972:: INFO - Training shape    : X=(12208, 100) y=(12208, 2)
2020-05-09 22:13:45,973:: INFO - Training shape    : Class 0=6104 Class 1=6104
2020-05-09 22:13:45,973:: INFO - Validation shape  : X=(734, 100) y=(734, 2)
2020-05-09 22:13:45,973:: INFO - Validation shape  : Class 0=661 Class 1=73
2020-05-09 22:13:45,973:: INFO - Test shape    : X=(2444, 100) y=(2444, 2)
2020-05-09 22:13:45,973:: INFO - Test shape    : Class 0=2255 Class 1=189
2020-05-09 22:13:45,973:: INFO - Spliting data concluded
2020-05-09 22:15:40,568:: INFO - Model built.
2020-05-09 22:15:43,018:: INFO - loss:1.6574138402938843
2020-05-09 22:15:43,018:: INFO - tp:1218.0
2020-05-09 22:15:43,018:: INFO - fp:1227.0
2020-05-09 22:15:43,019:: INFO - tn:1217.0
2020-05-09 22:15:43,019:: INFO - fn:1226.0
2020-05-09 22:15:43,019:: INFO - accuracy:0.4981587529182434
2020-05-09 22:15:43,019:: INFO - precision:0.4981594979763031
2020-05-09 22:15:43,019:: INFO - recall:0.49836334586143494
2020-05-09 22:15:43,019:: INFO - auc:0.334832102060318
2020-05-09 22:15:43,039:: INFO - balanced accuracy : 0.5148676075505344
2020-05-09 22:15:43,039:: INFO - Model evaluated.
2020-05-09 22:15:43,050:: INFO - Metric: val_accuracy
2020-05-09 22:15:43,691:: INFO - Data tokenized using 150 terms
2020-05-09 22:15:43,691:: INFO - Shape of train data tensor : (7334, 150)
2020-05-09 22:15:43,691:: INFO - Shape of train label tensor: (7334,)
2020-05-09 22:15:43,890:: INFO - Shape of test data tensor : (2444, 150)
2020-05-09 22:15:43,891:: INFO - Shape of test label tensor: (2444,)
2020-05-09 22:15:43,893:: INFO - Spliting data started
2020-05-09 22:15:43,893:: INFO - BEFORE SMOTE:
2020-05-09 22:15:43,893:: INFO - Training shape    : X=(6600, 150) y=(6600,)
2020-05-09 22:15:43,893:: INFO - Training shape    : Class 0=6104 Class 1=496
2020-05-09 22:15:43,946:: INFO - AFTER SMOTE:
2020-05-09 22:15:43,946:: INFO - Training shape    : X=(12208, 150) y=(12208, 2)
2020-05-09 22:15:43,947:: INFO - Training shape    : Class 0=6104 Class 1=6104
2020-05-09 22:15:43,947:: INFO - Validation shape  : X=(734, 150) y=(734, 2)
2020-05-09 22:15:43,947:: INFO - Validation shape  : Class 0=661 Class 1=73
2020-05-09 22:15:43,947:: INFO - Test shape    : X=(2444, 150) y=(2444, 2)
2020-05-09 22:15:43,947:: INFO - Test shape    : Class 0=2255 Class 1=189
2020-05-09 22:15:43,947:: INFO - Spliting data concluded
2020-05-09 22:17:41,053:: INFO - Model built.
2020-05-09 22:17:44,579:: INFO - loss:1.9698538780212402
2020-05-09 22:17:44,580:: INFO - tp:1084.0
2020-05-09 22:17:44,580:: INFO - fp:1350.0
2020-05-09 22:17:44,580:: INFO - tn:1094.0
2020-05-09 22:17:44,580:: INFO - fn:1360.0
2020-05-09 22:17:44,580:: INFO - accuracy:0.44558101892471313
2020-05-09 22:17:44,580:: INFO - precision:0.44535744190216064
2020-05-09 22:17:44,580:: INFO - recall:0.443535178899765
2020-05-09 22:17:44,580:: INFO - auc:0.28421300649642944
2020-05-09 22:17:44,601:: INFO - balanced accuracy : 0.5129260080479593
2020-05-09 22:17:44,601:: INFO - Model evaluated.
2020-05-09 22:17:44,611:: INFO - Metric: val_accuracy
2020-05-09 22:17:45,277:: INFO - Data tokenized using 200 terms
2020-05-09 22:17:45,277:: INFO - Shape of train data tensor : (7334, 200)
2020-05-09 22:17:45,277:: INFO - Shape of train label tensor: (7334,)
2020-05-09 22:17:45,479:: INFO - Shape of test data tensor : (2444, 200)
2020-05-09 22:17:45,479:: INFO - Shape of test label tensor: (2444,)
2020-05-09 22:17:45,481:: INFO - Spliting data started
2020-05-09 22:17:45,481:: INFO - BEFORE SMOTE:
2020-05-09 22:17:45,481:: INFO - Training shape    : X=(6600, 200) y=(6600,)
2020-05-09 22:17:45,482:: INFO - Training shape    : Class 0=6104 Class 1=496
2020-05-09 22:17:45,547:: INFO - AFTER SMOTE:
2020-05-09 22:17:45,547:: INFO - Training shape    : X=(12208, 200) y=(12208, 2)
2020-05-09 22:17:45,547:: INFO - Training shape    : Class 0=6104 Class 1=6104
2020-05-09 22:17:45,547:: INFO - Validation shape  : X=(734, 200) y=(734, 2)
2020-05-09 22:17:45,547:: INFO - Validation shape  : Class 0=661 Class 1=73
2020-05-09 22:17:45,547:: INFO - Test shape    : X=(2444, 200) y=(2444, 2)
2020-05-09 22:17:45,547:: INFO - Test shape    : Class 0=2255 Class 1=189
2020-05-09 22:17:45,547:: INFO - Spliting data concluded
2020-05-09 22:22:11,465:: INFO - Model built.
2020-05-09 22:22:16,401:: INFO - loss:2.505359411239624
2020-05-09 22:22:16,401:: INFO - tp:949.0
2020-05-09 22:22:16,401:: INFO - fp:1497.0
2020-05-09 22:22:16,401:: INFO - tn:947.0
2020-05-09 22:22:16,401:: INFO - fn:1495.0
2020-05-09 22:22:16,401:: INFO - accuracy:0.38788869976997375
2020-05-09 22:22:16,402:: INFO - precision:0.3879803717136383
2020-05-09 22:22:16,402:: INFO - recall:0.3882978856563568
2020-05-09 22:22:16,402:: INFO - auc:0.2302192598581314
2020-05-09 22:22:16,420:: INFO - balanced accuracy : 0.5061216109996598
2020-05-09 22:22:16,420:: INFO - Model evaluated.
2020-05-09 22:22:16,430:: INFO - Metric: val_accuracy
2020-05-09 22:22:17,089:: INFO - Data tokenized using 250 terms
2020-05-09 22:22:17,089:: INFO - Shape of train data tensor : (7334, 250)
2020-05-09 22:22:17,089:: INFO - Shape of train label tensor: (7334,)
2020-05-09 22:22:17,296:: INFO - Shape of test data tensor : (2444, 250)
2020-05-09 22:22:17,296:: INFO - Shape of test label tensor: (2444,)
2020-05-09 22:22:17,299:: INFO - Spliting data started
2020-05-09 22:22:17,299:: INFO - BEFORE SMOTE:
2020-05-09 22:22:17,299:: INFO - Training shape    : X=(6600, 250) y=(6600,)
2020-05-09 22:22:17,299:: INFO - Training shape    : Class 0=6104 Class 1=496
2020-05-09 22:22:17,396:: INFO - AFTER SMOTE:
2020-05-09 22:22:17,396:: INFO - Training shape    : X=(12208, 250) y=(12208, 2)
2020-05-09 22:22:17,397:: INFO - Training shape    : Class 0=6104 Class 1=6104
2020-05-09 22:22:17,397:: INFO - Validation shape  : X=(734, 250) y=(734, 2)
2020-05-09 22:22:17,397:: INFO - Validation shape  : Class 0=661 Class 1=73
2020-05-09 22:22:17,397:: INFO - Test shape    : X=(2444, 250) y=(2444, 2)
2020-05-09 22:22:17,397:: INFO - Test shape    : Class 0=2255 Class 1=189
2020-05-09 22:22:17,397:: INFO - Spliting data concluded
2020-05-09 22:26:41,692:: INFO - Model built.
2020-05-09 22:26:47,599:: INFO - loss:2.3601086139678955
2020-05-09 22:26:47,599:: INFO - tp:853.0
2020-05-09 22:26:47,600:: INFO - fp:1591.0
2020-05-09 22:26:47,600:: INFO - tn:853.0
2020-05-09 22:26:47,600:: INFO - fn:1591.0
2020-05-09 22:26:47,600:: INFO - accuracy:0.34901800751686096
2020-05-09 22:26:47,600:: INFO - precision:0.34901800751686096
2020-05-09 22:26:47,600:: INFO - recall:0.34901800751686096
2020-05-09 22:26:47,600:: INFO - auc:0.20018261671066284
2020-05-09 22:26:47,621:: INFO - balanced accuracy : 0.4832987247621394
2020-05-09 22:26:47,621:: INFO - Model evaluated.
2020-05-09 22:26:47,631:: INFO - Metric: val_accuracy
2020-05-09 22:26:48,289:: INFO - Data tokenized using 300 terms
2020-05-09 22:26:48,289:: INFO - Shape of train data tensor : (7334, 300)
2020-05-09 22:26:48,289:: INFO - Shape of train label tensor: (7334,)
2020-05-09 22:26:48,490:: INFO - Shape of test data tensor : (2444, 300)
2020-05-09 22:26:48,491:: INFO - Shape of test label tensor: (2444,)
2020-05-09 22:26:48,493:: INFO - Spliting data started
2020-05-09 22:26:48,494:: INFO - BEFORE SMOTE:
2020-05-09 22:26:48,494:: INFO - Training shape    : X=(6600, 300) y=(6600,)
2020-05-09 22:26:48,494:: INFO - Training shape    : Class 0=6104 Class 1=496
2020-05-09 22:26:48,609:: INFO - AFTER SMOTE:
2020-05-09 22:26:48,609:: INFO - Training shape    : X=(12208, 300) y=(12208, 2)
2020-05-09 22:26:48,609:: INFO - Training shape    : Class 0=6104 Class 1=6104
2020-05-09 22:26:48,609:: INFO - Validation shape  : X=(734, 300) y=(734, 2)
2020-05-09 22:26:48,609:: INFO - Validation shape  : Class 0=661 Class 1=73
2020-05-09 22:26:48,609:: INFO - Test shape    : X=(2444, 300) y=(2444, 2)
2020-05-09 22:26:48,609:: INFO - Test shape    : Class 0=2255 Class 1=189
2020-05-09 22:26:48,609:: INFO - Spliting data concluded
2020-05-09 22:31:59,845:: INFO - Model built.
2020-05-09 22:32:06,876:: INFO - loss:2.3211565017700195
2020-05-09 22:32:06,876:: INFO - tp:900.0
2020-05-09 22:32:06,877:: INFO - fp:1538.0
2020-05-09 22:32:06,877:: INFO - tn:906.0
2020-05-09 22:32:06,877:: INFO - fn:1544.0
2020-05-09 22:32:06,877:: INFO - accuracy:0.3694762587547302
2020-05-09 22:32:06,877:: INFO - precision:0.36915504932403564
2020-05-09 22:32:06,877:: INFO - recall:0.36824876070022583
2020-05-09 22:32:06,877:: INFO - auc:0.20359262824058533
2020-05-09 22:32:06,897:: INFO - balanced accuracy : 0.49018759018759017
2020-05-09 22:32:06,897:: INFO - Model evaluated.
2020-05-09 22:32:06,907:: INFO - Metricas recorded
