2020-05-06 10:44:48,642:: INFO - Setup completed
2020-05-06 10:44:48,642:: INFO - Starting prediction using feature long_description
2020-05-06 10:44:48,642:: INFO - Threshold: 8
2020-05-06 10:44:48,726:: INFO - Bug reports train file read: /home/lgomes/experiments/datasets/20190917_eclipse_bug_report_8_train_data.csv
2020-05-06 10:44:48,727:: INFO - Bug reports test file read: /home/lgomes/experiments/datasets/20190917_eclipse_bug_report_8_test_data.csv
2020-05-06 10:44:48,727:: INFO - Reports in train - Total: 7334 Positive: 3659 (49.89% of total)
2020-05-06 10:44:48,727:: INFO - Reports in test - Total: 2444 Positive: 1219 (49.88% of total)
2020-05-06 10:44:50,488:: INFO - Bug reports long_description cleaned.
2020-05-06 10:44:50,488:: INFO - Metric: val_accuracy
2020-05-06 10:44:51,113:: INFO - Data tokenized using 100 terms
2020-05-06 10:44:51,113:: INFO - Shape of train data tensor : (7334, 100)
2020-05-06 10:44:51,113:: INFO - Shape of train label tensor: (7334, 2)
2020-05-06 10:44:51,317:: INFO - Shape of test data tensor : (2444, 100)
2020-05-06 10:44:51,317:: INFO - Shape of test label tensor: (2444, 2)
2020-05-06 10:44:51,319:: INFO - Spliting data started
2020-05-06 10:44:51,319:: INFO - Training shape    : (5867, 100) (5867, 2)
2020-05-06 10:44:51,319:: INFO - Validation shape  : (1467, 100) (1467, 2)
2020-05-06 10:44:51,320:: INFO - Test shape        : (2444, 100) (2444, 2)
2020-05-06 10:44:51,320:: INFO - Spliting data concluded
2020-05-06 10:45:38,774:: INFO - Model built.
2020-05-06 10:45:38,774:: WARNING - From /home/lgomes/experiments/long-lived-bug-prediction-w-dnn.py:274: Sequential.predict_classes (from tensorflow.python.keras.engine.sequential) is deprecated and will be removed after 2021-01-01.
Instructions for updating:
Please use instead:* `np.argmax(model.predict(x), axis=-1)`,   if your model does multi-class classification   (e.g. if it uses a `softmax` last-layer activation).* `(model.predict(x) > 0.5).astype("int32")`,   if your model does binary classification   (e.g. if it uses a `sigmoid` last-layer activation).
2020-05-06 10:45:40,545:: INFO - loss:0.697854220867157
2020-05-06 10:45:40,546:: INFO - tp:1262.0
2020-05-06 10:45:40,546:: INFO - fp:1164.0
2020-05-06 10:45:40,546:: INFO - tn:1280.0
2020-05-06 10:45:40,546:: INFO - fn:1182.0
2020-05-06 10:45:40,546:: INFO - accuracy:0.5200490951538086
2020-05-06 10:45:40,546:: INFO - precision:0.520197868347168
2020-05-06 10:45:40,546:: INFO - recall:0.5163666009902954
2020-05-06 10:45:40,546:: INFO - auc:0.528335452079773
2020-05-06 10:45:40,567:: INFO - balanced accuracy : 0.5196293381995949
2020-05-06 10:45:40,567:: INFO - Model evaluated.
2020-05-06 10:45:40,582:: INFO - Metric: val_accuracy
2020-05-06 10:45:41,246:: INFO - Data tokenized using 150 terms
2020-05-06 10:45:41,246:: INFO - Shape of train data tensor : (7334, 150)
2020-05-06 10:45:41,246:: INFO - Shape of train label tensor: (7334, 2)
2020-05-06 10:45:41,451:: INFO - Shape of test data tensor : (2444, 150)
2020-05-06 10:45:41,451:: INFO - Shape of test label tensor: (2444, 2)
2020-05-06 10:45:41,453:: INFO - Spliting data started
2020-05-06 10:45:41,453:: INFO - Training shape    : (5867, 150) (5867, 2)
2020-05-06 10:45:41,453:: INFO - Validation shape  : (1467, 150) (1467, 2)
2020-05-06 10:45:41,453:: INFO - Test shape        : (2444, 150) (2444, 2)
2020-05-06 10:45:41,453:: INFO - Spliting data concluded
2020-05-06 10:47:02,140:: INFO - Model built.
2020-05-06 10:47:04,645:: INFO - loss:0.6946516633033752
2020-05-06 10:47:04,646:: INFO - tp:1283.0
2020-05-06 10:47:04,646:: INFO - fp:1140.0
2020-05-06 10:47:04,646:: INFO - tn:1304.0
2020-05-06 10:47:04,646:: INFO - fn:1161.0
2020-05-06 10:47:04,646:: INFO - accuracy:0.5292553305625916
2020-05-06 10:47:04,646:: INFO - precision:0.5295088887214661
2020-05-06 10:47:04,647:: INFO - recall:0.5249590873718262
2020-05-06 10:47:04,647:: INFO - auc:0.5359036326408386
2020-05-06 10:47:04,667:: INFO - balanced accuracy : 0.5294995898277277
2020-05-06 10:47:04,667:: INFO - Model evaluated.
2020-05-06 10:47:04,677:: INFO - Metric: val_accuracy
2020-05-06 10:47:05,345:: INFO - Data tokenized using 200 terms
2020-05-06 10:47:05,345:: INFO - Shape of train data tensor : (7334, 200)
2020-05-06 10:47:05,345:: INFO - Shape of train label tensor: (7334, 2)
2020-05-06 10:47:05,543:: INFO - Shape of test data tensor : (2444, 200)
2020-05-06 10:47:05,543:: INFO - Shape of test label tensor: (2444, 2)
2020-05-06 10:47:05,545:: INFO - Spliting data started
2020-05-06 10:47:05,545:: INFO - Training shape    : (5867, 200) (5867, 2)
2020-05-06 10:47:05,546:: INFO - Validation shape  : (1467, 200) (1467, 2)
2020-05-06 10:47:05,546:: INFO - Test shape        : (2444, 200) (2444, 2)
2020-05-06 10:47:05,546:: INFO - Spliting data concluded
2020-05-06 10:48:33,977:: INFO - Model built.
2020-05-06 10:48:37,226:: INFO - loss:0.6906742453575134
2020-05-06 10:48:37,226:: INFO - tp:1280.0
2020-05-06 10:48:37,227:: INFO - fp:1140.0
2020-05-06 10:48:37,227:: INFO - tn:1304.0
2020-05-06 10:48:37,227:: INFO - fn:1164.0
2020-05-06 10:48:37,227:: INFO - accuracy:0.5286415815353394
2020-05-06 10:48:37,227:: INFO - precision:0.5289255976676941
2020-05-06 10:48:37,227:: INFO - recall:0.5237315893173218
2020-05-06 10:48:37,227:: INFO - auc:0.5459693670272827
2020-05-06 10:48:37,246:: INFO - balanced accuracy : 0.5285905141383871
2020-05-06 10:48:37,246:: INFO - Model evaluated.
2020-05-06 10:48:37,262:: INFO - Metric: val_accuracy
2020-05-06 10:48:37,922:: INFO - Data tokenized using 250 terms
2020-05-06 10:48:37,923:: INFO - Shape of train data tensor : (7334, 250)
2020-05-06 10:48:37,923:: INFO - Shape of train label tensor: (7334, 2)
2020-05-06 10:48:38,124:: INFO - Shape of test data tensor : (2444, 250)
2020-05-06 10:48:38,125:: INFO - Shape of test label tensor: (2444, 2)
2020-05-06 10:48:38,127:: INFO - Spliting data started
2020-05-06 10:48:38,127:: INFO - Training shape    : (5867, 250) (5867, 2)
2020-05-06 10:48:38,127:: INFO - Validation shape  : (1467, 250) (1467, 2)
2020-05-06 10:48:38,127:: INFO - Test shape        : (2444, 250) (2444, 2)
2020-05-06 10:48:38,127:: INFO - Spliting data concluded
2020-05-06 10:50:13,742:: INFO - Model built.
2020-05-06 10:50:17,669:: INFO - loss:0.6895702481269836
2020-05-06 10:50:17,669:: INFO - tp:1330.0
2020-05-06 10:50:17,669:: INFO - fp:1119.0
2020-05-06 10:50:17,669:: INFO - tn:1325.0
2020-05-06 10:50:17,669:: INFO - fn:1114.0
2020-05-06 10:50:17,670:: INFO - accuracy:0.5431669354438782
2020-05-06 10:50:17,670:: INFO - precision:0.5430787801742554
2020-05-06 10:50:17,670:: INFO - recall:0.5441898703575134
2020-05-06 10:50:17,670:: INFO - auc:0.5515842437744141
2020-05-06 10:50:17,690:: INFO - balanced accuracy : 0.5414565301099932
2020-05-06 10:50:17,690:: INFO - Model evaluated.
2020-05-06 10:50:17,700:: INFO - Metric: val_accuracy
2020-05-06 10:50:18,360:: INFO - Data tokenized using 300 terms
2020-05-06 10:50:18,360:: INFO - Shape of train data tensor : (7334, 300)
2020-05-06 10:50:18,360:: INFO - Shape of train label tensor: (7334, 2)
2020-05-06 10:50:18,562:: INFO - Shape of test data tensor : (2444, 300)
2020-05-06 10:50:18,562:: INFO - Shape of test label tensor: (2444, 2)
2020-05-06 10:50:18,564:: INFO - Spliting data started
2020-05-06 10:50:18,565:: INFO - Training shape    : (5867, 300) (5867, 2)
2020-05-06 10:50:18,565:: INFO - Validation shape  : (1467, 300) (1467, 2)
2020-05-06 10:50:18,565:: INFO - Test shape        : (2444, 300) (2444, 2)
2020-05-06 10:50:18,565:: INFO - Spliting data concluded
2020-05-06 10:52:02,330:: INFO - Model built.
2020-05-06 10:52:06,964:: INFO - loss:0.6892228126525879
2020-05-06 10:52:06,964:: INFO - tp:1264.0
2020-05-06 10:52:06,965:: INFO - fp:1057.0
2020-05-06 10:52:06,965:: INFO - tn:1387.0
2020-05-06 10:52:06,965:: INFO - fn:1180.0
2020-05-06 10:52:06,965:: INFO - accuracy:0.5423486232757568
2020-05-06 10:52:06,965:: INFO - precision:0.5445928573608398
2020-05-06 10:52:06,965:: INFO - recall:0.5171849131584167
2020-05-06 10:52:06,965:: INFO - auc:0.5494147539138794
2020-05-06 10:52:06,985:: INFO - balanced accuracy : 0.5377509166094657
2020-05-06 10:52:06,985:: INFO - Model evaluated.
2020-05-06 10:52:06,996:: INFO - Threshold: 63
2020-05-06 10:52:07,080:: INFO - Bug reports train file read: /home/lgomes/experiments/datasets/20190917_eclipse_bug_report_63_train_data.csv
2020-05-06 10:52:07,080:: INFO - Bug reports test file read: /home/lgomes/experiments/datasets/20190917_eclipse_bug_report_63_test_data.csv
2020-05-06 10:52:07,080:: INFO - Reports in train - Total: 7334 Positive: 1833 (24.99% of total)
2020-05-06 10:52:07,080:: INFO - Reports in test - Total: 2444 Positive: 611 (25.00% of total)
2020-05-06 10:52:08,872:: INFO - Bug reports long_description cleaned.
2020-05-06 10:52:08,872:: INFO - Metric: val_accuracy
2020-05-06 10:52:09,497:: INFO - Data tokenized using 100 terms
2020-05-06 10:52:09,497:: INFO - Shape of train data tensor : (7334, 100)
2020-05-06 10:52:09,497:: INFO - Shape of train label tensor: (7334, 2)
2020-05-06 10:52:09,706:: INFO - Shape of test data tensor : (2444, 100)
2020-05-06 10:52:09,707:: INFO - Shape of test label tensor: (2444, 2)
2020-05-06 10:52:09,708:: INFO - Spliting data started
2020-05-06 10:52:09,708:: INFO - Training shape    : (5867, 100) (5867, 2)
2020-05-06 10:52:09,708:: INFO - Validation shape  : (1467, 100) (1467, 2)
2020-05-06 10:52:09,708:: INFO - Test shape        : (2444, 100) (2444, 2)
2020-05-06 10:52:09,708:: INFO - Spliting data concluded
2020-05-06 10:52:37,920:: INFO - Model built.
2020-05-06 10:52:39,566:: INFO - loss:0.6226856112480164
2020-05-06 10:52:39,567:: INFO - tp:1833.0
2020-05-06 10:52:39,567:: INFO - fp:611.0
2020-05-06 10:52:39,567:: INFO - tn:1833.0
2020-05-06 10:52:39,567:: INFO - fn:611.0
2020-05-06 10:52:39,567:: INFO - accuracy:0.75
2020-05-06 10:52:39,567:: INFO - precision:0.75
2020-05-06 10:52:39,567:: INFO - recall:0.75
2020-05-06 10:52:39,567:: INFO - auc:0.7713810205459595
2020-05-06 10:52:39,588:: INFO - balanced accuracy : 0.5
2020-05-06 10:52:39,588:: INFO - Model evaluated.
2020-05-06 10:52:39,598:: INFO - Metric: val_accuracy
2020-05-06 10:52:40,246:: INFO - Data tokenized using 150 terms
2020-05-06 10:52:40,247:: INFO - Shape of train data tensor : (7334, 150)
2020-05-06 10:52:40,247:: INFO - Shape of train label tensor: (7334, 2)
2020-05-06 10:52:40,464:: INFO - Shape of test data tensor : (2444, 150)
2020-05-06 10:52:40,464:: INFO - Shape of test label tensor: (2444, 2)
2020-05-06 10:52:40,466:: INFO - Spliting data started
2020-05-06 10:52:40,466:: INFO - Training shape    : (5867, 150) (5867, 2)
2020-05-06 10:52:40,466:: INFO - Validation shape  : (1467, 150) (1467, 2)
2020-05-06 10:52:40,466:: INFO - Test shape        : (2444, 150) (2444, 2)
2020-05-06 10:52:40,466:: INFO - Spliting data concluded
2020-05-06 10:53:20,840:: INFO - Model built.
2020-05-06 10:53:23,189:: INFO - loss:0.5844857692718506
2020-05-06 10:53:23,190:: INFO - tp:1833.0
2020-05-06 10:53:23,190:: INFO - fp:611.0
2020-05-06 10:53:23,190:: INFO - tn:1833.0
2020-05-06 10:53:23,190:: INFO - fn:611.0
2020-05-06 10:53:23,190:: INFO - accuracy:0.75
2020-05-06 10:53:23,190:: INFO - precision:0.75
2020-05-06 10:53:23,190:: INFO - recall:0.75
2020-05-06 10:53:23,190:: INFO - auc:0.7748051285743713
2020-05-06 10:53:23,212:: INFO - balanced accuracy : 0.5
2020-05-06 10:53:23,212:: INFO - Model evaluated.
2020-05-06 10:53:23,228:: INFO - Metric: val_accuracy
2020-05-06 10:53:23,882:: INFO - Data tokenized using 200 terms
2020-05-06 10:53:23,882:: INFO - Shape of train data tensor : (7334, 200)
2020-05-06 10:53:23,882:: INFO - Shape of train label tensor: (7334, 2)
2020-05-06 10:53:24,101:: INFO - Shape of test data tensor : (2444, 200)
2020-05-06 10:53:24,101:: INFO - Shape of test label tensor: (2444, 2)
2020-05-06 10:53:24,103:: INFO - Spliting data started
2020-05-06 10:53:24,103:: INFO - Training shape    : (5867, 200) (5867, 2)
2020-05-06 10:53:24,103:: INFO - Validation shape  : (1467, 200) (1467, 2)
2020-05-06 10:53:24,103:: INFO - Test shape        : (2444, 200) (2444, 2)
2020-05-06 10:53:24,103:: INFO - Spliting data concluded
2020-05-06 10:54:18,367:: INFO - Model built.
2020-05-06 10:54:21,569:: INFO - loss:0.6279808878898621
2020-05-06 10:54:21,569:: INFO - tp:1833.0
2020-05-06 10:54:21,569:: INFO - fp:611.0
2020-05-06 10:54:21,569:: INFO - tn:1833.0
2020-05-06 10:54:21,570:: INFO - fn:611.0
2020-05-06 10:54:21,570:: INFO - accuracy:0.75
2020-05-06 10:54:21,570:: INFO - precision:0.75
2020-05-06 10:54:21,570:: INFO - recall:0.75
2020-05-06 10:54:21,570:: INFO - auc:0.7752902507781982
2020-05-06 10:54:21,584:: INFO - balanced accuracy : 0.5
2020-05-06 10:54:21,585:: INFO - Model evaluated.
2020-05-06 10:54:21,593:: INFO - Metric: val_accuracy
2020-05-06 10:54:22,238:: INFO - Data tokenized using 250 terms
2020-05-06 10:54:22,238:: INFO - Shape of train data tensor : (7334, 250)
2020-05-06 10:54:22,238:: INFO - Shape of train label tensor: (7334, 2)
2020-05-06 10:54:22,451:: INFO - Shape of test data tensor : (2444, 250)
2020-05-06 10:54:22,451:: INFO - Shape of test label tensor: (2444, 2)
2020-05-06 10:54:22,453:: INFO - Spliting data started
2020-05-06 10:54:22,453:: INFO - Training shape    : (5867, 250) (5867, 2)
2020-05-06 10:54:22,453:: INFO - Validation shape  : (1467, 250) (1467, 2)
2020-05-06 10:54:22,453:: INFO - Test shape        : (2444, 250) (2444, 2)
2020-05-06 10:54:22,453:: INFO - Spliting data concluded
2020-05-06 10:56:39,575:: INFO - Model built.
2020-05-06 10:56:43,517:: INFO - loss:0.5642392635345459
2020-05-06 10:56:43,517:: INFO - tp:1826.0
2020-05-06 10:56:43,517:: INFO - fp:618.0
2020-05-06 10:56:43,517:: INFO - tn:1826.0
2020-05-06 10:56:43,518:: INFO - fn:618.0
2020-05-06 10:56:43,518:: INFO - accuracy:0.7471358180046082
2020-05-06 10:56:43,518:: INFO - precision:0.7471358180046082
2020-05-06 10:56:43,518:: INFO - recall:0.7471358180046082
2020-05-06 10:56:43,518:: INFO - auc:0.7688233852386475
2020-05-06 10:56:43,539:: INFO - balanced accuracy : 0.5013638843426077
2020-05-06 10:56:43,540:: INFO - Model evaluated.
2020-05-06 10:56:43,550:: INFO - Metric: val_accuracy
2020-05-06 10:56:44,597:: INFO - Data tokenized using 300 terms
2020-05-06 10:56:44,597:: INFO - Shape of train data tensor : (7334, 300)
2020-05-06 10:56:44,597:: INFO - Shape of train label tensor: (7334, 2)
2020-05-06 10:56:44,822:: INFO - Shape of test data tensor : (2444, 300)
2020-05-06 10:56:44,822:: INFO - Shape of test label tensor: (2444, 2)
2020-05-06 10:56:44,825:: INFO - Spliting data started
2020-05-06 10:56:44,825:: INFO - Training shape    : (5867, 300) (5867, 2)
2020-05-06 10:56:44,825:: INFO - Validation shape  : (1467, 300) (1467, 2)
2020-05-06 10:56:44,825:: INFO - Test shape        : (2444, 300) (2444, 2)
2020-05-06 10:56:44,825:: INFO - Spliting data concluded
2020-05-06 10:59:29,815:: INFO - Model built.
2020-05-06 10:59:34,426:: INFO - loss:0.5652368664741516
2020-05-06 10:59:34,426:: INFO - tp:1827.0
2020-05-06 10:59:34,426:: INFO - fp:618.0
2020-05-06 10:59:34,426:: INFO - tn:1826.0
2020-05-06 10:59:34,427:: INFO - fn:617.0
2020-05-06 10:59:34,427:: INFO - accuracy:0.7473404407501221
2020-05-06 10:59:34,427:: INFO - precision:0.7472392916679382
2020-05-06 10:59:34,427:: INFO - recall:0.7475450038909912
2020-05-06 10:59:34,427:: INFO - auc:0.7673338651657104
2020-05-06 10:59:34,449:: INFO - balanced accuracy : 0.5016366612111293
2020-05-06 10:59:34,450:: INFO - Model evaluated.
2020-05-06 10:59:34,461:: INFO - Threshold: 108
2020-05-06 10:59:34,546:: INFO - Bug reports train file read: /home/lgomes/experiments/datasets/20190917_eclipse_bug_report_108_train_data.csv
2020-05-06 10:59:34,546:: INFO - Bug reports test file read: /home/lgomes/experiments/datasets/20190917_eclipse_bug_report_108_test_data.csv
2020-05-06 10:59:34,547:: INFO - Reports in train - Total: 7334 Positive: 1395 (19.02% of total)
2020-05-06 10:59:34,547:: INFO - Reports in test - Total: 2444 Positive: 465 (19.03% of total)
2020-05-06 10:59:36,332:: INFO - Bug reports long_description cleaned.
2020-05-06 10:59:36,333:: INFO - Metric: val_accuracy
2020-05-06 10:59:36,939:: INFO - Data tokenized using 100 terms
2020-05-06 10:59:36,939:: INFO - Shape of train data tensor : (7334, 100)
2020-05-06 10:59:36,939:: INFO - Shape of train label tensor: (7334, 2)
2020-05-06 10:59:37,142:: INFO - Shape of test data tensor : (2444, 100)
2020-05-06 10:59:37,142:: INFO - Shape of test label tensor: (2444, 2)
2020-05-06 10:59:37,143:: INFO - Spliting data started
2020-05-06 10:59:37,144:: INFO - Training shape    : (5867, 100) (5867, 2)
2020-05-06 10:59:37,144:: INFO - Validation shape  : (1467, 100) (1467, 2)
2020-05-06 10:59:37,144:: INFO - Test shape        : (2444, 100) (2444, 2)
2020-05-06 10:59:37,144:: INFO - Spliting data concluded
2020-05-06 11:00:05,485:: INFO - Model built.
2020-05-06 11:00:07,138:: INFO - loss:0.6127151250839233
2020-05-06 11:00:07,138:: INFO - tp:1979.0
2020-05-06 11:00:07,138:: INFO - fp:465.0
2020-05-06 11:00:07,138:: INFO - tn:1979.0
2020-05-06 11:00:07,139:: INFO - fn:465.0
2020-05-06 11:00:07,139:: INFO - accuracy:0.8097381591796875
2020-05-06 11:00:07,139:: INFO - precision:0.8097381591796875
2020-05-06 11:00:07,139:: INFO - recall:0.8097381591796875
2020-05-06 11:00:07,139:: INFO - auc:0.8262040615081787
2020-05-06 11:00:07,160:: INFO - balanced accuracy : 0.5
2020-05-06 11:00:07,161:: INFO - Model evaluated.
2020-05-06 11:00:07,171:: INFO - Metric: val_accuracy
2020-05-06 11:00:07,818:: INFO - Data tokenized using 150 terms
2020-05-06 11:00:07,818:: INFO - Shape of train data tensor : (7334, 150)
2020-05-06 11:00:07,818:: INFO - Shape of train label tensor: (7334, 2)
2020-05-06 11:00:08,030:: INFO - Shape of test data tensor : (2444, 150)
2020-05-06 11:00:08,030:: INFO - Shape of test label tensor: (2444, 2)
2020-05-06 11:00:08,032:: INFO - Spliting data started
2020-05-06 11:00:08,032:: INFO - Training shape    : (5867, 150) (5867, 2)
2020-05-06 11:00:08,032:: INFO - Validation shape  : (1467, 150) (1467, 2)
2020-05-06 11:00:08,032:: INFO - Test shape        : (2444, 150) (2444, 2)
2020-05-06 11:00:08,032:: INFO - Spliting data concluded
2020-05-06 11:00:47,916:: INFO - Model built.
2020-05-06 11:00:50,295:: INFO - loss:0.5920771956443787
2020-05-06 11:00:50,295:: INFO - tp:1979.0
2020-05-06 11:00:50,296:: INFO - fp:465.0
2020-05-06 11:00:50,296:: INFO - tn:1979.0
2020-05-06 11:00:50,296:: INFO - fn:465.0
2020-05-06 11:00:50,296:: INFO - accuracy:0.8097381591796875
2020-05-06 11:00:50,296:: INFO - precision:0.8097381591796875
2020-05-06 11:00:50,296:: INFO - recall:0.8097381591796875
2020-05-06 11:00:50,296:: INFO - auc:0.8252755999565125
2020-05-06 11:00:50,317:: INFO - balanced accuracy : 0.5
2020-05-06 11:00:50,317:: INFO - Model evaluated.
2020-05-06 11:00:50,328:: INFO - Metric: val_accuracy
2020-05-06 11:00:50,978:: INFO - Data tokenized using 200 terms
2020-05-06 11:00:50,978:: INFO - Shape of train data tensor : (7334, 200)
2020-05-06 11:00:50,978:: INFO - Shape of train label tensor: (7334, 2)
2020-05-06 11:00:51,191:: INFO - Shape of test data tensor : (2444, 200)
2020-05-06 11:00:51,191:: INFO - Shape of test label tensor: (2444, 2)
2020-05-06 11:00:51,193:: INFO - Spliting data started
2020-05-06 11:00:51,194:: INFO - Training shape    : (5867, 200) (5867, 2)
2020-05-06 11:00:51,194:: INFO - Validation shape  : (1467, 200) (1467, 2)
2020-05-06 11:00:51,194:: INFO - Test shape        : (2444, 200) (2444, 2)
2020-05-06 11:00:51,194:: INFO - Spliting data concluded
2020-05-06 11:01:44,480:: INFO - Model built.
2020-05-06 11:01:47,660:: INFO - loss:0.6246864199638367
2020-05-06 11:01:47,660:: INFO - tp:1979.0
2020-05-06 11:01:47,660:: INFO - fp:465.0
2020-05-06 11:01:47,660:: INFO - tn:1979.0
2020-05-06 11:01:47,660:: INFO - fn:465.0
2020-05-06 11:01:47,660:: INFO - accuracy:0.8097381591796875
2020-05-06 11:01:47,661:: INFO - precision:0.8097381591796875
2020-05-06 11:01:47,661:: INFO - recall:0.8097381591796875
2020-05-06 11:01:47,661:: INFO - auc:0.8279175758361816
2020-05-06 11:01:47,682:: INFO - balanced accuracy : 0.5
2020-05-06 11:01:47,682:: INFO - Model evaluated.
2020-05-06 11:01:47,693:: INFO - Metric: val_accuracy
2020-05-06 11:01:48,354:: INFO - Data tokenized using 250 terms
2020-05-06 11:01:48,354:: INFO - Shape of train data tensor : (7334, 250)
2020-05-06 11:01:48,354:: INFO - Shape of train label tensor: (7334, 2)
2020-05-06 11:01:48,568:: INFO - Shape of test data tensor : (2444, 250)
2020-05-06 11:01:48,568:: INFO - Shape of test label tensor: (2444, 2)
2020-05-06 11:01:48,570:: INFO - Spliting data started
2020-05-06 11:01:48,570:: INFO - Training shape    : (5867, 250) (5867, 2)
2020-05-06 11:01:48,571:: INFO - Validation shape  : (1467, 250) (1467, 2)
2020-05-06 11:01:48,571:: INFO - Test shape        : (2444, 250) (2444, 2)
2020-05-06 11:01:48,571:: INFO - Spliting data concluded
2020-05-06 11:02:53,560:: INFO - Model built.
2020-05-06 11:02:57,439:: INFO - loss:0.6217945218086243
2020-05-06 11:02:57,439:: INFO - tp:1979.0
2020-05-06 11:02:57,439:: INFO - fp:465.0
2020-05-06 11:02:57,439:: INFO - tn:1979.0
2020-05-06 11:02:57,439:: INFO - fn:465.0
2020-05-06 11:02:57,439:: INFO - accuracy:0.8097381591796875
2020-05-06 11:02:57,439:: INFO - precision:0.8097381591796875
2020-05-06 11:02:57,440:: INFO - recall:0.8097381591796875
2020-05-06 11:02:57,440:: INFO - auc:0.8269577026367188
2020-05-06 11:02:57,460:: INFO - balanced accuracy : 0.5
2020-05-06 11:02:57,460:: INFO - Model evaluated.
2020-05-06 11:02:57,470:: INFO - Metric: val_accuracy
2020-05-06 11:02:58,099:: INFO - Data tokenized using 300 terms
2020-05-06 11:02:58,099:: INFO - Shape of train data tensor : (7334, 300)
2020-05-06 11:02:58,099:: INFO - Shape of train label tensor: (7334, 2)
2020-05-06 11:02:58,304:: INFO - Shape of test data tensor : (2444, 300)
2020-05-06 11:02:58,304:: INFO - Shape of test label tensor: (2444, 2)
2020-05-06 11:02:58,307:: INFO - Spliting data started
2020-05-06 11:02:58,307:: INFO - Training shape    : (5867, 300) (5867, 2)
2020-05-06 11:02:58,307:: INFO - Validation shape  : (1467, 300) (1467, 2)
2020-05-06 11:02:58,307:: INFO - Test shape        : (2444, 300) (2444, 2)
2020-05-06 11:02:58,307:: INFO - Spliting data concluded
2020-05-06 11:04:19,685:: INFO - Model built.
2020-05-06 11:04:24,279:: INFO - loss:0.6139338612556458
2020-05-06 11:04:24,279:: INFO - tp:1979.0
2020-05-06 11:04:24,279:: INFO - fp:465.0
2020-05-06 11:04:24,279:: INFO - tn:1979.0
2020-05-06 11:04:24,280:: INFO - fn:465.0
2020-05-06 11:04:24,280:: INFO - accuracy:0.8097381591796875
2020-05-06 11:04:24,280:: INFO - precision:0.8097381591796875
2020-05-06 11:04:24,280:: INFO - recall:0.8097381591796875
2020-05-06 11:04:24,280:: INFO - auc:0.8269963264465332
2020-05-06 11:04:24,300:: INFO - balanced accuracy : 0.5
2020-05-06 11:04:24,300:: INFO - Model evaluated.
2020-05-06 11:04:24,316:: INFO - Threshold: 365
2020-05-06 11:04:24,403:: INFO - Bug reports train file read: /home/lgomes/experiments/datasets/20190917_eclipse_bug_report_365_train_data.csv
2020-05-06 11:04:24,403:: INFO - Bug reports test file read: /home/lgomes/experiments/datasets/20190917_eclipse_bug_report_365_test_data.csv
2020-05-06 11:04:24,403:: INFO - Reports in train - Total: 7334 Positive: 569 (7.76% of total)
2020-05-06 11:04:24,404:: INFO - Reports in test - Total: 2444 Positive: 189 (7.73% of total)
2020-05-06 11:04:26,219:: INFO - Bug reports long_description cleaned.
2020-05-06 11:04:26,219:: INFO - Metric: val_accuracy
2020-05-06 11:04:26,830:: INFO - Data tokenized using 100 terms
2020-05-06 11:04:26,830:: INFO - Shape of train data tensor : (7334, 100)
2020-05-06 11:04:26,830:: INFO - Shape of train label tensor: (7334, 2)
2020-05-06 11:04:27,030:: INFO - Shape of test data tensor : (2444, 100)
2020-05-06 11:04:27,030:: INFO - Shape of test label tensor: (2444, 2)
2020-05-06 11:04:27,031:: INFO - Spliting data started
2020-05-06 11:04:27,031:: INFO - Training shape    : (5867, 100) (5867, 2)
2020-05-06 11:04:27,031:: INFO - Validation shape  : (1467, 100) (1467, 2)
2020-05-06 11:04:27,031:: INFO - Test shape        : (2444, 100) (2444, 2)
2020-05-06 11:04:27,031:: INFO - Spliting data concluded
2020-05-06 11:04:55,083:: INFO - Model built.
2020-05-06 11:04:56,730:: INFO - loss:0.5184593200683594
2020-05-06 11:04:56,731:: INFO - tp:2255.0
2020-05-06 11:04:56,731:: INFO - fp:189.0
2020-05-06 11:04:56,731:: INFO - tn:2255.0
2020-05-06 11:04:56,731:: INFO - fn:189.0
2020-05-06 11:04:56,731:: INFO - accuracy:0.9226677417755127
2020-05-06 11:04:56,731:: INFO - precision:0.9226677417755127
2020-05-06 11:04:56,731:: INFO - recall:0.9226677417755127
2020-05-06 11:04:56,732:: INFO - auc:0.9279171228408813
2020-05-06 11:04:56,751:: INFO - balanced accuracy : 0.5
2020-05-06 11:04:56,751:: INFO - Model evaluated.
2020-05-06 11:04:56,762:: INFO - Metric: val_accuracy
2020-05-06 11:04:57,419:: INFO - Data tokenized using 150 terms
2020-05-06 11:04:57,419:: INFO - Shape of train data tensor : (7334, 150)
2020-05-06 11:04:57,419:: INFO - Shape of train label tensor: (7334, 2)
2020-05-06 11:04:57,627:: INFO - Shape of test data tensor : (2444, 150)
2020-05-06 11:04:57,627:: INFO - Shape of test label tensor: (2444, 2)
2020-05-06 11:04:57,629:: INFO - Spliting data started
2020-05-06 11:04:57,629:: INFO - Training shape    : (5867, 150) (5867, 2)
2020-05-06 11:04:57,629:: INFO - Validation shape  : (1467, 150) (1467, 2)
2020-05-06 11:04:57,629:: INFO - Test shape        : (2444, 150) (2444, 2)
2020-05-06 11:04:57,629:: INFO - Spliting data concluded
2020-05-06 11:05:36,189:: INFO - Model built.
2020-05-06 11:05:38,929:: INFO - loss:0.5605509281158447
2020-05-06 11:05:38,930:: INFO - tp:2255.0
2020-05-06 11:05:38,930:: INFO - fp:189.0
2020-05-06 11:05:38,930:: INFO - tn:2255.0
2020-05-06 11:05:38,930:: INFO - fn:189.0
2020-05-06 11:05:38,930:: INFO - accuracy:0.9226677417755127
2020-05-06 11:05:38,930:: INFO - precision:0.9226677417755127
2020-05-06 11:05:38,931:: INFO - recall:0.9226677417755127
2020-05-06 11:05:38,931:: INFO - auc:0.9278979301452637
2020-05-06 11:05:38,951:: INFO - balanced accuracy : 0.5
2020-05-06 11:05:38,951:: INFO - Model evaluated.
2020-05-06 11:05:38,961:: INFO - Metric: val_accuracy
2020-05-06 11:05:39,629:: INFO - Data tokenized using 200 terms
2020-05-06 11:05:39,629:: INFO - Shape of train data tensor : (7334, 200)
2020-05-06 11:05:39,629:: INFO - Shape of train label tensor: (7334, 2)
2020-05-06 11:05:39,842:: INFO - Shape of test data tensor : (2444, 200)
2020-05-06 11:05:39,842:: INFO - Shape of test label tensor: (2444, 2)
2020-05-06 11:05:39,844:: INFO - Spliting data started
2020-05-06 11:05:39,844:: INFO - Training shape    : (5867, 200) (5867, 2)
2020-05-06 11:05:39,844:: INFO - Validation shape  : (1467, 200) (1467, 2)
2020-05-06 11:05:39,844:: INFO - Test shape        : (2444, 200) (2444, 2)
2020-05-06 11:05:39,844:: INFO - Spliting data concluded
2020-05-06 11:06:31,698:: INFO - Model built.
2020-05-06 11:06:34,884:: INFO - loss:0.5510939359664917
2020-05-06 11:06:34,885:: INFO - tp:2255.0
2020-05-06 11:06:34,885:: INFO - fp:189.0
2020-05-06 11:06:34,885:: INFO - tn:2255.0
2020-05-06 11:06:34,885:: INFO - fn:189.0
2020-05-06 11:06:34,885:: INFO - accuracy:0.9226677417755127
2020-05-06 11:06:34,885:: INFO - precision:0.9226677417755127
2020-05-06 11:06:34,885:: INFO - recall:0.9226677417755127
2020-05-06 11:06:34,886:: INFO - auc:0.927823543548584
2020-05-06 11:06:34,906:: INFO - balanced accuracy : 0.5
2020-05-06 11:06:34,906:: INFO - Model evaluated.
2020-05-06 11:06:34,917:: INFO - Metric: val_accuracy
2020-05-06 11:06:35,579:: INFO - Data tokenized using 250 terms
2020-05-06 11:06:35,579:: INFO - Shape of train data tensor : (7334, 250)
2020-05-06 11:06:35,579:: INFO - Shape of train label tensor: (7334, 2)
2020-05-06 11:06:35,790:: INFO - Shape of test data tensor : (2444, 250)
2020-05-06 11:06:35,790:: INFO - Shape of test label tensor: (2444, 2)
2020-05-06 11:06:35,792:: INFO - Spliting data started
2020-05-06 11:06:35,792:: INFO - Training shape    : (5867, 250) (5867, 2)
2020-05-06 11:06:35,792:: INFO - Validation shape  : (1467, 250) (1467, 2)
2020-05-06 11:06:35,792:: INFO - Test shape        : (2444, 250) (2444, 2)
2020-05-06 11:06:35,792:: INFO - Spliting data concluded
2020-05-06 11:07:41,328:: INFO - Model built.
2020-05-06 11:07:45,207:: INFO - loss:0.6212353706359863
2020-05-06 11:07:45,208:: INFO - tp:2255.0
2020-05-06 11:07:45,208:: INFO - fp:189.0
2020-05-06 11:07:45,208:: INFO - tn:2255.0
2020-05-06 11:07:45,208:: INFO - fn:189.0
2020-05-06 11:07:45,208:: INFO - accuracy:0.9226677417755127
2020-05-06 11:07:45,208:: INFO - precision:0.9226677417755127
2020-05-06 11:07:45,208:: INFO - recall:0.9226677417755127
2020-05-06 11:07:45,208:: INFO - auc:0.9275956153869629
2020-05-06 11:07:45,227:: INFO - balanced accuracy : 0.5
2020-05-06 11:07:45,228:: INFO - Model evaluated.
2020-05-06 11:07:45,238:: INFO - Metric: val_accuracy
2020-05-06 11:07:45,895:: INFO - Data tokenized using 300 terms
2020-05-06 11:07:45,895:: INFO - Shape of train data tensor : (7334, 300)
2020-05-06 11:07:45,895:: INFO - Shape of train label tensor: (7334, 2)
2020-05-06 11:07:46,105:: INFO - Shape of test data tensor : (2444, 300)
2020-05-06 11:07:46,105:: INFO - Shape of test label tensor: (2444, 2)
2020-05-06 11:07:46,108:: INFO - Spliting data started
2020-05-06 11:07:46,108:: INFO - Training shape    : (5867, 300) (5867, 2)
2020-05-06 11:07:46,108:: INFO - Validation shape  : (1467, 300) (1467, 2)
2020-05-06 11:07:46,108:: INFO - Test shape        : (2444, 300) (2444, 2)
2020-05-06 11:07:46,108:: INFO - Spliting data concluded
2020-05-06 11:09:04,454:: INFO - Model built.
2020-05-06 11:09:09,053:: INFO - loss:0.5742210149765015
2020-05-06 11:09:09,053:: INFO - tp:2255.0
2020-05-06 11:09:09,054:: INFO - fp:189.0
2020-05-06 11:09:09,054:: INFO - tn:2255.0
2020-05-06 11:09:09,054:: INFO - fn:189.0
2020-05-06 11:09:09,054:: INFO - accuracy:0.9226677417755127
2020-05-06 11:09:09,054:: INFO - precision:0.9226677417755127
2020-05-06 11:09:09,054:: INFO - recall:0.9226677417755127
2020-05-06 11:09:09,054:: INFO - auc:0.9275373220443726
2020-05-06 11:09:09,074:: INFO - balanced accuracy : 0.5
2020-05-06 11:09:09,074:: INFO - Model evaluated.
2020-05-06 11:09:09,084:: INFO - Metricas recorded
