2020-05-02 19:26:02,280:: INFO - Setup completed
2020-05-02 19:26:02,280:: INFO - >>> Starting prediction with threshold 8
2020-05-02 19:26:02,389:: INFO - Bug reports file read
2020-05-02 19:26:02,390:: INFO - Reports - Total: 9846 Positive: 4905 (49.82% of total)
2020-05-02 19:26:03,365:: INFO - Bug reports short_description cleaned.
2020-05-02 19:26:04,992:: INFO - Data tokenized using 100 terms
2020-05-02 19:26:04,992:: INFO - Shape of data tensor : (9846, 100)
2020-05-02 19:26:04,992:: INFO - Shape of label tensor: (9846, 2)
2020-05-02 19:26:04,992:: INFO - Data pre-processed
2020-05-02 19:26:04,992:: INFO - Spliting data started
2020-05-02 19:26:04,996:: INFO - Training shape    : (6300, 100) (6300, 2)
2020-05-02 19:26:04,996:: INFO - Validation shape  : (1576, 100) (1576, 2)
2020-05-02 19:26:04,996:: INFO - Test shape        : (1970, 100) (1970, 2)
2020-05-02 19:26:04,996:: INFO - Spliting data concluded
2020-05-02 19:26:49,670:: INFO - Model built.
2020-05-02 19:26:49,670:: WARNING - From /home/lgomes/experiments/long-lived-bug-prediction-w-dnn.py:231: Sequential.predict_classes (from tensorflow.python.keras.engine.sequential) is deprecated and will be removed after 2021-01-01.
Instructions for updating:
Please use instead:* `np.argmax(model.predict(x), axis=-1)`,   if your model does multi-class classification   (e.g. if it uses a `softmax` last-layer activation).* `(model.predict(x) > 0.5).astype("int32")`,   if your model does binary classification   (e.g. if it uses a `sigmoid` last-layer activation).
2020-05-02 19:26:51,387:: INFO - loss:0.679384171962738
2020-05-02 19:26:51,387:: INFO - tp:1137.0
2020-05-02 19:26:51,387:: INFO - fp:860.0
2020-05-02 19:26:51,387:: INFO - tn:1110.0
2020-05-02 19:26:51,387:: INFO - fn:833.0
2020-05-02 19:26:51,387:: INFO - accuracy:0.5703045725822449
2020-05-02 19:26:51,387:: INFO - precision:0.5693540573120117
2020-05-02 19:26:51,388:: INFO - recall:0.5771573781967163
2020-05-02 19:26:51,388:: INFO - auc:0.601862907409668
2020-05-02 19:26:51,404:: INFO - balanced accuracy : 0.5664094845943402
2020-05-02 19:26:51,405:: INFO - Model evaluated.
2020-05-02 19:26:53,179:: INFO - Data tokenized using 150 terms
2020-05-02 19:26:53,179:: INFO - Shape of data tensor : (9846, 150)
2020-05-02 19:26:53,179:: INFO - Shape of label tensor: (9846, 2)
2020-05-02 19:26:53,180:: INFO - Data pre-processed
2020-05-02 19:26:53,180:: INFO - Spliting data started
2020-05-02 19:26:53,183:: INFO - Training shape    : (6300, 150) (6300, 2)
2020-05-02 19:26:53,183:: INFO - Validation shape  : (1576, 150) (1576, 2)
2020-05-02 19:26:53,183:: INFO - Test shape        : (1970, 150) (1970, 2)
2020-05-02 19:26:53,183:: INFO - Spliting data concluded
2020-05-02 19:28:06,917:: INFO - Model built.
2020-05-02 19:28:09,227:: INFO - loss:0.6809726357460022
2020-05-02 19:28:09,227:: INFO - tp:1138.0
2020-05-02 19:28:09,227:: INFO - fp:816.0
2020-05-02 19:28:09,227:: INFO - tn:1154.0
2020-05-02 19:28:09,228:: INFO - fn:832.0
2020-05-02 19:28:09,228:: INFO - accuracy:0.5817258954048157
2020-05-02 19:28:09,228:: INFO - precision:0.582395076751709
2020-05-02 19:28:09,228:: INFO - recall:0.5776649713516235
2020-05-02 19:28:09,228:: INFO - auc:0.6051642298698425
2020-05-02 19:28:09,246:: INFO - balanced accuracy : 0.5791855763549236
2020-05-02 19:28:09,246:: INFO - Model evaluated.
2020-05-02 19:28:11,013:: INFO - Data tokenized using 200 terms
2020-05-02 19:28:11,013:: INFO - Shape of data tensor : (9846, 200)
2020-05-02 19:28:11,013:: INFO - Shape of label tensor: (9846, 2)
2020-05-02 19:28:11,013:: INFO - Data pre-processed
2020-05-02 19:28:11,013:: INFO - Spliting data started
2020-05-02 19:28:11,018:: INFO - Training shape    : (6300, 200) (6300, 2)
2020-05-02 19:28:11,018:: INFO - Validation shape  : (1576, 200) (1576, 2)
2020-05-02 19:28:11,018:: INFO - Test shape        : (1970, 200) (1970, 2)
2020-05-02 19:28:11,018:: INFO - Spliting data concluded
2020-05-02 19:29:33,491:: INFO - Model built.
2020-05-02 19:29:36,621:: INFO - loss:0.6775986552238464
2020-05-02 19:29:36,622:: INFO - tp:1117.0
2020-05-02 19:29:36,622:: INFO - fp:865.0
2020-05-02 19:29:36,622:: INFO - tn:1105.0
2020-05-02 19:29:36,622:: INFO - fn:853.0
2020-05-02 19:29:36,622:: INFO - accuracy:0.5639594197273254
2020-05-02 19:29:36,622:: INFO - precision:0.5635721683502197
2020-05-02 19:29:36,622:: INFO - recall:0.5670050978660583
2020-05-02 19:29:36,622:: INFO - auc:0.6039855480194092
2020-05-02 19:29:36,641:: INFO - balanced accuracy : 0.5651771967979079
2020-05-02 19:29:36,641:: INFO - Model evaluated.
2020-05-02 19:29:38,361:: INFO - Data tokenized using 250 terms
2020-05-02 19:29:38,361:: INFO - Shape of data tensor : (9846, 250)
2020-05-02 19:29:38,361:: INFO - Shape of label tensor: (9846, 2)
2020-05-02 19:29:38,361:: INFO - Data pre-processed
2020-05-02 19:29:38,361:: INFO - Spliting data started
2020-05-02 19:29:38,366:: INFO - Training shape    : (6300, 250) (6300, 2)
2020-05-02 19:29:38,367:: INFO - Validation shape  : (1576, 250) (1576, 2)
2020-05-02 19:29:38,367:: INFO - Test shape        : (1970, 250) (1970, 2)
2020-05-02 19:29:38,367:: INFO - Spliting data concluded
2020-05-02 19:31:24,575:: INFO - Model built.
2020-05-02 19:31:28,306:: INFO - loss:0.8036079406738281
2020-05-02 19:31:28,306:: INFO - tp:1094.0
2020-05-02 19:31:28,306:: INFO - fp:861.0
2020-05-02 19:31:28,307:: INFO - tn:1109.0
2020-05-02 19:31:28,307:: INFO - fn:876.0
2020-05-02 19:31:28,307:: INFO - accuracy:0.5591370463371277
2020-05-02 19:31:28,307:: INFO - precision:0.5595908164978027
2020-05-02 19:31:28,307:: INFO - recall:0.5553299784660339
2020-05-02 19:31:28,307:: INFO - auc:0.5750301480293274
2020-05-02 19:31:28,325:: INFO - balanced accuracy : 0.5549084755620315
2020-05-02 19:31:28,325:: INFO - Model evaluated.
2020-05-02 19:31:30,073:: INFO - Data tokenized using 300 terms
2020-05-02 19:31:30,073:: INFO - Shape of data tensor : (9846, 300)
2020-05-02 19:31:30,073:: INFO - Shape of label tensor: (9846, 2)
2020-05-02 19:31:30,073:: INFO - Data pre-processed
2020-05-02 19:31:30,073:: INFO - Spliting data started
2020-05-02 19:31:30,079:: INFO - Training shape    : (6300, 300) (6300, 2)
2020-05-02 19:31:30,079:: INFO - Validation shape  : (1576, 300) (1576, 2)
2020-05-02 19:31:30,079:: INFO - Test shape        : (1970, 300) (1970, 2)
2020-05-02 19:31:30,079:: INFO - Spliting data concluded
2020-05-02 19:33:29,206:: INFO - Model built.
2020-05-02 19:33:33,559:: INFO - loss:0.7301801443099976
2020-05-02 19:33:33,559:: INFO - tp:1120.0
2020-05-02 19:33:33,559:: INFO - fp:846.0
2020-05-02 19:33:33,559:: INFO - tn:1124.0
2020-05-02 19:33:33,559:: INFO - fn:850.0
2020-05-02 19:33:33,559:: INFO - accuracy:0.5695431232452393
2020-05-02 19:33:33,560:: INFO - precision:0.569684624671936
2020-05-02 19:33:33,560:: INFO - recall:0.5685279369354248
2020-05-02 19:33:33,560:: INFO - auc:0.5887050628662109
2020-05-02 19:33:33,577:: INFO - balanced accuracy : 0.5705734830227864
2020-05-02 19:33:33,577:: INFO - Model evaluated.
2020-05-02 19:33:33,587:: INFO - >>> Starting prediction with threshold 63
2020-05-02 19:33:33,701:: INFO - Bug reports file read
2020-05-02 19:33:33,701:: INFO - Reports - Total: 9846 Positive: 2459 (24.97% of total)
2020-05-02 19:33:34,746:: INFO - Bug reports short_description cleaned.
2020-05-02 19:33:36,696:: INFO - Data tokenized using 100 terms
2020-05-02 19:33:36,696:: INFO - Shape of data tensor : (9846, 100)
2020-05-02 19:33:36,696:: INFO - Shape of label tensor: (9846, 2)
2020-05-02 19:33:36,696:: INFO - Data pre-processed
2020-05-02 19:33:36,696:: INFO - Spliting data started
2020-05-02 19:33:36,699:: INFO - Training shape    : (6300, 100) (6300, 2)
2020-05-02 19:33:36,699:: INFO - Validation shape  : (1576, 100) (1576, 2)
2020-05-02 19:33:36,699:: INFO - Test shape        : (1970, 100) (1970, 2)
2020-05-02 19:33:36,699:: INFO - Spliting data concluded
2020-05-02 19:34:20,101:: INFO - Model built.
2020-05-02 19:34:21,685:: INFO - loss:0.5598654747009277
2020-05-02 19:34:21,685:: INFO - tp:1482.0
2020-05-02 19:34:21,686:: INFO - fp:486.0
2020-05-02 19:34:21,686:: INFO - tn:1484.0
2020-05-02 19:34:21,686:: INFO - fn:488.0
2020-05-02 19:34:21,686:: INFO - accuracy:0.7527918815612793
2020-05-02 19:34:21,686:: INFO - precision:0.7530487775802612
2020-05-02 19:34:21,686:: INFO - recall:0.7522842884063721
2020-05-02 19:34:21,686:: INFO - auc:0.7819488048553467
2020-05-02 19:34:21,703:: INFO - balanced accuracy : 0.5007518577151043
2020-05-02 19:34:21,703:: INFO - Model evaluated.
2020-05-02 19:34:23,753:: INFO - Data tokenized using 150 terms
2020-05-02 19:34:23,753:: INFO - Shape of data tensor : (9846, 150)
2020-05-02 19:34:23,753:: INFO - Shape of label tensor: (9846, 2)
2020-05-02 19:34:23,753:: INFO - Data pre-processed
2020-05-02 19:34:23,753:: INFO - Spliting data started
2020-05-02 19:34:23,757:: INFO - Training shape    : (6300, 150) (6300, 2)
2020-05-02 19:34:23,757:: INFO - Validation shape  : (1576, 150) (1576, 2)
2020-05-02 19:34:23,757:: INFO - Test shape        : (1970, 150) (1970, 2)
2020-05-02 19:34:23,757:: INFO - Spliting data concluded
2020-05-02 19:35:24,268:: INFO - Model built.
2020-05-02 19:35:26,516:: INFO - loss:0.561797022819519
2020-05-02 19:35:26,516:: INFO - tp:1485.0
2020-05-02 19:35:26,517:: INFO - fp:485.0
2020-05-02 19:35:26,517:: INFO - tn:1485.0
2020-05-02 19:35:26,517:: INFO - fn:485.0
2020-05-02 19:35:26,517:: INFO - accuracy:0.7538071274757385
2020-05-02 19:35:26,517:: INFO - precision:0.7538071274757385
2020-05-02 19:35:26,517:: INFO - recall:0.7538071274757385
2020-05-02 19:35:26,517:: INFO - auc:0.7827773094177246
2020-05-02 19:35:26,537:: INFO - balanced accuracy : 0.5000264542529389
2020-05-02 19:35:26,537:: INFO - Model evaluated.
2020-05-02 19:35:28,568:: INFO - Data tokenized using 200 terms
2020-05-02 19:35:28,568:: INFO - Shape of data tensor : (9846, 200)
2020-05-02 19:35:28,568:: INFO - Shape of label tensor: (9846, 2)
2020-05-02 19:35:28,568:: INFO - Data pre-processed
2020-05-02 19:35:28,568:: INFO - Spliting data started
2020-05-02 19:35:28,572:: INFO - Training shape    : (6300, 200) (6300, 2)
2020-05-02 19:35:28,572:: INFO - Validation shape  : (1576, 200) (1576, 2)
2020-05-02 19:35:28,572:: INFO - Test shape        : (1970, 200) (1970, 2)
2020-05-02 19:35:28,572:: INFO - Spliting data concluded
2020-05-02 19:36:56,318:: INFO - Model built.
2020-05-02 19:36:59,438:: INFO - loss:0.6662156581878662
2020-05-02 19:36:59,438:: INFO - tp:1486.0
2020-05-02 19:36:59,438:: INFO - fp:484.0
2020-05-02 19:36:59,439:: INFO - tn:1486.0
2020-05-02 19:36:59,439:: INFO - fn:484.0
2020-05-02 19:36:59,439:: INFO - accuracy:0.7543147206306458
2020-05-02 19:36:59,439:: INFO - precision:0.7543147206306458
2020-05-02 19:36:59,439:: INFO - recall:0.7543147206306458
2020-05-02 19:36:59,439:: INFO - auc:0.7813377380371094
2020-05-02 19:36:59,455:: INFO - balanced accuracy : 0.5052553461956696
2020-05-02 19:36:59,456:: INFO - Model evaluated.
2020-05-02 19:37:01,248:: INFO - Data tokenized using 250 terms
2020-05-02 19:37:01,248:: INFO - Shape of data tensor : (9846, 250)
2020-05-02 19:37:01,248:: INFO - Shape of label tensor: (9846, 2)
2020-05-02 19:37:01,248:: INFO - Data pre-processed
2020-05-02 19:37:01,248:: INFO - Spliting data started
2020-05-02 19:37:01,253:: INFO - Training shape    : (6300, 250) (6300, 2)
2020-05-02 19:37:01,253:: INFO - Validation shape  : (1576, 250) (1576, 2)
2020-05-02 19:37:01,253:: INFO - Test shape        : (1970, 250) (1970, 2)
2020-05-02 19:37:01,253:: INFO - Spliting data concluded
2020-05-02 19:38:08,472:: INFO - Model built.
2020-05-02 19:38:12,195:: INFO - loss:0.6346378326416016
2020-05-02 19:38:12,195:: INFO - tp:1487.0
2020-05-02 19:38:12,195:: INFO - fp:483.0
2020-05-02 19:38:12,195:: INFO - tn:1487.0
2020-05-02 19:38:12,195:: INFO - fn:483.0
2020-05-02 19:38:12,195:: INFO - accuracy:0.754822313785553
2020-05-02 19:38:12,196:: INFO - precision:0.754822313785553
2020-05-02 19:38:12,196:: INFO - recall:0.754822313785553
2020-05-02 19:38:12,196:: INFO - auc:0.7630020976066589
2020-05-02 19:38:12,214:: INFO - balanced accuracy : 0.5
2020-05-02 19:38:12,214:: INFO - Model evaluated.
2020-05-02 19:38:14,001:: INFO - Data tokenized using 300 terms
2020-05-02 19:38:14,001:: INFO - Shape of data tensor : (9846, 300)
2020-05-02 19:38:14,001:: INFO - Shape of label tensor: (9846, 2)
2020-05-02 19:38:14,002:: INFO - Data pre-processed
2020-05-02 19:38:14,002:: INFO - Spliting data started
2020-05-02 19:38:14,007:: INFO - Training shape    : (6300, 300) (6300, 2)
2020-05-02 19:38:14,007:: INFO - Validation shape  : (1576, 300) (1576, 2)
2020-05-02 19:38:14,007:: INFO - Test shape        : (1970, 300) (1970, 2)
2020-05-02 19:38:14,007:: INFO - Spliting data concluded
2020-05-02 19:39:32,624:: INFO - Model built.
2020-05-02 19:39:37,005:: INFO - loss:0.6345874071121216
2020-05-02 19:39:37,005:: INFO - tp:1487.0
2020-05-02 19:39:37,006:: INFO - fp:483.0
2020-05-02 19:39:37,006:: INFO - tn:1487.0
2020-05-02 19:39:37,006:: INFO - fn:483.0
2020-05-02 19:39:37,006:: INFO - accuracy:0.754822313785553
2020-05-02 19:39:37,006:: INFO - precision:0.754822313785553
2020-05-02 19:39:37,006:: INFO - recall:0.754822313785553
2020-05-02 19:39:37,006:: INFO - auc:0.7612490653991699
2020-05-02 19:39:37,024:: INFO - balanced accuracy : 0.5
2020-05-02 19:39:37,024:: INFO - Model evaluated.
2020-05-02 19:39:37,036:: INFO - >>> Starting prediction with threshold 108
2020-05-02 19:39:37,150:: INFO - Bug reports file read
2020-05-02 19:39:37,150:: INFO - Reports - Total: 9846 Positive: 1866 (18.95% of total)
2020-05-02 19:39:38,190:: INFO - Bug reports short_description cleaned.
2020-05-02 19:39:39,913:: INFO - Data tokenized using 100 terms
2020-05-02 19:39:39,914:: INFO - Shape of data tensor : (9846, 100)
2020-05-02 19:39:39,914:: INFO - Shape of label tensor: (9846, 2)
2020-05-02 19:39:39,914:: INFO - Data pre-processed
2020-05-02 19:39:39,914:: INFO - Spliting data started
2020-05-02 19:39:39,917:: INFO - Training shape    : (6300, 100) (6300, 2)
2020-05-02 19:39:39,917:: INFO - Validation shape  : (1576, 100) (1576, 2)
2020-05-02 19:39:39,917:: INFO - Test shape        : (1970, 100) (1970, 2)
2020-05-02 19:39:39,917:: INFO - Spliting data concluded
2020-05-02 19:40:26,004:: INFO - Model built.
2020-05-02 19:40:27,572:: INFO - loss:0.48338502645492554
2020-05-02 19:40:27,572:: INFO - tp:1603.0
2020-05-02 19:40:27,572:: INFO - fp:367.0
2020-05-02 19:40:27,572:: INFO - tn:1603.0
2020-05-02 19:40:27,572:: INFO - fn:367.0
2020-05-02 19:40:27,572:: INFO - accuracy:0.813705563545227
2020-05-02 19:40:27,572:: INFO - precision:0.813705563545227
2020-05-02 19:40:27,573:: INFO - recall:0.813705563545227
2020-05-02 19:40:27,573:: INFO - auc:0.835398256778717
2020-05-02 19:40:27,589:: INFO - balanced accuracy : 0.5
2020-05-02 19:40:27,590:: INFO - Model evaluated.
2020-05-02 19:40:29,318:: INFO - Data tokenized using 150 terms
2020-05-02 19:40:29,318:: INFO - Shape of data tensor : (9846, 150)
2020-05-02 19:40:29,318:: INFO - Shape of label tensor: (9846, 2)
2020-05-02 19:40:29,318:: INFO - Data pre-processed
2020-05-02 19:40:29,318:: INFO - Spliting data started
2020-05-02 19:40:29,322:: INFO - Training shape    : (6300, 150) (6300, 2)
2020-05-02 19:40:29,322:: INFO - Validation shape  : (1576, 150) (1576, 2)
2020-05-02 19:40:29,322:: INFO - Test shape        : (1970, 150) (1970, 2)
2020-05-02 19:40:29,322:: INFO - Spliting data concluded
2020-05-02 19:41:33,248:: INFO - Model built.
2020-05-02 19:41:35,477:: INFO - loss:0.5130403637886047
2020-05-02 19:41:35,477:: INFO - tp:1601.0
2020-05-02 19:41:35,477:: INFO - fp:369.0
2020-05-02 19:41:35,478:: INFO - tn:1601.0
2020-05-02 19:41:35,478:: INFO - fn:369.0
2020-05-02 19:41:35,478:: INFO - accuracy:0.8126903772354126
2020-05-02 19:41:35,478:: INFO - precision:0.8126903772354126
2020-05-02 19:41:35,478:: INFO - recall:0.8126903772354126
2020-05-02 19:41:35,478:: INFO - auc:0.8386939764022827
2020-05-02 19:41:35,493:: INFO - balanced accuracy : 0.49937616968184656
2020-05-02 19:41:35,493:: INFO - Model evaluated.
2020-05-02 19:41:37,290:: INFO - Data tokenized using 200 terms
2020-05-02 19:41:37,290:: INFO - Shape of data tensor : (9846, 200)
2020-05-02 19:41:37,290:: INFO - Shape of label tensor: (9846, 2)
2020-05-02 19:41:37,290:: INFO - Data pre-processed
2020-05-02 19:41:37,290:: INFO - Spliting data started
2020-05-02 19:41:37,295:: INFO - Training shape    : (6300, 200) (6300, 2)
2020-05-02 19:41:37,295:: INFO - Validation shape  : (1576, 200) (1576, 2)
2020-05-02 19:41:37,295:: INFO - Test shape        : (1970, 200) (1970, 2)
2020-05-02 19:41:37,295:: INFO - Spliting data concluded
2020-05-02 19:43:04,902:: INFO - Model built.
2020-05-02 19:43:07,986:: INFO - loss:0.48832035064697266
2020-05-02 19:43:07,986:: INFO - tp:1601.0
2020-05-02 19:43:07,986:: INFO - fp:368.0
2020-05-02 19:43:07,987:: INFO - tn:1602.0
2020-05-02 19:43:07,987:: INFO - fn:369.0
2020-05-02 19:43:07,987:: INFO - accuracy:0.8129441738128662
2020-05-02 19:43:07,987:: INFO - precision:0.8131030797958374
2020-05-02 19:43:07,987:: INFO - recall:0.8126903772354126
2020-05-02 19:43:07,987:: INFO - auc:0.8358540534973145
2020-05-02 19:43:08,005:: INFO - balanced accuracy : 0.49968808484092325
2020-05-02 19:43:08,006:: INFO - Model evaluated.
2020-05-02 19:43:10,182:: INFO - Data tokenized using 250 terms
2020-05-02 19:43:10,183:: INFO - Shape of data tensor : (9846, 250)
2020-05-02 19:43:10,183:: INFO - Shape of label tensor: (9846, 2)
2020-05-02 19:43:10,183:: INFO - Data pre-processed
2020-05-02 19:43:10,183:: INFO - Spliting data started
2020-05-02 19:43:10,188:: INFO - Training shape    : (6300, 250) (6300, 2)
2020-05-02 19:43:10,188:: INFO - Validation shape  : (1576, 250) (1576, 2)
2020-05-02 19:43:10,188:: INFO - Test shape        : (1970, 250) (1970, 2)
2020-05-02 19:43:10,188:: INFO - Spliting data concluded
2020-05-02 19:44:51,052:: INFO - Model built.
2020-05-02 19:44:54,755:: INFO - loss:0.4832666516304016
2020-05-02 19:44:54,755:: INFO - tp:1603.0
2020-05-02 19:44:54,755:: INFO - fp:367.0
2020-05-02 19:44:54,755:: INFO - tn:1603.0
2020-05-02 19:44:54,756:: INFO - fn:367.0
2020-05-02 19:44:54,756:: INFO - accuracy:0.813705563545227
2020-05-02 19:44:54,756:: INFO - precision:0.813705563545227
2020-05-02 19:44:54,756:: INFO - recall:0.813705563545227
2020-05-02 19:44:54,756:: INFO - auc:0.8315255641937256
2020-05-02 19:44:54,774:: INFO - balanced accuracy : 0.5
2020-05-02 19:44:54,774:: INFO - Model evaluated.
2020-05-02 19:44:56,559:: INFO - Data tokenized using 300 terms
2020-05-02 19:44:56,559:: INFO - Shape of data tensor : (9846, 300)
2020-05-02 19:44:56,559:: INFO - Shape of label tensor: (9846, 2)
2020-05-02 19:44:56,559:: INFO - Data pre-processed
2020-05-02 19:44:56,560:: INFO - Spliting data started
2020-05-02 19:44:56,565:: INFO - Training shape    : (6300, 300) (6300, 2)
2020-05-02 19:44:56,565:: INFO - Validation shape  : (1576, 300) (1576, 2)
2020-05-02 19:44:56,565:: INFO - Test shape        : (1970, 300) (1970, 2)
2020-05-02 19:44:56,565:: INFO - Spliting data concluded
2020-05-02 19:47:02,923:: INFO - Model built.
2020-05-02 19:47:07,314:: INFO - loss:0.525672197341919
2020-05-02 19:47:07,314:: INFO - tp:1602.0
2020-05-02 19:47:07,314:: INFO - fp:368.0
2020-05-02 19:47:07,315:: INFO - tn:1602.0
2020-05-02 19:47:07,315:: INFO - fn:368.0
2020-05-02 19:47:07,315:: INFO - accuracy:0.8131979703903198
2020-05-02 19:47:07,315:: INFO - precision:0.8131979703903198
2020-05-02 19:47:07,315:: INFO - recall:0.8131979703903198
2020-05-02 19:47:07,315:: INFO - auc:0.8393967151641846
2020-05-02 19:47:07,334:: INFO - balanced accuracy : 0.49968808484092325
2020-05-02 19:47:07,334:: INFO - Model evaluated.
2020-05-02 19:47:07,346:: INFO - >>> Starting prediction with threshold 365
2020-05-02 19:47:07,459:: INFO - Bug reports file read
2020-05-02 19:47:07,459:: INFO - Reports - Total: 9846 Positive: 760 (7.72% of total)
2020-05-02 19:47:08,497:: INFO - Bug reports short_description cleaned.
2020-05-02 19:47:10,177:: INFO - Data tokenized using 100 terms
2020-05-02 19:47:10,177:: INFO - Shape of data tensor : (9846, 100)
2020-05-02 19:47:10,177:: INFO - Shape of label tensor: (9846, 2)
2020-05-02 19:47:10,177:: INFO - Data pre-processed
2020-05-02 19:47:10,178:: INFO - Spliting data started
2020-05-02 19:47:10,181:: INFO - Training shape    : (6300, 100) (6300, 2)
2020-05-02 19:47:10,181:: INFO - Validation shape  : (1576, 100) (1576, 2)
2020-05-02 19:47:10,181:: INFO - Test shape        : (1970, 100) (1970, 2)
2020-05-02 19:47:10,181:: INFO - Spliting data concluded
2020-05-02 19:47:39,695:: INFO - Model built.
2020-05-02 19:47:41,261:: INFO - loss:0.5913479328155518
2020-05-02 19:47:41,261:: INFO - tp:1821.0
2020-05-02 19:47:41,261:: INFO - fp:149.0
2020-05-02 19:47:41,261:: INFO - tn:1821.0
2020-05-02 19:47:41,261:: INFO - fn:149.0
2020-05-02 19:47:41,261:: INFO - accuracy:0.9243654608726501
2020-05-02 19:47:41,262:: INFO - precision:0.9243654608726501
2020-05-02 19:47:41,262:: INFO - recall:0.9243654608726501
2020-05-02 19:47:41,262:: INFO - auc:0.929149329662323
2020-05-02 19:47:41,279:: INFO - balanced accuracy : 0.5
2020-05-02 19:47:41,279:: INFO - Model evaluated.
2020-05-02 19:47:43,031:: INFO - Data tokenized using 150 terms
2020-05-02 19:47:43,031:: INFO - Shape of data tensor : (9846, 150)
2020-05-02 19:47:43,031:: INFO - Shape of label tensor: (9846, 2)
2020-05-02 19:47:43,031:: INFO - Data pre-processed
2020-05-02 19:47:43,031:: INFO - Spliting data started
2020-05-02 19:47:43,034:: INFO - Training shape    : (6300, 150) (6300, 2)
2020-05-02 19:47:43,035:: INFO - Validation shape  : (1576, 150) (1576, 2)
2020-05-02 19:47:43,035:: INFO - Test shape        : (1970, 150) (1970, 2)
2020-05-02 19:47:43,035:: INFO - Spliting data concluded
2020-05-02 19:48:23,086:: INFO - Model built.
2020-05-02 19:48:25,312:: INFO - loss:0.5509874820709229
2020-05-02 19:48:25,312:: INFO - tp:1821.0
2020-05-02 19:48:25,312:: INFO - fp:149.0
2020-05-02 19:48:25,312:: INFO - tn:1821.0
2020-05-02 19:48:25,312:: INFO - fn:149.0
2020-05-02 19:48:25,312:: INFO - accuracy:0.9243654608726501
2020-05-02 19:48:25,313:: INFO - precision:0.9243654608726501
2020-05-02 19:48:25,313:: INFO - recall:0.9243654608726501
2020-05-02 19:48:25,313:: INFO - auc:0.9290363788604736
2020-05-02 19:48:25,329:: INFO - balanced accuracy : 0.5
2020-05-02 19:48:25,329:: INFO - Model evaluated.
2020-05-02 19:48:27,162:: INFO - Data tokenized using 200 terms
2020-05-02 19:48:27,162:: INFO - Shape of data tensor : (9846, 200)
2020-05-02 19:48:27,162:: INFO - Shape of label tensor: (9846, 2)
2020-05-02 19:48:27,162:: INFO - Data pre-processed
2020-05-02 19:48:27,162:: INFO - Spliting data started
2020-05-02 19:48:27,166:: INFO - Training shape    : (6300, 200) (6300, 2)
2020-05-02 19:48:27,166:: INFO - Validation shape  : (1576, 200) (1576, 2)
2020-05-02 19:48:27,166:: INFO - Test shape        : (1970, 200) (1970, 2)
2020-05-02 19:48:27,167:: INFO - Spliting data concluded
2020-05-02 19:49:21,396:: INFO - Model built.
2020-05-02 19:49:24,472:: INFO - loss:0.5642491579055786
2020-05-02 19:49:24,473:: INFO - tp:1821.0
2020-05-02 19:49:24,473:: INFO - fp:149.0
2020-05-02 19:49:24,473:: INFO - tn:1821.0
2020-05-02 19:49:24,473:: INFO - fn:149.0
2020-05-02 19:49:24,473:: INFO - accuracy:0.9243654608726501
2020-05-02 19:49:24,473:: INFO - precision:0.9243654608726501
2020-05-02 19:49:24,473:: INFO - recall:0.9243654608726501
2020-05-02 19:49:24,473:: INFO - auc:0.9285233020782471
2020-05-02 19:49:24,491:: INFO - balanced accuracy : 0.5
2020-05-02 19:49:24,491:: INFO - Model evaluated.
2020-05-02 19:49:26,278:: INFO - Data tokenized using 250 terms
2020-05-02 19:49:26,278:: INFO - Shape of data tensor : (9846, 250)
2020-05-02 19:49:26,278:: INFO - Shape of label tensor: (9846, 2)
2020-05-02 19:49:26,278:: INFO - Data pre-processed
2020-05-02 19:49:26,278:: INFO - Spliting data started
2020-05-02 19:49:26,284:: INFO - Training shape    : (6300, 250) (6300, 2)
2020-05-02 19:49:26,284:: INFO - Validation shape  : (1576, 250) (1576, 2)
2020-05-02 19:49:26,284:: INFO - Test shape        : (1970, 250) (1970, 2)
2020-05-02 19:49:26,284:: INFO - Spliting data concluded
2020-05-02 19:50:33,353:: INFO - Model built.
2020-05-02 19:50:37,049:: INFO - loss:0.5821335315704346
2020-05-02 19:50:37,050:: INFO - tp:1821.0
2020-05-02 19:50:37,050:: INFO - fp:149.0
2020-05-02 19:50:37,050:: INFO - tn:1821.0
2020-05-02 19:50:37,050:: INFO - fn:149.0
2020-05-02 19:50:37,050:: INFO - accuracy:0.9243654608726501
2020-05-02 19:50:37,050:: INFO - precision:0.9243654608726501
2020-05-02 19:50:37,050:: INFO - recall:0.9243654608726501
2020-05-02 19:50:37,050:: INFO - auc:0.9281408786773682
2020-05-02 19:50:37,068:: INFO - balanced accuracy : 0.5
2020-05-02 19:50:37,068:: INFO - Model evaluated.
2020-05-02 19:50:38,795:: INFO - Data tokenized using 300 terms
2020-05-02 19:50:38,795:: INFO - Shape of data tensor : (9846, 300)
2020-05-02 19:50:38,795:: INFO - Shape of label tensor: (9846, 2)
2020-05-02 19:50:38,795:: INFO - Data pre-processed
2020-05-02 19:50:38,795:: INFO - Spliting data started
2020-05-02 19:50:38,801:: INFO - Training shape    : (6300, 300) (6300, 2)
2020-05-02 19:50:38,801:: INFO - Validation shape  : (1576, 300) (1576, 2)
2020-05-02 19:50:38,801:: INFO - Test shape        : (1970, 300) (1970, 2)
2020-05-02 19:50:38,801:: INFO - Spliting data concluded
2020-05-02 19:51:58,341:: INFO - Model built.
2020-05-02 19:52:02,704:: INFO - loss:0.6108722686767578
2020-05-02 19:52:02,704:: INFO - tp:1821.0
2020-05-02 19:52:02,705:: INFO - fp:149.0
2020-05-02 19:52:02,705:: INFO - tn:1821.0
2020-05-02 19:52:02,705:: INFO - fn:149.0
2020-05-02 19:52:02,705:: INFO - accuracy:0.9243654608726501
2020-05-02 19:52:02,705:: INFO - precision:0.9243654608726501
2020-05-02 19:52:02,705:: INFO - recall:0.9243654608726501
2020-05-02 19:52:02,705:: INFO - auc:0.9259133338928223
2020-05-02 19:52:02,723:: INFO - balanced accuracy : 0.5
2020-05-02 19:52:02,723:: INFO - Model evaluated.
2020-05-02 19:52:02,734:: INFO - Metricas recorded
