2020-05-04 00:23:59,468:: INFO - Setup completed
2020-05-04 00:23:59,469:: INFO - Starting prediction using feature long_description
2020-05-04 00:23:59,469:: INFO - Threshold: 8
2020-05-04 00:23:59,702:: INFO - Bug reports file read
2020-05-04 00:23:59,702:: INFO - Reports - Total: 9846 Positive: 4905 (49.82% of total)
2020-05-04 00:24:02,199:: INFO - Bug reports long_description cleaned.
2020-05-04 00:24:03,397:: INFO - Metric: val_accuracy
2020-05-04 00:24:03,397:: INFO - Data tokenized using 100 terms
2020-05-04 00:24:03,397:: INFO - Shape of data tensor : (9846, 100)
2020-05-04 00:24:03,398:: INFO - Shape of label tensor: (9846, 2)
2020-05-04 00:24:03,398:: INFO - Data pre-processed
2020-05-04 00:24:03,398:: INFO - Spliting data started
2020-05-04 00:24:03,405:: INFO - Training shape    : (6300, 100) (6300, 2)
2020-05-04 00:24:03,405:: INFO - Validation shape  : (1576, 100) (1576, 2)
2020-05-04 00:24:03,405:: INFO - Test shape        : (1970, 100) (1970, 2)
2020-05-04 00:24:03,405:: INFO - Spliting data concluded
2020-05-04 00:24:43,563:: INFO - Model built.
2020-05-04 00:24:43,564:: WARNING - From /home/gomes/Workspace/doctorate/projects/long-lived-bug-prediction/deep-learning/long-lived-bug-prediction-w-dnn.py:247: Sequential.predict_classes (from tensorflow.python.keras.engine.sequential) is deprecated and will be removed after 2021-01-01.
Instructions for updating:
Please use instead:* `np.argmax(model.predict(x), axis=-1)`,   if your model does multi-class classification   (e.g. if it uses a `softmax` last-layer activation).* `(model.predict(x) > 0.5).astype("int32")`,   if your model does binary classification   (e.g. if it uses a `sigmoid` last-layer activation).
2020-05-04 00:24:49,856:: INFO - loss:0.6878539323806763
2020-05-04 00:24:49,856:: INFO - tp:1089.0
2020-05-04 00:24:49,857:: INFO - fp:859.0
2020-05-04 00:24:49,857:: INFO - tn:1111.0
2020-05-04 00:24:49,857:: INFO - fn:881.0
2020-05-04 00:24:49,857:: INFO - accuracy:0.5583756566047668
2020-05-04 00:24:49,857:: INFO - precision:0.5590348839759827
2020-05-04 00:24:49,857:: INFO - recall:0.5527918934822083
2020-05-04 00:24:49,857:: INFO - auc:0.5724043250083923
2020-05-04 00:24:49,910:: INFO - balanced accuracy : 0.556836825502892
2020-05-04 00:24:49,910:: INFO - Model evaluated.
2020-05-04 00:24:51,326:: INFO - Metric: val_auc
2020-05-04 00:24:51,327:: INFO - Data tokenized using 100 terms
2020-05-04 00:24:51,327:: INFO - Shape of data tensor : (9846, 100)
2020-05-04 00:24:51,327:: INFO - Shape of label tensor: (9846, 2)
2020-05-04 00:24:51,327:: INFO - Data pre-processed
2020-05-04 00:24:51,327:: INFO - Spliting data started
2020-05-04 00:24:51,332:: INFO - Training shape    : (6300, 100) (6300, 2)
2020-05-04 00:24:51,332:: INFO - Validation shape  : (1576, 100) (1576, 2)
2020-05-04 00:24:51,332:: INFO - Test shape        : (1970, 100) (1970, 2)
2020-05-04 00:24:51,332:: INFO - Spliting data concluded
2020-05-04 00:25:33,327:: INFO - Model built.
2020-05-04 00:25:40,280:: INFO - loss:0.6870428323745728
2020-05-04 00:25:40,281:: INFO - tp:1082.0
2020-05-04 00:25:40,281:: INFO - fp:856.0
2020-05-04 00:25:40,281:: INFO - tn:1114.0
2020-05-04 00:25:40,281:: INFO - fn:888.0
2020-05-04 00:25:40,281:: INFO - accuracy:0.5573604106903076
2020-05-04 00:25:40,281:: INFO - precision:0.5583075284957886
2020-05-04 00:25:40,281:: INFO - recall:0.5492385625839233
2020-05-04 00:25:40,281:: INFO - auc:0.5711185336112976
2020-05-04 00:25:40,297:: INFO - balanced accuracy : 0.5597205851871788
2020-05-04 00:25:40,297:: INFO - Model evaluated.
2020-05-04 00:25:41,812:: INFO - Metric: val_accuracy
2020-05-04 00:25:41,813:: INFO - Data tokenized using 150 terms
2020-05-04 00:25:41,813:: INFO - Shape of data tensor : (9846, 150)
2020-05-04 00:25:41,813:: INFO - Shape of label tensor: (9846, 2)
2020-05-04 00:25:41,813:: INFO - Data pre-processed
2020-05-04 00:25:41,813:: INFO - Spliting data started
2020-05-04 00:25:41,819:: INFO - Training shape    : (6300, 150) (6300, 2)
2020-05-04 00:25:41,819:: INFO - Validation shape  : (1576, 150) (1576, 2)
2020-05-04 00:25:41,819:: INFO - Test shape        : (1970, 150) (1970, 2)
2020-05-04 00:25:41,819:: INFO - Spliting data concluded
2020-05-04 00:26:43,873:: INFO - Model built.
2020-05-04 00:26:54,037:: INFO - loss:0.6869468688964844
2020-05-04 00:26:54,038:: INFO - tp:1106.0
2020-05-04 00:26:54,038:: INFO - fp:846.0
2020-05-04 00:26:54,038:: INFO - tn:1124.0
2020-05-04 00:26:54,038:: INFO - fn:864.0
2020-05-04 00:26:54,038:: INFO - accuracy:0.5659898519515991
2020-05-04 00:26:54,038:: INFO - precision:0.5665983557701111
2020-05-04 00:26:54,038:: INFO - recall:0.5614213347434998
2020-05-04 00:26:54,038:: INFO - auc:0.5736410617828369
2020-05-04 00:26:54,055:: INFO - balanced accuracy : 0.5630472466359575
2020-05-04 00:26:54,055:: INFO - Model evaluated.
2020-05-04 00:26:55,587:: INFO - Metric: val_auc
2020-05-04 00:26:55,587:: INFO - Data tokenized using 150 terms
2020-05-04 00:26:55,587:: INFO - Shape of data tensor : (9846, 150)
2020-05-04 00:26:55,587:: INFO - Shape of label tensor: (9846, 2)
2020-05-04 00:26:55,587:: INFO - Data pre-processed
2020-05-04 00:26:55,587:: INFO - Spliting data started
2020-05-04 00:26:55,593:: INFO - Training shape    : (6300, 150) (6300, 2)
2020-05-04 00:26:55,593:: INFO - Validation shape  : (1576, 150) (1576, 2)
2020-05-04 00:26:55,593:: INFO - Test shape        : (1970, 150) (1970, 2)
2020-05-04 00:26:55,593:: INFO - Spliting data concluded
2020-05-04 00:27:57,203:: INFO - Model built.
2020-05-04 00:28:07,110:: INFO - loss:0.6862825155258179
2020-05-04 00:28:07,110:: INFO - tp:1123.0
2020-05-04 00:28:07,111:: INFO - fp:864.0
2020-05-04 00:28:07,111:: INFO - tn:1106.0
2020-05-04 00:28:07,111:: INFO - fn:847.0
2020-05-04 00:28:07,111:: INFO - accuracy:0.5657360553741455
2020-05-04 00:28:07,111:: INFO - precision:0.5651736259460449
2020-05-04 00:28:07,111:: INFO - recall:0.5700507760047913
2020-05-04 00:28:07,112:: INFO - auc:0.5690909028053284
2020-05-04 00:28:07,133:: INFO - balanced accuracy : 0.5670777042529913
2020-05-04 00:28:07,133:: INFO - Model evaluated.
2020-05-04 00:28:08,922:: INFO - Metric: val_accuracy
2020-05-04 00:28:08,922:: INFO - Data tokenized using 200 terms
2020-05-04 00:28:08,922:: INFO - Shape of data tensor : (9846, 200)
2020-05-04 00:28:08,923:: INFO - Shape of label tensor: (9846, 2)
2020-05-04 00:28:08,923:: INFO - Data pre-processed
2020-05-04 00:28:08,923:: INFO - Spliting data started
2020-05-04 00:28:08,929:: INFO - Training shape    : (6300, 200) (6300, 2)
2020-05-04 00:28:08,929:: INFO - Validation shape  : (1576, 200) (1576, 2)
2020-05-04 00:28:08,929:: INFO - Test shape        : (1970, 200) (1970, 2)
2020-05-04 00:28:08,929:: INFO - Spliting data concluded
