2020-05-06 00:25:12,388:: INFO - Setup completed
2020-05-06 00:25:12,388:: INFO - Starting prediction using feature long_description
2020-05-06 00:25:12,388:: INFO - Threshold: 8
2020-05-06 00:25:12,559:: INFO - Bug reports train file read: /home/gomes/Workspace/doctorate/projects/long-lived-bug-prediction/deep-learning/datasets/20190917_eclipse_bug_report_8_train_data.csv
2020-05-06 00:25:12,559:: INFO - Bug reports test file read: /home/gomes/Workspace/doctorate/projects/long-lived-bug-prediction/deep-learning/datasets/20190917_eclipse_bug_report_8_test_data.csv
2020-05-06 00:25:12,559:: INFO - Reports in train - Total: 7334 Positive: 3659 (49.89% of total)
2020-05-06 00:25:12,560:: INFO - Reports in test - Total: 2444 Positive: 1219 (49.88% of total)
2020-05-06 00:25:15,001:: INFO - Bug reports long_description cleaned.
2020-05-06 00:25:15,001:: INFO - Metric: val_accuracy
2020-05-06 00:25:16,085:: INFO - Data tokenized using 100 terms
2020-05-06 00:25:16,085:: INFO - Shape of train data tensor : (7334, 100)
2020-05-06 00:25:16,085:: INFO - Shape of train label tensor: (7334, 2)
2020-05-06 00:25:16,384:: INFO - Shape of test data tensor : (2444, 100)
2020-05-06 00:25:16,384:: INFO - Shape of test label tensor: (2444, 2)
2020-05-06 00:25:16,388:: INFO - Spliting data started
2020-05-06 00:25:16,388:: INFO - Training shape    : (5867, 100) (5867, 2)
2020-05-06 00:25:16,388:: INFO - Validation shape  : (1467, 100) (1467, 2)
2020-05-06 00:25:16,388:: INFO - Test shape        : (2444, 100) (2444, 2)
2020-05-06 00:25:16,388:: INFO - Spliting data concluded
2020-05-06 00:25:43,910:: INFO - Model built.
2020-05-06 00:25:43,910:: WARNING - From /home/gomes/Workspace/doctorate/projects/long-lived-bug-prediction/deep-learning/long-lived-bug-prediction-w-dnn.py:274: Sequential.predict_classes (from tensorflow.python.keras.engine.sequential) is deprecated and will be removed after 2021-01-01.
Instructions for updating:
Please use instead:* `np.argmax(model.predict(x), axis=-1)`,   if your model does multi-class classification   (e.g. if it uses a `softmax` last-layer activation).* `(model.predict(x) > 0.5).astype("int32")`,   if your model does binary classification   (e.g. if it uses a `sigmoid` last-layer activation).
2020-05-06 00:25:51,883:: INFO - loss:0.6918861269950867
2020-05-06 00:25:51,883:: INFO - tp:1484.0
2020-05-06 00:25:51,883:: INFO - fp:1389.0
2020-05-06 00:25:51,883:: INFO - tn:1055.0
2020-05-06 00:25:51,883:: INFO - fn:960.0
2020-05-06 00:25:51,883:: INFO - accuracy:0.5194353461265564
2020-05-06 00:25:51,883:: INFO - precision:0.5165332555770874
2020-05-06 00:25:51,883:: INFO - recall:0.607201337814331
2020-05-06 00:25:51,883:: INFO - auc:0.5345659852027893
2020-05-06 00:25:51,940:: INFO - balanced accuracy : 0.5246943798027826
2020-05-06 00:25:51,941:: INFO - Model evaluated.
2020-05-06 00:25:51,976:: INFO - Metric: val_accuracy
2020-05-06 00:25:53,248:: INFO - Data tokenized using 150 terms
2020-05-06 00:25:53,248:: INFO - Shape of train data tensor : (7334, 150)
2020-05-06 00:25:53,248:: INFO - Shape of train label tensor: (7334, 2)
2020-05-06 00:25:53,642:: INFO - Shape of test data tensor : (2444, 150)
2020-05-06 00:25:53,642:: INFO - Shape of test label tensor: (2444, 2)
2020-05-06 00:25:53,646:: INFO - Spliting data started
2020-05-06 00:25:53,646:: INFO - Training shape    : (5867, 150) (5867, 2)
2020-05-06 00:25:53,647:: INFO - Validation shape  : (1467, 150) (1467, 2)
2020-05-06 00:25:53,647:: INFO - Test shape        : (2444, 150) (2444, 2)
2020-05-06 00:25:53,647:: INFO - Spliting data concluded
2020-05-06 00:26:26,998:: INFO - Model built.
2020-05-06 00:26:38,240:: INFO - loss:0.6917650103569031
2020-05-06 00:26:38,240:: INFO - tp:1346.0
2020-05-06 00:26:38,240:: INFO - fp:1193.0
2020-05-06 00:26:38,240:: INFO - tn:1251.0
2020-05-06 00:26:38,240:: INFO - fn:1098.0
2020-05-06 00:26:38,240:: INFO - accuracy:0.5313011407852173
2020-05-06 00:26:38,240:: INFO - precision:0.5301299691200256
2020-05-06 00:26:38,241:: INFO - recall:0.5507364869117737
2020-05-06 00:26:38,241:: INFO - auc:0.5370990633964539
2020-05-06 00:26:38,256:: INFO - balanced accuracy : 0.5353809579615275
2020-05-06 00:26:38,256:: INFO - Model evaluated.
2020-05-06 00:26:38,271:: INFO - Metric: val_accuracy
2020-05-06 00:26:39,348:: INFO - Data tokenized using 200 terms
2020-05-06 00:26:39,348:: INFO - Shape of train data tensor : (7334, 200)
2020-05-06 00:26:39,348:: INFO - Shape of train label tensor: (7334, 2)
2020-05-06 00:26:39,688:: INFO - Shape of test data tensor : (2444, 200)
2020-05-06 00:26:39,688:: INFO - Shape of test label tensor: (2444, 2)
2020-05-06 00:26:39,692:: INFO - Spliting data started
2020-05-06 00:26:39,692:: INFO - Training shape    : (5867, 200) (5867, 2)
2020-05-06 00:26:39,692:: INFO - Validation shape  : (1467, 200) (1467, 2)
2020-05-06 00:26:39,692:: INFO - Test shape        : (2444, 200) (2444, 2)
2020-05-06 00:26:39,692:: INFO - Spliting data concluded
2020-05-06 00:27:21,629:: INFO - Model built.
2020-05-06 00:27:36,379:: INFO - loss:0.6922175288200378
2020-05-06 00:27:36,379:: INFO - tp:1099.0
2020-05-06 00:27:36,379:: INFO - fp:1064.0
2020-05-06 00:27:36,379:: INFO - tn:1380.0
2020-05-06 00:27:36,379:: INFO - fn:1345.0
2020-05-06 00:27:36,380:: INFO - accuracy:0.5071603655815125
2020-05-06 00:27:36,380:: INFO - precision:0.508090615272522
2020-05-06 00:27:36,380:: INFO - recall:0.449672669172287
2020-05-06 00:27:36,380:: INFO - auc:0.5262839198112488
2020-05-06 00:27:36,395:: INFO - balanced accuracy : 0.5005487937586848
2020-05-06 00:27:36,396:: INFO - Model evaluated.
2020-05-06 00:27:36,414:: INFO - Metric: val_accuracy
2020-05-06 00:27:37,460:: INFO - Data tokenized using 250 terms
2020-05-06 00:27:37,460:: INFO - Shape of train data tensor : (7334, 250)
2020-05-06 00:27:37,460:: INFO - Shape of train label tensor: (7334, 2)
2020-05-06 00:27:37,805:: INFO - Shape of test data tensor : (2444, 250)
2020-05-06 00:27:37,805:: INFO - Shape of test label tensor: (2444, 2)
2020-05-06 00:27:37,810:: INFO - Spliting data started
2020-05-06 00:27:37,810:: INFO - Training shape    : (5867, 250) (5867, 2)
2020-05-06 00:27:37,810:: INFO - Validation shape  : (1467, 250) (1467, 2)
2020-05-06 00:27:37,810:: INFO - Test shape        : (2444, 250) (2444, 2)
2020-05-06 00:27:37,810:: INFO - Spliting data concluded
2020-05-06 00:28:30,998:: INFO - Model built.
2020-05-06 00:28:52,166:: INFO - loss:0.6916549205780029
2020-05-06 00:28:52,166:: INFO - tp:1221.0
2020-05-06 00:28:52,167:: INFO - fp:1144.0
2020-05-06 00:28:52,167:: INFO - tn:1300.0
2020-05-06 00:28:52,167:: INFO - fn:1223.0
2020-05-06 00:28:52,167:: INFO - accuracy:0.5157528519630432
2020-05-06 00:28:52,168:: INFO - precision:0.5162790417671204
2020-05-06 00:28:52,168:: INFO - recall:0.49959084391593933
2020-05-06 00:28:52,168:: INFO - auc:0.5295614004135132
2020-05-06 00:28:52,209:: INFO - balanced accuracy : 0.5121742478779863
2020-05-06 00:28:52,210:: INFO - Model evaluated.
2020-05-06 00:28:52,234:: INFO - Metric: val_accuracy
2020-05-06 00:28:53,089:: INFO - Data tokenized using 300 terms
2020-05-06 00:28:53,090:: INFO - Shape of train data tensor : (7334, 300)
2020-05-06 00:28:53,090:: INFO - Shape of train label tensor: (7334, 2)
2020-05-06 00:28:53,361:: INFO - Shape of test data tensor : (2444, 300)
2020-05-06 00:28:53,361:: INFO - Shape of test label tensor: (2444, 2)
2020-05-06 00:28:53,365:: INFO - Spliting data started
2020-05-06 00:28:53,365:: INFO - Training shape    : (5867, 300) (5867, 2)
2020-05-06 00:28:53,365:: INFO - Validation shape  : (1467, 300) (1467, 2)
2020-05-06 00:28:53,365:: INFO - Test shape        : (2444, 300) (2444, 2)
2020-05-06 00:28:53,365:: INFO - Spliting data concluded
2020-05-06 00:30:39,820:: INFO - Model built.
2020-05-06 00:31:00,081:: INFO - loss:0.6921801567077637
2020-05-06 00:31:00,081:: INFO - tp:1276.0
2020-05-06 00:31:00,082:: INFO - fp:1214.0
2020-05-06 00:31:00,082:: INFO - tn:1230.0
2020-05-06 00:31:00,082:: INFO - fn:1168.0
2020-05-06 00:31:00,082:: INFO - accuracy:0.5126841068267822
2020-05-06 00:31:00,082:: INFO - precision:0.5124498009681702
2020-05-06 00:31:00,082:: INFO - recall:0.5220949053764343
2020-05-06 00:31:00,082:: INFO - auc:0.5321617126464844
2020-05-06 00:31:00,234:: INFO - balanced accuracy : 0.5123008153220271
2020-05-06 00:31:00,235:: INFO - Model evaluated.
2020-05-06 00:31:00,391:: INFO - Threshold: 63
2020-05-06 00:31:00,827:: INFO - Bug reports train file read: /home/gomes/Workspace/doctorate/projects/long-lived-bug-prediction/deep-learning/datasets/20190917_eclipse_bug_report_63_train_data.csv
2020-05-06 00:31:00,827:: INFO - Bug reports test file read: /home/gomes/Workspace/doctorate/projects/long-lived-bug-prediction/deep-learning/datasets/20190917_eclipse_bug_report_63_test_data.csv
2020-05-06 00:31:00,844:: INFO - Reports in train - Total: 7334 Positive: 1833 (24.99% of total)
2020-05-06 00:31:00,844:: INFO - Reports in test - Total: 2444 Positive: 611 (25.00% of total)
2020-05-06 00:31:03,180:: INFO - Bug reports long_description cleaned.
2020-05-06 00:31:03,180:: INFO - Metric: val_accuracy
2020-05-06 00:31:04,073:: INFO - Data tokenized using 100 terms
2020-05-06 00:31:04,073:: INFO - Shape of train data tensor : (7334, 100)
2020-05-06 00:31:04,073:: INFO - Shape of train label tensor: (7334, 2)
2020-05-06 00:31:04,357:: INFO - Shape of test data tensor : (2444, 100)
2020-05-06 00:31:04,357:: INFO - Shape of test label tensor: (2444, 2)
2020-05-06 00:31:04,428:: INFO - Spliting data started
2020-05-06 00:31:04,429:: INFO - Training shape    : (5867, 100) (5867, 2)
2020-05-06 00:31:04,429:: INFO - Validation shape  : (1467, 100) (1467, 2)
2020-05-06 00:31:04,429:: INFO - Test shape        : (2444, 100) (2444, 2)
2020-05-06 00:31:04,429:: INFO - Spliting data concluded
2020-05-06 00:31:27,995:: INFO - Model built.
2020-05-06 00:31:35,828:: INFO - loss:0.6230314373970032
2020-05-06 00:31:35,828:: INFO - tp:1833.0
2020-05-06 00:31:35,828:: INFO - fp:611.0
2020-05-06 00:31:35,828:: INFO - tn:1833.0
2020-05-06 00:31:35,828:: INFO - fn:611.0
2020-05-06 00:31:35,829:: INFO - accuracy:0.75
2020-05-06 00:31:35,829:: INFO - precision:0.75
2020-05-06 00:31:35,829:: INFO - recall:0.75
2020-05-06 00:31:35,829:: INFO - auc:0.7732064723968506
2020-05-06 00:31:35,843:: INFO - balanced accuracy : 0.5
2020-05-06 00:31:35,843:: INFO - Model evaluated.
2020-05-06 00:31:35,856:: INFO - Metric: val_accuracy
2020-05-06 00:31:36,836:: INFO - Data tokenized using 150 terms
2020-05-06 00:31:36,836:: INFO - Shape of train data tensor : (7334, 150)
2020-05-06 00:31:36,836:: INFO - Shape of train label tensor: (7334, 2)
2020-05-06 00:31:37,182:: INFO - Shape of test data tensor : (2444, 150)
2020-05-06 00:31:37,182:: INFO - Shape of test label tensor: (2444, 2)
2020-05-06 00:31:37,185:: INFO - Spliting data started
2020-05-06 00:31:37,185:: INFO - Training shape    : (5867, 150) (5867, 2)
2020-05-06 00:31:37,185:: INFO - Validation shape  : (1467, 150) (1467, 2)
2020-05-06 00:31:37,185:: INFO - Test shape        : (2444, 150) (2444, 2)
2020-05-06 00:31:37,185:: INFO - Spliting data concluded
2020-05-06 00:32:12,042:: INFO - Model built.
2020-05-06 00:32:23,817:: INFO - loss:0.60976642370224
2020-05-06 00:32:23,817:: INFO - tp:1833.0
2020-05-06 00:32:23,818:: INFO - fp:611.0
2020-05-06 00:32:23,818:: INFO - tn:1833.0
2020-05-06 00:32:23,818:: INFO - fn:611.0
2020-05-06 00:32:23,818:: INFO - accuracy:0.75
2020-05-06 00:32:23,818:: INFO - precision:0.75
2020-05-06 00:32:23,819:: INFO - recall:0.75
2020-05-06 00:32:23,819:: INFO - auc:0.7771025896072388
2020-05-06 00:32:23,858:: INFO - balanced accuracy : 0.5
2020-05-06 00:32:23,859:: INFO - Model evaluated.
2020-05-06 00:32:23,897:: INFO - Metric: val_accuracy
2020-05-06 00:32:24,868:: INFO - Data tokenized using 200 terms
2020-05-06 00:32:24,869:: INFO - Shape of train data tensor : (7334, 200)
2020-05-06 00:32:24,869:: INFO - Shape of train label tensor: (7334, 2)
2020-05-06 00:32:25,169:: INFO - Shape of test data tensor : (2444, 200)
2020-05-06 00:32:25,169:: INFO - Shape of test label tensor: (2444, 2)
2020-05-06 00:32:25,172:: INFO - Spliting data started
2020-05-06 00:32:25,172:: INFO - Training shape    : (5867, 200) (5867, 2)
2020-05-06 00:32:25,172:: INFO - Validation shape  : (1467, 200) (1467, 2)
2020-05-06 00:32:25,172:: INFO - Test shape        : (2444, 200) (2444, 2)
2020-05-06 00:32:25,172:: INFO - Spliting data concluded
2020-05-06 00:33:13,766:: INFO - Model built.
2020-05-06 00:33:31,574:: INFO - loss:0.6394444704055786
2020-05-06 00:33:31,574:: INFO - tp:1833.0
2020-05-06 00:33:31,574:: INFO - fp:611.0
2020-05-06 00:33:31,574:: INFO - tn:1833.0
2020-05-06 00:33:31,574:: INFO - fn:611.0
2020-05-06 00:33:31,574:: INFO - accuracy:0.75
2020-05-06 00:33:31,574:: INFO - precision:0.75
2020-05-06 00:33:31,574:: INFO - recall:0.75
2020-05-06 00:33:31,574:: INFO - auc:0.7753075361251831
2020-05-06 00:33:31,589:: INFO - balanced accuracy : 0.5
2020-05-06 00:33:31,589:: INFO - Model evaluated.
2020-05-06 00:33:31,603:: INFO - Metric: val_accuracy
2020-05-06 00:33:32,436:: INFO - Data tokenized using 250 terms
2020-05-06 00:33:32,437:: INFO - Shape of train data tensor : (7334, 250)
2020-05-06 00:33:32,437:: INFO - Shape of train label tensor: (7334, 2)
2020-05-06 00:33:32,720:: INFO - Shape of test data tensor : (2444, 250)
2020-05-06 00:33:32,720:: INFO - Shape of test label tensor: (2444, 2)
2020-05-06 00:33:32,725:: INFO - Spliting data started
2020-05-06 00:33:32,725:: INFO - Training shape    : (5867, 250) (5867, 2)
2020-05-06 00:33:32,725:: INFO - Validation shape  : (1467, 250) (1467, 2)
2020-05-06 00:33:32,725:: INFO - Test shape        : (2444, 250) (2444, 2)
2020-05-06 00:33:32,725:: INFO - Spliting data concluded
2020-05-06 00:34:34,090:: INFO - Model built.
2020-05-06 00:34:56,084:: INFO - loss:0.6251135468482971
2020-05-06 00:34:56,084:: INFO - tp:1833.0
2020-05-06 00:34:56,084:: INFO - fp:611.0
2020-05-06 00:34:56,085:: INFO - tn:1833.0
2020-05-06 00:34:56,085:: INFO - fn:611.0
2020-05-06 00:34:56,085:: INFO - accuracy:0.75
2020-05-06 00:34:56,085:: INFO - precision:0.75
2020-05-06 00:34:56,085:: INFO - recall:0.75
2020-05-06 00:34:56,085:: INFO - auc:0.7759326696395874
2020-05-06 00:34:56,099:: INFO - balanced accuracy : 0.5
2020-05-06 00:34:56,100:: INFO - Model evaluated.
2020-05-06 00:34:56,112:: INFO - Metric: val_accuracy
2020-05-06 00:34:56,954:: INFO - Data tokenized using 300 terms
2020-05-06 00:34:56,954:: INFO - Shape of train data tensor : (7334, 300)
2020-05-06 00:34:56,954:: INFO - Shape of train label tensor: (7334, 2)
2020-05-06 00:34:57,236:: INFO - Shape of test data tensor : (2444, 300)
2020-05-06 00:34:57,236:: INFO - Shape of test label tensor: (2444, 2)
2020-05-06 00:34:57,239:: INFO - Spliting data started
2020-05-06 00:34:57,239:: INFO - Training shape    : (5867, 300) (5867, 2)
2020-05-06 00:34:57,239:: INFO - Validation shape  : (1467, 300) (1467, 2)
2020-05-06 00:34:57,239:: INFO - Test shape        : (2444, 300) (2444, 2)
2020-05-06 00:34:57,240:: INFO - Spliting data concluded
2020-05-06 00:36:40,614:: INFO - Model built.
2020-05-06 00:37:09,811:: INFO - loss:0.6126294136047363
2020-05-06 00:37:09,813:: INFO - tp:1833.0
2020-05-06 00:37:09,814:: INFO - fp:611.0
2020-05-06 00:37:09,814:: INFO - tn:1833.0
2020-05-06 00:37:09,814:: INFO - fn:611.0
2020-05-06 00:37:09,815:: INFO - accuracy:0.75
2020-05-06 00:37:09,815:: INFO - precision:0.75
2020-05-06 00:37:09,816:: INFO - recall:0.75
2020-05-06 00:37:09,816:: INFO - auc:0.7781180143356323
2020-05-06 00:37:10,451:: INFO - balanced accuracy : 0.5
2020-05-06 00:37:10,452:: INFO - Model evaluated.
2020-05-06 00:37:13,220:: INFO - Threshold: 108
2020-05-06 00:37:27,107:: INFO - Bug reports train file read: /home/gomes/Workspace/doctorate/projects/long-lived-bug-prediction/deep-learning/datasets/20190917_eclipse_bug_report_108_train_data.csv
2020-05-06 00:37:27,108:: INFO - Bug reports test file read: /home/gomes/Workspace/doctorate/projects/long-lived-bug-prediction/deep-learning/datasets/20190917_eclipse_bug_report_108_test_data.csv
2020-05-06 00:37:27,143:: INFO - Reports in train - Total: 7334 Positive: 1395 (19.02% of total)
2020-05-06 00:37:27,143:: INFO - Reports in test - Total: 2444 Positive: 465 (19.03% of total)
2020-05-06 00:37:29,967:: INFO - Bug reports long_description cleaned.
2020-05-06 00:37:29,967:: INFO - Metric: val_accuracy
2020-05-06 00:37:31,362:: INFO - Data tokenized using 100 terms
2020-05-06 00:37:31,362:: INFO - Shape of train data tensor : (7334, 100)
2020-05-06 00:37:31,362:: INFO - Shape of train label tensor: (7334, 2)
2020-05-06 00:37:31,682:: INFO - Shape of test data tensor : (2444, 100)
2020-05-06 00:37:31,682:: INFO - Shape of test label tensor: (2444, 2)
2020-05-06 00:37:32,161:: INFO - Spliting data started
2020-05-06 00:37:32,162:: INFO - Training shape    : (5867, 100) (5867, 2)
2020-05-06 00:37:32,162:: INFO - Validation shape  : (1467, 100) (1467, 2)
2020-05-06 00:37:32,162:: INFO - Test shape        : (2444, 100) (2444, 2)
2020-05-06 00:37:32,162:: INFO - Spliting data concluded
2020-05-06 00:37:57,012:: INFO - Model built.
2020-05-06 00:38:03,449:: INFO - loss:0.6198205947875977
2020-05-06 00:38:03,449:: INFO - tp:1979.0
2020-05-06 00:38:03,449:: INFO - fp:465.0
2020-05-06 00:38:03,449:: INFO - tn:1979.0
2020-05-06 00:38:03,449:: INFO - fn:465.0
2020-05-06 00:38:03,450:: INFO - accuracy:0.8097381591796875
2020-05-06 00:38:03,450:: INFO - precision:0.8097381591796875
2020-05-06 00:38:03,450:: INFO - recall:0.8097381591796875
2020-05-06 00:38:03,450:: INFO - auc:0.8259782791137695
2020-05-06 00:38:03,464:: INFO - balanced accuracy : 0.5
2020-05-06 00:38:03,464:: INFO - Model evaluated.
2020-05-06 00:38:03,477:: INFO - Metric: val_accuracy
2020-05-06 00:38:04,389:: INFO - Data tokenized using 150 terms
2020-05-06 00:38:04,390:: INFO - Shape of train data tensor : (7334, 150)
2020-05-06 00:38:04,390:: INFO - Shape of train label tensor: (7334, 2)
2020-05-06 00:38:04,694:: INFO - Shape of test data tensor : (2444, 150)
2020-05-06 00:38:04,694:: INFO - Shape of test label tensor: (2444, 2)
2020-05-06 00:38:04,698:: INFO - Spliting data started
2020-05-06 00:38:04,698:: INFO - Training shape    : (5867, 150) (5867, 2)
2020-05-06 00:38:04,698:: INFO - Validation shape  : (1467, 150) (1467, 2)
2020-05-06 00:38:04,698:: INFO - Test shape        : (2444, 150) (2444, 2)
2020-05-06 00:38:04,698:: INFO - Spliting data concluded
2020-05-06 00:38:36,099:: INFO - Model built.
2020-05-06 00:38:46,808:: INFO - loss:0.5932056307792664
2020-05-06 00:38:46,808:: INFO - tp:1979.0
2020-05-06 00:38:46,808:: INFO - fp:465.0
2020-05-06 00:38:46,808:: INFO - tn:1979.0
2020-05-06 00:38:46,808:: INFO - fn:465.0
2020-05-06 00:38:46,808:: INFO - accuracy:0.8097381591796875
2020-05-06 00:38:46,808:: INFO - precision:0.8097381591796875
2020-05-06 00:38:46,808:: INFO - recall:0.8097381591796875
2020-05-06 00:38:46,808:: INFO - auc:0.825348973274231
2020-05-06 00:38:46,824:: INFO - balanced accuracy : 0.5
2020-05-06 00:38:46,824:: INFO - Model evaluated.
2020-05-06 00:38:46,838:: INFO - Metric: val_accuracy
2020-05-06 00:38:47,867:: INFO - Data tokenized using 200 terms
2020-05-06 00:38:47,868:: INFO - Shape of train data tensor : (7334, 200)
2020-05-06 00:38:47,868:: INFO - Shape of train label tensor: (7334, 2)
2020-05-06 00:38:48,187:: INFO - Shape of test data tensor : (2444, 200)
2020-05-06 00:38:48,187:: INFO - Shape of test label tensor: (2444, 2)
2020-05-06 00:38:48,190:: INFO - Spliting data started
2020-05-06 00:38:48,190:: INFO - Training shape    : (5867, 200) (5867, 2)
2020-05-06 00:38:48,190:: INFO - Validation shape  : (1467, 200) (1467, 2)
2020-05-06 00:38:48,190:: INFO - Test shape        : (2444, 200) (2444, 2)
2020-05-06 00:38:48,190:: INFO - Spliting data concluded
2020-05-06 00:39:29,187:: INFO - Model built.
2020-05-06 00:39:43,433:: INFO - loss:0.5637784004211426
2020-05-06 00:39:43,434:: INFO - tp:1979.0
2020-05-06 00:39:43,434:: INFO - fp:465.0
2020-05-06 00:39:43,434:: INFO - tn:1979.0
2020-05-06 00:39:43,434:: INFO - fn:465.0
2020-05-06 00:39:43,434:: INFO - accuracy:0.8097381591796875
2020-05-06 00:39:43,434:: INFO - precision:0.8097381591796875
2020-05-06 00:39:43,434:: INFO - recall:0.8097381591796875
2020-05-06 00:39:43,434:: INFO - auc:0.825831413269043
2020-05-06 00:39:43,454:: INFO - balanced accuracy : 0.5
2020-05-06 00:39:43,454:: INFO - Model evaluated.
2020-05-06 00:39:43,472:: INFO - Metric: val_accuracy
2020-05-06 00:39:44,547:: INFO - Data tokenized using 250 terms
2020-05-06 00:39:44,547:: INFO - Shape of train data tensor : (7334, 250)
2020-05-06 00:39:44,547:: INFO - Shape of train label tensor: (7334, 2)
2020-05-06 00:39:44,874:: INFO - Shape of test data tensor : (2444, 250)
2020-05-06 00:39:44,874:: INFO - Shape of test label tensor: (2444, 2)
2020-05-06 00:39:44,877:: INFO - Spliting data started
2020-05-06 00:39:44,878:: INFO - Training shape    : (5867, 250) (5867, 2)
2020-05-06 00:39:44,878:: INFO - Validation shape  : (1467, 250) (1467, 2)
2020-05-06 00:39:44,878:: INFO - Test shape        : (2444, 250) (2444, 2)
2020-05-06 00:39:44,878:: INFO - Spliting data concluded
2020-05-06 00:40:34,266:: INFO - Model built.
2020-05-06 00:40:51,521:: INFO - loss:0.6116852164268494
2020-05-06 00:40:51,521:: INFO - tp:1979.0
2020-05-06 00:40:51,522:: INFO - fp:465.0
2020-05-06 00:40:51,522:: INFO - tn:1979.0
2020-05-06 00:40:51,522:: INFO - fn:465.0
2020-05-06 00:40:51,522:: INFO - accuracy:0.8097381591796875
2020-05-06 00:40:51,522:: INFO - precision:0.8097381591796875
2020-05-06 00:40:51,522:: INFO - recall:0.8097381591796875
2020-05-06 00:40:51,522:: INFO - auc:0.8271571397781372
2020-05-06 00:40:51,538:: INFO - balanced accuracy : 0.5
2020-05-06 00:40:51,538:: INFO - Model evaluated.
2020-05-06 00:40:51,553:: INFO - Metric: val_accuracy
2020-05-06 00:40:52,567:: INFO - Data tokenized using 300 terms
2020-05-06 00:40:52,567:: INFO - Shape of train data tensor : (7334, 300)
2020-05-06 00:40:52,567:: INFO - Shape of train label tensor: (7334, 2)
2020-05-06 00:40:52,875:: INFO - Shape of test data tensor : (2444, 300)
2020-05-06 00:40:52,875:: INFO - Shape of test label tensor: (2444, 2)
2020-05-06 00:40:52,880:: INFO - Spliting data started
2020-05-06 00:40:52,880:: INFO - Training shape    : (5867, 300) (5867, 2)
2020-05-06 00:40:52,880:: INFO - Validation shape  : (1467, 300) (1467, 2)
2020-05-06 00:40:52,880:: INFO - Test shape        : (2444, 300) (2444, 2)
2020-05-06 00:40:52,880:: INFO - Spliting data concluded
2020-05-06 00:41:56,847:: INFO - Model built.
2020-05-06 00:42:19,935:: INFO - loss:0.6020565032958984
2020-05-06 00:42:19,935:: INFO - tp:1979.0
2020-05-06 00:42:19,936:: INFO - fp:465.0
2020-05-06 00:42:19,936:: INFO - tn:1979.0
2020-05-06 00:42:19,936:: INFO - fn:465.0
2020-05-06 00:42:19,936:: INFO - accuracy:0.8097381591796875
2020-05-06 00:42:19,936:: INFO - precision:0.8097381591796875
2020-05-06 00:42:19,936:: INFO - recall:0.8097381591796875
2020-05-06 00:42:19,936:: INFO - auc:0.8261388540267944
2020-05-06 00:42:19,950:: INFO - balanced accuracy : 0.5
2020-05-06 00:42:19,950:: INFO - Model evaluated.
2020-05-06 00:42:19,965:: INFO - Threshold: 365
2020-05-06 00:42:20,714:: INFO - Bug reports train file read: /home/gomes/Workspace/doctorate/projects/long-lived-bug-prediction/deep-learning/datasets/20190917_eclipse_bug_report_365_train_data.csv
2020-05-06 00:42:20,714:: INFO - Bug reports test file read: /home/gomes/Workspace/doctorate/projects/long-lived-bug-prediction/deep-learning/datasets/20190917_eclipse_bug_report_365_test_data.csv
2020-05-06 00:42:20,818:: INFO - Reports in train - Total: 7334 Positive: 569 (7.76% of total)
2020-05-06 00:42:20,819:: INFO - Reports in test - Total: 2444 Positive: 189 (7.73% of total)
2020-05-06 00:42:23,352:: INFO - Bug reports long_description cleaned.
2020-05-06 00:42:23,352:: INFO - Metric: val_accuracy
2020-05-06 00:42:24,222:: INFO - Data tokenized using 100 terms
2020-05-06 00:42:24,223:: INFO - Shape of train data tensor : (7334, 100)
2020-05-06 00:42:24,223:: INFO - Shape of train label tensor: (7334, 2)
2020-05-06 00:42:24,509:: INFO - Shape of test data tensor : (2444, 100)
2020-05-06 00:42:24,509:: INFO - Shape of test label tensor: (2444, 2)
2020-05-06 00:42:24,512:: INFO - Spliting data started
2020-05-06 00:42:24,512:: INFO - Training shape    : (5867, 100) (5867, 2)
2020-05-06 00:42:24,512:: INFO - Validation shape  : (1467, 100) (1467, 2)
2020-05-06 00:42:24,512:: INFO - Test shape        : (2444, 100) (2444, 2)
2020-05-06 00:42:24,512:: INFO - Spliting data concluded
2020-05-06 00:42:48,111:: INFO - Model built.
2020-05-06 00:42:55,445:: INFO - loss:0.5789214968681335
2020-05-06 00:42:55,445:: INFO - tp:2255.0
2020-05-06 00:42:55,445:: INFO - fp:189.0
2020-05-06 00:42:55,445:: INFO - tn:2255.0
2020-05-06 00:42:55,446:: INFO - fn:189.0
2020-05-06 00:42:55,446:: INFO - accuracy:0.9226677417755127
2020-05-06 00:42:55,446:: INFO - precision:0.9226677417755127
2020-05-06 00:42:55,446:: INFO - recall:0.9226677417755127
2020-05-06 00:42:55,446:: INFO - auc:0.9278036952018738
2020-05-06 00:42:55,466:: INFO - balanced accuracy : 0.5
2020-05-06 00:42:55,466:: INFO - Model evaluated.
2020-05-06 00:42:55,486:: INFO - Metric: val_accuracy
2020-05-06 00:42:56,491:: INFO - Data tokenized using 150 terms
2020-05-06 00:42:56,492:: INFO - Shape of train data tensor : (7334, 150)
2020-05-06 00:42:56,492:: INFO - Shape of train label tensor: (7334, 2)
2020-05-06 00:42:56,803:: INFO - Shape of test data tensor : (2444, 150)
2020-05-06 00:42:56,803:: INFO - Shape of test label tensor: (2444, 2)
2020-05-06 00:42:56,806:: INFO - Spliting data started
2020-05-06 00:42:56,807:: INFO - Training shape    : (5867, 150) (5867, 2)
2020-05-06 00:42:56,807:: INFO - Validation shape  : (1467, 150) (1467, 2)
2020-05-06 00:42:56,807:: INFO - Test shape        : (2444, 150) (2444, 2)
2020-05-06 00:42:56,807:: INFO - Spliting data concluded
2020-05-06 00:43:28,700:: INFO - Model built.
2020-05-06 00:43:39,956:: INFO - loss:0.5227267146110535
2020-05-06 00:43:39,956:: INFO - tp:2255.0
2020-05-06 00:43:39,956:: INFO - fp:189.0
2020-05-06 00:43:39,956:: INFO - tn:2255.0
2020-05-06 00:43:39,956:: INFO - fn:189.0
2020-05-06 00:43:39,956:: INFO - accuracy:0.9226677417755127
2020-05-06 00:43:39,956:: INFO - precision:0.9226677417755127
2020-05-06 00:43:39,956:: INFO - recall:0.9226677417755127
2020-05-06 00:43:39,957:: INFO - auc:0.9274497032165527
2020-05-06 00:43:39,973:: INFO - balanced accuracy : 0.5
2020-05-06 00:43:39,973:: INFO - Model evaluated.
2020-05-06 00:43:39,990:: INFO - Metric: val_accuracy
2020-05-06 00:43:41,048:: INFO - Data tokenized using 200 terms
2020-05-06 00:43:41,048:: INFO - Shape of train data tensor : (7334, 200)
2020-05-06 00:43:41,048:: INFO - Shape of train label tensor: (7334, 2)
2020-05-06 00:43:41,372:: INFO - Shape of test data tensor : (2444, 200)
2020-05-06 00:43:41,372:: INFO - Shape of test label tensor: (2444, 2)
2020-05-06 00:43:41,375:: INFO - Spliting data started
2020-05-06 00:43:41,375:: INFO - Training shape    : (5867, 200) (5867, 2)
2020-05-06 00:43:41,375:: INFO - Validation shape  : (1467, 200) (1467, 2)
2020-05-06 00:43:41,375:: INFO - Test shape        : (2444, 200) (2444, 2)
2020-05-06 00:43:41,375:: INFO - Spliting data concluded
2020-05-06 00:44:22,517:: INFO - Model built.
2020-05-06 00:44:36,808:: INFO - loss:0.5538653135299683
2020-05-06 00:44:36,808:: INFO - tp:2255.0
2020-05-06 00:44:36,808:: INFO - fp:189.0
2020-05-06 00:44:36,808:: INFO - tn:2255.0
2020-05-06 00:44:36,808:: INFO - fn:189.0
2020-05-06 00:44:36,808:: INFO - accuracy:0.9226677417755127
2020-05-06 00:44:36,808:: INFO - precision:0.9226677417755127
2020-05-06 00:44:36,808:: INFO - recall:0.9226677417755127
2020-05-06 00:44:36,809:: INFO - auc:0.9277516603469849
2020-05-06 00:44:36,826:: INFO - balanced accuracy : 0.5
2020-05-06 00:44:36,826:: INFO - Model evaluated.
2020-05-06 00:44:36,842:: INFO - Metric: val_accuracy
2020-05-06 00:44:37,928:: INFO - Data tokenized using 250 terms
2020-05-06 00:44:37,928:: INFO - Shape of train data tensor : (7334, 250)
2020-05-06 00:44:37,928:: INFO - Shape of train label tensor: (7334, 2)
2020-05-06 00:44:38,254:: INFO - Shape of test data tensor : (2444, 250)
2020-05-06 00:44:38,254:: INFO - Shape of test label tensor: (2444, 2)
2020-05-06 00:44:38,259:: INFO - Spliting data started
2020-05-06 00:44:38,259:: INFO - Training shape    : (5867, 250) (5867, 2)
2020-05-06 00:44:38,259:: INFO - Validation shape  : (1467, 250) (1467, 2)
2020-05-06 00:44:38,259:: INFO - Test shape        : (2444, 250) (2444, 2)
2020-05-06 00:44:38,259:: INFO - Spliting data concluded
2020-05-06 00:45:28,644:: INFO - Model built.
2020-05-06 00:45:46,642:: INFO - loss:0.6020801663398743
2020-05-06 00:45:46,643:: INFO - tp:2255.0
2020-05-06 00:45:46,643:: INFO - fp:189.0
2020-05-06 00:45:46,643:: INFO - tn:2255.0
2020-05-06 00:45:46,643:: INFO - fn:189.0
2020-05-06 00:45:46,643:: INFO - accuracy:0.9226677417755127
2020-05-06 00:45:46,643:: INFO - precision:0.9226677417755127
2020-05-06 00:45:46,643:: INFO - recall:0.9226677417755127
2020-05-06 00:45:46,643:: INFO - auc:0.9282101392745972
2020-05-06 00:45:46,660:: INFO - balanced accuracy : 0.5
2020-05-06 00:45:46,660:: INFO - Model evaluated.
2020-05-06 00:45:46,677:: INFO - Metric: val_accuracy
2020-05-06 00:45:47,737:: INFO - Data tokenized using 300 terms
2020-05-06 00:45:47,737:: INFO - Shape of train data tensor : (7334, 300)
2020-05-06 00:45:47,737:: INFO - Shape of train label tensor: (7334, 2)
2020-05-06 00:45:48,034:: INFO - Shape of test data tensor : (2444, 300)
2020-05-06 00:45:48,034:: INFO - Shape of test label tensor: (2444, 2)
2020-05-06 00:45:48,038:: INFO - Spliting data started
2020-05-06 00:45:48,038:: INFO - Training shape    : (5867, 300) (5867, 2)
2020-05-06 00:45:48,038:: INFO - Validation shape  : (1467, 300) (1467, 2)
2020-05-06 00:45:48,038:: INFO - Test shape        : (2444, 300) (2444, 2)
2020-05-06 00:45:48,038:: INFO - Spliting data concluded
2020-05-06 00:47:19,287:: INFO - Model built.
2020-05-06 00:47:38,687:: INFO - loss:0.585932195186615
2020-05-06 00:47:38,687:: INFO - tp:2255.0
2020-05-06 00:47:38,687:: INFO - fp:189.0
2020-05-06 00:47:38,687:: INFO - tn:2255.0
2020-05-06 00:47:38,687:: INFO - fn:189.0
2020-05-06 00:47:38,687:: INFO - accuracy:0.9226677417755127
2020-05-06 00:47:38,688:: INFO - precision:0.9226677417755127
2020-05-06 00:47:38,688:: INFO - recall:0.9226677417755127
2020-05-06 00:47:38,688:: INFO - auc:0.928425669670105
2020-05-06 00:47:38,866:: INFO - balanced accuracy : 0.5
2020-05-06 00:47:38,866:: INFO - Model evaluated.
2020-05-06 00:47:39,259:: INFO - Metricas recorded
