nohup: ignoring input
Loading required package: lattice
Loading required package: ggplot2
Loading required package: foreach
Loading required package: iterators
Loading required package: parallel

Attaching package: ‘kernlab’

The following object is masked from ‘package:ggplot2’:

    alpha

Loading required package: qdapDictionaries
Loading required package: qdapRegex

Attaching package: ‘qdapRegex’

The following object is masked from ‘package:ggplot2’:

    %+%

Loading required package: qdapTools
Loading required package: RColorBrewer

Attaching package: ‘qdap’

The following object is masked from ‘package:base’:

    Filter

randomForest 4.6-14
Type rfNews() to see new features/changes/bug fixes.

Attaching package: ‘randomForest’

The following object is masked from ‘package:ggplot2’:

    margin

── Attaching packages ─────────────────────────────────────── tidyverse 1.2.1 ──
✔ tibble  2.1.3     ✔ purrr   0.3.2
✔ tidyr   0.8.3     ✔ dplyr   0.8.1
✔ readr   1.3.1     ✔ stringr 1.4.0
✔ tibble  2.1.3     ✔ forcats 0.4.0
── Conflicts ────────────────────────────────────────── tidyverse_conflicts() ──
✖ qdapRegex::%+%()       masks ggplot2::%+%()
✖ purrr::accumulate()    masks foreach::accumulate()
✖ kernlab::alpha()       masks ggplot2::alpha()
✖ dplyr::combine()       masks randomForest::combine()
✖ purrr::cross()         masks kernlab::cross()
✖ dplyr::explain()       masks qdapRegex::explain()
✖ dplyr::filter()        masks stats::filter()
✖ dplyr::id()            masks qdapTools::id()
✖ dplyr::lag()           masks stats::lag()
✖ purrr::lift()          masks caret::lift()
✖ randomForest::margin() masks ggplot2::margin()
✖ purrr::when()          masks foreach::when()
Loading required package: NLP

Attaching package: ‘NLP’

The following object is masked from ‘package:qdap’:

    ngrams

The following object is masked from ‘package:ggplot2’:

    annotate


Attaching package: ‘tm’

The following objects are masked from ‘package:qdap’:

    as.DocumentTermMatrix, as.TermDocumentMatrix

NULL
TRACE [2019-06-27 16:58:29] Long Live Prediction Started...
TRACE [2019-06-27 16:58:29] Evaluation metrics ouput path: ~/Workspace/doctorate/long-lived-bug-prediction/notebooks/datasets
TRACE [2019-06-27 16:58:29] Current project name : eclipse
TRACE [2019-06-27 16:58:29] Current evaluation file: ~/Workspace/doctorate/long-lived-bug-prediction/notebooks/datasets/20190627165828_eclipse_result_metrics_grided_all.csv
TRACE [2019-06-27 16:58:29] Current parameter number: 1
TRACE [2019-06-27 16:58:29] Bug report file name: ~/Workspace/doctorate/long-lived-bug-prediction/notebooks/datasets/20190309_eclipse_bug_report_data.csv
TRACE [2019-06-27 16:58:30] Clean text features
TRACE [2019-06-27 16:59:18] Current parameters: feature[short_long_description], threshold[4], classifier[knn], resampling[LGOCV], balancing[unbalanced]
TRACE [2019-06-27 16:59:18] Text mining: extracting 100 terms
TRACE [2019-06-27 16:59:59] Text mining: extracted 100 terms
TRACE [2019-06-27 16:59:59] Training model: balancing dataset
TRACE [2019-06-27 16:59:59] [balance_dataset]: balancing method: unbalanced
TRACE [2019-06-27 16:59:59] Training model: partitioning dataset
TRACE [2019-06-27 17:00:01] Training model: 
TRACE [2019-06-27 17:00:01] [get_resampling_method] Resampling model LGOCV
TRACE [2019-06-27 17:00:01] [train_with_knn] Training model with KNN
TRACE [2019-06-27 17:08:37] Testing model: 
TRACE [2019-06-27 17:08:38] Evaluating model: bcc [0.492632], acc0 [0.514815], acc1 [0.470449]
TRACE [2019-06-27 17:08:38] Recording evaluation results on CSV file.
TRACE [2019-06-27 17:08:38] Current parameters: feature[short_long_description], threshold[8], classifier[knn], resampling[LGOCV], balancing[unbalanced]
TRACE [2019-06-27 17:08:38] Training model: balancing dataset
TRACE [2019-06-27 17:08:38] [balance_dataset]: balancing method: unbalanced
TRACE [2019-06-27 17:08:38] Training model: partitioning dataset
TRACE [2019-06-27 17:08:39] Training model: 
TRACE [2019-06-27 17:08:39] [get_resampling_method] Resampling model LGOCV
TRACE [2019-06-27 17:08:39] [train_with_knn] Training model with KNN
TRACE [2019-06-27 17:12:22] Testing model: 
TRACE [2019-06-27 17:12:24] Evaluating model: bcc [0.534159], acc0 [0.569132], acc1 [0.499187]
TRACE [2019-06-27 17:12:24] Recording evaluation results on CSV file.
TRACE [2019-06-27 17:12:24] Current parameters: feature[short_long_description], threshold[12], classifier[knn], resampling[LGOCV], balancing[unbalanced]
TRACE [2019-06-27 17:12:24] Training model: balancing dataset
TRACE [2019-06-27 17:12:24] [balance_dataset]: balancing method: unbalanced
TRACE [2019-06-27 17:12:24] Training model: partitioning dataset
TRACE [2019-06-27 17:12:25] Training model: 
TRACE [2019-06-27 17:12:25] [get_resampling_method] Resampling model LGOCV
TRACE [2019-06-27 17:12:25] [train_with_knn] Training model with KNN
TRACE [2019-06-27 17:16:09] Testing model: 
TRACE [2019-06-27 17:16:10] Evaluating model: bcc [0.550239], acc0 [0.591549], acc1 [0.508929]
TRACE [2019-06-27 17:16:10] Recording evaluation results on CSV file.
TRACE [2019-06-27 17:16:10] Current parameters: feature[short_long_description], threshold[16], classifier[knn], resampling[LGOCV], balancing[unbalanced]
TRACE [2019-06-27 17:16:11] Training model: balancing dataset
TRACE [2019-06-27 17:16:11] [balance_dataset]: balancing method: unbalanced
TRACE [2019-06-27 17:16:11] Training model: partitioning dataset
TRACE [2019-06-27 17:16:11] Training model: 
TRACE [2019-06-27 17:16:11] [get_resampling_method] Resampling model LGOCV
TRACE [2019-06-27 17:16:11] [train_with_knn] Training model with KNN
TRACE [2019-06-27 17:21:44] Testing model: 
TRACE [2019-06-27 17:21:46] Evaluating model: bcc [0.573320], acc0 [0.592225], acc1 [0.554415]
TRACE [2019-06-27 17:21:46] Recording evaluation results on CSV file.
TRACE [2019-06-27 17:21:46] Current parameters: feature[short_long_description], threshold[20], classifier[knn], resampling[LGOCV], balancing[unbalanced]
TRACE [2019-06-27 17:21:46] Training model: balancing dataset
TRACE [2019-06-27 17:21:46] [balance_dataset]: balancing method: unbalanced
TRACE [2019-06-27 17:21:46] Training model: partitioning dataset
TRACE [2019-06-27 17:21:47] Training model: 
TRACE [2019-06-27 17:21:47] [get_resampling_method] Resampling model LGOCV
TRACE [2019-06-27 17:21:47] [train_with_knn] Training model with KNN
TRACE [2019-06-27 17:27:55] Testing model: 
TRACE [2019-06-27 17:27:57] Evaluating model: bcc [0.565620], acc0 [0.618113], acc1 [0.513126]
TRACE [2019-06-27 17:27:57] Recording evaluation results on CSV file.
TRACE [2019-06-27 17:27:57] Current parameters: feature[short_long_description], threshold[24], classifier[knn], resampling[LGOCV], balancing[unbalanced]
TRACE [2019-06-27 17:27:57] Training model: balancing dataset
TRACE [2019-06-27 17:27:57] [balance_dataset]: balancing method: unbalanced
TRACE [2019-06-27 17:27:57] Training model: partitioning dataset
TRACE [2019-06-27 17:27:57] Training model: 
TRACE [2019-06-27 17:27:57] [get_resampling_method] Resampling model LGOCV
TRACE [2019-06-27 17:27:57] [train_with_knn] Training model with KNN
TRACE [2019-06-27 17:33:30] Testing model: 
TRACE [2019-06-27 17:33:32] Evaluating model: bcc [0.582276], acc0 [0.616448], acc1 [0.548105]
TRACE [2019-06-27 17:33:32] Recording evaluation results on CSV file.
TRACE [2019-06-27 17:33:32] Current parameters: feature[short_long_description], threshold[28], classifier[knn], resampling[LGOCV], balancing[unbalanced]
TRACE [2019-06-27 17:33:32] Training model: balancing dataset
TRACE [2019-06-27 17:33:32] [balance_dataset]: balancing method: unbalanced
TRACE [2019-06-27 17:33:32] Training model: partitioning dataset
TRACE [2019-06-27 17:33:33] Training model: 
TRACE [2019-06-27 17:33:33] [get_resampling_method] Resampling model LGOCV
TRACE [2019-06-27 17:33:33] [train_with_knn] Training model with KNN
TRACE [2019-06-27 17:39:49] Testing model: 
TRACE [2019-06-27 17:39:51] Evaluating model: bcc [0.590360], acc0 [0.619850], acc1 [0.560870]
TRACE [2019-06-27 17:39:51] Recording evaluation results on CSV file.
TRACE [2019-06-27 17:39:51] Current parameters: feature[short_long_description], threshold[32], classifier[knn], resampling[LGOCV], balancing[unbalanced]
TRACE [2019-06-27 17:39:51] Training model: balancing dataset
TRACE [2019-06-27 17:39:51] [balance_dataset]: balancing method: unbalanced
TRACE [2019-06-27 17:39:51] Training model: partitioning dataset
TRACE [2019-06-27 17:39:52] Training model: 
TRACE [2019-06-27 17:39:52] [get_resampling_method] Resampling model LGOCV
TRACE [2019-06-27 17:39:52] [train_with_knn] Training model with KNN
TRACE [2019-06-27 17:44:53] Testing model: 
TRACE [2019-06-27 17:44:55] Evaluating model: bcc [0.603241], acc0 [0.625000], acc1 [0.581481]
TRACE [2019-06-27 17:44:55] Recording evaluation results on CSV file.
TRACE [2019-06-27 17:44:55] Current parameters: feature[short_long_description], threshold[36], classifier[knn], resampling[LGOCV], balancing[unbalanced]
TRACE [2019-06-27 17:44:55] Training model: balancing dataset
TRACE [2019-06-27 17:44:55] [balance_dataset]: balancing method: unbalanced
TRACE [2019-06-27 17:44:55] Training model: partitioning dataset
TRACE [2019-06-27 17:44:55] Training model: 
TRACE [2019-06-27 17:44:55] [get_resampling_method] Resampling model LGOCV
TRACE [2019-06-27 17:44:55] [train_with_knn] Training model with KNN
TRACE [2019-06-27 17:50:23] Testing model: 
TRACE [2019-06-27 17:50:27] Evaluating model: bcc [0.592051], acc0 [0.635714], acc1 [0.548387]
TRACE [2019-06-27 17:50:27] Recording evaluation results on CSV file.
TRACE [2019-06-27 17:50:27] Current parameters: feature[short_long_description], threshold[40], classifier[knn], resampling[LGOCV], balancing[unbalanced]
TRACE [2019-06-27 17:50:27] Training model: balancing dataset
TRACE [2019-06-27 17:50:27] [balance_dataset]: balancing method: unbalanced
TRACE [2019-06-27 17:50:27] Training model: partitioning dataset
TRACE [2019-06-27 17:50:28] Training model: 
TRACE [2019-06-27 17:50:28] [get_resampling_method] Resampling model LGOCV
TRACE [2019-06-27 17:50:28] [train_with_knn] Training model with KNN
TRACE [2019-06-27 17:57:35] Testing model: 
TRACE [2019-06-27 17:57:38] Evaluating model: bcc [0.619007], acc0 [0.634638], acc1 [0.603376]
TRACE [2019-06-27 17:57:38] Recording evaluation results on CSV file.
TRACE [2019-06-27 17:57:38] Current parameters: feature[short_long_description], threshold[44], classifier[knn], resampling[LGOCV], balancing[unbalanced]
TRACE [2019-06-27 17:57:38] Training model: balancing dataset
TRACE [2019-06-27 17:57:38] [balance_dataset]: balancing method: unbalanced
TRACE [2019-06-27 17:57:38] Training model: partitioning dataset
TRACE [2019-06-27 17:57:38] Training model: 
TRACE [2019-06-27 17:57:38] [get_resampling_method] Resampling model LGOCV
TRACE [2019-06-27 17:57:38] [train_with_knn] Training model with KNN
TRACE [2019-06-27 18:07:42] Testing model: 
TRACE [2019-06-27 18:07:45] Evaluating model: bcc [0.653596], acc0 [0.632493], acc1 [0.674699]
TRACE [2019-06-27 18:07:45] Recording evaluation results on CSV file.
TRACE [2019-06-27 18:07:45] Current parameters: feature[short_long_description], threshold[48], classifier[knn], resampling[LGOCV], balancing[unbalanced]
TRACE [2019-06-27 18:07:45] Training model: balancing dataset
TRACE [2019-06-27 18:07:45] [balance_dataset]: balancing method: unbalanced
TRACE [2019-06-27 18:07:45] Training model: partitioning dataset
TRACE [2019-06-27 18:07:46] Training model: 
TRACE [2019-06-27 18:07:46] [get_resampling_method] Resampling model LGOCV
TRACE [2019-06-27 18:07:46] [train_with_knn] Training model with KNN
TRACE [2019-06-27 18:17:50] Testing model: 
TRACE [2019-06-27 18:17:53] Evaluating model: bcc [0.616322], acc0 [0.645232], acc1 [0.587413]
TRACE [2019-06-27 18:17:53] Recording evaluation results on CSV file.
TRACE [2019-06-27 18:17:53] Current parameters: feature[short_long_description], threshold[52], classifier[knn], resampling[LGOCV], balancing[unbalanced]
TRACE [2019-06-27 18:17:53] Training model: balancing dataset
TRACE [2019-06-27 18:17:53] [balance_dataset]: balancing method: unbalanced
TRACE [2019-06-27 18:17:53] Training model: partitioning dataset
TRACE [2019-06-27 18:17:54] Training model: 
TRACE [2019-06-27 18:17:54] [get_resampling_method] Resampling model LGOCV
TRACE [2019-06-27 18:17:54] [train_with_knn] Training model with KNN
TRACE [2019-06-27 18:24:13] Testing model: 
TRACE [2019-06-27 18:24:15] Evaluating model: bcc [0.626634], acc0 [0.648872], acc1 [0.604396]
TRACE [2019-06-27 18:24:15] Recording evaluation results on CSV file.
TRACE [2019-06-27 18:24:15] Current parameters: feature[short_long_description], threshold[56], classifier[knn], resampling[LGOCV], balancing[unbalanced]
TRACE [2019-06-27 18:24:15] Training model: balancing dataset
TRACE [2019-06-27 18:24:15] [balance_dataset]: balancing method: unbalanced
TRACE [2019-06-27 18:24:15] Training model: partitioning dataset
TRACE [2019-06-27 18:24:16] Training model: 
TRACE [2019-06-27 18:24:16] [get_resampling_method] Resampling model LGOCV
TRACE [2019-06-27 18:24:16] [train_with_knn] Training model with KNN
TRACE [2019-06-27 18:32:26] Testing model: 
TRACE [2019-06-27 18:32:29] Evaluating model: bcc [0.626064], acc0 [0.652127], acc1 [0.600000]
TRACE [2019-06-27 18:32:29] Recording evaluation results on CSV file.
TRACE [2019-06-27 18:32:29] Current parameters: feature[short_long_description], threshold[60], classifier[knn], resampling[LGOCV], balancing[unbalanced]
TRACE [2019-06-27 18:32:29] Training model: balancing dataset
TRACE [2019-06-27 18:32:29] [balance_dataset]: balancing method: unbalanced
TRACE [2019-06-27 18:32:29] Training model: partitioning dataset
TRACE [2019-06-27 18:32:29] Training model: 
TRACE [2019-06-27 18:32:29] [get_resampling_method] Resampling model LGOCV
TRACE [2019-06-27 18:32:29] [train_with_knn] Training model with KNN
TRACE [2019-06-27 18:44:37] Testing model: 
TRACE [2019-06-27 18:44:40] Evaluating model: bcc [0.618809], acc0 [0.657158], acc1 [0.580460]
TRACE [2019-06-27 18:44:40] Recording evaluation results on CSV file.
TRACE [2019-06-27 18:44:40] Current parameters: feature[short_long_description], threshold[64], classifier[knn], resampling[LGOCV], balancing[unbalanced]
TRACE [2019-06-27 18:44:40] Training model: balancing dataset
TRACE [2019-06-27 18:44:40] [balance_dataset]: balancing method: unbalanced
TRACE [2019-06-27 18:44:40] Training model: partitioning dataset
TRACE [2019-06-27 18:44:41] Training model: 
TRACE [2019-06-27 18:44:41] [get_resampling_method] Resampling model LGOCV
TRACE [2019-06-27 18:44:41] [train_with_knn] Training model with KNN
TRACE [2019-06-27 18:53:02] Testing model: 
TRACE [2019-06-27 18:53:05] Evaluating model: bcc [0.627948], acc0 [0.659405], acc1 [0.596491]
TRACE [2019-06-27 18:53:05] Recording evaluation results on CSV file.
TRACE [2019-06-27 18:53:05] Current parameters: feature[short_long_description], threshold[4], classifier[nb], resampling[LGOCV], balancing[unbalanced]
TRACE [2019-06-27 18:53:05] Training model: balancing dataset
TRACE [2019-06-27 18:53:05] [balance_dataset]: balancing method: unbalanced
TRACE [2019-06-27 18:53:05] Training model: partitioning dataset
TRACE [2019-06-27 18:53:06] Training model: 
TRACE [2019-06-27 18:53:06] [get_resampling_method] Resampling model LGOCV
TRACE [2019-06-27 18:53:06] [train_with_nb] Training model with NB
1 package is needed for this model and is not installed. (klaR). Would you like to try to install it now?Error: Required package is missing
In addition: Warning message:
The `names` must have length 321, not 2.
This warning is displayed once per session. 
Execution halted
