nohup: ignoring input
Loading required package: lattice
Loading required package: ggplot2
Loading required package: foreach
Loading required package: iterators
Loading required package: parallel

Attaching package: ‘kernlab’

The following object is masked from ‘package:ggplot2’:

    alpha

Loading required package: qdapDictionaries
Loading required package: qdapRegex

Attaching package: ‘qdapRegex’

The following object is masked from ‘package:ggplot2’:

    %+%

Loading required package: qdapTools
Loading required package: RColorBrewer

Attaching package: ‘qdap’

The following object is masked from ‘package:base’:

    Filter

randomForest 4.6-14
Type rfNews() to see new features/changes/bug fixes.

Attaching package: ‘randomForest’

The following object is masked from ‘package:ggplot2’:

    margin

── Attaching packages ─────────────────────────────────────── tidyverse 1.2.1 ──
✔ tibble  2.1.3     ✔ purrr   0.3.2
✔ tidyr   0.8.3     ✔ dplyr   0.8.1
✔ readr   1.3.1     ✔ stringr 1.4.0
✔ tibble  2.1.3     ✔ forcats 0.4.0
── Conflicts ────────────────────────────────────────── tidyverse_conflicts() ──
✖ qdapRegex::%+%()       masks ggplot2::%+%()
✖ purrr::accumulate()    masks foreach::accumulate()
✖ kernlab::alpha()       masks ggplot2::alpha()
✖ dplyr::combine()       masks randomForest::combine()
✖ purrr::cross()         masks kernlab::cross()
✖ dplyr::explain()       masks qdapRegex::explain()
✖ dplyr::filter()        masks stats::filter()
✖ dplyr::id()            masks qdapTools::id()
✖ dplyr::lag()           masks stats::lag()
✖ purrr::lift()          masks caret::lift()
✖ randomForest::margin() masks ggplot2::margin()
✖ purrr::when()          masks foreach::when()
Loading required package: NLP

Attaching package: ‘NLP’

The following object is masked from ‘package:qdap’:

    ngrams

The following object is masked from ‘package:ggplot2’:

    annotate


Attaching package: ‘tm’

The following objects are masked from ‘package:qdap’:

    as.DocumentTermMatrix, as.TermDocumentMatrix

NULL
TRACE [2019-07-13 09:31:04] Long Live Prediction Started...
TRACE [2019-07-13 09:31:04] Evaluation metrics ouput path: ~/Workspace/doctorate/long-lived-bug-prediction/notebooks/datasets
TRACE [2019-07-13 09:31:04] Current project name : gnome
TRACE [2019-07-13 09:31:04] Last evaluation file : ~/Workspace/doctorate/long-lived-bug-prediction/notebooks/datasets/20190704111536_gnome_result_metrics_grided_le_2y.csv
TRACE [2019-07-13 09:31:05] Current parameter number: 263
TRACE [2019-07-13 09:31:05] Bug report file name: ~/Workspace/doctorate/long-lived-bug-prediction/notebooks/datasets/20190309_gnome_bug_report_data.csv
TRACE [2019-07-13 09:31:06] Clean text features
TRACE [2019-07-13 09:32:59] Current parameters: feature[short_long_description], threshold[28], classifier[knn], resampling[LGOCV], balancing[unbalanced]
TRACE [2019-07-13 09:32:59] Text mining: extracting 500 terms
TRACE [2019-07-13 09:33:44] Text mining: extracted 500 terms
TRACE [2019-07-13 09:33:44] Training model: balancing dataset
TRACE [2019-07-13 09:33:44] [balance_dataset]: balancing method: unbalanced
TRACE [2019-07-13 09:33:44] Training model: partitioning dataset
TRACE [2019-07-13 09:33:49] Training model: 
TRACE [2019-07-13 09:33:49] [get_resampling_method] Resampling model LGOCV
TRACE [2019-07-13 09:33:49] [train_with_knn] Training model with KNN
TRACE [2019-07-13 10:57:06] Testing model: 
TRACE [2019-07-13 10:57:48] Evaluating model: bcc [0.470099], acc0 [0.674172], acc1 [0.266026]
TRACE [2019-07-13 10:57:48] Recording evaluation results on CSV file.
TRACE [2019-07-13 10:57:48] Current parameters: feature[short_long_description], threshold[32], classifier[knn], resampling[LGOCV], balancing[unbalanced]
TRACE [2019-07-13 10:57:48] Training model: balancing dataset
TRACE [2019-07-13 10:57:48] [balance_dataset]: balancing method: unbalanced
TRACE [2019-07-13 10:57:48] Training model: partitioning dataset
TRACE [2019-07-13 10:57:51] Training model: 
TRACE [2019-07-13 10:57:51] [get_resampling_method] Resampling model LGOCV
TRACE [2019-07-13 10:57:51] [train_with_knn] Training model with KNN
TRACE [2019-07-13 12:22:32] Testing model: 
TRACE [2019-07-13 12:23:16] Evaluating model: bcc [0.481199], acc0 [0.693742], acc1 [0.268657]
TRACE [2019-07-13 12:23:16] Recording evaluation results on CSV file.
TRACE [2019-07-13 12:23:16] Current parameters: feature[short_long_description], threshold[36], classifier[knn], resampling[LGOCV], balancing[unbalanced]
TRACE [2019-07-13 12:23:17] Training model: balancing dataset
TRACE [2019-07-13 12:23:17] [balance_dataset]: balancing method: unbalanced
TRACE [2019-07-13 12:23:17] Training model: partitioning dataset
TRACE [2019-07-13 12:23:19] Training model: 
TRACE [2019-07-13 12:23:20] [get_resampling_method] Resampling model LGOCV
TRACE [2019-07-13 12:23:20] [train_with_knn] Training model with KNN
TRACE [2019-07-13 13:49:48] Testing model: 
TRACE [2019-07-13 13:50:34] Evaluating model: bcc [0.454391], acc0 [0.699877], acc1 [0.208904]
TRACE [2019-07-13 13:50:34] Recording evaluation results on CSV file.
TRACE [2019-07-13 13:50:34] Current parameters: feature[short_long_description], threshold[40], classifier[knn], resampling[LGOCV], balancing[unbalanced]
TRACE [2019-07-13 13:50:35] Training model: balancing dataset
TRACE [2019-07-13 13:50:35] [balance_dataset]: balancing method: unbalanced
TRACE [2019-07-13 13:50:35] Training model: partitioning dataset
TRACE [2019-07-13 13:50:37] Training model: 
TRACE [2019-07-13 13:50:37] [get_resampling_method] Resampling model LGOCV
TRACE [2019-07-13 13:50:37] [train_with_knn] Training model with KNN
TRACE [2019-07-13 15:22:42] Testing model: 
TRACE [2019-07-13 15:23:29] Evaluating model: bcc [0.432330], acc0 [0.680899], acc1 [0.183761]
TRACE [2019-07-13 15:23:29] Recording evaluation results on CSV file.
TRACE [2019-07-13 15:23:29] Current parameters: feature[short_long_description], threshold[44], classifier[knn], resampling[LGOCV], balancing[unbalanced]
TRACE [2019-07-13 15:23:29] Training model: balancing dataset
TRACE [2019-07-13 15:23:29] [balance_dataset]: balancing method: unbalanced
TRACE [2019-07-13 15:23:29] Training model: partitioning dataset
TRACE [2019-07-13 15:23:32] Training model: 
TRACE [2019-07-13 15:23:32] [get_resampling_method] Resampling model LGOCV
TRACE [2019-07-13 15:23:32] [train_with_knn] Training model with KNN
TRACE [2019-07-13 16:56:49] Testing model: 
TRACE [2019-07-13 16:57:38] Evaluating model: bcc [0.483552], acc0 [0.692857], acc1 [0.274247]
TRACE [2019-07-13 16:57:38] Recording evaluation results on CSV file.
TRACE [2019-07-13 16:57:38] Current parameters: feature[short_long_description], threshold[48], classifier[knn], resampling[LGOCV], balancing[unbalanced]
TRACE [2019-07-13 16:57:38] Training model: balancing dataset
TRACE [2019-07-13 16:57:38] [balance_dataset]: balancing method: unbalanced
TRACE [2019-07-13 16:57:38] Training model: partitioning dataset
TRACE [2019-07-13 16:57:41] Training model: 
TRACE [2019-07-13 16:57:41] [get_resampling_method] Resampling model LGOCV
TRACE [2019-07-13 16:57:41] [train_with_knn] Training model with KNN
TRACE [2019-07-13 18:31:36] Testing model: 
TRACE [2019-07-13 18:32:23] Evaluating model: bcc [0.488091], acc0 [0.692398], acc1 [0.283784]
TRACE [2019-07-13 18:32:23] Recording evaluation results on CSV file.
TRACE [2019-07-13 18:32:23] Current parameters: feature[short_long_description], threshold[52], classifier[knn], resampling[LGOCV], balancing[unbalanced]
TRACE [2019-07-13 18:32:23] Training model: balancing dataset
TRACE [2019-07-13 18:32:23] [balance_dataset]: balancing method: unbalanced
TRACE [2019-07-13 18:32:23] Training model: partitioning dataset
TRACE [2019-07-13 18:32:26] Training model: 
TRACE [2019-07-13 18:32:26] [get_resampling_method] Resampling model LGOCV
TRACE [2019-07-13 18:32:26] [train_with_knn] Training model with KNN
TRACE [2019-07-13 20:09:37] Testing model: 
TRACE [2019-07-13 20:10:28] Evaluating model: bcc [0.470148], acc0 [0.698538], acc1 [0.241758]
TRACE [2019-07-13 20:10:28] Recording evaluation results on CSV file.
TRACE [2019-07-13 20:10:29] Current parameters: feature[short_long_description], threshold[56], classifier[knn], resampling[LGOCV], balancing[unbalanced]
TRACE [2019-07-13 20:10:29] Training model: balancing dataset
TRACE [2019-07-13 20:10:29] [balance_dataset]: balancing method: unbalanced
TRACE [2019-07-13 20:10:29] Training model: partitioning dataset
TRACE [2019-07-13 20:10:32] Training model: 
TRACE [2019-07-13 20:10:32] [get_resampling_method] Resampling model LGOCV
TRACE [2019-07-13 20:10:32] [train_with_knn] Training model with KNN
TRACE [2019-07-13 21:49:17] Testing model: 
TRACE [2019-07-13 21:50:08] Evaluating model: bcc [0.451720], acc0 [0.689765], acc1 [0.213675]
TRACE [2019-07-13 21:50:08] Recording evaluation results on CSV file.
TRACE [2019-07-13 21:50:08] Current parameters: feature[short_long_description], threshold[60], classifier[knn], resampling[LGOCV], balancing[unbalanced]
TRACE [2019-07-13 21:50:08] Training model: balancing dataset
TRACE [2019-07-13 21:50:08] [balance_dataset]: balancing method: unbalanced
TRACE [2019-07-13 21:50:08] Training model: partitioning dataset
TRACE [2019-07-13 21:50:11] Training model: 
TRACE [2019-07-13 21:50:11] [get_resampling_method] Resampling model LGOCV
TRACE [2019-07-13 21:50:11] [train_with_knn] Training model with KNN
TRACE [2019-07-13 23:23:57] Testing model: 
TRACE [2019-07-13 23:24:50] Evaluating model: bcc [0.465957], acc0 [0.693048], acc1 [0.238866]
TRACE [2019-07-13 23:24:50] Recording evaluation results on CSV file.
TRACE [2019-07-13 23:24:50] Current parameters: feature[short_long_description], threshold[64], classifier[knn], resampling[LGOCV], balancing[unbalanced]
TRACE [2019-07-13 23:24:50] Training model: balancing dataset
TRACE [2019-07-13 23:24:50] [balance_dataset]: balancing method: unbalanced
TRACE [2019-07-13 23:24:50] Training model: partitioning dataset
TRACE [2019-07-13 23:24:53] Training model: 
TRACE [2019-07-13 23:24:53] [get_resampling_method] Resampling model LGOCV
TRACE [2019-07-13 23:24:53] [train_with_knn] Training model with KNN
TRACE [2019-07-14 01:08:47] Testing model: 
TRACE [2019-07-14 01:09:31] Evaluating model: bcc [0.469059], acc0 [0.711351], acc1 [0.226766]
TRACE [2019-07-14 01:09:31] Recording evaluation results on CSV file.
TRACE [2019-07-14 01:09:32] Current parameters: feature[short_long_description], threshold[4], classifier[nb], resampling[LGOCV], balancing[unbalanced]
TRACE [2019-07-14 01:09:32] Training model: balancing dataset
TRACE [2019-07-14 01:09:32] [balance_dataset]: balancing method: unbalanced
TRACE [2019-07-14 01:09:32] Training model: partitioning dataset
TRACE [2019-07-14 01:09:34] Training model: 
TRACE [2019-07-14 01:09:34] [get_resampling_method] Resampling model LGOCV
TRACE [2019-07-14 01:09:34] [train_with_nb] Training model with NB
TRACE [2019-07-14 02:01:11] Testing model: 
TRACE [2019-07-14 02:02:51] Evaluating model: bcc [0.403340], acc0 [0.375000], acc1 [0.431681]
TRACE [2019-07-14 02:02:51] Recording evaluation results on CSV file.
TRACE [2019-07-14 02:02:51] Current parameters: feature[short_long_description], threshold[8], classifier[nb], resampling[LGOCV], balancing[unbalanced]
TRACE [2019-07-14 02:02:51] Training model: balancing dataset
TRACE [2019-07-14 02:02:51] [balance_dataset]: balancing method: unbalanced
TRACE [2019-07-14 02:02:51] Training model: partitioning dataset
TRACE [2019-07-14 02:02:54] Training model: 
TRACE [2019-07-14 02:02:54] [get_resampling_method] Resampling model LGOCV
TRACE [2019-07-14 02:02:54] [train_with_nb] Training model with NB
TRACE [2019-07-14 02:58:46] Testing model: 
TRACE [2019-07-14 03:00:29] Evaluating model: bcc [0.564240], acc0 [0.653846], acc1 [0.474634]
TRACE [2019-07-14 03:00:29] Recording evaluation results on CSV file.
TRACE [2019-07-14 03:00:29] Current parameters: feature[short_long_description], threshold[12], classifier[nb], resampling[LGOCV], balancing[unbalanced]
TRACE [2019-07-14 03:00:29] Training model: balancing dataset
TRACE [2019-07-14 03:00:29] [balance_dataset]: balancing method: unbalanced
TRACE [2019-07-14 03:00:29] Training model: partitioning dataset
Warning in preProcess.default(X_test, method = c("range")) :
  No variation for for: gparam
TRACE [2019-07-14 03:00:31] Training model: 
TRACE [2019-07-14 03:00:31] [get_resampling_method] Resampling model LGOCV
TRACE [2019-07-14 03:00:31] [train_with_nb] Training model with NB
TRACE [2019-07-14 04:00:08] Testing model: 
TRACE [2019-07-14 04:01:59] Evaluating model: bcc [0.599731], acc0 [0.700000], acc1 [0.499463]
TRACE [2019-07-14 04:01:59] Recording evaluation results on CSV file.
TRACE [2019-07-14 04:02:00] Current parameters: feature[short_long_description], threshold[16], classifier[nb], resampling[LGOCV], balancing[unbalanced]
TRACE [2019-07-14 04:02:00] Training model: balancing dataset
TRACE [2019-07-14 04:02:00] [balance_dataset]: balancing method: unbalanced
TRACE [2019-07-14 04:02:00] Training model: partitioning dataset
Warning in preProcess.default(X_test, method = c("range")) :
  No variation for for: gparam
TRACE [2019-07-14 04:02:03] Training model: 
TRACE [2019-07-14 04:02:03] [get_resampling_method] Resampling model LGOCV
TRACE [2019-07-14 04:02:03] [train_with_nb] Training model with NB
TRACE [2019-07-14 05:03:16] Testing model: 
TRACE [2019-07-14 05:05:07] Evaluating model: bcc [0.612994], acc0 [0.714286], acc1 [0.511702]
TRACE [2019-07-14 05:05:07] Recording evaluation results on CSV file.
TRACE [2019-07-14 05:05:07] Current parameters: feature[short_long_description], threshold[20], classifier[nb], resampling[LGOCV], balancing[unbalanced]
TRACE [2019-07-14 05:05:07] Training model: balancing dataset
TRACE [2019-07-14 05:05:07] [balance_dataset]: balancing method: unbalanced
TRACE [2019-07-14 05:05:07] Training model: partitioning dataset
TRACE [2019-07-14 05:05:10] Training model: 
TRACE [2019-07-14 05:05:10] [get_resampling_method] Resampling model LGOCV
TRACE [2019-07-14 05:05:10] [train_with_nb] Training model with NB
TRACE [2019-07-14 06:05:39] Testing model: 
TRACE [2019-07-14 06:07:33] Evaluating model: bcc [0.605654], acc0 [0.692308], acc1 [0.519001]
TRACE [2019-07-14 06:07:33] Recording evaluation results on CSV file.
TRACE [2019-07-14 06:07:34] Current parameters: feature[short_long_description], threshold[24], classifier[nb], resampling[LGOCV], balancing[unbalanced]
TRACE [2019-07-14 06:07:34] Training model: balancing dataset
TRACE [2019-07-14 06:07:34] [balance_dataset]: balancing method: unbalanced
TRACE [2019-07-14 06:07:34] Training model: partitioning dataset
TRACE [2019-07-14 06:07:37] Training model: 
TRACE [2019-07-14 06:07:37] [get_resampling_method] Resampling model LGOCV
TRACE [2019-07-14 06:07:37] [train_with_nb] Training model with NB
TRACE [2019-07-14 07:11:56] Testing model: 
TRACE [2019-07-14 07:13:54] Evaluating model: bcc [0.632584], acc0 [0.734177], acc1 [0.530992]
TRACE [2019-07-14 07:13:54] Recording evaluation results on CSV file.
TRACE [2019-07-14 07:13:54] Current parameters: feature[short_long_description], threshold[28], classifier[nb], resampling[LGOCV], balancing[unbalanced]
TRACE [2019-07-14 07:13:54] Training model: balancing dataset
TRACE [2019-07-14 07:13:54] [balance_dataset]: balancing method: unbalanced
TRACE [2019-07-14 07:13:54] Training model: partitioning dataset
TRACE [2019-07-14 07:13:58] Training model: 
TRACE [2019-07-14 07:13:58] [get_resampling_method] Resampling model LGOCV
TRACE [2019-07-14 07:13:58] [train_with_nb] Training model with NB
TRACE [2019-07-14 08:19:51] Testing model: 
TRACE [2019-07-14 08:21:52] Evaluating model: bcc [0.619276], acc0 [0.696629], acc1 [0.541922]
TRACE [2019-07-14 08:21:52] Recording evaluation results on CSV file.
TRACE [2019-07-14 08:21:53] Current parameters: feature[short_long_description], threshold[32], classifier[nb], resampling[LGOCV], balancing[unbalanced]
TRACE [2019-07-14 08:21:53] Training model: balancing dataset
TRACE [2019-07-14 08:21:53] [balance_dataset]: balancing method: unbalanced
TRACE [2019-07-14 08:21:53] Training model: partitioning dataset
TRACE [2019-07-14 08:21:56] Training model: 
TRACE [2019-07-14 08:21:56] [get_resampling_method] Resampling model LGOCV
TRACE [2019-07-14 08:21:56] [train_with_nb] Training model with NB
TRACE [2019-07-14 09:29:17] Testing model: 
TRACE [2019-07-14 09:31:19] Evaluating model: bcc [0.638932], acc0 [0.729412], acc1 [0.548452]
TRACE [2019-07-14 09:31:19] Recording evaluation results on CSV file.
TRACE [2019-07-14 09:31:19] Current parameters: feature[short_long_description], threshold[36], classifier[nb], resampling[LGOCV], balancing[unbalanced]
TRACE [2019-07-14 09:31:20] Training model: balancing dataset
TRACE [2019-07-14 09:31:20] [balance_dataset]: balancing method: unbalanced
TRACE [2019-07-14 09:31:20] Training model: partitioning dataset
TRACE [2019-07-14 09:31:23] Training model: 
TRACE [2019-07-14 09:31:23] [get_resampling_method] Resampling model LGOCV
TRACE [2019-07-14 09:31:23] [train_with_nb] Training model with NB
TRACE [2019-07-14 10:40:02] Testing model: 
TRACE [2019-07-14 10:42:06] Evaluating model: bcc [0.625740], acc0 [0.692308], acc1 [0.559172]
TRACE [2019-07-14 10:42:06] Recording evaluation results on CSV file.
TRACE [2019-07-14 10:42:06] Current parameters: feature[short_long_description], threshold[40], classifier[nb], resampling[LGOCV], balancing[unbalanced]
TRACE [2019-07-14 10:42:06] Training model: balancing dataset
TRACE [2019-07-14 10:42:06] [balance_dataset]: balancing method: unbalanced
TRACE [2019-07-14 10:42:06] Training model: partitioning dataset
TRACE [2019-07-14 10:42:09] Training model: 
TRACE [2019-07-14 10:42:09] [get_resampling_method] Resampling model LGOCV
TRACE [2019-07-14 10:42:09] [train_with_nb] Training model with NB
TRACE [2019-07-14 11:48:10] Testing model: 
TRACE [2019-07-14 11:50:15] Evaluating model: bcc [0.621495], acc0 [0.677686], acc1 [0.565304]
TRACE [2019-07-14 11:50:15] Recording evaluation results on CSV file.
TRACE [2019-07-14 11:50:15] Current parameters: feature[short_long_description], threshold[44], classifier[nb], resampling[LGOCV], balancing[unbalanced]
TRACE [2019-07-14 11:50:15] Training model: balancing dataset
TRACE [2019-07-14 11:50:15] [balance_dataset]: balancing method: unbalanced
TRACE [2019-07-14 11:50:15] Training model: partitioning dataset
TRACE [2019-07-14 11:50:19] Training model: 
TRACE [2019-07-14 11:50:19] [get_resampling_method] Resampling model LGOCV
TRACE [2019-07-14 11:50:19] [train_with_nb] Training model with NB
TRACE [2019-07-14 13:00:09] Testing model: 
TRACE [2019-07-14 13:02:19] Evaluating model: bcc [0.657088], acc0 [0.747573], acc1 [0.566602]
TRACE [2019-07-14 13:02:19] Recording evaluation results on CSV file.
TRACE [2019-07-14 13:02:19] Current parameters: feature[short_long_description], threshold[48], classifier[nb], resampling[LGOCV], balancing[unbalanced]
TRACE [2019-07-14 13:02:20] Training model: balancing dataset
TRACE [2019-07-14 13:02:20] [balance_dataset]: balancing method: unbalanced
TRACE [2019-07-14 13:02:20] Training model: partitioning dataset
TRACE [2019-07-14 13:02:23] Training model: 
TRACE [2019-07-14 13:02:23] [get_resampling_method] Resampling model LGOCV
TRACE [2019-07-14 13:02:23] [train_with_nb] Training model with NB
TRACE [2019-07-14 14:12:46] Testing model: 
TRACE [2019-07-14 14:14:55] Evaluating model: bcc [0.639449], acc0 [0.700000], acc1 [0.578898]
TRACE [2019-07-14 14:14:55] Recording evaluation results on CSV file.
TRACE [2019-07-14 14:14:55] Current parameters: feature[short_long_description], threshold[52], classifier[nb], resampling[LGOCV], balancing[unbalanced]
TRACE [2019-07-14 14:14:55] Training model: balancing dataset
TRACE [2019-07-14 14:14:55] [balance_dataset]: balancing method: unbalanced
TRACE [2019-07-14 14:14:55] Training model: partitioning dataset
TRACE [2019-07-14 14:14:58] Training model: 
TRACE [2019-07-14 14:14:58] [get_resampling_method] Resampling model LGOCV
TRACE [2019-07-14 14:14:58] [train_with_nb] Training model with NB
TRACE [2019-07-14 15:27:01] Testing model: 
TRACE [2019-07-14 15:29:11] Evaluating model: bcc [0.669600], acc0 [0.768595], acc1 [0.570605]
TRACE [2019-07-14 15:29:11] Recording evaluation results on CSV file.
TRACE [2019-07-14 15:29:11] Current parameters: feature[short_long_description], threshold[56], classifier[nb], resampling[LGOCV], balancing[unbalanced]
TRACE [2019-07-14 15:29:11] Training model: balancing dataset
TRACE [2019-07-14 15:29:11] [balance_dataset]: balancing method: unbalanced
TRACE [2019-07-14 15:29:11] Training model: partitioning dataset
TRACE [2019-07-14 15:29:15] Training model: 
TRACE [2019-07-14 15:29:15] [get_resampling_method] Resampling model LGOCV
TRACE [2019-07-14 15:29:15] [train_with_nb] Training model with NB
TRACE [2019-07-14 16:41:58] Testing model: 
TRACE [2019-07-14 16:44:10] Evaluating model: bcc [0.651775], acc0 [0.721154], acc1 [0.582397]
TRACE [2019-07-14 16:44:10] Recording evaluation results on CSV file.
TRACE [2019-07-14 16:44:10] Current parameters: feature[short_long_description], threshold[60], classifier[nb], resampling[LGOCV], balancing[unbalanced]
TRACE [2019-07-14 16:44:10] Training model: balancing dataset
TRACE [2019-07-14 16:44:10] [balance_dataset]: balancing method: unbalanced
TRACE [2019-07-14 16:44:10] Training model: partitioning dataset
TRACE [2019-07-14 16:44:14] Training model: 
TRACE [2019-07-14 16:44:14] [get_resampling_method] Resampling model LGOCV
TRACE [2019-07-14 16:44:14] [train_with_nb] Training model with NB
TRACE [2019-07-14 17:52:49] Testing model: 
TRACE [2019-07-14 17:55:01] Evaluating model: bcc [0.658339], acc0 [0.740506], acc1 [0.576172]
TRACE [2019-07-14 17:55:01] Recording evaluation results on CSV file.
TRACE [2019-07-14 17:55:01] Current parameters: feature[short_long_description], threshold[64], classifier[nb], resampling[LGOCV], balancing[unbalanced]
TRACE [2019-07-14 17:55:01] Training model: balancing dataset
TRACE [2019-07-14 17:55:01] [balance_dataset]: balancing method: unbalanced
TRACE [2019-07-14 17:55:01] Training model: partitioning dataset
TRACE [2019-07-14 17:55:04] Training model: 
TRACE [2019-07-14 17:55:04] [get_resampling_method] Resampling model LGOCV
TRACE [2019-07-14 17:55:04] [train_with_nb] Training model with NB
TRACE [2019-07-14 19:08:54] Testing model: 
TRACE [2019-07-14 19:11:09] Evaluating model: bcc [0.655577], acc0 [0.731844], acc1 [0.579310]
TRACE [2019-07-14 19:11:09] Recording evaluation results on CSV file.
TRACE [2019-07-14 19:11:09] Current parameters: feature[short_long_description], threshold[4], classifier[rf], resampling[LGOCV], balancing[unbalanced]
TRACE [2019-07-14 19:11:09] Training model: balancing dataset
TRACE [2019-07-14 19:11:09] [balance_dataset]: balancing method: unbalanced
TRACE [2019-07-14 19:11:09] Training model: partitioning dataset
TRACE [2019-07-14 19:11:12] Training model: 
TRACE [2019-07-14 19:11:12] [get_resampling_method] Resampling model LGOCV
TRACE [2019-07-14 19:11:12] [train_with_rf] Training model with RF
TRACE [2019-07-14 19:34:19] Testing model: 
TRACE [2019-07-14 19:34:19] Evaluating model: bcc [0.466080], acc0 [0.651917], acc1 [0.280242]
TRACE [2019-07-14 19:34:19] Recording evaluation results on CSV file.
TRACE [2019-07-14 19:34:19] Current parameters: feature[short_long_description], threshold[8], classifier[rf], resampling[LGOCV], balancing[unbalanced]
TRACE [2019-07-14 19:34:19] Training model: balancing dataset
TRACE [2019-07-14 19:34:19] [balance_dataset]: balancing method: unbalanced
TRACE [2019-07-14 19:34:19] Training model: partitioning dataset
TRACE [2019-07-14 19:34:21] Training model: 
TRACE [2019-07-14 19:34:21] [get_resampling_method] Resampling model LGOCV
TRACE [2019-07-14 19:34:21] [train_with_rf] Training model with RF
TRACE [2019-07-14 20:02:46] Testing model: 
TRACE [2019-07-14 20:02:47] Evaluating model: bcc [0.483776], acc0 [0.677852], acc1 [0.289700]
TRACE [2019-07-14 20:02:47] Recording evaluation results on CSV file.
TRACE [2019-07-14 20:02:47] Current parameters: feature[short_long_description], threshold[12], classifier[rf], resampling[LGOCV], balancing[unbalanced]
TRACE [2019-07-14 20:02:47] Training model: balancing dataset
TRACE [2019-07-14 20:02:47] [balance_dataset]: balancing method: unbalanced
TRACE [2019-07-14 20:02:47] Training model: partitioning dataset
Warning in preProcess.default(X_test, method = c("range")) :
  No variation for for: gparam
TRACE [2019-07-14 20:02:50] Training model: 
TRACE [2019-07-14 20:02:50] [get_resampling_method] Resampling model LGOCV
TRACE [2019-07-14 20:02:50] [train_with_rf] Training model with RF
TRACE [2019-07-14 20:35:02] Testing model: 
TRACE [2019-07-14 20:35:02] Evaluating model: bcc [0.475633], acc0 [0.686703], acc1 [0.264563]
TRACE [2019-07-14 20:35:02] Recording evaluation results on CSV file.
TRACE [2019-07-14 20:35:02] Current parameters: feature[short_long_description], threshold[16], classifier[rf], resampling[LGOCV], balancing[unbalanced]
TRACE [2019-07-14 20:35:02] Training model: balancing dataset
TRACE [2019-07-14 20:35:02] [balance_dataset]: balancing method: unbalanced
TRACE [2019-07-14 20:35:02] Training model: partitioning dataset
Warning in preProcess.default(X_test, method = c("range")) :
  No variation for for: gparam
TRACE [2019-07-14 20:35:05] Training model: 
TRACE [2019-07-14 20:35:05] [get_resampling_method] Resampling model LGOCV
TRACE [2019-07-14 20:35:05] [train_with_rf] Training model with RF
TRACE [2019-07-14 21:10:13] Testing model: 
TRACE [2019-07-14 21:10:13] Evaluating model: bcc [0.481836], acc0 [0.687291], acc1 [0.276382]
TRACE [2019-07-14 21:10:13] Recording evaluation results on CSV file.
TRACE [2019-07-14 21:10:14] Current parameters: feature[short_long_description], threshold[20], classifier[rf], resampling[LGOCV], balancing[unbalanced]
TRACE [2019-07-14 21:10:14] Training model: balancing dataset
TRACE [2019-07-14 21:10:14] [balance_dataset]: balancing method: unbalanced
TRACE [2019-07-14 21:10:14] Training model: partitioning dataset
TRACE [2019-07-14 21:10:17] Training model: 
TRACE [2019-07-14 21:10:17] [get_resampling_method] Resampling model LGOCV
TRACE [2019-07-14 21:10:17] [train_with_rf] Training model with RF
TRACE [2019-07-14 21:48:04] Testing model: 
TRACE [2019-07-14 21:48:04] Evaluating model: bcc [0.445997], acc0 [0.696275], acc1 [0.195719]
TRACE [2019-07-14 21:48:04] Recording evaluation results on CSV file.
TRACE [2019-07-14 21:48:04] Current parameters: feature[short_long_description], threshold[24], classifier[rf], resampling[LGOCV], balancing[unbalanced]
TRACE [2019-07-14 21:48:04] Training model: balancing dataset
TRACE [2019-07-14 21:48:04] [balance_dataset]: balancing method: unbalanced
TRACE [2019-07-14 21:48:04] Training model: partitioning dataset
TRACE [2019-07-14 21:48:07] Training model: 
TRACE [2019-07-14 21:48:07] [get_resampling_method] Resampling model LGOCV
TRACE [2019-07-14 21:48:07] [train_with_rf] Training model with RF
TRACE [2019-07-14 22:28:01] Testing model: 
TRACE [2019-07-14 22:28:01] Evaluating model: bcc [0.488378], acc0 [0.710606], acc1 [0.266150]
TRACE [2019-07-14 22:28:01] Recording evaluation results on CSV file.
TRACE [2019-07-14 22:28:01] Current parameters: feature[short_long_description], threshold[28], classifier[rf], resampling[LGOCV], balancing[unbalanced]
TRACE [2019-07-14 22:28:01] Training model: balancing dataset
TRACE [2019-07-14 22:28:01] [balance_dataset]: balancing method: unbalanced
TRACE [2019-07-14 22:28:01] Training model: partitioning dataset
TRACE [2019-07-14 22:28:04] Training model: 
TRACE [2019-07-14 22:28:04] [get_resampling_method] Resampling model LGOCV
TRACE [2019-07-14 22:28:04] [train_with_rf] Training model with RF
TRACE [2019-07-14 23:07:15] Testing model: 
TRACE [2019-07-14 23:07:15] Evaluating model: bcc [0.469907], acc0 [0.722300], acc1 [0.217514]
TRACE [2019-07-14 23:07:15] Recording evaluation results on CSV file.
TRACE [2019-07-14 23:07:15] Current parameters: feature[short_long_description], threshold[32], classifier[rf], resampling[LGOCV], balancing[unbalanced]
TRACE [2019-07-14 23:07:15] Training model: balancing dataset
TRACE [2019-07-14 23:07:15] [balance_dataset]: balancing method: unbalanced
TRACE [2019-07-14 23:07:15] Training model: partitioning dataset
TRACE [2019-07-14 23:07:18] Training model: 
TRACE [2019-07-14 23:07:18] [get_resampling_method] Resampling model LGOCV
TRACE [2019-07-14 23:07:18] [train_with_rf] Training model with RF
TRACE [2019-07-14 23:50:03] Testing model: 
TRACE [2019-07-14 23:50:04] Evaluating model: bcc [0.472710], acc0 [0.705179], acc1 [0.240240]
TRACE [2019-07-14 23:50:04] Recording evaluation results on CSV file.
TRACE [2019-07-14 23:50:04] Current parameters: feature[short_long_description], threshold[36], classifier[rf], resampling[LGOCV], balancing[unbalanced]
TRACE [2019-07-14 23:50:04] Training model: balancing dataset
TRACE [2019-07-14 23:50:04] [balance_dataset]: balancing method: unbalanced
TRACE [2019-07-14 23:50:04] Training model: partitioning dataset
TRACE [2019-07-14 23:50:07] Training model: 
TRACE [2019-07-14 23:50:07] [get_resampling_method] Resampling model LGOCV
TRACE [2019-07-14 23:50:07] [train_with_rf] Training model with RF
TRACE [2019-07-15 00:35:04] Testing model: 
TRACE [2019-07-15 00:35:05] Evaluating model: bcc [0.470256], acc0 [0.712821], acc1 [0.227692]
TRACE [2019-07-15 00:35:05] Recording evaluation results on CSV file.
TRACE [2019-07-15 00:35:05] Current parameters: feature[short_long_description], threshold[40], classifier[rf], resampling[LGOCV], balancing[unbalanced]
TRACE [2019-07-15 00:35:05] Training model: balancing dataset
TRACE [2019-07-15 00:35:05] [balance_dataset]: balancing method: unbalanced
TRACE [2019-07-15 00:35:05] Training model: partitioning dataset
TRACE [2019-07-15 00:35:08] Training model: 
TRACE [2019-07-15 00:35:08] [get_resampling_method] Resampling model LGOCV
TRACE [2019-07-15 00:35:08] [train_with_rf] Training model with RF
TRACE [2019-07-15 01:22:41] Testing model: 
TRACE [2019-07-15 01:22:41] Evaluating model: bcc [0.488510], acc0 [0.719794], acc1 [0.257225]
TRACE [2019-07-15 01:22:41] Recording evaluation results on CSV file.
TRACE [2019-07-15 01:22:41] Current parameters: feature[short_long_description], threshold[44], classifier[rf], resampling[LGOCV], balancing[unbalanced]
TRACE [2019-07-15 01:22:41] Training model: balancing dataset
TRACE [2019-07-15 01:22:41] [balance_dataset]: balancing method: unbalanced
TRACE [2019-07-15 01:22:41] Training model: partitioning dataset
TRACE [2019-07-15 01:22:45] Training model: 
TRACE [2019-07-15 01:22:45] [get_resampling_method] Resampling model LGOCV
TRACE [2019-07-15 01:22:45] [train_with_rf] Training model with RF
TRACE [2019-07-15 02:11:38] Testing model: 
TRACE [2019-07-15 02:11:38] Evaluating model: bcc [0.490631], acc0 [0.729114], acc1 [0.252149]
TRACE [2019-07-15 02:11:38] Recording evaluation results on CSV file.
TRACE [2019-07-15 02:11:38] Current parameters: feature[short_long_description], threshold[48], classifier[rf], resampling[LGOCV], balancing[unbalanced]
TRACE [2019-07-15 02:11:38] Training model: balancing dataset
TRACE [2019-07-15 02:11:38] [balance_dataset]: balancing method: unbalanced
TRACE [2019-07-15 02:11:38] Training model: partitioning dataset
TRACE [2019-07-15 02:11:41] Training model: 
TRACE [2019-07-15 02:11:41] [get_resampling_method] Resampling model LGOCV
TRACE [2019-07-15 02:11:41] [train_with_rf] Training model with RF
TRACE [2019-07-15 03:01:06] Testing model: 
TRACE [2019-07-15 03:01:06] Evaluating model: bcc [0.469976], acc0 [0.722420], acc1 [0.217532]
TRACE [2019-07-15 03:01:06] Recording evaluation results on CSV file.
TRACE [2019-07-15 03:01:06] Current parameters: feature[short_long_description], threshold[52], classifier[rf], resampling[LGOCV], balancing[unbalanced]
TRACE [2019-07-15 03:01:06] Training model: balancing dataset
TRACE [2019-07-15 03:01:06] [balance_dataset]: balancing method: unbalanced
TRACE [2019-07-15 03:01:07] Training model: partitioning dataset
TRACE [2019-07-15 03:01:10] Training model: 
TRACE [2019-07-15 03:01:10] [get_resampling_method] Resampling model LGOCV
TRACE [2019-07-15 03:01:10] [train_with_rf] Training model with RF
TRACE [2019-07-15 03:51:47] Testing model: 
TRACE [2019-07-15 03:51:47] Evaluating model: bcc [0.475417], acc0 [0.729314], acc1 [0.221519]
TRACE [2019-07-15 03:51:47] Recording evaluation results on CSV file.
TRACE [2019-07-15 03:51:47] Current parameters: feature[short_long_description], threshold[56], classifier[rf], resampling[LGOCV], balancing[unbalanced]
TRACE [2019-07-15 03:51:47] Training model: balancing dataset
TRACE [2019-07-15 03:51:47] [balance_dataset]: balancing method: unbalanced
TRACE [2019-07-15 03:51:47] Training model: partitioning dataset
TRACE [2019-07-15 03:51:51] Training model: 
TRACE [2019-07-15 03:51:51] [get_resampling_method] Resampling model LGOCV
TRACE [2019-07-15 03:51:51] [train_with_rf] Training model with RF
TRACE [2019-07-15 04:43:49] Testing model: 
TRACE [2019-07-15 04:43:50] Evaluating model: bcc [0.469164], acc0 [0.716874], acc1 [0.221453]
TRACE [2019-07-15 04:43:50] Recording evaluation results on CSV file.
TRACE [2019-07-15 04:43:50] Current parameters: feature[short_long_description], threshold[60], classifier[rf], resampling[LGOCV], balancing[unbalanced]
TRACE [2019-07-15 04:43:50] Training model: balancing dataset
TRACE [2019-07-15 04:43:50] [balance_dataset]: balancing method: unbalanced
TRACE [2019-07-15 04:43:50] Training model: partitioning dataset
TRACE [2019-07-15 04:43:53] Training model: 
TRACE [2019-07-15 04:43:53] [get_resampling_method] Resampling model LGOCV
TRACE [2019-07-15 04:43:53] [train_with_rf] Training model with RF
TRACE [2019-07-15 05:36:50] Testing model: 
TRACE [2019-07-15 05:36:50] Evaluating model: bcc [0.479977], acc0 [0.719955], acc1 [0.240000]
TRACE [2019-07-15 05:36:50] Recording evaluation results on CSV file.
TRACE [2019-07-15 05:36:50] Current parameters: feature[short_long_description], threshold[64], classifier[rf], resampling[LGOCV], balancing[unbalanced]
TRACE [2019-07-15 05:36:50] Training model: balancing dataset
TRACE [2019-07-15 05:36:50] [balance_dataset]: balancing method: unbalanced
TRACE [2019-07-15 05:36:50] Training model: partitioning dataset
TRACE [2019-07-15 05:36:54] Training model: 
TRACE [2019-07-15 05:36:54] [get_resampling_method] Resampling model LGOCV
TRACE [2019-07-15 05:36:54] [train_with_rf] Training model with RF
TRACE [2019-07-15 06:26:57] Testing model: 
TRACE [2019-07-15 06:26:57] Evaluating model: bcc [0.453479], acc0 [0.727470], acc1 [0.179487]
TRACE [2019-07-15 06:26:57] Recording evaluation results on CSV file.
TRACE [2019-07-15 06:26:57] Current parameters: feature[short_long_description], threshold[4], classifier[svm], resampling[LGOCV], balancing[unbalanced]
TRACE [2019-07-15 06:26:57] Training model: balancing dataset
TRACE [2019-07-15 06:26:57] [balance_dataset]: balancing method: unbalanced
TRACE [2019-07-15 06:26:57] Training model: partitioning dataset
TRACE [2019-07-15 06:27:00] Training model: 
TRACE [2019-07-15 06:27:00] [get_resampling_method] Resampling model LGOCV
TRACE [2019-07-15 06:27:00] [train_with_svm] Training model with SVM
TRACE [2019-07-15 07:01:04] Testing model: 
TRACE [2019-07-15 07:01:05] Evaluating model: bcc [0.458411], acc0 [0.624642], acc1 [0.292181]
TRACE [2019-07-15 07:01:05] Recording evaluation results on CSV file.
TRACE [2019-07-15 07:01:05] Current parameters: feature[short_long_description], threshold[8], classifier[svm], resampling[LGOCV], balancing[unbalanced]
TRACE [2019-07-15 07:01:05] Training model: balancing dataset
TRACE [2019-07-15 07:01:05] [balance_dataset]: balancing method: unbalanced
TRACE [2019-07-15 07:01:05] Training model: partitioning dataset
TRACE [2019-07-15 07:01:08] Training model: 
TRACE [2019-07-15 07:01:08] [get_resampling_method] Resampling model LGOCV
TRACE [2019-07-15 07:01:08] [train_with_svm] Training model with SVM
TRACE [2019-07-15 07:41:45] Testing model: 
TRACE [2019-07-15 07:41:45] Evaluating model: bcc [0.409799], acc0 [0.624793], acc1 [0.194805]
TRACE [2019-07-15 07:41:45] Recording evaluation results on CSV file.
TRACE [2019-07-15 07:41:45] Current parameters: feature[short_long_description], threshold[12], classifier[svm], resampling[LGOCV], balancing[unbalanced]
TRACE [2019-07-15 07:41:45] Training model: balancing dataset
TRACE [2019-07-15 07:41:45] [balance_dataset]: balancing method: unbalanced
TRACE [2019-07-15 07:41:45] Training model: partitioning dataset
Warning in preProcess.default(X_test, method = c("range")) :
  No variation for for: gparam
TRACE [2019-07-15 07:41:48] Training model: 
TRACE [2019-07-15 07:41:48] [get_resampling_method] Resampling model LGOCV
TRACE [2019-07-15 07:41:48] [train_with_svm] Training model with SVM
TRACE [2019-07-15 08:27:23] Testing model: 
TRACE [2019-07-15 08:27:23] Evaluating model: bcc [0.423921], acc0 [0.640483], acc1 [0.207358]
TRACE [2019-07-15 08:27:23] Recording evaluation results on CSV file.
TRACE [2019-07-15 08:27:24] Current parameters: feature[short_long_description], threshold[16], classifier[svm], resampling[LGOCV], balancing[unbalanced]
TRACE [2019-07-15 08:27:24] Training model: balancing dataset
TRACE [2019-07-15 08:27:24] [balance_dataset]: balancing method: unbalanced
TRACE [2019-07-15 08:27:24] Training model: partitioning dataset
Warning in preProcess.default(X_test, method = c("range")) :
  No variation for for: gparam
TRACE [2019-07-15 08:27:27] Training model: 
TRACE [2019-07-15 08:27:27] [get_resampling_method] Resampling model LGOCV
TRACE [2019-07-15 08:27:27] [train_with_svm] Training model with SVM
TRACE [2019-07-15 09:15:31] Testing model: 
TRACE [2019-07-15 09:15:31] Evaluating model: bcc [0.451139], acc0 [0.660688], acc1 [0.241590]
TRACE [2019-07-15 09:15:31] Recording evaluation results on CSV file.
TRACE [2019-07-15 09:15:31] Current parameters: feature[short_long_description], threshold[20], classifier[svm], resampling[LGOCV], balancing[unbalanced]
TRACE [2019-07-15 09:15:31] Training model: balancing dataset
TRACE [2019-07-15 09:15:31] [balance_dataset]: balancing method: unbalanced
TRACE [2019-07-15 09:15:31] Training model: partitioning dataset
TRACE [2019-07-15 09:15:35] Training model: 
TRACE [2019-07-15 09:15:35] [get_resampling_method] Resampling model LGOCV
TRACE [2019-07-15 09:15:35] [train_with_svm] Training model with SVM
TRACE [2019-07-15 10:07:03] Testing model: 
TRACE [2019-07-15 10:07:04] Evaluating model: bcc [0.422627], acc0 [0.673826], acc1 [0.171429]
TRACE [2019-07-15 10:07:04] Recording evaluation results on CSV file.
TRACE [2019-07-15 10:07:04] Current parameters: feature[short_long_description], threshold[24], classifier[svm], resampling[LGOCV], balancing[unbalanced]
TRACE [2019-07-15 10:07:04] Training model: balancing dataset
TRACE [2019-07-15 10:07:04] [balance_dataset]: balancing method: unbalanced
TRACE [2019-07-15 10:07:04] Training model: partitioning dataset
TRACE [2019-07-15 10:07:07] Training model: 
TRACE [2019-07-15 10:07:07] [get_resampling_method] Resampling model LGOCV
TRACE [2019-07-15 10:07:07] [train_with_svm] Training model with SVM
TRACE [2019-07-15 11:00:45] Testing model: 
TRACE [2019-07-15 11:00:45] Evaluating model: bcc [0.439712], acc0 [0.689424], acc1 [0.190000]
TRACE [2019-07-15 11:00:45] Recording evaluation results on CSV file.
TRACE [2019-07-15 11:00:46] Current parameters: feature[short_long_description], threshold[28], classifier[svm], resampling[LGOCV], balancing[unbalanced]
TRACE [2019-07-15 11:00:46] Training model: balancing dataset
TRACE [2019-07-15 11:00:46] [balance_dataset]: balancing method: unbalanced
TRACE [2019-07-15 11:00:46] Training model: partitioning dataset
TRACE [2019-07-15 11:00:50] Training model: 
TRACE [2019-07-15 11:00:50] [get_resampling_method] Resampling model LGOCV
TRACE [2019-07-15 11:00:50] [train_with_svm] Training model with SVM
TRACE [2019-07-15 11:56:02] Testing model: 
TRACE [2019-07-15 11:56:02] Evaluating model: bcc [0.382701], acc0 [0.681332], acc1 [0.084071]
TRACE [2019-07-15 11:56:02] Recording evaluation results on CSV file.
TRACE [2019-07-15 11:56:03] Current parameters: feature[short_long_description], threshold[32], classifier[svm], resampling[LGOCV], balancing[unbalanced]
TRACE [2019-07-15 11:56:03] Training model: balancing dataset
TRACE [2019-07-15 11:56:03] [balance_dataset]: balancing method: unbalanced
TRACE [2019-07-15 11:56:03] Training model: partitioning dataset
TRACE [2019-07-15 11:56:06] Training model: 
TRACE [2019-07-15 11:56:06] [get_resampling_method] Resampling model LGOCV
TRACE [2019-07-15 11:56:06] [train_with_svm] Training model with SVM
TRACE [2019-07-15 12:52:42] Testing model: 
TRACE [2019-07-15 12:52:43] Evaluating model: bcc [0.424712], acc0 [0.684717], acc1 [0.164706]
TRACE [2019-07-15 12:52:43] Recording evaluation results on CSV file.
TRACE [2019-07-15 12:52:43] Current parameters: feature[short_long_description], threshold[36], classifier[svm], resampling[LGOCV], balancing[unbalanced]
TRACE [2019-07-15 12:52:44] Training model: balancing dataset
TRACE [2019-07-15 12:52:44] [balance_dataset]: balancing method: unbalanced
TRACE [2019-07-15 12:52:44] Training model: partitioning dataset
TRACE [2019-07-15 12:52:47] Training model: 
TRACE [2019-07-15 12:52:47] [get_resampling_method] Resampling model LGOCV
TRACE [2019-07-15 12:52:47] [train_with_svm] Training model with SVM
TRACE [2019-07-15 13:51:17] Testing model: 
TRACE [2019-07-15 13:51:18] Evaluating model: bcc [0.414020], acc0 [0.701055], acc1 [0.126984]
TRACE [2019-07-15 13:51:18] Recording evaluation results on CSV file.
TRACE [2019-07-15 13:51:18] Current parameters: feature[short_long_description], threshold[40], classifier[svm], resampling[LGOCV], balancing[unbalanced]
TRACE [2019-07-15 13:51:18] Training model: balancing dataset
TRACE [2019-07-15 13:51:18] [balance_dataset]: balancing method: unbalanced
TRACE [2019-07-15 13:51:18] Training model: partitioning dataset
TRACE [2019-07-15 13:51:21] Training model: 
TRACE [2019-07-15 13:51:21] [get_resampling_method] Resampling model LGOCV
TRACE [2019-07-15 13:51:21] [train_with_svm] Training model with SVM
