nohup: ignoring input
Loading required package: caret
Loading required package: lattice
Loading required package: ggplot2
Loading required package: doParallel
Loading required package: foreach
Loading required package: iterators
Loading required package: parallel
Loading required package: e1071
Loading required package: klaR
Loading required package: MASS
Loading required package: kernlab

Attaching package: ‘kernlab’

The following object is masked from ‘package:ggplot2’:

    alpha

Loading required package: futile.logger
Loading required package: nnet
Loading required package: qdap
Loading required package: qdapDictionaries
Loading required package: qdapRegex

Attaching package: ‘qdapRegex’

The following object is masked from ‘package:ggplot2’:

    %+%

Loading required package: qdapTools
Loading required package: RColorBrewer
Registered S3 methods overwritten by 'qdap':
  method               from
  t.DocumentTermMatrix tm  
  t.TermDocumentMatrix tm  

Attaching package: ‘qdap’

The following object is masked from ‘package:base’:

    Filter

Loading required package: randomForest
randomForest 4.6-14
Type rfNews() to see new features/changes/bug fixes.

Attaching package: ‘randomForest’

The following object is masked from ‘package:ggplot2’:

    margin

Loading required package: SnowballC
Loading required package: smotefamily
Loading required package: tidyverse
── Attaching packages ─────────────────────────────────────── tidyverse 1.2.1 ──
✔ tibble  2.1.3     ✔ purrr   0.3.2
✔ tidyr   0.8.3     ✔ dplyr   0.8.1
✔ readr   1.3.1     ✔ stringr 1.4.0
✔ tibble  2.1.3     ✔ forcats 0.4.0
── Conflicts ────────────────────────────────────────── tidyverse_conflicts() ──
✖ qdapRegex::%+%()       masks ggplot2::%+%()
✖ purrr::accumulate()    masks foreach::accumulate()
✖ kernlab::alpha()       masks ggplot2::alpha()
✖ dplyr::combine()       masks randomForest::combine()
✖ purrr::cross()         masks kernlab::cross()
✖ dplyr::explain()       masks qdapRegex::explain()
✖ dplyr::filter()        masks stats::filter()
✖ dplyr::id()            masks qdapTools::id()
✖ dplyr::lag()           masks stats::lag()
✖ purrr::lift()          masks caret::lift()
✖ randomForest::margin() masks ggplot2::margin()
✖ dplyr::select()        masks MASS::select()
✖ purrr::when()          masks foreach::when()
Loading required package: tidytext
Loading required package: tm
Loading required package: NLP

Attaching package: ‘NLP’

The following object is masked from ‘package:qdap’:

    ngrams

The following object is masked from ‘package:ggplot2’:

    annotate


Attaching package: ‘tm’

The following objects are masked from ‘package:qdap’:

    as.DocumentTermMatrix, as.TermDocumentMatrix

Loading required package: xgboost

Attaching package: ‘xgboost’

The following object is masked from ‘package:dplyr’:

    slice

NULL
TRACE [2019-09-10 13:34:11] Long live prediction - RQ3 - Experiment 3
TRACE [2019-09-10 13:34:11] Evaluation metrics ouput path: ~/Workspace/doctorate/long-lived-bug-prediction/notebooks/datasets
TRACE [2019-09-10 13:34:12] Current project name : eclipse
TRACE [2019-09-10 13:34:12] New Evaluation file: ~/Workspace/doctorate/long-lived-bug-prediction/notebooks/datasets/20190910133411_rq3e3_eclipse_predict_long_lived_metrics.csv
TRACE [2019-09-10 13:34:12] Starting in parameter number: 1
TRACE [2019-09-10 13:34:12] Bug report file name: ~/Workspace/doctorate/long-lived-bug-prediction/notebooks/datasets/20190830_eclipse_bug_report_data_small.csv
TRACE [2019-09-10 13:34:12] Clean text features
TRACE [2019-09-10 13:34:52] Current parameters:
 N.Terms...: [300]
 Classifier: [nn]
 Feature...: [long_description]
 Threshold.: [8]
 Balancing.: [smote]
 Resampling: [repeatedcv]
TRACE [2019-09-10 13:34:52] Text mining: extracting 300 terms from long_description
TRACE [2019-09-10 13:35:20] Text mining: extracted 300 terms from long_description
TRACE [2019-09-10 13:35:20] Partitioning dataset in training and testing
TRACE [2019-09-10 13:35:20] Balancing training dataset
TRACE [2019-09-10 13:35:20] [balance_dataset]: balancing method: smote
TRACE [2019-09-10 13:35:40] Training model 
TRACE [2019-09-10 13:35:40] [get_resampling_method] Resampling model repeatedcv
TRACE [2019-09-10 13:35:40] [train_with_nnet] Training model with NNET
# weights:  3021
initial  value 5691.249638 
iter  10 value 5017.044921
iter  20 value 4871.175368
iter  30 value 4858.943566
iter  40 value 4854.918311
iter  50 value 4854.141113
iter  60 value 4853.921423
iter  70 value 4853.730492
iter  80 value 4853.700687
iter  90 value 4853.660990
iter 100 value 4853.630461
final  value 4853.630461 
stopped after 100 iterations
TRACE [2019-09-10 13:37:16] Testing model 
TRACE [2019-09-10 13:37:16] Testing model 
TRACE [2019-09-10 13:37:16] Testing model 
TRACE [2019-09-10 13:37:16] Testing model 
TRACE [2019-09-10 13:37:16] Testing model 
TRACE [2019-09-10 13:37:16] Verifing the best test results
TRACE [2019-09-10 13:37:16] Recording the best test results
TRACE [2019-09-10 13:37:16] Evaluating model: bcc [0.558217], sensitivity [0.532072], specificity [0.584362]
TRACE [2019-09-10 13:37:16] Recording evaluation results on CSV file.
TRACE [2019-09-10 13:37:16] Evaluation results recorded on CSV file.
TRACE [2019-09-10 13:37:16] Current parameters:
 N.Terms...: [300]
 Classifier: [nn]
 Feature...: [long_description]
 Threshold.: [63]
 Balancing.: [smote]
 Resampling: [repeatedcv]
TRACE [2019-09-10 13:37:16] Partitioning dataset in training and testing
TRACE [2019-09-10 13:37:16] Balancing training dataset
TRACE [2019-09-10 13:37:16] [balance_dataset]: balancing method: smote
TRACE [2019-09-10 13:37:32] Training model 
TRACE [2019-09-10 13:37:32] [get_resampling_method] Resampling model repeatedcv
TRACE [2019-09-10 13:37:32] [train_with_nnet] Training model with NNET
# weights:  3021
initial  value 7650.942948 
iter  10 value 5919.846695
iter  20 value 5725.744413
iter  30 value 5680.735867
iter  40 value 5636.259891
iter  50 value 5601.054149
iter  60 value 5579.927698
iter  70 value 5551.968278
iter  80 value 5510.480398
iter  90 value 5484.681381
iter 100 value 5470.188104
final  value 5470.188104 
stopped after 100 iterations
TRACE [2019-09-10 13:39:27] Testing model 
TRACE [2019-09-10 13:39:27] Testing model 
TRACE [2019-09-10 13:39:27] Testing model 
TRACE [2019-09-10 13:39:27] Testing model 
TRACE [2019-09-10 13:39:27] Testing model 
TRACE [2019-09-10 13:39:27] Verifing the best test results
TRACE [2019-09-10 13:39:27] Evaluating model: bcc [0.523993], sensitivity [0.313629], specificity [0.734358]
TRACE [2019-09-10 13:39:27] Recording evaluation results on CSV file.
TRACE [2019-09-10 13:39:27] Evaluation results recorded on CSV file.
TRACE [2019-09-10 13:39:27] Current parameters:
 N.Terms...: [300]
 Classifier: [nn]
 Feature...: [long_description]
 Threshold.: [108]
 Balancing.: [smote]
 Resampling: [repeatedcv]
TRACE [2019-09-10 13:39:27] Partitioning dataset in training and testing
TRACE [2019-09-10 13:39:27] Balancing training dataset
TRACE [2019-09-10 13:39:27] [balance_dataset]: balancing method: smote
TRACE [2019-09-10 13:39:44] Training model 
TRACE [2019-09-10 13:39:44] [get_resampling_method] Resampling model repeatedcv
TRACE [2019-09-10 13:39:44] [train_with_nnet] Training model with NNET
# weights:  3021
initial  value 8925.122482 
iter  10 value 7411.384757
iter  20 value 7156.457481
iter  30 value 7034.768206
iter  40 value 6840.371574
iter  50 value 6715.226009
iter  60 value 6591.472594
iter  70 value 6503.213900
iter  80 value 6420.622386
iter  90 value 6354.189134
iter 100 value 6306.024306
final  value 6306.024306 
stopped after 100 iterations
TRACE [2019-09-10 13:42:00] Testing model 
TRACE [2019-09-10 13:42:00] Testing model 
TRACE [2019-09-10 13:42:00] Testing model 
TRACE [2019-09-10 13:42:00] Testing model 
TRACE [2019-09-10 13:42:00] Testing model 
TRACE [2019-09-10 13:42:00] Verifing the best test results
TRACE [2019-09-10 13:42:00] Evaluating model: bcc [0.518889], sensitivity [0.382289], specificity [0.655488]
TRACE [2019-09-10 13:42:00] Recording evaluation results on CSV file.
TRACE [2019-09-10 13:42:00] Evaluation results recorded on CSV file.
TRACE [2019-09-10 13:42:00] Current parameters:
 N.Terms...: [300]
 Classifier: [nn]
 Feature...: [long_description]
 Threshold.: [365]
 Balancing.: [smote]
 Resampling: [repeatedcv]
TRACE [2019-09-10 13:42:00] Partitioning dataset in training and testing
TRACE [2019-09-10 13:42:00] Balancing training dataset
TRACE [2019-09-10 13:42:00] [balance_dataset]: balancing method: smote
TRACE [2019-09-10 13:42:08] Training model 
TRACE [2019-09-10 13:42:08] [get_resampling_method] Resampling model repeatedcv
TRACE [2019-09-10 13:42:08] [train_with_nnet] Training model with NNET
# weights:  3021
initial  value 10087.084423 
iter  10 value 7837.238931
iter  20 value 7340.899942
iter  30 value 7111.217906
iter  40 value 6690.706530
iter  50 value 6357.951710
iter  60 value 6111.081385
iter  70 value 5937.233130
iter  80 value 5824.657358
iter  90 value 5758.046407
iter 100 value 5694.723958
final  value 5694.723958 
stopped after 100 iterations
TRACE [2019-09-10 13:44:37] Testing model 
TRACE [2019-09-10 13:44:37] Testing model 
TRACE [2019-09-10 13:44:37] Testing model 
TRACE [2019-09-10 13:44:37] Testing model 
TRACE [2019-09-10 13:44:37] Testing model 
TRACE [2019-09-10 13:44:37] Verifing the best test results
TRACE [2019-09-10 13:44:37] Evaluating model: bcc [0.545725], sensitivity [0.275132], specificity [0.816317]
TRACE [2019-09-10 13:44:37] Recording evaluation results on CSV file.
TRACE [2019-09-10 13:44:37] Evaluation results recorded on CSV file.
TRACE [2019-09-10 13:44:37] Current parameters:
 N.Terms...: [300]
 Classifier: [rf]
 Feature...: [long_description]
 Threshold.: [8]
 Balancing.: [smote]
 Resampling: [repeatedcv]
TRACE [2019-09-10 13:44:37] Partitioning dataset in training and testing
TRACE [2019-09-10 13:44:37] Balancing training dataset
TRACE [2019-09-10 13:44:37] [balance_dataset]: balancing method: smote
TRACE [2019-09-10 13:44:56] Training model 
TRACE [2019-09-10 13:44:56] [get_resampling_method] Resampling model repeatedcv
TRACE [2019-09-10 13:44:56] [train_with_rf] Training model with RF
TRACE [2019-09-10 14:04:42] Testing model 
TRACE [2019-09-10 14:04:42] Testing model 
TRACE [2019-09-10 14:04:42] Testing model 
TRACE [2019-09-10 14:04:42] Testing model 
TRACE [2019-09-10 14:04:42] Testing model 
TRACE [2019-09-10 14:04:42] Verifing the best test results
TRACE [2019-09-10 14:04:42] Recording the best test results
TRACE [2019-09-10 14:04:42] Evaluating model: bcc [0.559843], sensitivity [0.581414], specificity [0.538272]
TRACE [2019-09-10 14:04:42] Recording evaluation results on CSV file.
TRACE [2019-09-10 14:04:42] Evaluation results recorded on CSV file.
TRACE [2019-09-10 14:04:42] Current parameters:
 N.Terms...: [300]
 Classifier: [rf]
 Feature...: [long_description]
 Threshold.: [63]
 Balancing.: [smote]
 Resampling: [repeatedcv]
TRACE [2019-09-10 14:04:42] Partitioning dataset in training and testing
TRACE [2019-09-10 14:04:42] Balancing training dataset
TRACE [2019-09-10 14:04:42] [balance_dataset]: balancing method: smote
TRACE [2019-09-10 14:04:58] Training model 
TRACE [2019-09-10 14:04:58] [get_resampling_method] Resampling model repeatedcv
TRACE [2019-09-10 14:04:58] [train_with_rf] Training model with RF
TRACE [2019-09-10 14:24:53] Testing model 
TRACE [2019-09-10 14:24:53] Testing model 
TRACE [2019-09-10 14:24:53] Testing model 
TRACE [2019-09-10 14:24:53] Testing model 
TRACE [2019-09-10 14:24:53] Testing model 
TRACE [2019-09-10 14:24:53] Verifing the best test results
TRACE [2019-09-10 14:24:53] Evaluating model: bcc [0.521281], sensitivity [0.090312], specificity [0.952250]
TRACE [2019-09-10 14:24:53] Recording evaluation results on CSV file.
TRACE [2019-09-10 14:24:53] Evaluation results recorded on CSV file.
TRACE [2019-09-10 14:24:53] Current parameters:
 N.Terms...: [300]
 Classifier: [rf]
 Feature...: [long_description]
 Threshold.: [108]
 Balancing.: [smote]
 Resampling: [repeatedcv]
TRACE [2019-09-10 14:24:53] Partitioning dataset in training and testing
TRACE [2019-09-10 14:24:53] Balancing training dataset
TRACE [2019-09-10 14:24:53] [balance_dataset]: balancing method: smote
TRACE [2019-09-10 14:25:10] Training model 
TRACE [2019-09-10 14:25:10] [get_resampling_method] Resampling model repeatedcv
TRACE [2019-09-10 14:25:10] [train_with_rf] Training model with RF
TRACE [2019-09-10 14:46:25] Testing model 
TRACE [2019-09-10 14:46:25] Testing model 
TRACE [2019-09-10 14:46:25] Testing model 
TRACE [2019-09-10 14:46:25] Testing model 
TRACE [2019-09-10 14:46:25] Testing model 
TRACE [2019-09-10 14:46:25] Verifing the best test results
TRACE [2019-09-10 14:46:25] Evaluating model: bcc [0.523953], sensitivity [0.114471], specificity [0.933435]
TRACE [2019-09-10 14:46:25] Recording evaluation results on CSV file.
TRACE [2019-09-10 14:46:25] Evaluation results recorded on CSV file.
TRACE [2019-09-10 14:46:25] Current parameters:
 N.Terms...: [300]
 Classifier: [rf]
 Feature...: [long_description]
 Threshold.: [365]
 Balancing.: [smote]
 Resampling: [repeatedcv]
TRACE [2019-09-10 14:46:25] Partitioning dataset in training and testing
TRACE [2019-09-10 14:46:25] Balancing training dataset
TRACE [2019-09-10 14:46:25] [balance_dataset]: balancing method: smote
TRACE [2019-09-10 14:46:33] Training model 
TRACE [2019-09-10 14:46:33] [get_resampling_method] Resampling model repeatedcv
TRACE [2019-09-10 14:46:33] [train_with_rf] Training model with RF
TRACE [2019-09-10 15:08:38] Testing model 
TRACE [2019-09-10 15:08:38] Testing model 
TRACE [2019-09-10 15:08:38] Testing model 
TRACE [2019-09-10 15:08:38] Testing model 
TRACE [2019-09-10 15:08:38] Testing model 
TRACE [2019-09-10 15:08:38] Verifing the best test results
TRACE [2019-09-10 15:08:38] Evaluating model: bcc [0.512916], sensitivity [0.042328], specificity [0.983504]
TRACE [2019-09-10 15:08:38] Recording evaluation results on CSV file.
TRACE [2019-09-10 15:08:38] Evaluation results recorded on CSV file.
There were 50 or more warnings (use warnings() to see the first 50)
