nohup: ignoring input
Loading required package: lattice
Loading required package: ggplot2
Loading required package: foreach
Loading required package: iterators
Loading required package: parallel
Loading required package: qdapDictionaries
Loading required package: qdapRegex

Attaching package: ‘qdapRegex’

The following object is masked from ‘package:ggplot2’:

    %+%

Loading required package: qdapTools
Loading required package: RColorBrewer

Attaching package: ‘qdap’

The following object is masked from ‘package:base’:

    Filter

── Attaching packages ─────────────────────────────────────── tidyverse 1.2.1 ──
✔ tibble  2.1.1       ✔ purrr   0.3.2  
✔ tidyr   0.8.3       ✔ dplyr   0.8.0.1
✔ readr   1.3.1       ✔ stringr 1.4.0  
✔ tibble  2.1.1       ✔ forcats 0.4.0  
── Conflicts ────────────────────────────────────────── tidyverse_conflicts() ──
✖ qdapRegex::%+%()    masks ggplot2::%+%()
✖ purrr::accumulate() masks foreach::accumulate()
✖ dplyr::explain()    masks qdapRegex::explain()
✖ dplyr::filter()     masks stats::filter()
✖ dplyr::id()         masks qdapTools::id()
✖ dplyr::lag()        masks stats::lag()
✖ purrr::lift()       masks caret::lift()
✖ purrr::when()       masks foreach::when()
Loading required package: NLP

Attaching package: ‘NLP’

The following object is masked from ‘package:qdap’:

    ngrams

The following object is masked from ‘package:ggplot2’:

    annotate


Attaching package: ‘tm’

The following objects are masked from ‘package:qdap’:

    as.DocumentTermMatrix, as.TermDocumentMatrix

NULL
TRACE [2019-06-12 12:40:21] Script started...
TRACE [2019-06-12 12:40:21] Ouput path: ~/Workspace/doctorate/long-lived-bug-prediction/notebooks/datasets
TRACE [2019-06-12 12:40:21] >>> PROJECT NAME : netbeans
TRACE [2019-06-12 12:40:21] Last evaluation file generated: ~/Workspace/doctorate/long-lived-bug-prediction/notebooks/datasets/20190605120009_netbeans__result_metrics_normalized.csv
TRACE [2019-06-12 12:40:21] Starting with parameter: 293
TRACE [2019-06-12 12:40:21] Bug reports file : ~/Workspace/doctorate/long-lived-bug-prediction/notebooks/datasets/20190309_netbeans_bug_report_data.csv
TRACE [2019-06-12 12:40:22] Clean text features
TRACE [2019-06-12 12:41:43] Text mining: extracting 500 terms
TRACE [2019-06-12 12:42:10] Text mining: extracted 500 terms
TRACE [2019-06-12 12:42:10] Predicting: feature[short_long_description], threshold[20], classifier[rf], resampling[LGOCV], balancing[unbalanced]
TRACE [2019-06-12 12:42:10] Balancing dataset
TRACE [2019-06-12 12:42:10] [balance_dataset]: balancing method: unbalanced
TRACE [2019-06-12 12:42:10] Partitioning dataset
TRACE [2019-06-12 12:42:13] Training model: 
TRACE [2019-06-12 12:42:13] [get_resampling_method] Resampling model LGOCV
