nohup: ignoring input
Loading required package: lattice
Loading required package: ggplot2
Loading required package: foreach
Loading required package: iterators
Loading required package: parallel

Attaching package: ‘kernlab’

The following object is masked from ‘package:ggplot2’:

    alpha

Loading required package: qdapDictionaries
Loading required package: qdapRegex

Attaching package: ‘qdapRegex’

The following object is masked from ‘package:ggplot2’:

    %+%

Loading required package: qdapTools
Loading required package: RColorBrewer
Registered S3 methods overwritten by 'qdap':
  method               from
  t.DocumentTermMatrix tm  
  t.TermDocumentMatrix tm  

Attaching package: ‘qdap’

The following object is masked from ‘package:base’:

    Filter

── Attaching packages ─────────────────────────────────────── tidyverse 1.2.1 ──
✔ tibble  2.1.3     ✔ purrr   0.3.2
✔ tidyr   0.8.3     ✔ dplyr   0.8.1
✔ readr   1.3.1     ✔ stringr 1.4.0
✔ tibble  2.1.3     ✔ forcats 0.4.0
── Conflicts ────────────────────────────────────────── tidyverse_conflicts() ──
✖ qdapRegex::%+%()    masks ggplot2::%+%()
✖ purrr::accumulate() masks foreach::accumulate()
✖ kernlab::alpha()    masks ggplot2::alpha()
✖ purrr::cross()      masks kernlab::cross()
✖ dplyr::explain()    masks qdapRegex::explain()
✖ dplyr::filter()     masks stats::filter()
✖ dplyr::id()         masks qdapTools::id()
✖ dplyr::lag()        masks stats::lag()
✖ purrr::lift()       masks caret::lift()
✖ purrr::when()       masks foreach::when()
Loading required package: NLP

Attaching package: ‘NLP’

The following object is masked from ‘package:qdap’:

    ngrams

The following object is masked from ‘package:ggplot2’:

    annotate


Attaching package: ‘tm’

The following objects are masked from ‘package:qdap’:

    as.DocumentTermMatrix, as.TermDocumentMatrix

NULL
TRACE [2019-06-25 20:53:23] Long Live Prediction Started...
TRACE [2019-06-25 20:53:23] Evaluation metrics ouput path: ~/Workspace/doctorate/long-lived-bug-prediction/notebooks/datasets
TRACE [2019-06-25 20:53:23] Current project name : eclipse
TRACE [2019-06-25 20:53:23] Current evaluation file: ~/Workspace/doctorate/long-lived-bug-prediction/notebooks/datasets/20190625205323_eclipse_result_metrics_grided_le_2_years_2.csv
TRACE [2019-06-25 20:53:23] Current parameter number: 1
TRACE [2019-06-25 20:53:23] Bug report file name: ~/Workspace/doctorate/long-lived-bug-prediction/notebooks/datasets/20190309_eclipse_bug_report_data.csv
TRACE [2019-06-25 20:53:24] Clean text features
TRACE [2019-06-25 20:53:58] Current parameters: feature[short_long_description], threshold[4], classifier[knn], resampling[LGOCV], balancing[unbalanced]
TRACE [2019-06-25 20:53:58] Text mining: extracting 100 terms
TRACE [2019-06-25 20:54:29] Text mining: extracted 100 terms
TRACE [2019-06-25 20:54:29] Training model: balancing dataset
TRACE [2019-06-25 20:54:29] [balance_dataset]: balancing method: unbalanced
TRACE [2019-06-25 20:54:29] Training model: partitioning dataset
TRACE [2019-06-25 20:54:29] Training model: 
TRACE [2019-06-25 20:54:29] [get_resampling_method] Resampling model LGOCV
TRACE [2019-06-25 20:54:29] [train_with_knn] Training model with KNN
TRACE [2019-06-25 20:55:47] Testing model: 
TRACE [2019-06-25 20:55:47] Evaluating model: bcc [0.557208], acc0 [0.613297], acc1 [0.501119]
TRACE [2019-06-25 20:55:47] Recording evaluation results on CSV file.
TRACE [2019-06-25 20:55:47] Current parameters: feature[short_long_description], threshold[8], classifier[knn], resampling[LGOCV], balancing[unbalanced]
TRACE [2019-06-25 20:55:47] Training model: balancing dataset
TRACE [2019-06-25 20:55:47] [balance_dataset]: balancing method: unbalanced
TRACE [2019-06-25 20:55:47] Training model: partitioning dataset
TRACE [2019-06-25 20:55:48] Training model: 
TRACE [2019-06-25 20:55:48] [get_resampling_method] Resampling model LGOCV
TRACE [2019-06-25 20:55:48] [train_with_knn] Training model with KNN
TRACE [2019-06-25 20:57:29] Testing model: 
TRACE [2019-06-25 20:57:30] Evaluating model: bcc [0.567828], acc0 [0.650808], acc1 [0.484848]
TRACE [2019-06-25 20:57:30] Recording evaluation results on CSV file.
TRACE [2019-06-25 20:57:30] Current parameters: feature[short_long_description], threshold[12], classifier[knn], resampling[LGOCV], balancing[unbalanced]
TRACE [2019-06-25 20:57:30] Training model: balancing dataset
TRACE [2019-06-25 20:57:30] [balance_dataset]: balancing method: unbalanced
TRACE [2019-06-25 20:57:30] Training model: partitioning dataset
TRACE [2019-06-25 20:57:31] Training model: 
TRACE [2019-06-25 20:57:31] [get_resampling_method] Resampling model LGOCV
TRACE [2019-06-25 20:57:31] [train_with_knn] Training model with KNN
TRACE [2019-06-25 20:59:03] Testing model: 
TRACE [2019-06-25 20:59:04] Evaluating model: bcc [0.642677], acc0 [0.643077], acc1 [0.642276]
TRACE [2019-06-25 20:59:04] Recording evaluation results on CSV file.
TRACE [2019-06-25 20:59:04] Current parameters: feature[short_long_description], threshold[16], classifier[knn], resampling[LGOCV], balancing[unbalanced]
TRACE [2019-06-25 20:59:04] Training model: balancing dataset
TRACE [2019-06-25 20:59:04] [balance_dataset]: balancing method: unbalanced
TRACE [2019-06-25 20:59:04] Training model: partitioning dataset
TRACE [2019-06-25 20:59:04] Training model: 
TRACE [2019-06-25 20:59:04] [get_resampling_method] Resampling model LGOCV
TRACE [2019-06-25 20:59:04] [train_with_knn] Training model with KNN
TRACE [2019-06-25 21:00:53] Testing model: 
TRACE [2019-06-25 21:00:54] Evaluating model: bcc [0.599303], acc0 [0.665272], acc1 [0.533333]
TRACE [2019-06-25 21:00:54] Recording evaluation results on CSV file.
TRACE [2019-06-25 21:00:54] Current parameters: feature[short_long_description], threshold[20], classifier[knn], resampling[LGOCV], balancing[unbalanced]
TRACE [2019-06-25 21:00:54] Training model: balancing dataset
TRACE [2019-06-25 21:00:54] [balance_dataset]: balancing method: unbalanced
TRACE [2019-06-25 21:00:54] Training model: partitioning dataset
TRACE [2019-06-25 21:00:54] Training model: 
TRACE [2019-06-25 21:00:54] [get_resampling_method] Resampling model LGOCV
TRACE [2019-06-25 21:00:54] [train_with_knn] Training model with KNN
TRACE [2019-06-25 21:02:39] Testing model: 
TRACE [2019-06-25 21:02:40] Evaluating model: bcc [0.652639], acc0 [0.672367], acc1 [0.632911]
TRACE [2019-06-25 21:02:40] Recording evaluation results on CSV file.
TRACE [2019-06-25 21:02:40] Current parameters: feature[short_long_description], threshold[24], classifier[knn], resampling[LGOCV], balancing[unbalanced]
TRACE [2019-06-25 21:02:40] Training model: balancing dataset
TRACE [2019-06-25 21:02:40] [balance_dataset]: balancing method: unbalanced
TRACE [2019-06-25 21:02:40] Training model: partitioning dataset
TRACE [2019-06-25 21:02:40] Training model: 
TRACE [2019-06-25 21:02:40] [get_resampling_method] Resampling model LGOCV
TRACE [2019-06-25 21:02:40] [train_with_knn] Training model with KNN
TRACE [2019-06-25 21:04:29] Testing model: 
TRACE [2019-06-25 21:04:30] Evaluating model: bcc [0.630461], acc0 [0.686209], acc1 [0.574713]
TRACE [2019-06-25 21:04:30] Recording evaluation results on CSV file.
TRACE [2019-06-25 21:04:30] Current parameters: feature[short_long_description], threshold[28], classifier[knn], resampling[LGOCV], balancing[unbalanced]
TRACE [2019-06-25 21:04:30] Training model: balancing dataset
TRACE [2019-06-25 21:04:30] [balance_dataset]: balancing method: unbalanced
TRACE [2019-06-25 21:04:30] Training model: partitioning dataset
TRACE [2019-06-25 21:04:30] Training model: 
TRACE [2019-06-25 21:04:30] [get_resampling_method] Resampling model LGOCV
TRACE [2019-06-25 21:04:30] [train_with_knn] Training model with KNN
TRACE [2019-06-25 21:07:13] Testing model: 
TRACE [2019-06-25 21:07:15] Evaluating model: bcc [0.639906], acc0 [0.691577], acc1 [0.588235]
TRACE [2019-06-25 21:07:15] Recording evaluation results on CSV file.
TRACE [2019-06-25 21:07:15] Current parameters: feature[short_long_description], threshold[32], classifier[knn], resampling[LGOCV], balancing[unbalanced]
TRACE [2019-06-25 21:07:15] Training model: balancing dataset
TRACE [2019-06-25 21:07:15] [balance_dataset]: balancing method: unbalanced
TRACE [2019-06-25 21:07:15] Training model: partitioning dataset
TRACE [2019-06-25 21:07:15] Training model: 
TRACE [2019-06-25 21:07:15] [get_resampling_method] Resampling model LGOCV
TRACE [2019-06-25 21:07:15] [train_with_knn] Training model with KNN
TRACE [2019-06-25 21:10:15] Testing model: 
TRACE [2019-06-25 21:10:17] Evaluating model: bcc [0.668044], acc0 [0.695062], acc1 [0.641026]
TRACE [2019-06-25 21:10:17] Recording evaluation results on CSV file.
TRACE [2019-06-25 21:10:17] Current parameters: feature[short_long_description], threshold[36], classifier[knn], resampling[LGOCV], balancing[unbalanced]
TRACE [2019-06-25 21:10:17] Training model: balancing dataset
TRACE [2019-06-25 21:10:17] [balance_dataset]: balancing method: unbalanced
TRACE [2019-06-25 21:10:17] Training model: partitioning dataset
TRACE [2019-06-25 21:10:17] Training model: 
TRACE [2019-06-25 21:10:17] [get_resampling_method] Resampling model LGOCV
TRACE [2019-06-25 21:10:17] [train_with_knn] Training model with KNN
TRACE [2019-06-25 21:12:18] Testing model: 
TRACE [2019-06-25 21:12:19] Evaluating model: bcc [0.648624], acc0 [0.702654], acc1 [0.594595]
TRACE [2019-06-25 21:12:19] Recording evaluation results on CSV file.
TRACE [2019-06-25 21:12:19] Current parameters: feature[short_long_description], threshold[40], classifier[knn], resampling[LGOCV], balancing[unbalanced]
TRACE [2019-06-25 21:12:19] Training model: balancing dataset
TRACE [2019-06-25 21:12:19] [balance_dataset]: balancing method: unbalanced
TRACE [2019-06-25 21:12:19] Training model: partitioning dataset
TRACE [2019-06-25 21:12:20] Training model: 
TRACE [2019-06-25 21:12:20] [get_resampling_method] Resampling model LGOCV
TRACE [2019-06-25 21:12:20] [train_with_knn] Training model with KNN
TRACE [2019-06-25 21:15:27] Testing model: 
TRACE [2019-06-25 21:15:28] Evaluating model: bcc [0.653499], acc0 [0.706999], acc1 [0.600000]
TRACE [2019-06-25 21:15:28] Recording evaluation results on CSV file.
TRACE [2019-06-25 21:15:28] Current parameters: feature[short_long_description], threshold[44], classifier[knn], resampling[LGOCV], balancing[unbalanced]
TRACE [2019-06-25 21:15:28] Training model: balancing dataset
TRACE [2019-06-25 21:15:28] [balance_dataset]: balancing method: unbalanced
TRACE [2019-06-25 21:15:28] Training model: partitioning dataset
TRACE [2019-06-25 21:15:29] Training model: 
TRACE [2019-06-25 21:15:29] [get_resampling_method] Resampling model LGOCV
TRACE [2019-06-25 21:15:29] [train_with_knn] Training model with KNN
TRACE [2019-06-25 21:19:35] Testing model: 
TRACE [2019-06-25 21:19:37] Evaluating model: bcc [0.672106], acc0 [0.710878], acc1 [0.633333]
TRACE [2019-06-25 21:19:37] Recording evaluation results on CSV file.
TRACE [2019-06-25 21:19:37] Current parameters: feature[short_long_description], threshold[48], classifier[knn], resampling[LGOCV], balancing[unbalanced]
TRACE [2019-06-25 21:19:37] Training model: balancing dataset
TRACE [2019-06-25 21:19:37] [balance_dataset]: balancing method: unbalanced
TRACE [2019-06-25 21:19:37] Training model: partitioning dataset
TRACE [2019-06-25 21:19:37] Training model: 
TRACE [2019-06-25 21:19:37] [get_resampling_method] Resampling model LGOCV
TRACE [2019-06-25 21:19:37] [train_with_knn] Training model with KNN
TRACE [2019-06-25 21:22:57] Testing model: 
TRACE [2019-06-25 21:22:59] Evaluating model: bcc [0.714124], acc0 [0.713961], acc1 [0.714286]
TRACE [2019-06-25 21:22:59] Recording evaluation results on CSV file.
TRACE [2019-06-25 21:22:59] Current parameters: feature[short_long_description], threshold[52], classifier[knn], resampling[LGOCV], balancing[unbalanced]
TRACE [2019-06-25 21:22:59] Training model: balancing dataset
TRACE [2019-06-25 21:22:59] [balance_dataset]: balancing method: unbalanced
TRACE [2019-06-25 21:22:59] Training model: partitioning dataset
TRACE [2019-06-25 21:23:00] Training model: 
TRACE [2019-06-25 21:23:00] [get_resampling_method] Resampling model LGOCV
TRACE [2019-06-25 21:23:00] [train_with_knn] Training model with KNN
TRACE [2019-06-25 21:26:16] Testing model: 
TRACE [2019-06-25 21:26:18] Evaluating model: bcc [0.674057], acc0 [0.718485], acc1 [0.629630]
TRACE [2019-06-25 21:26:18] Recording evaluation results on CSV file.
TRACE [2019-06-25 21:26:18] Current parameters: feature[short_long_description], threshold[56], classifier[knn], resampling[LGOCV], balancing[unbalanced]
TRACE [2019-06-25 21:26:18] Training model: balancing dataset
TRACE [2019-06-25 21:26:18] [balance_dataset]: balancing method: unbalanced
TRACE [2019-06-25 21:26:18] Training model: partitioning dataset
TRACE [2019-06-25 21:26:18] Training model: 
TRACE [2019-06-25 21:26:18] [get_resampling_method] Resampling model LGOCV
TRACE [2019-06-25 21:26:18] [train_with_knn] Training model with KNN
TRACE [2019-06-25 21:30:23] Testing model: 
TRACE [2019-06-25 21:30:25] Evaluating model: bcc [0.713064], acc0 [0.720245], acc1 [0.705882]
TRACE [2019-06-25 21:30:25] Recording evaluation results on CSV file.
TRACE [2019-06-25 21:30:25] Current parameters: feature[short_long_description], threshold[60], classifier[knn], resampling[LGOCV], balancing[unbalanced]
TRACE [2019-06-25 21:30:25] Training model: balancing dataset
TRACE [2019-06-25 21:30:25] [balance_dataset]: balancing method: unbalanced
TRACE [2019-06-25 21:30:25] Training model: partitioning dataset
TRACE [2019-06-25 21:30:25] Training model: 
TRACE [2019-06-25 21:30:25] [get_resampling_method] Resampling model LGOCV
TRACE [2019-06-25 21:30:25] [train_with_knn] Training model with KNN
TRACE [2019-06-25 21:33:02] Testing model: 
TRACE [2019-06-25 21:33:04] Evaluating model: bcc [0.653252], acc0 [0.723170], acc1 [0.583333]
TRACE [2019-06-25 21:33:04] Recording evaluation results on CSV file.
TRACE [2019-06-25 21:33:04] Current parameters: feature[short_long_description], threshold[64], classifier[knn], resampling[LGOCV], balancing[unbalanced]
TRACE [2019-06-25 21:33:04] Training model: balancing dataset
TRACE [2019-06-25 21:33:04] [balance_dataset]: balancing method: unbalanced
TRACE [2019-06-25 21:33:04] Training model: partitioning dataset
TRACE [2019-06-25 21:33:04] Training model: 
TRACE [2019-06-25 21:33:04] [get_resampling_method] Resampling model LGOCV
TRACE [2019-06-25 21:33:04] [train_with_knn] Training model with KNN
TRACE [2019-06-25 21:38:09] Testing model: 
TRACE [2019-06-25 21:38:12] Evaluating model: bcc [0.658967], acc0 [0.727024], acc1 [0.590909]
TRACE [2019-06-25 21:38:12] Recording evaluation results on CSV file.
TRACE [2019-06-25 21:38:12] Current parameters: feature[short_long_description], threshold[4], classifier[nb], resampling[LGOCV], balancing[unbalanced]
TRACE [2019-06-25 21:38:12] Training model: balancing dataset
TRACE [2019-06-25 21:38:12] [balance_dataset]: balancing method: unbalanced
TRACE [2019-06-25 21:38:12] Training model: partitioning dataset
TRACE [2019-06-25 21:38:12] Training model: 
TRACE [2019-06-25 21:38:12] [get_resampling_method] Resampling model LGOCV
TRACE [2019-06-25 21:38:12] [train_with_nb] Training model with NB
Error in metric %in% c("RMSE", "Rsquared") : object 'metric' not found
Calls: train_with -> train_with_nb -> train -> train.default -> %in%
In addition: Warning message:
The `names` must have length 321, not 2.
This warning is displayed once per session. 
Execution halted
