nohup: ignoring input
Loading required package: caret
Loading required package: lattice
Loading required package: ggplot2
Loading required package: doParallel
Loading required package: foreach
Loading required package: iterators
Loading required package: parallel
Loading required package: e1071
Loading required package: klaR
Loading required package: MASS
Loading required package: kernlab

Attaching package: ‘kernlab’

The following object is masked from ‘package:ggplot2’:

    alpha

Loading required package: futile.logger
Loading required package: nnet
Loading required package: qdap
Loading required package: qdapDictionaries
Loading required package: qdapRegex

Attaching package: ‘qdapRegex’

The following object is masked from ‘package:ggplot2’:

    %+%

Loading required package: qdapTools
Loading required package: RColorBrewer
Registered S3 methods overwritten by 'qdap':
  method               from
  t.DocumentTermMatrix tm  
  t.TermDocumentMatrix tm  

Attaching package: ‘qdap’

The following object is masked from ‘package:base’:

    Filter

Loading required package: randomForest
randomForest 4.6-14
Type rfNews() to see new features/changes/bug fixes.

Attaching package: ‘randomForest’

The following object is masked from ‘package:ggplot2’:

    margin

Loading required package: SnowballC
Loading required package: smotefamily
Loading required package: tidyverse
── Attaching packages ─────────────────────────────────────── tidyverse 1.2.1 ──
✔ tibble  2.1.3     ✔ purrr   0.3.2
✔ tidyr   0.8.3     ✔ dplyr   0.8.1
✔ readr   1.3.1     ✔ stringr 1.4.0
✔ tibble  2.1.3     ✔ forcats 0.4.0
── Conflicts ────────────────────────────────────────── tidyverse_conflicts() ──
✖ qdapRegex::%+%()       masks ggplot2::%+%()
✖ purrr::accumulate()    masks foreach::accumulate()
✖ kernlab::alpha()       masks ggplot2::alpha()
✖ dplyr::combine()       masks randomForest::combine()
✖ purrr::cross()         masks kernlab::cross()
✖ dplyr::explain()       masks qdapRegex::explain()
✖ dplyr::filter()        masks stats::filter()
✖ dplyr::id()            masks qdapTools::id()
✖ dplyr::lag()           masks stats::lag()
✖ purrr::lift()          masks caret::lift()
✖ randomForest::margin() masks ggplot2::margin()
✖ dplyr::select()        masks MASS::select()
✖ purrr::when()          masks foreach::when()
Loading required package: tidytext
Loading required package: tm
Loading required package: NLP

Attaching package: ‘NLP’

The following object is masked from ‘package:qdap’:

    ngrams

The following object is masked from ‘package:ggplot2’:

    annotate


Attaching package: ‘tm’

The following objects are masked from ‘package:qdap’:

    as.DocumentTermMatrix, as.TermDocumentMatrix

Loading required package: xgboost

Attaching package: ‘xgboost’

The following object is masked from ‘package:dplyr’:

    slice

NULL
TRACE [2019-09-04 20:05:52] Long live prediction started with Grid Search, and Short, Long and Short+Long Description
TRACE [2019-09-04 20:05:52] Evaluation metrics ouput path: ~/Workspace/doctorate/long-lived-bug-prediction/notebooks/datasets
TRACE [2019-09-04 20:05:52] Current project name : eclipse
TRACE [2019-09-04 20:05:52] New Evaluation file: ~/Workspace/doctorate/long-lived-bug-prediction/notebooks/datasets/20190904200552_rq3e1_eclipse_predict_long_lived_metrics.csv
TRACE [2019-09-04 20:05:52] Starting in parameter number: 1
TRACE [2019-09-04 20:05:52] Bug report file name: ~/Workspace/doctorate/long-lived-bug-prediction/notebooks/datasets/20190830_eclipse_bug_report_data.csv
TRACE [2019-09-04 20:05:53] DEBUG_MODE: Sample bug reports dataset
TRACE [2019-09-04 20:05:53] Clean text features
TRACE [2019-09-04 20:06:15] Current parameters:
 N.Terms...: [100]
 Classifier: [knn]
 Feature...: [long_description]
 Threshold.: [365]
 Balancing.: [smote]
 Resampling: [repeatedcv]
TRACE [2019-09-04 20:06:15] Text mining: extracting 100 terms from long_description
TRACE [2019-09-04 20:06:28] Text mining: extracted 100 terms from long_description
TRACE [2019-09-04 20:06:28] Partitioning dataset in training and testing
TRACE [2019-09-04 20:06:28] Balancing training dataset
TRACE [2019-09-04 20:06:28] [balance_dataset]: balancing method: smote
TRACE [2019-09-04 20:06:29] Training model 
TRACE [2019-09-04 20:06:29] [get_resampling_method] Resampling model repeatedcv
TRACE [2019-09-04 20:06:29] [train_with_knn] Training model with KNN
TRACE [2019-09-04 20:07:05] Testing model 
TRACE [2019-09-04 20:07:06] Evaluating model: bcc [0.544257], sensitivity [0.494624], specificity [0.593890]
TRACE [2019-09-04 20:07:06] Recording evaluation results on CSV file.
TRACE [2019-09-04 20:07:06] Evaluation results recorded on CSV file.
TRACE [2019-09-04 20:07:06] Current parameters:
 N.Terms...: [100]
 Classifier: [knn]
 Feature...: [long_description]
 Threshold.: [365]
 Balancing.: [unbalanced]
 Resampling: [repeatedcv]
TRACE [2019-09-04 20:07:06] Partitioning dataset in training and testing
TRACE [2019-09-04 20:07:06] Balancing training dataset
TRACE [2019-09-04 20:07:07] [balance_dataset]: balancing method: unbalanced
TRACE [2019-09-04 20:07:07] Training model 
TRACE [2019-09-04 20:07:07] [get_resampling_method] Resampling model repeatedcv
TRACE [2019-09-04 20:07:07] [train_with_knn] Training model with KNN
TRACE [2019-09-04 20:07:14] Testing model 
TRACE [2019-09-04 20:07:14] Evaluating model: bcc [0.500000], sensitivity [0.000000], specificity [1.000000]
TRACE [2019-09-04 20:07:14] Recording evaluation results on CSV file.
TRACE [2019-09-04 20:07:14] Evaluation results recorded on CSV file.
TRACE [2019-09-04 20:07:14] Current parameters:
 N.Terms...: [100]
 Classifier: [knn]
 Feature...: [short_description]
 Threshold.: [365]
 Balancing.: [smote]
 Resampling: [repeatedcv]
TRACE [2019-09-04 20:07:14] Text mining: extracting 100 terms from short_description
TRACE [2019-09-04 20:07:28] Text mining: extracted 100 terms from short_description
TRACE [2019-09-04 20:07:28] Partitioning dataset in training and testing
TRACE [2019-09-04 20:07:28] Balancing training dataset
TRACE [2019-09-04 20:07:28] [balance_dataset]: balancing method: smote
TRACE [2019-09-04 20:07:29] Training model 
TRACE [2019-09-04 20:07:29] [get_resampling_method] Resampling model repeatedcv
TRACE [2019-09-04 20:07:29] [train_with_knn] Training model with KNN
TRACE [2019-09-04 20:08:04] Testing model 
TRACE [2019-09-04 20:08:06] Evaluating model: bcc [0.526766], sensitivity [0.473118], specificity [0.580413]
TRACE [2019-09-04 20:08:06] Recording evaluation results on CSV file.
TRACE [2019-09-04 20:08:06] Evaluation results recorded on CSV file.
TRACE [2019-09-04 20:08:06] Current parameters:
 N.Terms...: [100]
 Classifier: [knn]
 Feature...: [short_description]
 Threshold.: [365]
 Balancing.: [unbalanced]
 Resampling: [repeatedcv]
TRACE [2019-09-04 20:08:06] Partitioning dataset in training and testing
TRACE [2019-09-04 20:08:06] Balancing training dataset
TRACE [2019-09-04 20:08:06] [balance_dataset]: balancing method: unbalanced
TRACE [2019-09-04 20:08:06] Training model 
TRACE [2019-09-04 20:08:06] [get_resampling_method] Resampling model repeatedcv
TRACE [2019-09-04 20:08:06] [train_with_knn] Training model with KNN
TRACE [2019-09-04 20:08:13] Testing model 
TRACE [2019-09-04 20:08:14] Evaluating model: bcc [0.500000], sensitivity [0.000000], specificity [1.000000]
TRACE [2019-09-04 20:08:14] Recording evaluation results on CSV file.
TRACE [2019-09-04 20:08:14] Evaluation results recorded on CSV file.
TRACE [2019-09-04 20:08:14] Current parameters:
 N.Terms...: [100]
 Classifier: [nb]
 Feature...: [long_description]
 Threshold.: [365]
 Balancing.: [smote]
 Resampling: [repeatedcv]
TRACE [2019-09-04 20:08:14] Text mining: extracting 100 terms from long_description
TRACE [2019-09-04 20:08:27] Text mining: extracted 100 terms from long_description
TRACE [2019-09-04 20:08:27] Partitioning dataset in training and testing
TRACE [2019-09-04 20:08:27] Balancing training dataset
TRACE [2019-09-04 20:08:27] [balance_dataset]: balancing method: smote
TRACE [2019-09-04 20:08:28] Training model 
TRACE [2019-09-04 20:08:28] [get_resampling_method] Resampling model repeatedcv
TRACE [2019-09-04 20:08:28] [train_with_nb] Training model with NB
TRACE [2019-09-04 20:10:41] Testing model 
TRACE [2019-09-04 20:10:52] Evaluating model: bcc [0.497319], sensitivity [0.989247], specificity [0.005391]
TRACE [2019-09-04 20:10:52] Recording evaluation results on CSV file.
TRACE [2019-09-04 20:10:52] Evaluation results recorded on CSV file.
TRACE [2019-09-04 20:10:52] Current parameters:
 N.Terms...: [100]
 Classifier: [nb]
 Feature...: [long_description]
 Threshold.: [365]
 Balancing.: [unbalanced]
 Resampling: [repeatedcv]
TRACE [2019-09-04 20:10:52] Partitioning dataset in training and testing
TRACE [2019-09-04 20:10:52] Balancing training dataset
TRACE [2019-09-04 20:10:52] [balance_dataset]: balancing method: unbalanced
TRACE [2019-09-04 20:10:52] Training model 
TRACE [2019-09-04 20:10:52] [get_resampling_method] Resampling model repeatedcv
TRACE [2019-09-04 20:10:52] [train_with_nb] Training model with NB
TRACE [2019-09-04 20:12:06] Testing model 
TRACE [2019-09-04 20:12:17] Evaluating model: bcc [0.485146], sensitivity [0.021505], specificity [0.948787]
TRACE [2019-09-04 20:12:17] Recording evaluation results on CSV file.
TRACE [2019-09-04 20:12:17] Evaluation results recorded on CSV file.
TRACE [2019-09-04 20:12:17] Current parameters:
 N.Terms...: [100]
 Classifier: [nb]
 Feature...: [short_description]
 Threshold.: [365]
 Balancing.: [smote]
 Resampling: [repeatedcv]
TRACE [2019-09-04 20:12:17] Text mining: extracting 100 terms from short_description
TRACE [2019-09-04 20:12:30] Text mining: extracted 100 terms from short_description
TRACE [2019-09-04 20:12:30] Partitioning dataset in training and testing
TRACE [2019-09-04 20:12:30] Balancing training dataset
TRACE [2019-09-04 20:12:30] [balance_dataset]: balancing method: smote
TRACE [2019-09-04 20:12:32] Training model 
TRACE [2019-09-04 20:12:32] [get_resampling_method] Resampling model repeatedcv
TRACE [2019-09-04 20:12:32] [train_with_nb] Training model with NB
TRACE [2019-09-04 20:14:41] Testing model 
TRACE [2019-09-04 20:14:51] Evaluating model: bcc [0.495971], sensitivity [0.989247], specificity [0.002695]
TRACE [2019-09-04 20:14:51] Recording evaluation results on CSV file.
TRACE [2019-09-04 20:14:51] Evaluation results recorded on CSV file.
TRACE [2019-09-04 20:14:51] Current parameters:
 N.Terms...: [100]
 Classifier: [nb]
 Feature...: [short_description]
 Threshold.: [365]
 Balancing.: [unbalanced]
 Resampling: [repeatedcv]
TRACE [2019-09-04 20:14:51] Partitioning dataset in training and testing
TRACE [2019-09-04 20:14:51] Balancing training dataset
TRACE [2019-09-04 20:14:51] [balance_dataset]: balancing method: unbalanced
TRACE [2019-09-04 20:14:52] Training model 
TRACE [2019-09-04 20:14:52] [get_resampling_method] Resampling model repeatedcv
TRACE [2019-09-04 20:14:52] [train_with_nb] Training model with NB
TRACE [2019-09-04 20:16:05] Testing model 
TRACE [2019-09-04 20:16:16] Evaluating model: bcc [0.509362], sensitivity [0.053763], specificity [0.964960]
TRACE [2019-09-04 20:16:16] Recording evaluation results on CSV file.
TRACE [2019-09-04 20:16:16] Evaluation results recorded on CSV file.
TRACE [2019-09-04 20:16:16] Current parameters:
 N.Terms...: [100]
 Classifier: [nn]
 Feature...: [long_description]
 Threshold.: [365]
 Balancing.: [smote]
 Resampling: [repeatedcv]
TRACE [2019-09-04 20:16:16] Text mining: extracting 100 terms from long_description
TRACE [2019-09-04 20:16:29] Text mining: extracted 100 terms from long_description
TRACE [2019-09-04 20:16:29] Partitioning dataset in training and testing
TRACE [2019-09-04 20:16:29] Balancing training dataset
TRACE [2019-09-04 20:16:29] [balance_dataset]: balancing method: smote
TRACE [2019-09-04 20:16:31] Training model 
TRACE [2019-09-04 20:16:31] [get_resampling_method] Resampling model repeatedcv
TRACE [2019-09-04 20:16:31] [train_with_nnet] Training model with NNET
# weights:  1021
initial  value 4588.358885 
iter  10 value 4286.587720
iter  20 value 4050.434910
iter  30 value 4005.513173
iter  40 value 3981.967711
iter  50 value 3948.612682
iter  60 value 3918.526966
iter  70 value 3882.155009
iter  80 value 3857.419970
iter  90 value 3843.741492
iter 100 value 3830.317554
final  value 3830.317554 
stopped after 100 iterations
TRACE [2019-09-04 20:19:57] Testing model 
TRACE [2019-09-04 20:19:57] Evaluating model: bcc [0.550155], sensitivity [0.451613], specificity [0.648697]
TRACE [2019-09-04 20:19:57] Recording evaluation results on CSV file.
TRACE [2019-09-04 20:19:57] Evaluation results recorded on CSV file.
TRACE [2019-09-04 20:19:57] Current parameters:
 N.Terms...: [100]
 Classifier: [nn]
 Feature...: [long_description]
 Threshold.: [365]
 Balancing.: [unbalanced]
 Resampling: [repeatedcv]
TRACE [2019-09-04 20:19:57] Partitioning dataset in training and testing
TRACE [2019-09-04 20:19:57] Balancing training dataset
TRACE [2019-09-04 20:19:57] [balance_dataset]: balancing method: unbalanced
TRACE [2019-09-04 20:19:57] Training model 
TRACE [2019-09-04 20:19:57] [get_resampling_method] Resampling model repeatedcv
TRACE [2019-09-04 20:19:57] [train_with_nnet] Training model with NNET
# weights:  1021
initial  value 2875.773369 
iter  10 value 979.265593
iter  20 value 974.370065
iter  30 value 973.243238
iter  40 value 973.087112
iter  50 value 973.056243
iter  60 value 973.032698
iter  70 value 973.027573
iter  80 value 973.025252
iter  90 value 973.021583
iter 100 value 973.018107
final  value 973.018107 
stopped after 100 iterations
TRACE [2019-09-04 20:22:29] Testing model 
TRACE [2019-09-04 20:22:29] Evaluating model: bcc [0.500000], sensitivity [0.000000], specificity [1.000000]
TRACE [2019-09-04 20:22:29] Recording evaluation results on CSV file.
TRACE [2019-09-04 20:22:29] Evaluation results recorded on CSV file.
TRACE [2019-09-04 20:22:29] Current parameters:
 N.Terms...: [100]
 Classifier: [nn]
 Feature...: [short_description]
 Threshold.: [365]
 Balancing.: [smote]
 Resampling: [repeatedcv]
TRACE [2019-09-04 20:22:29] Text mining: extracting 100 terms from short_description
TRACE [2019-09-04 20:22:42] Text mining: extracted 100 terms from short_description
TRACE [2019-09-04 20:22:42] Partitioning dataset in training and testing
TRACE [2019-09-04 20:22:42] Balancing training dataset
TRACE [2019-09-04 20:22:42] [balance_dataset]: balancing method: smote
TRACE [2019-09-04 20:22:43] Training model 
TRACE [2019-09-04 20:22:43] [get_resampling_method] Resampling model repeatedcv
TRACE [2019-09-04 20:22:43] [train_with_nnet] Training model with NNET
# weights:  2041
initial  value 6231.331234 
iter  10 value 4226.120185
iter  20 value 4042.422800
iter  30 value 3956.565505
iter  40 value 3900.149656
iter  50 value 3845.152496
iter  60 value 3825.414689
iter  70 value 3810.824168
iter  80 value 3808.336009
iter  90 value 3806.557179
iter 100 value 3804.779058
final  value 3804.779058 
stopped after 100 iterations
TRACE [2019-09-04 20:26:13] Testing model 
TRACE [2019-09-04 20:26:14] Evaluating model: bcc [0.566299], sensitivity [0.473118], specificity [0.659479]
TRACE [2019-09-04 20:26:14] Recording evaluation results on CSV file.
TRACE [2019-09-04 20:26:14] Evaluation results recorded on CSV file.
TRACE [2019-09-04 20:26:14] Current parameters:
 N.Terms...: [100]
 Classifier: [nn]
 Feature...: [short_description]
 Threshold.: [365]
 Balancing.: [unbalanced]
 Resampling: [repeatedcv]
TRACE [2019-09-04 20:26:14] Partitioning dataset in training and testing
TRACE [2019-09-04 20:26:14] Balancing training dataset
TRACE [2019-09-04 20:26:14] [balance_dataset]: balancing method: unbalanced
TRACE [2019-09-04 20:26:14] Training model 
TRACE [2019-09-04 20:26:14] [get_resampling_method] Resampling model repeatedcv
TRACE [2019-09-04 20:26:14] [train_with_nnet] Training model with NNET
# weights:  1021
initial  value 2238.576771 
iter  10 value 988.100355
iter  20 value 970.580950
iter  30 value 969.847189
iter  40 value 969.763348
iter  50 value 969.742377
iter  60 value 969.728359
iter  70 value 969.714161
iter  80 value 969.708549
iter  90 value 969.703149
iter 100 value 969.695650
final  value 969.695650 
stopped after 100 iterations
TRACE [2019-09-04 20:28:52] Testing model 
TRACE [2019-09-04 20:28:52] Evaluating model: bcc [0.500000], sensitivity [0.000000], specificity [1.000000]
TRACE [2019-09-04 20:28:52] Recording evaluation results on CSV file.
TRACE [2019-09-04 20:28:52] Evaluation results recorded on CSV file.
TRACE [2019-09-04 20:28:52] Current parameters:
 N.Terms...: [100]
 Classifier: [rf]
 Feature...: [long_description]
 Threshold.: [365]
 Balancing.: [smote]
 Resampling: [repeatedcv]
TRACE [2019-09-04 20:28:52] Text mining: extracting 100 terms from long_description
TRACE [2019-09-04 20:29:05] Text mining: extracted 100 terms from long_description
TRACE [2019-09-04 20:29:05] Partitioning dataset in training and testing
TRACE [2019-09-04 20:29:05] Balancing training dataset
TRACE [2019-09-04 20:29:05] [balance_dataset]: balancing method: smote
TRACE [2019-09-04 20:29:06] Training model 
TRACE [2019-09-04 20:29:06] [get_resampling_method] Resampling model repeatedcv
TRACE [2019-09-04 20:29:06] [train_with_rf] Training model with RF
TRACE [2019-09-04 20:31:19] Testing model 
TRACE [2019-09-04 20:31:19] Evaluating model: bcc [0.505797], sensitivity [0.032258], specificity [0.979335]
TRACE [2019-09-04 20:31:19] Recording evaluation results on CSV file.
TRACE [2019-09-04 20:31:19] Evaluation results recorded on CSV file.
TRACE [2019-09-04 20:31:19] Current parameters:
 N.Terms...: [100]
 Classifier: [rf]
 Feature...: [long_description]
 Threshold.: [365]
 Balancing.: [unbalanced]
 Resampling: [repeatedcv]
TRACE [2019-09-04 20:31:19] Partitioning dataset in training and testing
TRACE [2019-09-04 20:31:19] Balancing training dataset
TRACE [2019-09-04 20:31:19] [balance_dataset]: balancing method: unbalanced
TRACE [2019-09-04 20:31:20] Training model 
TRACE [2019-09-04 20:31:20] [get_resampling_method] Resampling model repeatedcv
TRACE [2019-09-04 20:31:20] [train_with_rf] Training model with RF
TRACE [2019-09-04 20:32:55] Testing model 
TRACE [2019-09-04 20:32:56] Evaluating model: bcc [0.499551], sensitivity [0.000000], specificity [0.999102]
TRACE [2019-09-04 20:32:56] Recording evaluation results on CSV file.
TRACE [2019-09-04 20:32:56] Evaluation results recorded on CSV file.
TRACE [2019-09-04 20:32:56] Current parameters:
 N.Terms...: [100]
 Classifier: [rf]
 Feature...: [short_description]
 Threshold.: [365]
 Balancing.: [smote]
 Resampling: [repeatedcv]
TRACE [2019-09-04 20:32:56] Text mining: extracting 100 terms from short_description
TRACE [2019-09-04 20:33:08] Text mining: extracted 100 terms from short_description
TRACE [2019-09-04 20:33:08] Partitioning dataset in training and testing
TRACE [2019-09-04 20:33:08] Balancing training dataset
TRACE [2019-09-04 20:33:08] [balance_dataset]: balancing method: smote
TRACE [2019-09-04 20:33:09] Training model 
TRACE [2019-09-04 20:33:09] [get_resampling_method] Resampling model repeatedcv
TRACE [2019-09-04 20:33:09] [train_with_rf] Training model with RF
TRACE [2019-09-04 20:35:18] Testing model 
TRACE [2019-09-04 20:35:19] Evaluating model: bcc [0.519679], sensitivity [0.064516], specificity [0.974843]
TRACE [2019-09-04 20:35:19] Recording evaluation results on CSV file.
TRACE [2019-09-04 20:35:19] Evaluation results recorded on CSV file.
TRACE [2019-09-04 20:35:19] Current parameters:
 N.Terms...: [100]
 Classifier: [rf]
 Feature...: [short_description]
 Threshold.: [365]
 Balancing.: [unbalanced]
 Resampling: [repeatedcv]
TRACE [2019-09-04 20:35:19] Partitioning dataset in training and testing
TRACE [2019-09-04 20:35:19] Balancing training dataset
TRACE [2019-09-04 20:35:19] [balance_dataset]: balancing method: unbalanced
TRACE [2019-09-04 20:35:19] Training model 
TRACE [2019-09-04 20:35:19] [get_resampling_method] Resampling model repeatedcv
TRACE [2019-09-04 20:35:19] [train_with_rf] Training model with RF
TRACE [2019-09-04 20:36:56] Testing model 
TRACE [2019-09-04 20:36:56] Evaluating model: bcc [0.500000], sensitivity [0.000000], specificity [1.000000]
TRACE [2019-09-04 20:36:56] Recording evaluation results on CSV file.
TRACE [2019-09-04 20:36:56] Evaluation results recorded on CSV file.
TRACE [2019-09-04 20:36:56] Current parameters:
 N.Terms...: [100]
 Classifier: [svm]
 Feature...: [long_description]
 Threshold.: [365]
 Balancing.: [smote]
 Resampling: [repeatedcv]
TRACE [2019-09-04 20:36:56] Text mining: extracting 100 terms from long_description
TRACE [2019-09-04 20:37:08] Text mining: extracted 100 terms from long_description
TRACE [2019-09-04 20:37:08] Partitioning dataset in training and testing
TRACE [2019-09-04 20:37:08] Balancing training dataset
TRACE [2019-09-04 20:37:08] [balance_dataset]: balancing method: smote
TRACE [2019-09-04 20:37:09] Training model 
TRACE [2019-09-04 20:37:09] [get_resampling_method] Resampling model repeatedcv
TRACE [2019-09-04 20:37:09] [train_with_svm] Training model with SVM
TRACE [2019-09-04 20:51:25] Testing model 
TRACE [2019-09-04 20:51:26] Evaluating model: bcc [0.500855], sensitivity [0.032258], specificity [0.969452]
TRACE [2019-09-04 20:51:26] Recording evaluation results on CSV file.
TRACE [2019-09-04 20:51:26] Evaluation results recorded on CSV file.
TRACE [2019-09-04 20:51:26] Current parameters:
 N.Terms...: [100]
 Classifier: [svm]
 Feature...: [long_description]
 Threshold.: [365]
 Balancing.: [unbalanced]
 Resampling: [repeatedcv]
TRACE [2019-09-04 20:51:26] Partitioning dataset in training and testing
TRACE [2019-09-04 20:51:26] Balancing training dataset
TRACE [2019-09-04 20:51:26] [balance_dataset]: balancing method: unbalanced
TRACE [2019-09-04 20:51:26] Training model 
TRACE [2019-09-04 20:51:26] [get_resampling_method] Resampling model repeatedcv
TRACE [2019-09-04 20:51:26] [train_with_svm] Training model with SVM
TRACE [2019-09-04 20:53:38] Testing model 
TRACE [2019-09-04 20:53:39] Evaluating model: bcc [0.500000], sensitivity [0.000000], specificity [1.000000]
TRACE [2019-09-04 20:53:39] Recording evaluation results on CSV file.
TRACE [2019-09-04 20:53:39] Evaluation results recorded on CSV file.
TRACE [2019-09-04 20:53:39] Current parameters:
 N.Terms...: [100]
 Classifier: [svm]
 Feature...: [short_description]
 Threshold.: [365]
 Balancing.: [smote]
 Resampling: [repeatedcv]
TRACE [2019-09-04 20:53:39] Text mining: extracting 100 terms from short_description
TRACE [2019-09-04 20:53:53] Text mining: extracted 100 terms from short_description
TRACE [2019-09-04 20:53:53] Partitioning dataset in training and testing
TRACE [2019-09-04 20:53:53] Balancing training dataset
TRACE [2019-09-04 20:53:53] [balance_dataset]: balancing method: smote
TRACE [2019-09-04 20:53:54] Training model 
TRACE [2019-09-04 20:53:54] [get_resampling_method] Resampling model repeatedcv
TRACE [2019-09-04 20:53:54] [train_with_svm] Training model with SVM
TRACE [2019-09-04 21:07:59] Testing model 
TRACE [2019-09-04 21:07:59] Evaluating model: bcc [0.512071], sensitivity [0.043011], specificity [0.981132]
TRACE [2019-09-04 21:07:59] Recording evaluation results on CSV file.
TRACE [2019-09-04 21:07:59] Evaluation results recorded on CSV file.
TRACE [2019-09-04 21:07:59] Current parameters:
 N.Terms...: [100]
 Classifier: [svm]
 Feature...: [short_description]
 Threshold.: [365]
 Balancing.: [unbalanced]
 Resampling: [repeatedcv]
TRACE [2019-09-04 21:07:59] Partitioning dataset in training and testing
TRACE [2019-09-04 21:07:59] Balancing training dataset
TRACE [2019-09-04 21:07:59] [balance_dataset]: balancing method: unbalanced
TRACE [2019-09-04 21:07:59] Training model 
TRACE [2019-09-04 21:07:59] [get_resampling_method] Resampling model repeatedcv
TRACE [2019-09-04 21:07:59] [train_with_svm] Training model with SVM
TRACE [2019-09-04 21:10:09] Testing model 
TRACE [2019-09-04 21:10:09] Evaluating model: bcc [0.500000], sensitivity [0.000000], specificity [1.000000]
TRACE [2019-09-04 21:10:09] Recording evaluation results on CSV file.
TRACE [2019-09-04 21:10:09] Evaluation results recorded on CSV file.
TRACE [2019-09-04 21:10:09] Current parameters:
 N.Terms...: [100]
 Classifier: [xgbTree]
 Feature...: [long_description]
 Threshold.: [365]
 Balancing.: [smote]
 Resampling: [repeatedcv]
TRACE [2019-09-04 21:10:09] Text mining: extracting 100 terms from long_description
TRACE [2019-09-04 21:10:22] Text mining: extracted 100 terms from long_description
TRACE [2019-09-04 21:10:22] Partitioning dataset in training and testing
TRACE [2019-09-04 21:10:22] Balancing training dataset
TRACE [2019-09-04 21:10:22] [balance_dataset]: balancing method: smote
TRACE [2019-09-04 21:10:23] Training model 
TRACE [2019-09-04 21:10:23] [get_resampling_method] Resampling model repeatedcv
TRACE [2019-09-04 21:10:23] [train_with_nb] Training model with XgBoost
TRACE [2019-09-05 00:18:36] Testing model 
TRACE [2019-09-05 00:18:36] Evaluating model: bcc [0.510245], sensitivity [0.064516], specificity [0.955975]
TRACE [2019-09-05 00:18:36] Recording evaluation results on CSV file.
TRACE [2019-09-05 00:18:36] Evaluation results recorded on CSV file.
TRACE [2019-09-05 00:18:36] Current parameters:
 N.Terms...: [100]
 Classifier: [xgbTree]
 Feature...: [long_description]
 Threshold.: [365]
 Balancing.: [unbalanced]
 Resampling: [repeatedcv]
TRACE [2019-09-05 00:18:36] Partitioning dataset in training and testing
TRACE [2019-09-05 00:18:36] Balancing training dataset
TRACE [2019-09-05 00:18:36] [balance_dataset]: balancing method: unbalanced
TRACE [2019-09-05 00:18:37] Training model 
TRACE [2019-09-05 00:18:37] [get_resampling_method] Resampling model repeatedcv
TRACE [2019-09-05 00:18:37] [train_with_nb] Training model with XgBoost
TRACE [2019-09-05 03:02:24] Testing model 
TRACE [2019-09-05 03:02:24] Evaluating model: bcc [0.499551], sensitivity [0.000000], specificity [0.999102]
TRACE [2019-09-05 03:02:24] Recording evaluation results on CSV file.
TRACE [2019-09-05 03:02:24] Evaluation results recorded on CSV file.
TRACE [2019-09-05 03:02:24] Current parameters:
 N.Terms...: [100]
 Classifier: [xgbTree]
 Feature...: [short_description]
 Threshold.: [365]
 Balancing.: [smote]
 Resampling: [repeatedcv]
TRACE [2019-09-05 03:02:24] Text mining: extracting 100 terms from short_description
TRACE [2019-09-05 03:02:38] Text mining: extracted 100 terms from short_description
TRACE [2019-09-05 03:02:38] Partitioning dataset in training and testing
TRACE [2019-09-05 03:02:38] Balancing training dataset
TRACE [2019-09-05 03:02:38] [balance_dataset]: balancing method: smote
TRACE [2019-09-05 03:02:39] Training model 
TRACE [2019-09-05 03:02:39] [get_resampling_method] Resampling model repeatedcv
TRACE [2019-09-05 03:02:39] [train_with_nb] Training model with XgBoost
TRACE [2019-09-05 06:12:40] Testing model 
TRACE [2019-09-05 06:12:40] Evaluating model: bcc [0.532649], sensitivity [0.107527], specificity [0.957772]
TRACE [2019-09-05 06:12:40] Recording evaluation results on CSV file.
TRACE [2019-09-05 06:12:40] Evaluation results recorded on CSV file.
TRACE [2019-09-05 06:12:40] Current parameters:
 N.Terms...: [100]
 Classifier: [xgbTree]
 Feature...: [short_description]
 Threshold.: [365]
 Balancing.: [unbalanced]
 Resampling: [repeatedcv]
TRACE [2019-09-05 06:12:40] Partitioning dataset in training and testing
TRACE [2019-09-05 06:12:40] Balancing training dataset
TRACE [2019-09-05 06:12:40] [balance_dataset]: balancing method: unbalanced
TRACE [2019-09-05 06:12:40] Training model 
TRACE [2019-09-05 06:12:40] [get_resampling_method] Resampling model repeatedcv
TRACE [2019-09-05 06:12:40] [train_with_nb] Training model with XgBoost
TRACE [2019-09-05 08:57:18] Testing model 
TRACE [2019-09-05 08:57:18] Evaluating model: bcc [0.500000], sensitivity [0.000000], specificity [1.000000]
TRACE [2019-09-05 08:57:18] Recording evaluation results on CSV file.
TRACE [2019-09-05 08:57:18] Evaluation results recorded on CSV file.
There were 21 warnings (use warnings() to see them)
