2020-05-18 02:34:26,460:: INFO - Setup completed
2020-05-18 02:34:26,460:: INFO - >> Starting prediction
2020-05-18 02:34:26,460:: INFO - Dataset       : gcc
2020-05-18 02:34:26,460:: INFO - Feature       : long_description
2020-05-18 02:34:26,460:: INFO - Classifier    : lstm+emb
2020-05-18 02:34:26,460:: INFO - Balancing     : smote
2020-05-18 02:34:26,460:: INFO - Resampling    : repeated_cv_5x2
2020-05-18 02:34:26,460:: INFO - Metric        : val_accuracy
2020-05-18 02:34:26,460:: INFO - Threshold     : 365
2020-05-18 02:34:26,460:: INFO - Terms         : 100
2020-05-18 02:34:26,598:: INFO - Bug reports train file read: /home/lgomes/Workspace/doctorate/projects/long-lived-bug-prediction/deep-learning/data/raw/20190917_gcc_bug_report_365_train_data.csv
2020-05-18 02:34:26,598:: INFO - Bug reports test file read: /home/lgomes/Workspace/doctorate/projects/long-lived-bug-prediction/deep-learning/data/raw/20190917_gcc_bug_report_365_test_data.csv
2020-05-18 02:34:26,598:: INFO - Reports in train - Total: 7473 Positive: 2181 (29.19% of total)
2020-05-18 02:34:26,598:: INFO - Reports in train - Total: 7473 Negative: 5292 (70.81% of total)
2020-05-18 02:34:26,598:: INFO - Reports in test - Total: 2489 Positive: 726 (29.17% of total)
2020-05-18 02:34:29,483:: INFO - Bug reports long_description cleaned.
2020-05-18 02:34:29,483:: INFO - Balancing data started
2020-05-18 02:34:31,046:: INFO - BEFORE SMOTE:
2020-05-18 02:34:31,047:: INFO - Reports shape    : data (7473, 100) label (7473, 2)
2020-05-18 02:34:31,047:: INFO - Reports class distribution : 0 (5292) 1 (2181)
2020-05-18 02:34:31,639:: INFO - AFTER SMOTE:
2020-05-18 02:34:31,639:: INFO - Reports shape    : data (10584, 100) label (10584, 2)
2020-05-18 02:34:31,639:: INFO - Reports class distribution : 0 (5292) 1 (5292)
2020-05-18 02:34:32,211:: INFO - Shape of test data tensor : (2489, 100)
2020-05-18 02:34:32,211:: INFO - Shape of test label tensor: (2489, 2)
2020-05-18 02:34:32,212:: INFO - Class distribution in test label tensor: 1763(0) 726(1)
2020-05-18 02:34:32,212:: INFO - Balancing data finished
2020-05-18 02:34:32,212:: INFO - Trainning with k-folding started
2020-05-18 02:34:32,214:: INFO - Builing model for Fold# 1 started
2020-05-18 02:34:44,372:: INFO - Builing model for Fold# 1 finished
2020-05-18 02:34:44,372:: WARNING - From /home/lgomes/Workspace/doctorate/projects/long-lived-bug-prediction/deep-learning/src/modeling/long-lived-bug-prediction-w-dnn.py:313: Sequential.predict_classes (from tensorflow.python.keras.engine.sequential) is deprecated and will be removed after 2021-01-01.
Instructions for updating:
Please use instead:* `np.argmax(model.predict(x), axis=-1)`,   if your model does multi-class classification   (e.g. if it uses a `softmax` last-layer activation).* `(model.predict(x) > 0.5).astype("int32")`,   if your model does binary classification   (e.g. if it uses a `sigmoid` last-layer activation).
2020-05-18 02:34:44,873:: INFO - Fold 1 score (balanced accuracy): 0.6514670365273085
2020-05-18 02:34:44,876:: INFO - Builing model for Fold# 2 started
2020-05-18 02:34:55,367:: INFO - Builing model for Fold# 2 finished
2020-05-18 02:34:55,791:: INFO - Fold 2 score (balanced accuracy): 0.6533199098196929
2020-05-18 02:34:55,793:: INFO - Builing model for Fold# 3 started
2020-05-18 02:35:06,786:: INFO - Builing model for Fold# 3 finished
2020-05-18 02:35:07,239:: INFO - Fold 3 score (balanced accuracy): 0.6394728950341925
2020-05-18 02:35:07,242:: INFO - Builing model for Fold# 4 started
2020-05-18 02:35:17,839:: INFO - Builing model for Fold# 4 finished
2020-05-18 02:35:18,285:: INFO - Fold 4 score (balanced accuracy): 0.6660584137048362
2020-05-18 02:35:18,287:: INFO - Builing model for Fold# 5 started
2020-05-18 02:35:28,969:: INFO - Builing model for Fold# 5 finished
2020-05-18 02:35:29,409:: INFO - Fold 5 score (balanced accuracy): 0.6739130434782609
2020-05-18 02:35:29,415:: INFO - Builing model for Fold# 6 started
2020-05-18 02:35:39,709:: INFO - Builing model for Fold# 6 finished
2020-05-18 02:35:40,154:: INFO - Fold 6 score (balanced accuracy): 0.6495972053387027
2020-05-18 02:35:40,156:: INFO - Builing model for Fold# 7 started
2020-05-18 02:35:50,893:: INFO - Builing model for Fold# 7 finished
2020-05-18 02:35:51,346:: INFO - Fold 7 score (balanced accuracy): 0.6637369669642331
2020-05-18 02:35:51,348:: INFO - Builing model for Fold# 8 started
2020-05-18 02:36:01,773:: INFO - Builing model for Fold# 8 finished
2020-05-18 02:36:02,215:: INFO - Fold 8 score (balanced accuracy): 0.6645665650977935
2020-05-18 02:36:02,217:: INFO - Builing model for Fold# 9 started
2020-05-18 02:36:12,662:: INFO - Builing model for Fold# 9 finished
2020-05-18 02:36:13,104:: INFO - Fold 9 score (balanced accuracy): 0.665042724973269
2020-05-18 02:36:13,107:: INFO - Builing model for Fold# 10 started
2020-05-18 02:36:23,617:: INFO - Builing model for Fold# 10 finished
2020-05-18 02:36:24,065:: INFO - Fold 10 score (balanced accuracy): 0.6824196597353498
2020-05-18 02:36:24,065:: INFO - Best fold score (accuracy): 0.6824196597353498
2020-05-18 02:36:24,872:: INFO - loss:0.76502925157547
2020-05-18 02:36:24,872:: INFO - tp:1015.0
2020-05-18 02:36:24,873:: INFO - fp:1474.0
2020-05-18 02:36:24,873:: INFO - tn:1015.0
2020-05-18 02:36:24,873:: INFO - fn:1474.0
2020-05-18 02:36:24,873:: INFO - accuracy:0.4077942967414856
2020-05-18 02:36:24,873:: INFO - precision:0.4077942967414856
2020-05-18 02:36:24,873:: INFO - recall:0.4077942967414856
2020-05-18 02:36:24,873:: INFO - auc:0.42565762996673584
2020-05-18 02:36:24,873:: INFO - balanced accuracy : 0.5280845634710432
2020-05-18 02:36:24,873:: INFO - Model evaluated.
2020-05-18 02:36:24,901:: INFO - >> Starting prediction
2020-05-18 02:36:24,901:: INFO - Dataset       : gcc
2020-05-18 02:36:24,901:: INFO - Feature       : long_description
2020-05-18 02:36:24,901:: INFO - Classifier    : lstm+emb
2020-05-18 02:36:24,901:: INFO - Balancing     : smote
2020-05-18 02:36:24,901:: INFO - Resampling    : repeated_cv_5x2
2020-05-18 02:36:24,901:: INFO - Metric        : val_accuracy
2020-05-18 02:36:24,902:: INFO - Threshold     : 365
2020-05-18 02:36:24,902:: INFO - Terms         : 150
2020-05-18 02:36:25,045:: INFO - Bug reports train file read: /home/lgomes/Workspace/doctorate/projects/long-lived-bug-prediction/deep-learning/data/raw/20190917_gcc_bug_report_365_train_data.csv
2020-05-18 02:36:25,045:: INFO - Bug reports test file read: /home/lgomes/Workspace/doctorate/projects/long-lived-bug-prediction/deep-learning/data/raw/20190917_gcc_bug_report_365_test_data.csv
2020-05-18 02:36:25,045:: INFO - Reports in train - Total: 7473 Positive: 2181 (29.19% of total)
2020-05-18 02:36:25,045:: INFO - Reports in train - Total: 7473 Negative: 5292 (70.81% of total)
2020-05-18 02:36:25,045:: INFO - Reports in test - Total: 2489 Positive: 726 (29.17% of total)
2020-05-18 02:36:28,044:: INFO - Bug reports long_description cleaned.
2020-05-18 02:36:28,044:: INFO - Balancing data started
2020-05-18 02:36:29,575:: INFO - BEFORE SMOTE:
2020-05-18 02:36:29,575:: INFO - Reports shape    : data (7473, 150) label (7473, 2)
2020-05-18 02:36:29,575:: INFO - Reports class distribution : 0 (5292) 1 (2181)
2020-05-18 02:36:30,482:: INFO - AFTER SMOTE:
2020-05-18 02:36:30,482:: INFO - Reports shape    : data (10584, 150) label (10584, 2)
2020-05-18 02:36:30,482:: INFO - Reports class distribution : 0 (5292) 1 (5292)
2020-05-18 02:36:31,054:: INFO - Shape of test data tensor : (2489, 150)
2020-05-18 02:36:31,054:: INFO - Shape of test label tensor: (2489, 2)
2020-05-18 02:36:31,054:: INFO - Class distribution in test label tensor: 1763(0) 726(1)
2020-05-18 02:36:31,054:: INFO - Balancing data finished
2020-05-18 02:36:31,054:: INFO - Trainning with k-folding started
2020-05-18 02:36:31,057:: INFO - Builing model for Fold# 1 started
2020-05-18 02:36:46,879:: INFO - Builing model for Fold# 1 finished
2020-05-18 02:36:47,481:: INFO - Fold 1 score (balanced accuracy): 0.6797969872066061
2020-05-18 02:36:47,485:: INFO - Builing model for Fold# 2 started
2020-05-18 02:37:02,495:: INFO - Builing model for Fold# 2 finished
2020-05-18 02:37:03,088:: INFO - Fold 2 score (balanced accuracy): 0.6731825151594667
2020-05-18 02:37:03,091:: INFO - Builing model for Fold# 3 started
2020-05-18 02:37:18,420:: INFO - Builing model for Fold# 3 finished
2020-05-18 02:37:19,020:: INFO - Fold 3 score (balanced accuracy): 0.6612182731149513
2020-05-18 02:37:19,023:: INFO - Builing model for Fold# 4 started
2020-05-18 02:37:34,177:: INFO - Builing model for Fold# 4 finished
2020-05-18 02:37:34,779:: INFO - Fold 4 score (balanced accuracy): 0.682129590457881
2020-05-18 02:37:34,783:: INFO - Builing model for Fold# 5 started
2020-05-18 02:37:49,039:: INFO - Builing model for Fold# 5 finished
2020-05-18 02:37:49,618:: INFO - Fold 5 score (balanced accuracy): 0.6819470699432892
2020-05-18 02:37:49,624:: INFO - Builing model for Fold# 6 started
2020-05-18 02:38:04,128:: INFO - Builing model for Fold# 6 finished
2020-05-18 02:38:04,736:: INFO - Fold 6 score (balanced accuracy): 0.6755481416823303
2020-05-18 02:38:04,740:: INFO - Builing model for Fold# 7 started
2020-05-18 02:38:19,114:: INFO - Builing model for Fold# 7 finished
2020-05-18 02:38:19,679:: INFO - Fold 7 score (balanced accuracy): 0.6896486323902957
2020-05-18 02:38:19,683:: INFO - Builing model for Fold# 8 started
2020-05-18 02:38:33,518:: INFO - Builing model for Fold# 8 finished
2020-05-18 02:38:34,096:: INFO - Fold 8 score (balanced accuracy): 0.676394697712112
2020-05-18 02:38:34,099:: INFO - Builing model for Fold# 9 started
2020-05-18 02:38:48,253:: INFO - Builing model for Fold# 9 finished
2020-05-18 02:38:48,847:: INFO - Fold 9 score (balanced accuracy): 0.6877314975964413
2020-05-18 02:38:48,850:: INFO - Builing model for Fold# 10 started
2020-05-18 02:39:02,630:: INFO - Builing model for Fold# 10 finished
2020-05-18 02:39:03,239:: INFO - Fold 10 score (balanced accuracy): 0.6753308128544424
2020-05-18 02:39:03,239:: INFO - Best fold score (accuracy): 0.6896486323902957
2020-05-18 02:39:04,349:: INFO - loss:0.7193284630775452
2020-05-18 02:39:04,350:: INFO - tp:1149.0
2020-05-18 02:39:04,350:: INFO - fp:1340.0
2020-05-18 02:39:04,350:: INFO - tn:1149.0
2020-05-18 02:39:04,350:: INFO - fn:1340.0
2020-05-18 02:39:04,351:: INFO - accuracy:0.461631178855896
2020-05-18 02:39:04,351:: INFO - precision:0.461631178855896
2020-05-18 02:39:04,351:: INFO - recall:0.461631178855896
2020-05-18 02:39:04,351:: INFO - auc:0.4884435534477234
2020-05-18 02:39:04,351:: INFO - balanced accuracy : 0.5263883875625226
2020-05-18 02:39:04,351:: INFO - Model evaluated.
2020-05-18 02:39:04,369:: INFO - >> Starting prediction
2020-05-18 02:39:04,370:: INFO - Dataset       : gcc
2020-05-18 02:39:04,370:: INFO - Feature       : long_description
2020-05-18 02:39:04,370:: INFO - Classifier    : lstm+emb
2020-05-18 02:39:04,370:: INFO - Balancing     : smote
2020-05-18 02:39:04,370:: INFO - Resampling    : repeated_cv_5x2
2020-05-18 02:39:04,370:: INFO - Metric        : val_accuracy
2020-05-18 02:39:04,370:: INFO - Threshold     : 365
2020-05-18 02:39:04,370:: INFO - Terms         : 200
2020-05-18 02:39:04,519:: INFO - Bug reports train file read: /home/lgomes/Workspace/doctorate/projects/long-lived-bug-prediction/deep-learning/data/raw/20190917_gcc_bug_report_365_train_data.csv
2020-05-18 02:39:04,519:: INFO - Bug reports test file read: /home/lgomes/Workspace/doctorate/projects/long-lived-bug-prediction/deep-learning/data/raw/20190917_gcc_bug_report_365_test_data.csv
2020-05-18 02:39:04,519:: INFO - Reports in train - Total: 7473 Positive: 2181 (29.19% of total)
2020-05-18 02:39:04,519:: INFO - Reports in train - Total: 7473 Negative: 5292 (70.81% of total)
2020-05-18 02:39:04,520:: INFO - Reports in test - Total: 2489 Positive: 726 (29.17% of total)
2020-05-18 02:39:07,558:: INFO - Bug reports long_description cleaned.
2020-05-18 02:39:07,558:: INFO - Balancing data started
2020-05-18 02:39:09,087:: INFO - BEFORE SMOTE:
2020-05-18 02:39:09,087:: INFO - Reports shape    : data (7473, 200) label (7473, 2)
2020-05-18 02:39:09,088:: INFO - Reports class distribution : 0 (5292) 1 (2181)
2020-05-18 02:39:10,325:: INFO - AFTER SMOTE:
2020-05-18 02:39:10,325:: INFO - Reports shape    : data (10584, 200) label (10584, 2)
2020-05-18 02:39:10,325:: INFO - Reports class distribution : 0 (5292) 1 (5292)
2020-05-18 02:39:10,929:: INFO - Shape of test data tensor : (2489, 200)
2020-05-18 02:39:10,929:: INFO - Shape of test label tensor: (2489, 2)
2020-05-18 02:39:10,929:: INFO - Class distribution in test label tensor: 1763(0) 726(1)
2020-05-18 02:39:10,929:: INFO - Balancing data finished
2020-05-18 02:39:10,929:: INFO - Trainning with k-folding started
2020-05-18 02:39:10,932:: INFO - Builing model for Fold# 1 started
2020-05-18 02:39:29,113:: INFO - Builing model for Fold# 1 finished
2020-05-18 02:39:29,872:: INFO - Fold 1 score (balanced accuracy): 0.7000527479824566
2020-05-18 02:39:29,876:: INFO - Builing model for Fold# 2 started
2020-05-18 02:39:49,108:: INFO - Builing model for Fold# 2 finished
2020-05-18 02:39:49,849:: INFO - Fold 2 score (balanced accuracy): 0.6774251130377661
2020-05-18 02:39:49,854:: INFO - Builing model for Fold# 3 started
2020-05-18 02:40:07,806:: INFO - Builing model for Fold# 3 finished
2020-05-18 02:40:08,550:: INFO - Fold 3 score (balanced accuracy): 0.6996011324304592
2020-05-18 02:40:08,554:: INFO - Builing model for Fold# 4 started
2020-05-18 02:40:26,007:: INFO - Builing model for Fold# 4 finished
2020-05-18 02:40:26,739:: INFO - Fold 4 score (balanced accuracy): 0.6815985405498999
2020-05-18 02:40:26,743:: INFO - Builing model for Fold# 5 started
2020-05-18 02:40:44,183:: INFO - Builing model for Fold# 5 finished
2020-05-18 02:40:44,926:: INFO - Fold 5 score (balanced accuracy): 0.6776937618147447
2020-05-18 02:40:44,933:: INFO - Builing model for Fold# 6 started
2020-05-18 02:41:01,175:: INFO - Builing model for Fold# 6 finished
2020-05-18 02:41:01,906:: INFO - Fold 6 score (balanced accuracy): 0.701506218192788
2020-05-18 02:41:01,910:: INFO - Builing model for Fold# 7 started
2020-05-18 02:41:18,833:: INFO - Builing model for Fold# 7 finished
2020-05-18 02:41:19,579:: INFO - Fold 7 score (balanced accuracy): 0.680696201966759
2020-05-18 02:41:19,583:: INFO - Builing model for Fold# 8 started
2020-05-18 02:41:35,520:: INFO - Builing model for Fold# 8 finished
2020-05-18 02:41:36,258:: INFO - Fold 8 score (balanced accuracy): 0.6806350642882771
2020-05-18 02:41:36,261:: INFO - Builing model for Fold# 9 started
2020-05-18 02:41:53,017:: INFO - Builing model for Fold# 9 finished
2020-05-18 02:41:53,755:: INFO - Fold 9 score (balanced accuracy): 0.6896638052448095
2020-05-18 02:41:53,759:: INFO - Builing model for Fold# 10 started
2020-05-18 02:42:10,094:: INFO - Builing model for Fold# 10 finished
2020-05-18 02:42:10,834:: INFO - Fold 10 score (balanced accuracy): 0.691398865784499
2020-05-18 02:42:10,834:: INFO - Best fold score (accuracy): 0.701506218192788
2020-05-18 02:42:12,334:: INFO - loss:0.7537545561790466
2020-05-18 02:42:12,335:: INFO - tp:1077.0
2020-05-18 02:42:12,335:: INFO - fp:1412.0
2020-05-18 02:42:12,335:: INFO - tn:1077.0
2020-05-18 02:42:12,335:: INFO - fn:1412.0
2020-05-18 02:42:12,335:: INFO - accuracy:0.4327038824558258
2020-05-18 02:42:12,335:: INFO - precision:0.4327038824558258
2020-05-18 02:42:12,335:: INFO - recall:0.4327038824558258
2020-05-18 02:42:12,335:: INFO - auc:0.46072185039520264
2020-05-18 02:42:12,335:: INFO - balanced accuracy : 0.5221725583582955
2020-05-18 02:42:12,335:: INFO - Model evaluated.
2020-05-18 02:42:12,355:: INFO - >> Starting prediction
2020-05-18 02:42:12,355:: INFO - Dataset       : gcc
2020-05-18 02:42:12,355:: INFO - Feature       : long_description
2020-05-18 02:42:12,355:: INFO - Classifier    : lstm+emb
2020-05-18 02:42:12,355:: INFO - Balancing     : smote
2020-05-18 02:42:12,355:: INFO - Resampling    : repeated_cv_5x2
2020-05-18 02:42:12,355:: INFO - Metric        : val_accuracy
2020-05-18 02:42:12,355:: INFO - Threshold     : 365
2020-05-18 02:42:12,355:: INFO - Terms         : 250
2020-05-18 02:42:12,506:: INFO - Bug reports train file read: /home/lgomes/Workspace/doctorate/projects/long-lived-bug-prediction/deep-learning/data/raw/20190917_gcc_bug_report_365_train_data.csv
2020-05-18 02:42:12,506:: INFO - Bug reports test file read: /home/lgomes/Workspace/doctorate/projects/long-lived-bug-prediction/deep-learning/data/raw/20190917_gcc_bug_report_365_test_data.csv
2020-05-18 02:42:12,506:: INFO - Reports in train - Total: 7473 Positive: 2181 (29.19% of total)
2020-05-18 02:42:12,506:: INFO - Reports in train - Total: 7473 Negative: 5292 (70.81% of total)
2020-05-18 02:42:12,506:: INFO - Reports in test - Total: 2489 Positive: 726 (29.17% of total)
2020-05-18 02:42:15,632:: INFO - Bug reports long_description cleaned.
2020-05-18 02:42:15,633:: INFO - Balancing data started
2020-05-18 02:42:17,223:: INFO - BEFORE SMOTE:
2020-05-18 02:42:17,223:: INFO - Reports shape    : data (7473, 250) label (7473, 2)
2020-05-18 02:42:17,224:: INFO - Reports class distribution : 0 (5292) 1 (2181)
2020-05-18 02:42:18,790:: INFO - AFTER SMOTE:
2020-05-18 02:42:18,790:: INFO - Reports shape    : data (10584, 250) label (10584, 2)
2020-05-18 02:42:18,790:: INFO - Reports class distribution : 0 (5292) 1 (5292)
2020-05-18 02:42:19,374:: INFO - Shape of test data tensor : (2489, 250)
2020-05-18 02:42:19,374:: INFO - Shape of test label tensor: (2489, 2)
2020-05-18 02:42:19,374:: INFO - Class distribution in test label tensor: 1763(0) 726(1)
2020-05-18 02:42:19,374:: INFO - Balancing data finished
2020-05-18 02:42:19,374:: INFO - Trainning with k-folding started
2020-05-18 02:42:19,378:: INFO - Builing model for Fold# 1 started
2020-05-18 02:42:38,473:: INFO - Builing model for Fold# 1 finished
2020-05-18 02:42:39,341:: INFO - Fold 1 score (balanced accuracy): 0.7052628384662207
2020-05-18 02:42:39,346:: INFO - Builing model for Fold# 2 started
2020-05-18 02:42:58,860:: INFO - Builing model for Fold# 2 finished
2020-05-18 02:42:59,745:: INFO - Fold 2 score (balanced accuracy): 0.6906259427251518
2020-05-18 02:42:59,750:: INFO - Builing model for Fold# 3 started
2020-05-18 02:43:18,871:: INFO - Builing model for Fold# 3 finished
2020-05-18 02:43:19,741:: INFO - Fold 3 score (balanced accuracy): 0.6938577607365797
2020-05-18 02:43:19,746:: INFO - Builing model for Fold# 4 started
2020-05-18 02:43:39,706:: INFO - Builing model for Fold# 4 finished
2020-05-18 02:43:40,570:: INFO - Fold 4 score (balanced accuracy): 0.6877172172627813
2020-05-18 02:43:40,575:: INFO - Builing model for Fold# 5 started
2020-05-18 02:43:59,628:: INFO - Builing model for Fold# 5 finished
2020-05-18 02:44:00,506:: INFO - Fold 5 score (balanced accuracy): 0.6989603024574669
2020-05-18 02:44:00,513:: INFO - Builing model for Fold# 6 started
2020-05-18 02:44:20,442:: INFO - Builing model for Fold# 6 finished
2020-05-18 02:44:21,318:: INFO - Fold 6 score (balanced accuracy): 0.7038267724125373
2020-05-18 02:44:21,323:: INFO - Builing model for Fold# 7 started
2020-05-18 02:44:39,662:: INFO - Builing model for Fold# 7 finished
2020-05-18 02:44:40,549:: INFO - Fold 7 score (balanced accuracy): 0.6910382873595842
2020-05-18 02:44:40,554:: INFO - Builing model for Fold# 8 started
2020-05-18 02:44:59,696:: INFO - Builing model for Fold# 8 finished
2020-05-18 02:45:00,574:: INFO - Fold 8 score (balanced accuracy): 0.6881768655024625
2020-05-18 02:45:00,579:: INFO - Builing model for Fold# 9 started
2020-05-18 02:45:19,586:: INFO - Builing model for Fold# 9 finished
2020-05-18 02:45:20,455:: INFO - Fold 9 score (balanced accuracy): 0.6925024678201606
2020-05-18 02:45:20,460:: INFO - Builing model for Fold# 10 started
2020-05-18 02:45:39,440:: INFO - Builing model for Fold# 10 finished
2020-05-18 02:45:40,860:: INFO - Fold 10 score (balanced accuracy): 0.6890359168241966
2020-05-18 02:45:40,860:: INFO - Best fold score (accuracy): 0.7052628384662207
2020-05-18 02:45:42,709:: INFO - loss:0.7484255433082581
2020-05-18 02:45:42,710:: INFO - tp:1093.0
2020-05-18 02:45:42,710:: INFO - fp:1396.0
2020-05-18 02:45:42,710:: INFO - tn:1093.0
2020-05-18 02:45:42,710:: INFO - fn:1396.0
2020-05-18 02:45:42,710:: INFO - accuracy:0.4391321837902069
2020-05-18 02:45:42,711:: INFO - precision:0.4391321837902069
2020-05-18 02:45:42,711:: INFO - recall:0.4391321837902069
2020-05-18 02:45:42,711:: INFO - auc:0.46573296189308167
2020-05-18 02:45:42,711:: INFO - balanced accuracy : 0.5303561578763971
2020-05-18 02:45:42,711:: INFO - Model evaluated.
2020-05-18 02:45:42,729:: INFO - >> Starting prediction
2020-05-18 02:45:42,729:: INFO - Dataset       : gcc
2020-05-18 02:45:42,729:: INFO - Feature       : long_description
2020-05-18 02:45:42,729:: INFO - Classifier    : lstm+emb
2020-05-18 02:45:42,729:: INFO - Balancing     : smote
2020-05-18 02:45:42,729:: INFO - Resampling    : repeated_cv_5x2
2020-05-18 02:45:42,729:: INFO - Metric        : val_accuracy
2020-05-18 02:45:42,729:: INFO - Threshold     : 365
2020-05-18 02:45:42,729:: INFO - Terms         : 300
2020-05-18 02:45:42,879:: INFO - Bug reports train file read: /home/lgomes/Workspace/doctorate/projects/long-lived-bug-prediction/deep-learning/data/raw/20190917_gcc_bug_report_365_train_data.csv
2020-05-18 02:45:42,879:: INFO - Bug reports test file read: /home/lgomes/Workspace/doctorate/projects/long-lived-bug-prediction/deep-learning/data/raw/20190917_gcc_bug_report_365_test_data.csv
2020-05-18 02:45:42,880:: INFO - Reports in train - Total: 7473 Positive: 2181 (29.19% of total)
2020-05-18 02:45:42,880:: INFO - Reports in train - Total: 7473 Negative: 5292 (70.81% of total)
2020-05-18 02:45:42,880:: INFO - Reports in test - Total: 2489 Positive: 726 (29.17% of total)
2020-05-18 02:45:45,968:: INFO - Bug reports long_description cleaned.
2020-05-18 02:45:45,968:: INFO - Balancing data started
2020-05-18 02:45:47,593:: INFO - BEFORE SMOTE:
2020-05-18 02:45:47,593:: INFO - Reports shape    : data (7473, 300) label (7473, 2)
2020-05-18 02:45:47,593:: INFO - Reports class distribution : 0 (5292) 1 (2181)
2020-05-18 02:45:49,527:: INFO - AFTER SMOTE:
2020-05-18 02:45:49,527:: INFO - Reports shape    : data (10584, 300) label (10584, 2)
2020-05-18 02:45:49,528:: INFO - Reports class distribution : 0 (5292) 1 (5292)
2020-05-18 02:45:50,128:: INFO - Shape of test data tensor : (2489, 300)
2020-05-18 02:45:50,128:: INFO - Shape of test label tensor: (2489, 2)
2020-05-18 02:45:50,128:: INFO - Class distribution in test label tensor: 1763(0) 726(1)
2020-05-18 02:45:50,128:: INFO - Balancing data finished
2020-05-18 02:45:50,128:: INFO - Trainning with k-folding started
2020-05-18 02:45:50,132:: INFO - Builing model for Fold# 1 started
2020-05-18 02:46:13,264:: INFO - Builing model for Fold# 1 finished
2020-05-18 02:46:14,272:: INFO - Fold 1 score (balanced accuracy): 0.6981463234388472
2020-05-18 02:46:14,277:: INFO - Builing model for Fold# 2 started
2020-05-18 02:46:36,334:: INFO - Builing model for Fold# 2 finished
2020-05-18 02:46:37,337:: INFO - Fold 2 score (balanced accuracy): 0.6845086047935509
2020-05-18 02:46:37,342:: INFO - Builing model for Fold# 3 started
2020-05-18 02:47:00,227:: INFO - Builing model for Fold# 3 finished
2020-05-18 02:47:01,248:: INFO - Fold 3 score (balanced accuracy): 0.673042389385428
2020-05-18 02:47:01,254:: INFO - Builing model for Fold# 4 started
2020-05-18 02:47:22,596:: INFO - Builing model for Fold# 4 finished
2020-05-18 02:47:23,623:: INFO - Fold 4 score (balanced accuracy): 0.7019381982860029
2020-05-18 02:47:23,629:: INFO - Builing model for Fold# 5 started
2020-05-18 02:47:45,884:: INFO - Builing model for Fold# 5 finished
2020-05-18 02:47:46,893:: INFO - Fold 5 score (balanced accuracy): 0.6852551984877127
2020-05-18 02:47:46,902:: INFO - Builing model for Fold# 6 started
2020-05-18 02:48:08,606:: INFO - Builing model for Fold# 6 finished
2020-05-18 02:48:09,617:: INFO - Fold 6 score (balanced accuracy): 0.7127916981280267
2020-05-18 02:48:09,623:: INFO - Builing model for Fold# 7 started
2020-05-18 02:48:31,172:: INFO - Builing model for Fold# 7 finished
2020-05-18 02:48:32,180:: INFO - Fold 7 score (balanced accuracy): 0.681690916458263
2020-05-18 02:48:32,186:: INFO - Builing model for Fold# 8 started
2020-05-18 02:48:53,736:: INFO - Builing model for Fold# 8 finished
2020-05-18 02:48:54,733:: INFO - Fold 8 score (balanced accuracy): 0.6848861411146872
2020-05-18 02:48:54,739:: INFO - Builing model for Fold# 9 started
2020-05-18 02:49:16,953:: INFO - Builing model for Fold# 9 finished
2020-05-18 02:49:17,971:: INFO - Fold 9 score (balanced accuracy): 0.6948462275821075
2020-05-18 02:49:17,977:: INFO - Builing model for Fold# 10 started
2020-05-18 02:49:39,331:: INFO - Builing model for Fold# 10 finished
2020-05-18 02:49:40,331:: INFO - Fold 10 score (balanced accuracy): 0.6828922495274102
2020-05-18 02:49:40,331:: INFO - Best fold score (accuracy): 0.7127916981280267
2020-05-18 02:49:42,478:: INFO - loss:0.7323942184448242
2020-05-18 02:49:42,479:: INFO - tp:1126.0
2020-05-18 02:49:42,479:: INFO - fp:1363.0
2020-05-18 02:49:42,479:: INFO - tn:1126.0
2020-05-18 02:49:42,479:: INFO - fn:1363.0
2020-05-18 02:49:42,479:: INFO - accuracy:0.45239052176475525
2020-05-18 02:49:42,479:: INFO - precision:0.45239052176475525
2020-05-18 02:49:42,479:: INFO - recall:0.45239052176475525
2020-05-18 02:49:42,479:: INFO - auc:0.47942543029785156
2020-05-18 02:49:42,479:: INFO - balanced accuracy : 0.5283724680414208
2020-05-18 02:49:42,480:: INFO - Model evaluated.
2020-05-18 02:49:42,498:: INFO - Metricas recorded
2020-05-18 02:49:42,501:: INFO - >> Pridicting finished
