2020-05-16 21:25:09,405:: INFO - Setup completed
2020-05-16 21:25:09,405:: INFO - >> Starting prediction
2020-05-16 21:25:09,405:: INFO - Dataset       : eclipse
2020-05-16 21:25:09,405:: INFO - Feature       : long_description
2020-05-16 21:25:09,405:: INFO - Classifier    : lstm+emb
2020-05-16 21:25:09,405:: INFO - Balancing     : smote
2020-05-16 21:25:09,405:: INFO - Resampling    : repeated_cv_5x2
2020-05-16 21:25:09,405:: INFO - Metric        : val_accuracy
2020-05-16 21:25:09,405:: INFO - Threshold     : 8
2020-05-16 21:25:09,405:: INFO - Terms         : 100
2020-05-16 21:25:09,487:: INFO - Bug reports train file read: /home/lgomes/Workspace/doctorate/projects/long-lived-bug-prediction/deep-learning/data/raw/20190917_eclipse_bug_report_8_train_data.csv
2020-05-16 21:25:09,487:: INFO - Bug reports test file read: /home/lgomes/Workspace/doctorate/projects/long-lived-bug-prediction/deep-learning/data/raw/20190917_eclipse_bug_report_8_test_data.csv
2020-05-16 21:25:09,488:: INFO - Reports in train - Total: 7334 Positive: 3659 (49.89% of total)
2020-05-16 21:25:09,488:: INFO - Reports in train - Total: 7334 Negative: 3675 (50.11% of total)
2020-05-16 21:25:09,488:: INFO - Reports in test - Total: 2444 Positive: 1219 (49.88% of total)
2020-05-16 21:25:11,267:: INFO - Bug reports long_description cleaned.
2020-05-16 21:25:11,267:: INFO - Balancing data started
2020-05-16 21:25:12,014:: INFO - BEFORE SMOTE:
2020-05-16 21:25:12,014:: INFO - Reports shape    : data (7334, 100) label (7334, 2)
2020-05-16 21:25:12,014:: INFO - Reports class distribution : 0 (3675) 1 (3659)
2020-05-16 21:25:13,507:: INFO - AFTER SMOTE:
2020-05-16 21:25:13,507:: INFO - Reports shape    : data (7350, 100) label (7350, 2)
2020-05-16 21:25:13,507:: INFO - Reports class distribution : 0 (3675) 1 (3675)
2020-05-16 21:25:13,720:: INFO - Shape of test data tensor : (2444, 100)
2020-05-16 21:25:13,720:: INFO - Shape of test label tensor: (2444, 2)
2020-05-16 21:25:13,721:: INFO - Class distribution in test label tensor: 1225(0) 1219(1)
2020-05-16 21:25:13,721:: INFO - Balancing data finished
2020-05-16 21:25:13,721:: INFO - Trainning with k-folding started
2020-05-16 21:25:14,084:: INFO - Builing model for Fold# 1 started
2020-05-16 21:25:47,601:: INFO - Builing model for Fold# 1 finished
2020-05-16 21:25:47,601:: WARNING - From /home/lgomes/Workspace/doctorate/projects/long-lived-bug-prediction/deep-learning/src/modeling/long-lived-bug-prediction-w-dnn.py:319: Sequential.predict_classes (from tensorflow.python.keras.engine.sequential) is deprecated and will be removed after 2021-01-01.
Instructions for updating:
Please use instead:* `np.argmax(model.predict(x), axis=-1)`,   if your model does multi-class classification   (e.g. if it uses a `softmax` last-layer activation).* `(model.predict(x) > 0.5).astype("int32")`,   if your model does binary classification   (e.g. if it uses a `sigmoid` last-layer activation).
2020-05-16 21:25:48,935:: INFO - Fold 1 score (accuracy): 0.5598639455782313
2020-05-16 21:25:49,316:: INFO - Builing model for Fold# 2 started
2020-05-16 21:26:38,746:: INFO - Builing model for Fold# 2 finished
2020-05-16 21:26:40,007:: INFO - Fold 2 score (accuracy): 0.5687074829931973
2020-05-16 21:26:40,378:: INFO - Builing model for Fold# 3 started
2020-05-16 21:27:21,393:: INFO - Builing model for Fold# 3 finished
2020-05-16 21:27:22,639:: INFO - Fold 3 score (accuracy): 0.5523809523809524
2020-05-16 21:27:23,013:: INFO - Builing model for Fold# 4 started
2020-05-16 21:28:01,657:: INFO - Builing model for Fold# 4 finished
2020-05-16 21:28:02,918:: INFO - Fold 4 score (accuracy): 0.5537414965986395
2020-05-16 21:28:03,295:: INFO - Builing model for Fold# 5 started
2020-05-16 21:29:00,946:: INFO - Builing model for Fold# 5 finished
2020-05-16 21:29:02,215:: INFO - Fold 5 score (accuracy): 0.5639455782312925
2020-05-16 21:29:02,603:: INFO - Builing model for Fold# 6 started
2020-05-16 21:29:40,653:: INFO - Builing model for Fold# 6 finished
2020-05-16 21:29:41,905:: INFO - Fold 6 score (accuracy): 0.5755102040816327
2020-05-16 21:29:42,273:: INFO - Builing model for Fold# 7 started
2020-05-16 21:30:16,248:: INFO - Builing model for Fold# 7 finished
2020-05-16 21:30:17,526:: INFO - Fold 7 score (accuracy): 0.5551020408163265
2020-05-16 21:30:17,903:: INFO - Builing model for Fold# 8 started
2020-05-16 21:30:54,358:: INFO - Builing model for Fold# 8 finished
2020-05-16 21:30:55,619:: INFO - Fold 8 score (accuracy): 0.563265306122449
2020-05-16 21:30:56,002:: INFO - Builing model for Fold# 9 started
2020-05-16 21:31:45,149:: INFO - Builing model for Fold# 9 finished
2020-05-16 21:31:46,425:: INFO - Fold 9 score (accuracy): 0.5510204081632653
2020-05-16 21:31:46,805:: INFO - Builing model for Fold# 10 started
2020-05-16 21:32:35,148:: INFO - Builing model for Fold# 10 finished
2020-05-16 21:32:36,354:: INFO - Fold 10 score (accuracy): 0.5319727891156463
2020-05-16 21:32:36,354:: INFO - Best fold score (accuracy): 0.5755102040816327
2020-05-16 21:32:37,147:: INFO - loss:0.6905812621116638
2020-05-16 21:32:37,147:: INFO - tp:1292.0
2020-05-16 21:32:37,148:: INFO - fp:1152.0
2020-05-16 21:32:37,148:: INFO - tn:1292.0
2020-05-16 21:32:37,148:: INFO - fn:1152.0
2020-05-16 21:32:37,148:: INFO - accuracy:0.5286415815353394
2020-05-16 21:32:37,148:: INFO - precision:0.5286415815353394
2020-05-16 21:32:37,148:: INFO - recall:0.5286415815353394
2020-05-16 21:32:37,148:: INFO - auc:0.5441259145736694
2020-05-16 21:32:37,169:: INFO - balanced accuracy : 0.5286065861947732
2020-05-16 21:32:37,169:: INFO - Model evaluated.
2020-05-16 21:32:37,185:: INFO - >> Starting prediction
2020-05-16 21:32:37,185:: INFO - Dataset       : eclipse
2020-05-16 21:32:37,185:: INFO - Feature       : long_description
2020-05-16 21:32:37,185:: INFO - Classifier    : lstm+emb
2020-05-16 21:32:37,185:: INFO - Balancing     : smote
2020-05-16 21:32:37,185:: INFO - Resampling    : repeated_cv_5x2
2020-05-16 21:32:37,185:: INFO - Metric        : val_accuracy
2020-05-16 21:32:37,185:: INFO - Threshold     : 8
2020-05-16 21:32:37,185:: INFO - Terms         : 150
2020-05-16 21:32:37,269:: INFO - Bug reports train file read: /home/lgomes/Workspace/doctorate/projects/long-lived-bug-prediction/deep-learning/data/raw/20190917_eclipse_bug_report_8_train_data.csv
2020-05-16 21:32:37,269:: INFO - Bug reports test file read: /home/lgomes/Workspace/doctorate/projects/long-lived-bug-prediction/deep-learning/data/raw/20190917_eclipse_bug_report_8_test_data.csv
2020-05-16 21:32:37,269:: INFO - Reports in train - Total: 7334 Positive: 3659 (49.89% of total)
2020-05-16 21:32:37,269:: INFO - Reports in train - Total: 7334 Negative: 3675 (50.11% of total)
2020-05-16 21:32:37,269:: INFO - Reports in test - Total: 2444 Positive: 1219 (49.88% of total)
2020-05-16 21:32:39,038:: INFO - Bug reports long_description cleaned.
2020-05-16 21:32:39,038:: INFO - Balancing data started
2020-05-16 21:32:40,053:: INFO - BEFORE SMOTE:
2020-05-16 21:32:40,053:: INFO - Reports shape    : data (7334, 150) label (7334, 2)
2020-05-16 21:32:40,053:: INFO - Reports class distribution : 0 (3675) 1 (3659)
2020-05-16 21:32:42,155:: INFO - AFTER SMOTE:
2020-05-16 21:32:42,155:: INFO - Reports shape    : data (7350, 150) label (7350, 2)
2020-05-16 21:32:42,156:: INFO - Reports class distribution : 0 (3675) 1 (3675)
2020-05-16 21:32:42,356:: INFO - Shape of test data tensor : (2444, 150)
2020-05-16 21:32:42,356:: INFO - Shape of test label tensor: (2444, 2)
2020-05-16 21:32:42,357:: INFO - Class distribution in test label tensor: 1225(0) 1219(1)
2020-05-16 21:32:42,357:: INFO - Balancing data finished
2020-05-16 21:32:42,357:: INFO - Trainning with k-folding started
2020-05-16 21:32:42,866:: INFO - Builing model for Fold# 1 started
2020-05-16 21:33:46,762:: INFO - Builing model for Fold# 1 finished
2020-05-16 21:33:48,446:: INFO - Fold 1 score (accuracy): 0.5659863945578232
2020-05-16 21:33:48,990:: INFO - Builing model for Fold# 2 started
2020-05-16 21:34:53,348:: INFO - Builing model for Fold# 2 finished
2020-05-16 21:34:55,148:: INFO - Fold 2 score (accuracy): 0.5680272108843537
2020-05-16 21:34:55,695:: INFO - Builing model for Fold# 3 started
2020-05-16 21:36:03,341:: INFO - Builing model for Fold# 3 finished
2020-05-16 21:36:05,095:: INFO - Fold 3 score (accuracy): 0.5489795918367347
2020-05-16 21:36:05,650:: INFO - Builing model for Fold# 4 started
2020-05-16 21:36:56,331:: INFO - Builing model for Fold# 4 finished
2020-05-16 21:36:58,344:: INFO - Fold 4 score (accuracy): 0.5564625850340136
2020-05-16 21:36:58,911:: INFO - Builing model for Fold# 5 started
2020-05-16 21:38:03,665:: INFO - Builing model for Fold# 5 finished
2020-05-16 21:38:05,447:: INFO - Fold 5 score (accuracy): 0.5612244897959183
2020-05-16 21:38:06,000:: INFO - Builing model for Fold# 6 started
2020-05-16 21:39:00,284:: INFO - Builing model for Fold# 6 finished
2020-05-16 21:39:02,117:: INFO - Fold 6 score (accuracy): 0.5782312925170068
2020-05-16 21:39:02,672:: INFO - Builing model for Fold# 7 started
2020-05-16 21:40:00,483:: INFO - Builing model for Fold# 7 finished
2020-05-16 21:40:02,270:: INFO - Fold 7 score (accuracy): 0.5571428571428572
2020-05-16 21:40:02,813:: INFO - Builing model for Fold# 8 started
2020-05-16 21:40:52,598:: INFO - Builing model for Fold# 8 finished
2020-05-16 21:40:54,341:: INFO - Fold 8 score (accuracy): 0.5700680272108843
2020-05-16 21:40:54,900:: INFO - Builing model for Fold# 9 started
2020-05-16 21:41:43,071:: INFO - Builing model for Fold# 9 finished
2020-05-16 21:41:45,294:: INFO - Fold 9 score (accuracy): 0.5489795918367347
2020-05-16 21:41:45,853:: INFO - Builing model for Fold# 10 started
2020-05-16 21:42:47,469:: INFO - Builing model for Fold# 10 finished
2020-05-16 21:42:49,182:: INFO - Fold 10 score (accuracy): 0.5380952380952381
2020-05-16 21:42:49,182:: INFO - Best fold score (accuracy): 0.5782312925170068
2020-05-16 21:42:50,270:: INFO - loss:0.692054808139801
2020-05-16 21:42:50,271:: INFO - tp:1298.0
2020-05-16 21:42:50,271:: INFO - fp:1146.0
2020-05-16 21:42:50,271:: INFO - tn:1298.0
2020-05-16 21:42:50,271:: INFO - fn:1146.0
2020-05-16 21:42:50,271:: INFO - accuracy:0.5310965776443481
2020-05-16 21:42:50,271:: INFO - precision:0.5310965776443481
2020-05-16 21:42:50,271:: INFO - recall:0.5310965776443481
2020-05-16 21:42:50,271:: INFO - auc:0.545651912689209
2020-05-16 21:42:50,291:: INFO - balanced accuracy : 0.5310254306808859
2020-05-16 21:42:50,292:: INFO - Model evaluated.
2020-05-16 21:42:50,302:: INFO - >> Starting prediction
2020-05-16 21:42:50,302:: INFO - Dataset       : eclipse
2020-05-16 21:42:50,302:: INFO - Feature       : long_description
2020-05-16 21:42:50,302:: INFO - Classifier    : lstm+emb
2020-05-16 21:42:50,302:: INFO - Balancing     : smote
2020-05-16 21:42:50,302:: INFO - Resampling    : repeated_cv_5x2
2020-05-16 21:42:50,302:: INFO - Metric        : val_accuracy
2020-05-16 21:42:50,303:: INFO - Threshold     : 8
2020-05-16 21:42:50,303:: INFO - Terms         : 200
2020-05-16 21:42:50,389:: INFO - Bug reports train file read: /home/lgomes/Workspace/doctorate/projects/long-lived-bug-prediction/deep-learning/data/raw/20190917_eclipse_bug_report_8_train_data.csv
2020-05-16 21:42:50,389:: INFO - Bug reports test file read: /home/lgomes/Workspace/doctorate/projects/long-lived-bug-prediction/deep-learning/data/raw/20190917_eclipse_bug_report_8_test_data.csv
2020-05-16 21:42:50,389:: INFO - Reports in train - Total: 7334 Positive: 3659 (49.89% of total)
2020-05-16 21:42:50,390:: INFO - Reports in train - Total: 7334 Negative: 3675 (50.11% of total)
2020-05-16 21:42:50,390:: INFO - Reports in test - Total: 2444 Positive: 1219 (49.88% of total)
2020-05-16 21:42:52,211:: INFO - Bug reports long_description cleaned.
2020-05-16 21:42:52,211:: INFO - Balancing data started
2020-05-16 21:42:52,838:: INFO - BEFORE SMOTE:
2020-05-16 21:42:52,838:: INFO - Reports shape    : data (7334, 200) label (7334, 2)
2020-05-16 21:42:52,838:: INFO - Reports class distribution : 0 (3675) 1 (3659)
2020-05-16 21:42:55,978:: INFO - AFTER SMOTE:
2020-05-16 21:42:55,978:: INFO - Reports shape    : data (7350, 200) label (7350, 2)
2020-05-16 21:42:55,978:: INFO - Reports class distribution : 0 (3675) 1 (3675)
2020-05-16 21:42:56,179:: INFO - Shape of test data tensor : (2444, 200)
2020-05-16 21:42:56,179:: INFO - Shape of test label tensor: (2444, 2)
2020-05-16 21:42:56,179:: INFO - Class distribution in test label tensor: 1225(0) 1219(1)
2020-05-16 21:42:56,180:: INFO - Balancing data finished
2020-05-16 21:42:56,180:: INFO - Trainning with k-folding started
2020-05-16 21:42:56,863:: INFO - Builing model for Fold# 1 started
2020-05-16 21:44:02,447:: INFO - Builing model for Fold# 1 finished
2020-05-16 21:44:05,133:: INFO - Fold 1 score (accuracy): 0.5727891156462585
2020-05-16 21:44:05,844:: INFO - Builing model for Fold# 2 started
2020-05-16 21:45:04,187:: INFO - Builing model for Fold# 2 finished
2020-05-16 21:45:06,442:: INFO - Fold 2 score (accuracy): 0.5612244897959183
2020-05-16 21:45:07,165:: INFO - Builing model for Fold# 3 started
2020-05-16 21:46:07,666:: INFO - Builing model for Fold# 3 finished
2020-05-16 21:46:09,892:: INFO - Fold 3 score (accuracy): 0.5462585034013605
2020-05-16 21:46:10,615:: INFO - Builing model for Fold# 4 started
2020-05-16 21:47:10,119:: INFO - Builing model for Fold# 4 finished
2020-05-16 21:47:12,280:: INFO - Fold 4 score (accuracy): 0.5591836734693878
2020-05-16 21:47:13,006:: INFO - Builing model for Fold# 5 started
2020-05-16 21:48:32,360:: INFO - Builing model for Fold# 5 finished
2020-05-16 21:48:34,988:: INFO - Fold 5 score (accuracy): 0.5612244897959183
2020-05-16 21:48:35,704:: INFO - Builing model for Fold# 6 started
2020-05-16 21:49:40,292:: INFO - Builing model for Fold# 6 finished
2020-05-16 21:49:42,601:: INFO - Fold 6 score (accuracy): 0.5693877551020409
2020-05-16 21:49:43,320:: INFO - Builing model for Fold# 7 started
2020-05-16 21:51:00,654:: INFO - Builing model for Fold# 7 finished
2020-05-16 21:51:02,910:: INFO - Fold 7 score (accuracy): 0.5700680272108843
2020-05-16 21:51:03,627:: INFO - Builing model for Fold# 8 started
2020-05-16 21:52:01,908:: INFO - Builing model for Fold# 8 finished
2020-05-16 21:52:04,116:: INFO - Fold 8 score (accuracy): 0.5653061224489796
2020-05-16 21:52:04,822:: INFO - Builing model for Fold# 9 started
2020-05-16 21:53:29,624:: INFO - Builing model for Fold# 9 finished
2020-05-16 21:53:31,783:: INFO - Fold 9 score (accuracy): 0.5517006802721088
2020-05-16 21:53:32,493:: INFO - Builing model for Fold# 10 started
2020-05-16 21:54:36,964:: INFO - Builing model for Fold# 10 finished
2020-05-16 21:54:39,328:: INFO - Fold 10 score (accuracy): 0.5333333333333333
2020-05-16 21:54:39,328:: INFO - Best fold score (accuracy): 0.5727891156462585
2020-05-16 21:54:40,818:: INFO - loss:0.6915097832679749
2020-05-16 21:54:40,818:: INFO - tp:1322.0
2020-05-16 21:54:40,819:: INFO - fp:1122.0
2020-05-16 21:54:40,819:: INFO - tn:1322.0
2020-05-16 21:54:40,819:: INFO - fn:1122.0
2020-05-16 21:54:40,819:: INFO - accuracy:0.5409165024757385
2020-05-16 21:54:40,819:: INFO - precision:0.5409165024757385
2020-05-16 21:54:40,819:: INFO - recall:0.5409165024757385
2020-05-16 21:54:40,819:: INFO - auc:0.5462387800216675
2020-05-16 21:54:40,839:: INFO - balanced accuracy : 0.5408876462808256
2020-05-16 21:54:40,839:: INFO - Model evaluated.
2020-05-16 21:54:40,849:: INFO - >> Starting prediction
2020-05-16 21:54:40,849:: INFO - Dataset       : eclipse
2020-05-16 21:54:40,849:: INFO - Feature       : long_description
2020-05-16 21:54:40,849:: INFO - Classifier    : lstm+emb
2020-05-16 21:54:40,849:: INFO - Balancing     : smote
2020-05-16 21:54:40,849:: INFO - Resampling    : repeated_cv_5x2
2020-05-16 21:54:40,849:: INFO - Metric        : val_accuracy
2020-05-16 21:54:40,849:: INFO - Threshold     : 8
2020-05-16 21:54:40,849:: INFO - Terms         : 250
2020-05-16 21:54:40,938:: INFO - Bug reports train file read: /home/lgomes/Workspace/doctorate/projects/long-lived-bug-prediction/deep-learning/data/raw/20190917_eclipse_bug_report_8_train_data.csv
2020-05-16 21:54:40,938:: INFO - Bug reports test file read: /home/lgomes/Workspace/doctorate/projects/long-lived-bug-prediction/deep-learning/data/raw/20190917_eclipse_bug_report_8_test_data.csv
2020-05-16 21:54:40,938:: INFO - Reports in train - Total: 7334 Positive: 3659 (49.89% of total)
2020-05-16 21:54:40,938:: INFO - Reports in train - Total: 7334 Negative: 3675 (50.11% of total)
2020-05-16 21:54:40,938:: INFO - Reports in test - Total: 2444 Positive: 1219 (49.88% of total)
2020-05-16 21:54:42,835:: INFO - Bug reports long_description cleaned.
2020-05-16 21:54:42,835:: INFO - Balancing data started
2020-05-16 21:54:43,503:: INFO - BEFORE SMOTE:
2020-05-16 21:54:43,503:: INFO - Reports shape    : data (7334, 250) label (7334, 2)
2020-05-16 21:54:43,503:: INFO - Reports class distribution : 0 (3675) 1 (3659)
2020-05-16 21:54:47,378:: INFO - AFTER SMOTE:
2020-05-16 21:54:47,378:: INFO - Reports shape    : data (7350, 250) label (7350, 2)
2020-05-16 21:54:47,378:: INFO - Reports class distribution : 0 (3675) 1 (3675)
2020-05-16 21:54:47,595:: INFO - Shape of test data tensor : (2444, 250)
2020-05-16 21:54:47,595:: INFO - Shape of test label tensor: (2444, 2)
2020-05-16 21:54:47,595:: INFO - Class distribution in test label tensor: 1225(0) 1219(1)
2020-05-16 21:54:47,595:: INFO - Balancing data finished
2020-05-16 21:54:47,595:: INFO - Trainning with k-folding started
2020-05-16 21:54:48,461:: INFO - Builing model for Fold# 1 started
2020-05-16 21:56:22,629:: INFO - Builing model for Fold# 1 finished
2020-05-16 21:56:25,298:: INFO - Fold 1 score (accuracy): 0.5714285714285714
2020-05-16 21:56:26,176:: INFO - Builing model for Fold# 2 started
2020-05-16 21:57:40,000:: INFO - Builing model for Fold# 2 finished
2020-05-16 21:57:42,659:: INFO - Fold 2 score (accuracy): 0.5625850340136055
2020-05-16 21:57:43,515:: INFO - Builing model for Fold# 3 started
2020-05-16 21:59:20,298:: INFO - Builing model for Fold# 3 finished
2020-05-16 21:59:23,508:: INFO - Fold 3 score (accuracy): 0.5523809523809524
2020-05-16 21:59:24,377:: INFO - Builing model for Fold# 4 started
2020-05-16 22:00:38,682:: INFO - Builing model for Fold# 4 finished
2020-05-16 22:00:41,903:: INFO - Fold 4 score (accuracy): 0.5571428571428572
2020-05-16 22:00:42,750:: INFO - Builing model for Fold# 5 started
2020-05-16 22:02:29,302:: INFO - Builing model for Fold# 5 finished
2020-05-16 22:02:32,127:: INFO - Fold 5 score (accuracy): 0.5489795918367347
2020-05-16 22:02:32,979:: INFO - Builing model for Fold# 6 started
2020-05-16 22:03:56,401:: INFO - Builing model for Fold# 6 finished
2020-05-16 22:03:59,121:: INFO - Fold 6 score (accuracy): 0.5693877551020409
2020-05-16 22:03:59,968:: INFO - Builing model for Fold# 7 started
2020-05-16 22:05:41,876:: INFO - Builing model for Fold# 7 finished
2020-05-16 22:05:44,597:: INFO - Fold 7 score (accuracy): 0.5598639455782313
2020-05-16 22:05:45,476:: INFO - Builing model for Fold# 8 started
2020-05-16 22:07:10,193:: INFO - Builing model for Fold# 8 finished
2020-05-16 22:07:12,888:: INFO - Fold 8 score (accuracy): 0.5802721088435374
2020-05-16 22:07:13,760:: INFO - Builing model for Fold# 9 started
2020-05-16 22:08:44,227:: INFO - Builing model for Fold# 9 finished
2020-05-16 22:08:46,978:: INFO - Fold 9 score (accuracy): 0.5571428571428572
2020-05-16 22:08:47,865:: INFO - Builing model for Fold# 10 started
2020-05-16 22:10:16,822:: INFO - Builing model for Fold# 10 finished
2020-05-16 22:10:19,551:: INFO - Fold 10 score (accuracy): 0.536734693877551
2020-05-16 22:10:19,551:: INFO - Best fold score (accuracy): 0.5802721088435374
2020-05-16 22:10:21,361:: INFO - loss:0.6914599537849426
2020-05-16 22:10:21,362:: INFO - tp:1303.0
2020-05-16 22:10:21,362:: INFO - fp:1141.0
2020-05-16 22:10:21,362:: INFO - tn:1303.0
2020-05-16 22:10:21,362:: INFO - fn:1141.0
2020-05-16 22:10:21,362:: INFO - accuracy:0.5331423878669739
2020-05-16 22:10:21,362:: INFO - precision:0.5331423878669739
2020-05-16 22:10:21,362:: INFO - recall:0.5331423878669739
2020-05-16 22:10:21,362:: INFO - auc:0.5456634759902954
2020-05-16 22:10:21,382:: INFO - balanced accuracy : 0.5331466072893473
2020-05-16 22:10:21,382:: INFO - Model evaluated.
2020-05-16 22:10:21,393:: INFO - >> Starting prediction
2020-05-16 22:10:21,393:: INFO - Dataset       : eclipse
2020-05-16 22:10:21,393:: INFO - Feature       : long_description
2020-05-16 22:10:21,393:: INFO - Classifier    : lstm+emb
2020-05-16 22:10:21,393:: INFO - Balancing     : smote
2020-05-16 22:10:21,393:: INFO - Resampling    : repeated_cv_5x2
2020-05-16 22:10:21,393:: INFO - Metric        : val_accuracy
2020-05-16 22:10:21,393:: INFO - Threshold     : 8
2020-05-16 22:10:21,393:: INFO - Terms         : 300
2020-05-16 22:10:21,480:: INFO - Bug reports train file read: /home/lgomes/Workspace/doctorate/projects/long-lived-bug-prediction/deep-learning/data/raw/20190917_eclipse_bug_report_8_train_data.csv
2020-05-16 22:10:21,481:: INFO - Bug reports test file read: /home/lgomes/Workspace/doctorate/projects/long-lived-bug-prediction/deep-learning/data/raw/20190917_eclipse_bug_report_8_test_data.csv
2020-05-16 22:10:21,481:: INFO - Reports in train - Total: 7334 Positive: 3659 (49.89% of total)
2020-05-16 22:10:21,481:: INFO - Reports in train - Total: 7334 Negative: 3675 (50.11% of total)
2020-05-16 22:10:21,481:: INFO - Reports in test - Total: 2444 Positive: 1219 (49.88% of total)
2020-05-16 22:10:23,307:: INFO - Bug reports long_description cleaned.
2020-05-16 22:10:23,308:: INFO - Balancing data started
2020-05-16 22:10:23,968:: INFO - BEFORE SMOTE:
2020-05-16 22:10:23,968:: INFO - Reports shape    : data (7334, 300) label (7334, 2)
2020-05-16 22:10:23,968:: INFO - Reports class distribution : 0 (3675) 1 (3659)
2020-05-16 22:10:28,462:: INFO - AFTER SMOTE:
2020-05-16 22:10:28,462:: INFO - Reports shape    : data (7350, 300) label (7350, 2)
2020-05-16 22:10:28,463:: INFO - Reports class distribution : 0 (3675) 1 (3675)
2020-05-16 22:10:28,668:: INFO - Shape of test data tensor : (2444, 300)
2020-05-16 22:10:28,668:: INFO - Shape of test label tensor: (2444, 2)
2020-05-16 22:10:28,668:: INFO - Class distribution in test label tensor: 1225(0) 1219(1)
2020-05-16 22:10:28,668:: INFO - Balancing data finished
2020-05-16 22:10:28,668:: INFO - Trainning with k-folding started
2020-05-16 22:10:29,648:: INFO - Builing model for Fold# 1 started
2020-05-16 22:11:53,358:: INFO - Builing model for Fold# 1 finished
2020-05-16 22:11:56,611:: INFO - Fold 1 score (accuracy): 0.5714285714285714
2020-05-16 22:11:57,661:: INFO - Builing model for Fold# 2 started
2020-05-16 22:13:19,176:: INFO - Builing model for Fold# 2 finished
2020-05-16 22:13:22,399:: INFO - Fold 2 score (accuracy): 0.5605442176870749
2020-05-16 22:13:23,445:: INFO - Builing model for Fold# 3 started
2020-05-16 22:14:50,499:: INFO - Builing model for Fold# 3 finished
2020-05-16 22:14:53,721:: INFO - Fold 3 score (accuracy): 0.5503401360544218
2020-05-16 22:14:54,838:: INFO - Builing model for Fold# 4 started
2020-05-16 22:17:36,171:: INFO - Builing model for Fold# 4 finished
2020-05-16 22:17:39,379:: INFO - Fold 4 score (accuracy): 0.5625850340136055
2020-05-16 22:17:40,422:: INFO - Builing model for Fold# 5 started
2020-05-16 22:19:12,404:: INFO - Builing model for Fold# 5 finished
2020-05-16 22:19:15,361:: INFO - Fold 5 score (accuracy): 0.5571428571428572
2020-05-16 22:19:16,446:: INFO - Builing model for Fold# 6 started
2020-05-16 22:21:01,862:: INFO - Builing model for Fold# 6 finished
2020-05-16 22:21:05,351:: INFO - Fold 6 score (accuracy): 0.572108843537415
2020-05-16 22:21:06,414:: INFO - Builing model for Fold# 7 started
2020-05-16 22:22:58,232:: INFO - Builing model for Fold# 7 finished
2020-05-16 22:23:01,284:: INFO - Fold 7 score (accuracy): 0.563265306122449
2020-05-16 22:23:02,286:: INFO - Builing model for Fold# 8 started
2020-05-16 22:24:37,561:: INFO - Builing model for Fold# 8 finished
2020-05-16 22:24:41,432:: INFO - Fold 8 score (accuracy): 0.5836734693877551
2020-05-16 22:24:42,495:: INFO - Builing model for Fold# 9 started
2020-05-16 22:26:15,860:: INFO - Builing model for Fold# 9 finished
2020-05-16 22:26:19,144:: INFO - Fold 9 score (accuracy): 0.5564625850340136
2020-05-16 22:26:20,198:: INFO - Builing model for Fold# 10 started
2020-05-16 22:27:46,746:: INFO - Builing model for Fold# 10 finished
2020-05-16 22:27:50,001:: INFO - Fold 10 score (accuracy): 0.536734693877551
2020-05-16 22:27:50,002:: INFO - Best fold score (accuracy): 0.5836734693877551
2020-05-16 22:27:52,104:: INFO - loss:0.690039336681366
2020-05-16 22:27:52,105:: INFO - tp:1315.0
2020-05-16 22:27:52,105:: INFO - fp:1129.0
2020-05-16 22:27:52,105:: INFO - tn:1315.0
2020-05-16 22:27:52,105:: INFO - fn:1129.0
2020-05-16 22:27:52,105:: INFO - accuracy:0.5380523800849915
2020-05-16 22:27:52,105:: INFO - precision:0.5380523800849915
2020-05-16 22:27:52,105:: INFO - recall:0.5380523800849915
2020-05-16 22:27:52,105:: INFO - auc:0.5491419434547424
2020-05-16 22:27:52,126:: INFO - balanced accuracy : 0.5381369807972409
2020-05-16 22:27:52,126:: INFO - Model evaluated.
2020-05-16 22:27:52,136:: INFO - >> Starting prediction
2020-05-16 22:27:52,136:: INFO - Dataset       : eclipse
2020-05-16 22:27:52,136:: INFO - Feature       : long_description
2020-05-16 22:27:52,136:: INFO - Classifier    : lstm+emb
2020-05-16 22:27:52,136:: INFO - Balancing     : smote
2020-05-16 22:27:52,136:: INFO - Resampling    : repeated_cv_5x2
2020-05-16 22:27:52,136:: INFO - Metric        : val_accuracy
2020-05-16 22:27:52,136:: INFO - Threshold     : 63
2020-05-16 22:27:52,136:: INFO - Terms         : 100
2020-05-16 22:27:52,224:: INFO - Bug reports train file read: /home/lgomes/Workspace/doctorate/projects/long-lived-bug-prediction/deep-learning/data/raw/20190917_eclipse_bug_report_63_train_data.csv
2020-05-16 22:27:52,224:: INFO - Bug reports test file read: /home/lgomes/Workspace/doctorate/projects/long-lived-bug-prediction/deep-learning/data/raw/20190917_eclipse_bug_report_63_test_data.csv
2020-05-16 22:27:52,224:: INFO - Reports in train - Total: 7334 Positive: 1833 (24.99% of total)
2020-05-16 22:27:52,224:: INFO - Reports in train - Total: 7334 Negative: 5501 (75.01% of total)
2020-05-16 22:27:52,224:: INFO - Reports in test - Total: 2444 Positive: 611 (25.00% of total)
2020-05-16 22:27:53,965:: INFO - Bug reports long_description cleaned.
2020-05-16 22:27:53,965:: INFO - Balancing data started
2020-05-16 22:27:54,568:: INFO - BEFORE SMOTE:
2020-05-16 22:27:54,568:: INFO - Reports shape    : data (7334, 100) label (7334, 2)
2020-05-16 22:27:54,568:: INFO - Reports class distribution : 0 (5501) 1 (1833)
2020-05-16 22:27:54,944:: INFO - AFTER SMOTE:
2020-05-16 22:27:54,944:: INFO - Reports shape    : data (11002, 100) label (11002, 2)
2020-05-16 22:27:54,944:: INFO - Reports class distribution : 0 (5501) 1 (5501)
2020-05-16 22:27:55,153:: INFO - Shape of test data tensor : (2444, 100)
2020-05-16 22:27:55,153:: INFO - Shape of test label tensor: (2444, 2)
2020-05-16 22:27:55,153:: INFO - Class distribution in test label tensor: 1833(0) 611(1)
2020-05-16 22:27:55,153:: INFO - Balancing data finished
2020-05-16 22:27:55,153:: INFO - Trainning with k-folding started
2020-05-16 22:27:55,676:: INFO - Builing model for Fold# 1 started
2020-05-16 22:29:47,367:: INFO - Builing model for Fold# 1 finished
2020-05-16 22:29:49,229:: INFO - Fold 1 score (accuracy): 0.6855974557019536
2020-05-16 22:29:49,792:: INFO - Builing model for Fold# 2 started
2020-05-16 22:33:11,819:: INFO - Builing model for Fold# 2 finished
2020-05-16 22:33:13,685:: INFO - Fold 2 score (accuracy): 0.6796910495229441
2020-05-16 22:33:14,254:: INFO - Builing model for Fold# 3 started
2020-05-16 22:36:13,785:: INFO - Builing model for Fold# 3 finished
2020-05-16 22:36:15,631:: INFO - Fold 3 score (accuracy): 0.6786363636363636
2020-05-16 22:36:16,194:: INFO - Builing model for Fold# 4 started
2020-05-16 22:38:53,434:: INFO - Builing model for Fold# 4 finished
2020-05-16 22:38:55,243:: INFO - Fold 4 score (accuracy): 0.6681818181818182
2020-05-16 22:38:55,794:: INFO - Builing model for Fold# 5 started
2020-05-16 22:41:44,212:: INFO - Builing model for Fold# 5 finished
2020-05-16 22:41:46,048:: INFO - Fold 5 score (accuracy): 0.6781818181818182
2020-05-16 22:41:46,601:: INFO - Builing model for Fold# 6 started
2020-05-16 22:43:42,107:: INFO - Builing model for Fold# 6 finished
2020-05-16 22:43:43,967:: INFO - Fold 6 score (accuracy): 0.680145388459791
2020-05-16 22:43:44,514:: INFO - Builing model for Fold# 7 started
2020-05-16 22:45:59,453:: INFO - Builing model for Fold# 7 finished
2020-05-16 22:46:01,303:: INFO - Fold 7 score (accuracy): 0.6765106769650159
2020-05-16 22:46:01,855:: INFO - Builing model for Fold# 8 started
2020-05-16 22:48:12,884:: INFO - Builing model for Fold# 8 finished
2020-05-16 22:48:14,704:: INFO - Fold 8 score (accuracy): 0.6554545454545454
2020-05-16 22:48:15,263:: INFO - Builing model for Fold# 9 started
2020-05-16 22:51:08,894:: INFO - Builing model for Fold# 9 finished
2020-05-16 22:51:10,701:: INFO - Fold 9 score (accuracy): 0.6836363636363636
2020-05-16 22:51:11,261:: INFO - Builing model for Fold# 10 started
2020-05-16 22:53:27,624:: INFO - Builing model for Fold# 10 finished
2020-05-16 22:53:29,437:: INFO - Fold 10 score (accuracy): 0.6759090909090909
2020-05-16 22:53:29,437:: INFO - Best fold score (accuracy): 0.6855974557019536
2020-05-16 22:53:30,200:: INFO - loss:1.8723357915878296
2020-05-16 22:53:30,201:: INFO - tp:1098.0
2020-05-16 22:53:30,201:: INFO - fp:1346.0
2020-05-16 22:53:30,201:: INFO - tn:1098.0
2020-05-16 22:53:30,201:: INFO - fn:1346.0
2020-05-16 22:53:30,201:: INFO - accuracy:0.4492635130882263
2020-05-16 22:53:30,201:: INFO - precision:0.4492635130882263
2020-05-16 22:53:30,201:: INFO - recall:0.4492635130882263
2020-05-16 22:53:30,201:: INFO - auc:0.3680132329463959
2020-05-16 22:53:30,222:: INFO - balanced accuracy : 0.5237315875613748
2020-05-16 22:53:30,223:: INFO - Model evaluated.
2020-05-16 22:53:30,233:: INFO - >> Starting prediction
2020-05-16 22:53:30,234:: INFO - Dataset       : eclipse
2020-05-16 22:53:30,234:: INFO - Feature       : long_description
2020-05-16 22:53:30,234:: INFO - Classifier    : lstm+emb
2020-05-16 22:53:30,234:: INFO - Balancing     : smote
2020-05-16 22:53:30,234:: INFO - Resampling    : repeated_cv_5x2
2020-05-16 22:53:30,234:: INFO - Metric        : val_accuracy
2020-05-16 22:53:30,234:: INFO - Threshold     : 63
2020-05-16 22:53:30,234:: INFO - Terms         : 150
2020-05-16 22:53:30,325:: INFO - Bug reports train file read: /home/lgomes/Workspace/doctorate/projects/long-lived-bug-prediction/deep-learning/data/raw/20190917_eclipse_bug_report_63_train_data.csv
2020-05-16 22:53:30,325:: INFO - Bug reports test file read: /home/lgomes/Workspace/doctorate/projects/long-lived-bug-prediction/deep-learning/data/raw/20190917_eclipse_bug_report_63_test_data.csv
2020-05-16 22:53:30,325:: INFO - Reports in train - Total: 7334 Positive: 1833 (24.99% of total)
2020-05-16 22:53:30,325:: INFO - Reports in train - Total: 7334 Negative: 5501 (75.01% of total)
2020-05-16 22:53:30,325:: INFO - Reports in test - Total: 2444 Positive: 611 (25.00% of total)
2020-05-16 22:53:32,188:: INFO - Bug reports long_description cleaned.
2020-05-16 22:53:32,188:: INFO - Balancing data started
2020-05-16 22:53:32,806:: INFO - BEFORE SMOTE:
2020-05-16 22:53:32,806:: INFO - Reports shape    : data (7334, 150) label (7334, 2)
2020-05-16 22:53:32,806:: INFO - Reports class distribution : 0 (5501) 1 (1833)
2020-05-16 22:53:33,354:: INFO - AFTER SMOTE:
2020-05-16 22:53:33,354:: INFO - Reports shape    : data (11002, 150) label (11002, 2)
2020-05-16 22:53:33,354:: INFO - Reports class distribution : 0 (5501) 1 (5501)
2020-05-16 22:53:33,567:: INFO - Shape of test data tensor : (2444, 150)
2020-05-16 22:53:33,567:: INFO - Shape of test label tensor: (2444, 2)
2020-05-16 22:53:33,568:: INFO - Class distribution in test label tensor: 1833(0) 611(1)
2020-05-16 22:53:33,568:: INFO - Balancing data finished
2020-05-16 22:53:33,568:: INFO - Trainning with k-folding started
2020-05-16 22:53:34,321:: INFO - Builing model for Fold# 1 started
2020-05-16 22:55:42,588:: INFO - Builing model for Fold# 1 finished
2020-05-16 22:55:45,172:: INFO - Fold 1 score (accuracy): 0.7024079963652885
2020-05-16 22:55:45,974:: INFO - Builing model for Fold# 2 started
2020-05-16 22:59:16,829:: INFO - Builing model for Fold# 2 finished
2020-05-16 22:59:19,457:: INFO - Fold 2 score (accuracy): 0.6896865061335756
2020-05-16 22:59:20,255:: INFO - Builing model for Fold# 3 started
2020-05-16 23:02:07,554:: INFO - Builing model for Fold# 3 finished
2020-05-16 23:02:10,103:: INFO - Fold 3 score (accuracy): 0.7040909090909091
2020-05-16 23:02:10,889:: INFO - Builing model for Fold# 4 started
2020-05-16 23:07:03,887:: INFO - Builing model for Fold# 4 finished
2020-05-16 23:07:06,397:: INFO - Fold 4 score (accuracy): 0.6931818181818182
2020-05-16 23:07:07,196:: INFO - Builing model for Fold# 5 started
2020-05-16 23:10:56,424:: INFO - Builing model for Fold# 5 finished
2020-05-16 23:10:59,030:: INFO - Fold 5 score (accuracy): 0.7195454545454546
2020-05-16 23:10:59,843:: INFO - Builing model for Fold# 6 started
2020-05-16 23:13:34,488:: INFO - Builing model for Fold# 6 finished
2020-05-16 23:13:36,949:: INFO - Fold 6 score (accuracy): 0.6905951840072694
2020-05-16 23:13:37,761:: INFO - Builing model for Fold# 7 started
2020-05-16 23:17:32,310:: INFO - Builing model for Fold# 7 finished
2020-05-16 23:17:34,810:: INFO - Fold 7 score (accuracy): 0.7155838255338483
2020-05-16 23:17:35,612:: INFO - Builing model for Fold# 8 started
2020-05-16 23:20:38,771:: INFO - Builing model for Fold# 8 finished
2020-05-16 23:20:41,377:: INFO - Fold 8 score (accuracy): 0.6863636363636364
2020-05-16 23:20:42,200:: INFO - Builing model for Fold# 9 started
2020-05-16 23:24:08,177:: INFO - Builing model for Fold# 9 finished
2020-05-16 23:24:10,740:: INFO - Fold 9 score (accuracy): 0.7068181818181818
2020-05-16 23:24:11,561:: INFO - Builing model for Fold# 10 started
2020-05-16 23:27:56,942:: INFO - Builing model for Fold# 10 finished
2020-05-16 23:27:59,502:: INFO - Fold 10 score (accuracy): 0.7090909090909091
2020-05-16 23:27:59,502:: INFO - Best fold score (accuracy): 0.7195454545454546
2020-05-16 23:28:00,587:: INFO - loss:2.8250033855438232
2020-05-16 23:28:00,587:: INFO - tp:1040.0
2020-05-16 23:28:00,587:: INFO - fp:1404.0
2020-05-16 23:28:00,588:: INFO - tn:1040.0
2020-05-16 23:28:00,588:: INFO - fn:1404.0
2020-05-16 23:28:00,588:: INFO - accuracy:0.42553192377090454
2020-05-16 23:28:00,588:: INFO - precision:0.42553192377090454
2020-05-16 23:28:00,588:: INFO - recall:0.42553192377090454
2020-05-16 23:28:00,588:: INFO - auc:0.3444764316082001
2020-05-16 23:28:00,609:: INFO - balanced accuracy : 0.5199127114020731
2020-05-16 23:28:00,609:: INFO - Model evaluated.
2020-05-16 23:28:00,620:: INFO - >> Starting prediction
2020-05-16 23:28:00,620:: INFO - Dataset       : eclipse
2020-05-16 23:28:00,620:: INFO - Feature       : long_description
2020-05-16 23:28:00,621:: INFO - Classifier    : lstm+emb
2020-05-16 23:28:00,621:: INFO - Balancing     : smote
2020-05-16 23:28:00,621:: INFO - Resampling    : repeated_cv_5x2
2020-05-16 23:28:00,621:: INFO - Metric        : val_accuracy
2020-05-16 23:28:00,621:: INFO - Threshold     : 63
2020-05-16 23:28:00,621:: INFO - Terms         : 200
2020-05-16 23:28:00,706:: INFO - Bug reports train file read: /home/lgomes/Workspace/doctorate/projects/long-lived-bug-prediction/deep-learning/data/raw/20190917_eclipse_bug_report_63_train_data.csv
2020-05-16 23:28:00,707:: INFO - Bug reports test file read: /home/lgomes/Workspace/doctorate/projects/long-lived-bug-prediction/deep-learning/data/raw/20190917_eclipse_bug_report_63_test_data.csv
2020-05-16 23:28:00,707:: INFO - Reports in train - Total: 7334 Positive: 1833 (24.99% of total)
2020-05-16 23:28:00,707:: INFO - Reports in train - Total: 7334 Negative: 5501 (75.01% of total)
2020-05-16 23:28:00,707:: INFO - Reports in test - Total: 2444 Positive: 611 (25.00% of total)
2020-05-16 23:28:02,539:: INFO - Bug reports long_description cleaned.
2020-05-16 23:28:02,539:: INFO - Balancing data started
2020-05-16 23:28:03,184:: INFO - BEFORE SMOTE:
2020-05-16 23:28:03,184:: INFO - Reports shape    : data (7334, 200) label (7334, 2)
2020-05-16 23:28:03,184:: INFO - Reports class distribution : 0 (5501) 1 (1833)
2020-05-16 23:28:03,963:: INFO - AFTER SMOTE:
2020-05-16 23:28:03,963:: INFO - Reports shape    : data (11002, 200) label (11002, 2)
2020-05-16 23:28:03,963:: INFO - Reports class distribution : 0 (5501) 1 (5501)
2020-05-16 23:28:04,183:: INFO - Shape of test data tensor : (2444, 200)
2020-05-16 23:28:04,183:: INFO - Shape of test label tensor: (2444, 2)
2020-05-16 23:28:04,183:: INFO - Class distribution in test label tensor: 1833(0) 611(1)
2020-05-16 23:28:04,183:: INFO - Balancing data finished
2020-05-16 23:28:04,183:: INFO - Trainning with k-folding started
2020-05-16 23:28:05,158:: INFO - Builing model for Fold# 1 started
2020-05-16 23:33:08,780:: INFO - Builing model for Fold# 1 finished
2020-05-16 23:33:12,016:: INFO - Fold 1 score (accuracy): 0.7378464334393458
2020-05-16 23:33:13,024:: INFO - Builing model for Fold# 2 started
2020-05-16 23:35:57,503:: INFO - Builing model for Fold# 2 finished
2020-05-16 23:36:00,855:: INFO - Fold 2 score (accuracy): 0.7024079963652885
2020-05-16 23:36:01,915:: INFO - Builing model for Fold# 3 started
2020-05-16 23:42:31,228:: INFO - Builing model for Fold# 3 finished
2020-05-16 23:42:34,471:: INFO - Fold 3 score (accuracy): 0.7245454545454545
2020-05-16 23:42:35,517:: INFO - Builing model for Fold# 4 started
2020-05-16 23:45:23,159:: INFO - Builing model for Fold# 4 finished
2020-05-16 23:45:26,331:: INFO - Fold 4 score (accuracy): 0.7045454545454546
2020-05-16 23:45:27,391:: INFO - Builing model for Fold# 5 started
2020-05-16 23:50:24,818:: INFO - Builing model for Fold# 5 finished
2020-05-16 23:50:28,122:: INFO - Fold 5 score (accuracy): 0.7290909090909091
2020-05-16 23:50:29,212:: INFO - Builing model for Fold# 6 started
2020-05-16 23:53:50,694:: INFO - Builing model for Fold# 6 finished
2020-05-16 23:53:53,965:: INFO - Fold 6 score (accuracy): 0.7319400272603362
2020-05-16 23:53:55,014:: INFO - Builing model for Fold# 7 started
2020-05-16 23:56:16,709:: INFO - Builing model for Fold# 7 finished
2020-05-16 23:56:20,892:: INFO - Fold 7 score (accuracy): 0.7242162653339391
2020-05-16 23:56:21,946:: INFO - Builing model for Fold# 8 started
2020-05-17 00:00:53,166:: INFO - Builing model for Fold# 8 finished
2020-05-17 00:00:56,488:: INFO - Fold 8 score (accuracy): 0.7072727272727273
2020-05-17 00:00:57,540:: INFO - Builing model for Fold# 9 started
2020-05-17 00:03:57,829:: INFO - Builing model for Fold# 9 finished
2020-05-17 00:04:00,901:: INFO - Fold 9 score (accuracy): 0.7181818181818181
2020-05-17 00:04:01,958:: INFO - Builing model for Fold# 10 started
2020-05-17 00:07:16,823:: INFO - Builing model for Fold# 10 finished
2020-05-17 00:07:20,065:: INFO - Fold 10 score (accuracy): 0.7190909090909091
2020-05-17 00:07:20,065:: INFO - Best fold score (accuracy): 0.7378464334393458
2020-05-17 00:07:21,528:: INFO - loss:3.2163779735565186
2020-05-17 00:07:21,528:: INFO - tp:1056.0
2020-05-17 00:07:21,528:: INFO - fp:1388.0
2020-05-17 00:07:21,528:: INFO - tn:1056.0
2020-05-17 00:07:21,529:: INFO - fn:1388.0
2020-05-17 00:07:21,529:: INFO - accuracy:0.4320785701274872
2020-05-17 00:07:21,529:: INFO - precision:0.4320785701274872
2020-05-17 00:07:21,529:: INFO - recall:0.4320785701274872
2020-05-17 00:07:21,529:: INFO - auc:0.3400886058807373
2020-05-17 00:07:21,548:: INFO - balanced accuracy : 0.5324604473540644
2020-05-17 00:07:21,548:: INFO - Model evaluated.
2020-05-17 00:07:21,558:: INFO - >> Starting prediction
2020-05-17 00:07:21,558:: INFO - Dataset       : eclipse
2020-05-17 00:07:21,558:: INFO - Feature       : long_description
2020-05-17 00:07:21,558:: INFO - Classifier    : lstm+emb
2020-05-17 00:07:21,558:: INFO - Balancing     : smote
2020-05-17 00:07:21,558:: INFO - Resampling    : repeated_cv_5x2
2020-05-17 00:07:21,558:: INFO - Metric        : val_accuracy
2020-05-17 00:07:21,558:: INFO - Threshold     : 63
2020-05-17 00:07:21,558:: INFO - Terms         : 250
2020-05-17 00:07:21,642:: INFO - Bug reports train file read: /home/lgomes/Workspace/doctorate/projects/long-lived-bug-prediction/deep-learning/data/raw/20190917_eclipse_bug_report_63_train_data.csv
2020-05-17 00:07:21,642:: INFO - Bug reports test file read: /home/lgomes/Workspace/doctorate/projects/long-lived-bug-prediction/deep-learning/data/raw/20190917_eclipse_bug_report_63_test_data.csv
2020-05-17 00:07:21,642:: INFO - Reports in train - Total: 7334 Positive: 1833 (24.99% of total)
2020-05-17 00:07:21,642:: INFO - Reports in train - Total: 7334 Negative: 5501 (75.01% of total)
2020-05-17 00:07:21,642:: INFO - Reports in test - Total: 2444 Positive: 611 (25.00% of total)
2020-05-17 00:07:23,461:: INFO - Bug reports long_description cleaned.
2020-05-17 00:07:23,461:: INFO - Balancing data started
2020-05-17 00:07:24,891:: INFO - BEFORE SMOTE:
2020-05-17 00:07:24,891:: INFO - Reports shape    : data (7334, 250) label (7334, 2)
2020-05-17 00:07:24,891:: INFO - Reports class distribution : 0 (5501) 1 (1833)
2020-05-17 00:07:25,830:: INFO - AFTER SMOTE:
2020-05-17 00:07:25,830:: INFO - Reports shape    : data (11002, 250) label (11002, 2)
2020-05-17 00:07:25,830:: INFO - Reports class distribution : 0 (5501) 1 (5501)
2020-05-17 00:07:26,051:: INFO - Shape of test data tensor : (2444, 250)
2020-05-17 00:07:26,051:: INFO - Shape of test label tensor: (2444, 2)
2020-05-17 00:07:26,051:: INFO - Class distribution in test label tensor: 1833(0) 611(1)
2020-05-17 00:07:26,051:: INFO - Balancing data finished
2020-05-17 00:07:26,051:: INFO - Trainning with k-folding started
2020-05-17 00:07:27,288:: INFO - Builing model for Fold# 1 started
2020-05-17 00:14:25,661:: INFO - Builing model for Fold# 1 finished
2020-05-17 00:14:29,595:: INFO - Fold 1 score (accuracy): 0.749204906860518
2020-05-17 00:14:30,907:: INFO - Builing model for Fold# 2 started
2020-05-17 00:18:52,487:: INFO - Builing model for Fold# 2 finished
2020-05-17 00:18:56,485:: INFO - Fold 2 score (accuracy): 0.7264879600181735
2020-05-17 00:18:57,796:: INFO - Builing model for Fold# 3 started
2020-05-17 00:25:09,090:: INFO - Builing model for Fold# 3 finished
2020-05-17 00:25:13,129:: INFO - Fold 3 score (accuracy): 0.7227272727272728
2020-05-17 00:25:14,403:: INFO - Builing model for Fold# 4 started
2020-05-17 00:30:25,866:: INFO - Builing model for Fold# 4 finished
2020-05-17 00:30:29,967:: INFO - Fold 4 score (accuracy): 0.7018181818181818
2020-05-17 00:30:31,283:: INFO - Builing model for Fold# 5 started
2020-05-17 00:37:15,473:: INFO - Builing model for Fold# 5 finished
2020-05-17 00:37:19,649:: INFO - Fold 5 score (accuracy): 0.7281818181818182
2020-05-17 00:37:20,966:: INFO - Builing model for Fold# 6 started
2020-05-17 00:43:21,742:: INFO - Builing model for Fold# 6 finished
2020-05-17 00:43:25,759:: INFO - Fold 6 score (accuracy): 0.728759654702408
2020-05-17 00:43:27,077:: INFO - Builing model for Fold# 7 started
2020-05-17 00:48:33,555:: INFO - Builing model for Fold# 7 finished
2020-05-17 00:48:37,444:: INFO - Fold 7 score (accuracy): 0.7260336210813266
2020-05-17 00:48:38,754:: INFO - Builing model for Fold# 8 started
2020-05-17 00:53:53,553:: INFO - Builing model for Fold# 8 finished
2020-05-17 00:53:57,584:: INFO - Fold 8 score (accuracy): 0.7204545454545455
2020-05-17 00:53:58,869:: INFO - Builing model for Fold# 9 started
2020-05-17 00:57:58,993:: INFO - Builing model for Fold# 9 finished
2020-05-17 00:58:03,049:: INFO - Fold 9 score (accuracy): 0.7222727272727273
2020-05-17 00:58:04,328:: INFO - Builing model for Fold# 10 started
2020-05-17 01:03:48,238:: INFO - Builing model for Fold# 10 finished
2020-05-17 01:03:52,296:: INFO - Fold 10 score (accuracy): 0.7218181818181818
2020-05-17 01:03:52,297:: INFO - Best fold score (accuracy): 0.749204906860518
2020-05-17 01:03:54,086:: INFO - loss:3.373760223388672
2020-05-17 01:03:54,087:: INFO - tp:1027.0
2020-05-17 01:03:54,087:: INFO - fp:1417.0
2020-05-17 01:03:54,087:: INFO - tn:1027.0
2020-05-17 01:03:54,087:: INFO - fn:1417.0
2020-05-17 01:03:54,087:: INFO - accuracy:0.4202127754688263
2020-05-17 01:03:54,087:: INFO - precision:0.4202127754688263
2020-05-17 01:03:54,087:: INFO - recall:0.4202127754688263
2020-05-17 01:03:54,087:: INFO - auc:0.33091023564338684
2020-05-17 01:03:54,107:: INFO - balanced accuracy : 0.5338243316966721
2020-05-17 01:03:54,107:: INFO - Model evaluated.
2020-05-17 01:03:54,118:: INFO - >> Starting prediction
2020-05-17 01:03:54,118:: INFO - Dataset       : eclipse
2020-05-17 01:03:54,118:: INFO - Feature       : long_description
2020-05-17 01:03:54,118:: INFO - Classifier    : lstm+emb
2020-05-17 01:03:54,118:: INFO - Balancing     : smote
2020-05-17 01:03:54,118:: INFO - Resampling    : repeated_cv_5x2
2020-05-17 01:03:54,118:: INFO - Metric        : val_accuracy
2020-05-17 01:03:54,118:: INFO - Threshold     : 63
2020-05-17 01:03:54,118:: INFO - Terms         : 300
2020-05-17 01:03:54,206:: INFO - Bug reports train file read: /home/lgomes/Workspace/doctorate/projects/long-lived-bug-prediction/deep-learning/data/raw/20190917_eclipse_bug_report_63_train_data.csv
2020-05-17 01:03:54,206:: INFO - Bug reports test file read: /home/lgomes/Workspace/doctorate/projects/long-lived-bug-prediction/deep-learning/data/raw/20190917_eclipse_bug_report_63_test_data.csv
2020-05-17 01:03:54,207:: INFO - Reports in train - Total: 7334 Positive: 1833 (24.99% of total)
2020-05-17 01:03:54,207:: INFO - Reports in train - Total: 7334 Negative: 5501 (75.01% of total)
2020-05-17 01:03:54,207:: INFO - Reports in test - Total: 2444 Positive: 611 (25.00% of total)
2020-05-17 01:03:56,038:: INFO - Bug reports long_description cleaned.
2020-05-17 01:03:56,038:: INFO - Balancing data started
2020-05-17 01:03:56,667:: INFO - BEFORE SMOTE:
2020-05-17 01:03:56,667:: INFO - Reports shape    : data (7334, 300) label (7334, 2)
2020-05-17 01:03:56,667:: INFO - Reports class distribution : 0 (5501) 1 (1833)
2020-05-17 01:03:57,819:: INFO - AFTER SMOTE:
2020-05-17 01:03:57,819:: INFO - Reports shape    : data (11002, 300) label (11002, 2)
2020-05-17 01:03:57,820:: INFO - Reports class distribution : 0 (5501) 1 (5501)
2020-05-17 01:03:58,039:: INFO - Shape of test data tensor : (2444, 300)
2020-05-17 01:03:58,039:: INFO - Shape of test label tensor: (2444, 2)
2020-05-17 01:03:58,039:: INFO - Class distribution in test label tensor: 1833(0) 611(1)
2020-05-17 01:03:58,039:: INFO - Balancing data finished
2020-05-17 01:03:58,039:: INFO - Trainning with k-folding started
2020-05-17 01:03:59,522:: INFO - Builing model for Fold# 1 started
2020-05-17 01:10:16,690:: INFO - Builing model for Fold# 1 finished
2020-05-17 01:10:21,399:: INFO - Fold 1 score (accuracy): 0.7455701953657429
2020-05-17 01:10:22,883:: INFO - Builing model for Fold# 2 started
2020-05-17 01:15:19,790:: INFO - Builing model for Fold# 2 finished
2020-05-17 01:15:24,570:: INFO - Fold 2 score (accuracy): 0.7310313493866424
2020-05-17 01:15:26,099:: INFO - Builing model for Fold# 3 started
2020-05-17 01:22:50,486:: INFO - Builing model for Fold# 3 finished
2020-05-17 01:22:56,201:: INFO - Fold 3 score (accuracy): 0.7322727272727273
2020-05-17 01:22:57,719:: INFO - Builing model for Fold# 4 started
2020-05-17 01:28:49,860:: INFO - Builing model for Fold# 4 finished
2020-05-17 01:28:54,793:: INFO - Fold 4 score (accuracy): 0.725
2020-05-17 01:28:56,295:: INFO - Builing model for Fold# 5 started
2020-05-17 01:34:13,701:: INFO - Builing model for Fold# 5 finished
2020-05-17 01:34:18,427:: INFO - Fold 5 score (accuracy): 0.7422727272727273
2020-05-17 01:34:19,994:: INFO - Builing model for Fold# 6 started
2020-05-17 01:41:49,921:: INFO - Builing model for Fold# 6 finished
2020-05-17 01:41:54,755:: INFO - Fold 6 score (accuracy): 0.7364834166288051
2020-05-17 01:41:56,282:: INFO - Builing model for Fold# 7 started
2020-05-17 01:46:14,458:: INFO - Builing model for Fold# 7 finished
2020-05-17 01:46:19,109:: INFO - Fold 7 score (accuracy): 0.7242162653339391
2020-05-17 01:46:20,635:: INFO - Builing model for Fold# 8 started
2020-05-17 01:52:38,772:: INFO - Builing model for Fold# 8 finished
2020-05-17 01:52:43,729:: INFO - Fold 8 score (accuracy): 0.7263636363636363
2020-05-17 01:52:45,240:: INFO - Builing model for Fold# 9 started
2020-05-17 01:58:18,486:: INFO - Builing model for Fold# 9 finished
2020-05-17 01:58:22,948:: INFO - Fold 9 score (accuracy): 0.74
2020-05-17 01:58:24,494:: INFO - Builing model for Fold# 10 started
2020-05-17 02:06:03,494:: INFO - Builing model for Fold# 10 finished
2020-05-17 02:06:07,864:: INFO - Fold 10 score (accuracy): 0.7281818181818182
2020-05-17 02:06:07,864:: INFO - Best fold score (accuracy): 0.7455701953657429
2020-05-17 02:06:09,966:: INFO - loss:3.495814085006714
2020-05-17 02:06:09,966:: INFO - tp:983.0
2020-05-17 02:06:09,966:: INFO - fp:1461.0
2020-05-17 02:06:09,966:: INFO - tn:983.0
2020-05-17 02:06:09,966:: INFO - fn:1461.0
2020-05-17 02:06:09,966:: INFO - accuracy:0.40220949053764343
2020-05-17 02:06:09,966:: INFO - precision:0.40220949053764343
2020-05-17 02:06:09,967:: INFO - recall:0.40220949053764343
2020-05-17 02:06:09,967:: INFO - auc:0.31958603858947754
2020-05-17 02:06:09,986:: INFO - balanced accuracy : 0.5212765957446809
2020-05-17 02:06:09,986:: INFO - Model evaluated.
2020-05-17 02:06:09,997:: INFO - >> Starting prediction
2020-05-17 02:06:09,997:: INFO - Dataset       : eclipse
2020-05-17 02:06:09,997:: INFO - Feature       : long_description
2020-05-17 02:06:09,997:: INFO - Classifier    : lstm+emb
2020-05-17 02:06:09,997:: INFO - Balancing     : smote
2020-05-17 02:06:09,997:: INFO - Resampling    : repeated_cv_5x2
2020-05-17 02:06:09,997:: INFO - Metric        : val_accuracy
2020-05-17 02:06:09,997:: INFO - Threshold     : 108
2020-05-17 02:06:09,998:: INFO - Terms         : 100
2020-05-17 02:06:10,081:: INFO - Bug reports train file read: /home/lgomes/Workspace/doctorate/projects/long-lived-bug-prediction/deep-learning/data/raw/20190917_eclipse_bug_report_108_train_data.csv
2020-05-17 02:06:10,081:: INFO - Bug reports test file read: /home/lgomes/Workspace/doctorate/projects/long-lived-bug-prediction/deep-learning/data/raw/20190917_eclipse_bug_report_108_test_data.csv
2020-05-17 02:06:10,081:: INFO - Reports in train - Total: 7334 Positive: 1395 (19.02% of total)
2020-05-17 02:06:10,081:: INFO - Reports in train - Total: 7334 Negative: 5939 (80.98% of total)
2020-05-17 02:06:10,081:: INFO - Reports in test - Total: 2444 Positive: 465 (19.03% of total)
2020-05-17 02:06:11,904:: INFO - Bug reports long_description cleaned.
2020-05-17 02:06:11,904:: INFO - Balancing data started
2020-05-17 02:06:13,548:: INFO - BEFORE SMOTE:
2020-05-17 02:06:13,548:: INFO - Reports shape    : data (7334, 100) label (7334, 2)
2020-05-17 02:06:13,548:: INFO - Reports class distribution : 0 (5939) 1 (1395)
2020-05-17 02:06:13,777:: INFO - AFTER SMOTE:
2020-05-17 02:06:13,777:: INFO - Reports shape    : data (11878, 100) label (11878, 2)
2020-05-17 02:06:13,777:: INFO - Reports class distribution : 0 (5939) 1 (5939)
2020-05-17 02:06:13,993:: INFO - Shape of test data tensor : (2444, 100)
2020-05-17 02:06:13,993:: INFO - Shape of test label tensor: (2444, 2)
2020-05-17 02:06:13,993:: INFO - Class distribution in test label tensor: 1979(0) 465(1)
2020-05-17 02:06:13,993:: INFO - Balancing data finished
2020-05-17 02:06:13,993:: INFO - Trainning with k-folding started
2020-05-17 02:06:14,543:: INFO - Builing model for Fold# 1 started
2020-05-17 02:07:53,916:: INFO - Builing model for Fold# 1 finished
2020-05-17 02:07:55,953:: INFO - Fold 1 score (accuracy): 0.7074915824915825
2020-05-17 02:07:56,545:: INFO - Builing model for Fold# 2 started
2020-05-17 02:11:15,085:: INFO - Builing model for Fold# 2 finished
2020-05-17 02:11:17,086:: INFO - Fold 2 score (accuracy): 0.7112794612794613
2020-05-17 02:11:17,687:: INFO - Builing model for Fold# 3 started
2020-05-17 02:14:16,455:: INFO - Builing model for Fold# 3 finished
2020-05-17 02:14:18,450:: INFO - Fold 3 score (accuracy): 0.7293771043771043
2020-05-17 02:14:19,047:: INFO - Builing model for Fold# 4 started
2020-05-17 02:16:13,291:: INFO - Builing model for Fold# 4 finished
2020-05-17 02:16:15,318:: INFO - Fold 4 score (accuracy): 0.7061052631578948
2020-05-17 02:16:15,922:: INFO - Builing model for Fold# 5 started
2020-05-17 02:19:56,091:: INFO - Builing model for Fold# 5 finished
2020-05-17 02:19:58,097:: INFO - Fold 5 score (accuracy): 0.7326315789473684
2020-05-17 02:19:58,692:: INFO - Builing model for Fold# 6 started
2020-05-17 02:23:18,699:: INFO - Builing model for Fold# 6 finished
2020-05-17 02:23:20,682:: INFO - Fold 6 score (accuracy): 0.7125420875420876
2020-05-17 02:23:21,275:: INFO - Builing model for Fold# 7 started
2020-05-17 02:25:50,668:: INFO - Builing model for Fold# 7 finished
2020-05-17 02:25:52,666:: INFO - Fold 7 score (accuracy): 0.7293771043771043
2020-05-17 02:25:53,265:: INFO - Builing model for Fold# 8 started
2020-05-17 02:27:34,718:: INFO - Builing model for Fold# 8 finished
2020-05-17 02:27:36,747:: INFO - Fold 8 score (accuracy): 0.7146464646464646
2020-05-17 02:27:37,353:: INFO - Builing model for Fold# 9 started
2020-05-17 02:29:27,110:: INFO - Builing model for Fold# 9 finished
2020-05-17 02:29:29,081:: INFO - Fold 9 score (accuracy): 0.7098947368421052
2020-05-17 02:29:29,686:: INFO - Builing model for Fold# 10 started
2020-05-17 02:31:29,248:: INFO - Builing model for Fold# 10 finished
2020-05-17 02:31:31,240:: INFO - Fold 10 score (accuracy): 0.7258947368421053
2020-05-17 02:31:31,241:: INFO - Best fold score (accuracy): 0.7326315789473684
2020-05-17 02:31:31,989:: INFO - loss:3.254396438598633
2020-05-17 02:31:31,989:: INFO - tp:1040.0
2020-05-17 02:31:31,989:: INFO - fp:1404.0
2020-05-17 02:31:31,989:: INFO - tn:1040.0
2020-05-17 02:31:31,989:: INFO - fn:1404.0
2020-05-17 02:31:31,989:: INFO - accuracy:0.42553192377090454
2020-05-17 02:31:31,990:: INFO - precision:0.42553192377090454
2020-05-17 02:31:31,990:: INFO - recall:0.42553192377090454
2020-05-17 02:31:31,990:: INFO - auc:0.3139151632785797
2020-05-17 02:31:32,010:: INFO - balanced accuracy : 0.5259960770890044
2020-05-17 02:31:32,010:: INFO - Model evaluated.
2020-05-17 02:31:32,021:: INFO - >> Starting prediction
2020-05-17 02:31:32,021:: INFO - Dataset       : eclipse
2020-05-17 02:31:32,021:: INFO - Feature       : long_description
2020-05-17 02:31:32,021:: INFO - Classifier    : lstm+emb
2020-05-17 02:31:32,021:: INFO - Balancing     : smote
2020-05-17 02:31:32,021:: INFO - Resampling    : repeated_cv_5x2
2020-05-17 02:31:32,021:: INFO - Metric        : val_accuracy
2020-05-17 02:31:32,021:: INFO - Threshold     : 108
2020-05-17 02:31:32,021:: INFO - Terms         : 150
2020-05-17 02:31:32,109:: INFO - Bug reports train file read: /home/lgomes/Workspace/doctorate/projects/long-lived-bug-prediction/deep-learning/data/raw/20190917_eclipse_bug_report_108_train_data.csv
2020-05-17 02:31:32,109:: INFO - Bug reports test file read: /home/lgomes/Workspace/doctorate/projects/long-lived-bug-prediction/deep-learning/data/raw/20190917_eclipse_bug_report_108_test_data.csv
2020-05-17 02:31:32,109:: INFO - Reports in train - Total: 7334 Positive: 1395 (19.02% of total)
2020-05-17 02:31:32,110:: INFO - Reports in train - Total: 7334 Negative: 5939 (80.98% of total)
2020-05-17 02:31:32,110:: INFO - Reports in test - Total: 2444 Positive: 465 (19.03% of total)
2020-05-17 02:31:33,872:: INFO - Bug reports long_description cleaned.
2020-05-17 02:31:33,872:: INFO - Balancing data started
2020-05-17 02:31:34,477:: INFO - BEFORE SMOTE:
2020-05-17 02:31:34,477:: INFO - Reports shape    : data (7334, 150) label (7334, 2)
2020-05-17 02:31:34,477:: INFO - Reports class distribution : 0 (5939) 1 (1395)
2020-05-17 02:31:34,822:: INFO - AFTER SMOTE:
2020-05-17 02:31:34,822:: INFO - Reports shape    : data (11878, 150) label (11878, 2)
2020-05-17 02:31:34,822:: INFO - Reports class distribution : 0 (5939) 1 (5939)
2020-05-17 02:31:35,024:: INFO - Shape of test data tensor : (2444, 150)
2020-05-17 02:31:35,024:: INFO - Shape of test label tensor: (2444, 2)
2020-05-17 02:31:35,024:: INFO - Class distribution in test label tensor: 1979(0) 465(1)
2020-05-17 02:31:35,024:: INFO - Balancing data finished
2020-05-17 02:31:35,024:: INFO - Trainning with k-folding started
2020-05-17 02:31:35,826:: INFO - Builing model for Fold# 1 started
2020-05-17 02:35:22,162:: INFO - Builing model for Fold# 1 finished
2020-05-17 02:35:24,993:: INFO - Fold 1 score (accuracy): 0.7466329966329966
2020-05-17 02:35:25,860:: INFO - Builing model for Fold# 2 started
2020-05-17 02:40:25,296:: INFO - Builing model for Fold# 2 finished
2020-05-17 02:40:28,207:: INFO - Fold 2 score (accuracy): 0.7512626262626263
2020-05-17 02:40:29,072:: INFO - Builing model for Fold# 3 started
2020-05-17 02:45:24,285:: INFO - Builing model for Fold# 3 finished
2020-05-17 02:45:27,005:: INFO - Fold 3 score (accuracy): 0.7516835016835017
2020-05-17 02:45:27,850:: INFO - Builing model for Fold# 4 started
2020-05-17 02:47:38,520:: INFO - Builing model for Fold# 4 finished
2020-05-17 02:47:41,322:: INFO - Fold 4 score (accuracy): 0.7275789473684211
2020-05-17 02:47:42,190:: INFO - Builing model for Fold# 5 started
2020-05-17 02:51:46,253:: INFO - Builing model for Fold# 5 finished
2020-05-17 02:51:48,996:: INFO - Fold 5 score (accuracy): 0.7469473684210526
2020-05-17 02:51:49,881:: INFO - Builing model for Fold# 6 started
2020-05-17 02:55:03,875:: INFO - Builing model for Fold# 6 finished
2020-05-17 02:55:06,710:: INFO - Fold 6 score (accuracy): 0.7314814814814815
2020-05-17 02:55:07,566:: INFO - Builing model for Fold# 7 started
2020-05-17 02:58:18,345:: INFO - Builing model for Fold# 7 finished
2020-05-17 02:58:21,159:: INFO - Fold 7 score (accuracy): 0.7369528619528619
2020-05-17 02:58:22,019:: INFO - Builing model for Fold# 8 started
2020-05-17 03:02:07,775:: INFO - Builing model for Fold# 8 finished
2020-05-17 03:02:10,454:: INFO - Fold 8 score (accuracy): 0.7504208754208754
2020-05-17 03:02:11,331:: INFO - Builing model for Fold# 9 started
2020-05-17 03:07:29,245:: INFO - Builing model for Fold# 9 finished
2020-05-17 03:07:32,040:: INFO - Fold 9 score (accuracy): 0.7557894736842106
2020-05-17 03:07:32,925:: INFO - Builing model for Fold# 10 started
2020-05-17 03:10:36,390:: INFO - Builing model for Fold# 10 finished
2020-05-17 03:10:39,291:: INFO - Fold 10 score (accuracy): 0.7477894736842106
2020-05-17 03:10:39,291:: INFO - Best fold score (accuracy): 0.7557894736842106
2020-05-17 03:10:40,358:: INFO - loss:3.5614607334136963
2020-05-17 03:10:40,358:: INFO - tp:978.0
2020-05-17 03:10:40,359:: INFO - fp:1466.0
2020-05-17 03:10:40,359:: INFO - tn:978.0
2020-05-17 03:10:40,359:: INFO - fn:1466.0
2020-05-17 03:10:40,359:: INFO - accuracy:0.4001636803150177
2020-05-17 03:10:40,359:: INFO - precision:0.4001636803150177
2020-05-17 03:10:40,359:: INFO - recall:0.4001636803150177
2020-05-17 03:10:40,359:: INFO - auc:0.2925408184528351
2020-05-17 03:10:40,380:: INFO - balanced accuracy : 0.507041136231506
2020-05-17 03:10:40,380:: INFO - Model evaluated.
2020-05-17 03:10:40,391:: INFO - >> Starting prediction
2020-05-17 03:10:40,391:: INFO - Dataset       : eclipse
2020-05-17 03:10:40,391:: INFO - Feature       : long_description
2020-05-17 03:10:40,391:: INFO - Classifier    : lstm+emb
2020-05-17 03:10:40,391:: INFO - Balancing     : smote
2020-05-17 03:10:40,391:: INFO - Resampling    : repeated_cv_5x2
2020-05-17 03:10:40,391:: INFO - Metric        : val_accuracy
2020-05-17 03:10:40,391:: INFO - Threshold     : 108
2020-05-17 03:10:40,391:: INFO - Terms         : 200
2020-05-17 03:10:40,481:: INFO - Bug reports train file read: /home/lgomes/Workspace/doctorate/projects/long-lived-bug-prediction/deep-learning/data/raw/20190917_eclipse_bug_report_108_train_data.csv
2020-05-17 03:10:40,481:: INFO - Bug reports test file read: /home/lgomes/Workspace/doctorate/projects/long-lived-bug-prediction/deep-learning/data/raw/20190917_eclipse_bug_report_108_test_data.csv
2020-05-17 03:10:40,481:: INFO - Reports in train - Total: 7334 Positive: 1395 (19.02% of total)
2020-05-17 03:10:40,481:: INFO - Reports in train - Total: 7334 Negative: 5939 (80.98% of total)
2020-05-17 03:10:40,481:: INFO - Reports in test - Total: 2444 Positive: 465 (19.03% of total)
2020-05-17 03:10:42,256:: INFO - Bug reports long_description cleaned.
2020-05-17 03:10:42,256:: INFO - Balancing data started
2020-05-17 03:10:42,875:: INFO - BEFORE SMOTE:
2020-05-17 03:10:42,875:: INFO - Reports shape    : data (7334, 200) label (7334, 2)
2020-05-17 03:10:42,876:: INFO - Reports class distribution : 0 (5939) 1 (1395)
2020-05-17 03:10:43,342:: INFO - AFTER SMOTE:
2020-05-17 03:10:43,342:: INFO - Reports shape    : data (11878, 200) label (11878, 2)
2020-05-17 03:10:43,343:: INFO - Reports class distribution : 0 (5939) 1 (5939)
2020-05-17 03:10:43,557:: INFO - Shape of test data tensor : (2444, 200)
2020-05-17 03:10:43,557:: INFO - Shape of test label tensor: (2444, 2)
2020-05-17 03:10:43,557:: INFO - Class distribution in test label tensor: 1979(0) 465(1)
2020-05-17 03:10:43,557:: INFO - Balancing data finished
2020-05-17 03:10:43,557:: INFO - Trainning with k-folding started
2020-05-17 03:10:44,688:: INFO - Builing model for Fold# 1 started
2020-05-17 03:14:36,299:: INFO - Builing model for Fold# 1 finished
2020-05-17 03:14:39,790:: INFO - Fold 1 score (accuracy): 0.7575757575757576
2020-05-17 03:14:40,911:: INFO - Builing model for Fold# 2 started
2020-05-17 03:18:02,274:: INFO - Builing model for Fold# 2 finished
2020-05-17 03:18:05,996:: INFO - Fold 2 score (accuracy): 0.7491582491582491
2020-05-17 03:18:07,149:: INFO - Builing model for Fold# 3 started
2020-05-17 03:22:27,098:: INFO - Builing model for Fold# 3 finished
2020-05-17 03:22:30,654:: INFO - Fold 3 score (accuracy): 0.7516835016835017
2020-05-17 03:22:31,791:: INFO - Builing model for Fold# 4 started
2020-05-17 03:27:02,953:: INFO - Builing model for Fold# 4 finished
2020-05-17 03:27:06,685:: INFO - Fold 4 score (accuracy): 0.7498947368421053
2020-05-17 03:27:07,835:: INFO - Builing model for Fold# 5 started
2020-05-17 03:31:31,020:: INFO - Builing model for Fold# 5 finished
2020-05-17 03:31:34,744:: INFO - Fold 5 score (accuracy): 0.7688421052631579
2020-05-17 03:31:35,909:: INFO - Builing model for Fold# 6 started
2020-05-17 03:35:50,948:: INFO - Builing model for Fold# 6 finished
2020-05-17 03:35:54,459:: INFO - Fold 6 score (accuracy): 0.75
2020-05-17 03:35:55,624:: INFO - Builing model for Fold# 7 started
2020-05-17 03:40:33,316:: INFO - Builing model for Fold# 7 finished
2020-05-17 03:40:36,727:: INFO - Fold 7 score (accuracy): 0.7588383838383839
2020-05-17 03:40:37,859:: INFO - Builing model for Fold# 8 started
2020-05-17 03:43:54,737:: INFO - Builing model for Fold# 8 finished
2020-05-17 03:43:58,259:: INFO - Fold 8 score (accuracy): 0.7571548821548821
2020-05-17 03:43:59,422:: INFO - Builing model for Fold# 9 started
2020-05-17 03:48:29,925:: INFO - Builing model for Fold# 9 finished
2020-05-17 03:48:33,418:: INFO - Fold 9 score (accuracy): 0.7528421052631579
2020-05-17 03:48:34,584:: INFO - Builing model for Fold# 10 started
2020-05-17 03:53:33,317:: INFO - Builing model for Fold# 10 finished
2020-05-17 03:53:37,025:: INFO - Fold 10 score (accuracy): 0.7646315789473684
2020-05-17 03:53:37,025:: INFO - Best fold score (accuracy): 0.7688421052631579
2020-05-17 03:53:38,483:: INFO - loss:3.3991880416870117
2020-05-17 03:53:38,484:: INFO - tp:977.0
2020-05-17 03:53:38,484:: INFO - fp:1467.0
2020-05-17 03:53:38,484:: INFO - tn:977.0
2020-05-17 03:53:38,484:: INFO - fn:1467.0
2020-05-17 03:53:38,484:: INFO - accuracy:0.39975449442863464
2020-05-17 03:53:38,484:: INFO - precision:0.39975449442863464
2020-05-17 03:53:38,484:: INFO - recall:0.39975449442863464
2020-05-17 03:53:38,485:: INFO - auc:0.29114988446235657
2020-05-17 03:53:38,506:: INFO - balanced accuracy : 0.5257086505077507
2020-05-17 03:53:38,506:: INFO - Model evaluated.
2020-05-17 03:53:38,517:: INFO - >> Starting prediction
2020-05-17 03:53:38,517:: INFO - Dataset       : eclipse
2020-05-17 03:53:38,517:: INFO - Feature       : long_description
2020-05-17 03:53:38,517:: INFO - Classifier    : lstm+emb
2020-05-17 03:53:38,517:: INFO - Balancing     : smote
2020-05-17 03:53:38,517:: INFO - Resampling    : repeated_cv_5x2
2020-05-17 03:53:38,517:: INFO - Metric        : val_accuracy
2020-05-17 03:53:38,518:: INFO - Threshold     : 108
2020-05-17 03:53:38,518:: INFO - Terms         : 250
2020-05-17 03:53:38,606:: INFO - Bug reports train file read: /home/lgomes/Workspace/doctorate/projects/long-lived-bug-prediction/deep-learning/data/raw/20190917_eclipse_bug_report_108_train_data.csv
2020-05-17 03:53:38,606:: INFO - Bug reports test file read: /home/lgomes/Workspace/doctorate/projects/long-lived-bug-prediction/deep-learning/data/raw/20190917_eclipse_bug_report_108_test_data.csv
2020-05-17 03:53:38,606:: INFO - Reports in train - Total: 7334 Positive: 1395 (19.02% of total)
2020-05-17 03:53:38,606:: INFO - Reports in train - Total: 7334 Negative: 5939 (80.98% of total)
2020-05-17 03:53:38,606:: INFO - Reports in test - Total: 2444 Positive: 465 (19.03% of total)
2020-05-17 03:53:40,368:: INFO - Bug reports long_description cleaned.
2020-05-17 03:53:40,368:: INFO - Balancing data started
2020-05-17 03:53:40,980:: INFO - BEFORE SMOTE:
2020-05-17 03:53:40,981:: INFO - Reports shape    : data (7334, 250) label (7334, 2)
2020-05-17 03:53:40,981:: INFO - Reports class distribution : 0 (5939) 1 (1395)
2020-05-17 03:53:41,531:: INFO - AFTER SMOTE:
2020-05-17 03:53:41,531:: INFO - Reports shape    : data (11878, 250) label (11878, 2)
2020-05-17 03:53:41,531:: INFO - Reports class distribution : 0 (5939) 1 (5939)
2020-05-17 03:53:41,734:: INFO - Shape of test data tensor : (2444, 250)
2020-05-17 03:53:41,734:: INFO - Shape of test label tensor: (2444, 2)
2020-05-17 03:53:41,734:: INFO - Class distribution in test label tensor: 1979(0) 465(1)
2020-05-17 03:53:41,734:: INFO - Balancing data finished
2020-05-17 03:53:41,734:: INFO - Trainning with k-folding started
2020-05-17 03:53:43,033:: INFO - Builing model for Fold# 1 started
2020-05-17 03:57:06,122:: INFO - Builing model for Fold# 1 finished
2020-05-17 03:57:10,505:: INFO - Fold 1 score (accuracy): 0.7672558922558923
2020-05-17 03:57:11,927:: INFO - Builing model for Fold# 2 started
2020-05-17 04:02:19,673:: INFO - Builing model for Fold# 2 finished
2020-05-17 04:02:24,086:: INFO - Fold 2 score (accuracy): 0.7643097643097643
2020-05-17 04:02:25,507:: INFO - Builing model for Fold# 3 started
2020-05-17 04:06:45,493:: INFO - Builing model for Fold# 3 finished
2020-05-17 04:06:49,669:: INFO - Fold 3 score (accuracy): 0.7554713804713805
2020-05-17 04:06:51,049:: INFO - Builing model for Fold# 4 started
2020-05-17 04:12:47,988:: INFO - Builing model for Fold# 4 finished
2020-05-17 04:12:52,377:: INFO - Fold 4 score (accuracy): 0.7629473684210526
2020-05-17 04:12:53,788:: INFO - Builing model for Fold# 5 started
2020-05-17 04:17:35,972:: INFO - Builing model for Fold# 5 finished
2020-05-17 04:17:40,415:: INFO - Fold 5 score (accuracy): 0.7764210526315789
2020-05-17 04:17:41,849:: INFO - Builing model for Fold# 6 started
2020-05-17 04:25:18,728:: INFO - Builing model for Fold# 6 finished
2020-05-17 04:25:22,990:: INFO - Fold 6 score (accuracy): 0.7676767676767676
2020-05-17 04:25:24,409:: INFO - Builing model for Fold# 7 started
2020-05-17 04:28:54,255:: INFO - Builing model for Fold# 7 finished
2020-05-17 04:28:58,541:: INFO - Fold 7 score (accuracy): 0.7605218855218855
2020-05-17 04:28:59,955:: INFO - Builing model for Fold# 8 started
2020-05-17 04:33:13,900:: INFO - Builing model for Fold# 8 finished
2020-05-17 04:33:18,361:: INFO - Fold 8 score (accuracy): 0.7710437710437711
2020-05-17 04:33:19,733:: INFO - Builing model for Fold# 9 started
2020-05-17 04:37:20,635:: INFO - Builing model for Fold# 9 finished
2020-05-17 04:37:24,696:: INFO - Fold 9 score (accuracy): 0.7486315789473684
2020-05-17 04:37:26,088:: INFO - Builing model for Fold# 10 started
2020-05-17 04:42:09,253:: INFO - Builing model for Fold# 10 finished
2020-05-17 04:42:13,731:: INFO - Fold 10 score (accuracy): 0.7696842105263157
2020-05-17 04:42:13,731:: INFO - Best fold score (accuracy): 0.7764210526315789
2020-05-17 04:42:15,515:: INFO - loss:2.4854278564453125
2020-05-17 04:42:15,516:: INFO - tp:923.0
2020-05-17 04:42:15,516:: INFO - fp:1521.0
2020-05-17 04:42:15,516:: INFO - tn:923.0
2020-05-17 04:42:15,516:: INFO - fn:1521.0
2020-05-17 04:42:15,516:: INFO - accuracy:0.3776595890522003
2020-05-17 04:42:15,516:: INFO - precision:0.3776595890522003
2020-05-17 04:42:15,516:: INFO - recall:0.3776595890522003
2020-05-17 04:42:15,516:: INFO - auc:0.27024659514427185
2020-05-17 04:42:15,537:: INFO - balanced accuracy : 0.5268724836590654
2020-05-17 04:42:15,537:: INFO - Model evaluated.
2020-05-17 04:42:15,548:: INFO - >> Starting prediction
2020-05-17 04:42:15,548:: INFO - Dataset       : eclipse
2020-05-17 04:42:15,548:: INFO - Feature       : long_description
2020-05-17 04:42:15,548:: INFO - Classifier    : lstm+emb
2020-05-17 04:42:15,548:: INFO - Balancing     : smote
2020-05-17 04:42:15,548:: INFO - Resampling    : repeated_cv_5x2
2020-05-17 04:42:15,548:: INFO - Metric        : val_accuracy
2020-05-17 04:42:15,548:: INFO - Threshold     : 108
2020-05-17 04:42:15,548:: INFO - Terms         : 300
2020-05-17 04:42:15,635:: INFO - Bug reports train file read: /home/lgomes/Workspace/doctorate/projects/long-lived-bug-prediction/deep-learning/data/raw/20190917_eclipse_bug_report_108_train_data.csv
2020-05-17 04:42:15,635:: INFO - Bug reports test file read: /home/lgomes/Workspace/doctorate/projects/long-lived-bug-prediction/deep-learning/data/raw/20190917_eclipse_bug_report_108_test_data.csv
2020-05-17 04:42:15,635:: INFO - Reports in train - Total: 7334 Positive: 1395 (19.02% of total)
2020-05-17 04:42:15,635:: INFO - Reports in train - Total: 7334 Negative: 5939 (80.98% of total)
2020-05-17 04:42:15,635:: INFO - Reports in test - Total: 2444 Positive: 465 (19.03% of total)
2020-05-17 04:42:17,449:: INFO - Bug reports long_description cleaned.
2020-05-17 04:42:17,449:: INFO - Balancing data started
2020-05-17 04:42:18,096:: INFO - BEFORE SMOTE:
2020-05-17 04:42:18,096:: INFO - Reports shape    : data (7334, 300) label (7334, 2)
2020-05-17 04:42:18,096:: INFO - Reports class distribution : 0 (5939) 1 (1395)
2020-05-17 04:42:18,786:: INFO - AFTER SMOTE:
2020-05-17 04:42:18,787:: INFO - Reports shape    : data (11878, 300) label (11878, 2)
2020-05-17 04:42:18,787:: INFO - Reports class distribution : 0 (5939) 1 (5939)
2020-05-17 04:42:19,004:: INFO - Shape of test data tensor : (2444, 300)
2020-05-17 04:42:19,004:: INFO - Shape of test label tensor: (2444, 2)
2020-05-17 04:42:19,004:: INFO - Class distribution in test label tensor: 1979(0) 465(1)
2020-05-17 04:42:19,004:: INFO - Balancing data finished
2020-05-17 04:42:19,004:: INFO - Trainning with k-folding started
2020-05-17 04:42:20,639:: INFO - Builing model for Fold# 1 started
2020-05-17 04:49:50,070:: INFO - Builing model for Fold# 1 finished
2020-05-17 04:49:55,520:: INFO - Fold 1 score (accuracy): 0.7912457912457912
2020-05-17 04:49:57,216:: INFO - Builing model for Fold# 2 started
2020-05-17 04:55:18,440:: INFO - Builing model for Fold# 2 finished
2020-05-17 04:55:23,354:: INFO - Fold 2 score (accuracy): 0.7676767676767676
2020-05-17 04:55:25,023:: INFO - Builing model for Fold# 3 started
2020-05-17 05:01:36,739:: INFO - Builing model for Fold# 3 finished
2020-05-17 05:01:41,586:: INFO - Fold 3 score (accuracy): 0.7731481481481481
2020-05-17 05:01:43,300:: INFO - Builing model for Fold# 4 started
2020-05-17 05:07:47,923:: INFO - Builing model for Fold# 4 finished
2020-05-17 05:07:52,919:: INFO - Fold 4 score (accuracy): 0.7696842105263157
2020-05-17 05:07:54,612:: INFO - Builing model for Fold# 5 started
2020-05-17 05:12:55,969:: INFO - Builing model for Fold# 5 finished
2020-05-17 05:13:00,895:: INFO - Fold 5 score (accuracy): 0.7772631578947369
2020-05-17 05:13:02,579:: INFO - Builing model for Fold# 6 started
2020-05-17 05:20:35,755:: INFO - Builing model for Fold# 6 finished
2020-05-17 05:20:40,800:: INFO - Fold 6 score (accuracy): 0.7744107744107744
2020-05-17 05:20:42,494:: INFO - Builing model for Fold# 7 started
2020-05-17 05:28:24,006:: INFO - Builing model for Fold# 7 finished
2020-05-17 05:28:29,416:: INFO - Fold 7 score (accuracy): 0.7824074074074074
2020-05-17 05:28:31,141:: INFO - Builing model for Fold# 8 started
2020-05-17 05:33:00,569:: INFO - Builing model for Fold# 8 finished
2020-05-17 05:33:05,921:: INFO - Fold 8 score (accuracy): 0.7744107744107744
2020-05-17 05:33:07,601:: INFO - Builing model for Fold# 9 started
2020-05-17 05:38:35,496:: INFO - Builing model for Fold# 9 finished
2020-05-17 05:38:40,476:: INFO - Fold 9 score (accuracy): 0.7671578947368421
2020-05-17 05:38:42,125:: INFO - Builing model for Fold# 10 started
2020-05-17 05:43:50,574:: INFO - Builing model for Fold# 10 finished
2020-05-17 05:43:55,441:: INFO - Fold 10 score (accuracy): 0.7768421052631579
2020-05-17 05:43:55,441:: INFO - Best fold score (accuracy): 0.7912457912457912
2020-05-17 05:43:57,559:: INFO - loss:3.505038022994995
2020-05-17 05:43:57,560:: INFO - tp:880.0
2020-05-17 05:43:57,560:: INFO - fp:1564.0
2020-05-17 05:43:57,560:: INFO - tn:880.0
2020-05-17 05:43:57,560:: INFO - fn:1564.0
2020-05-17 05:43:57,560:: INFO - accuracy:0.3600654602050781
2020-05-17 05:43:57,560:: INFO - precision:0.3600654602050781
2020-05-17 05:43:57,560:: INFO - recall:0.3600654602050781
2020-05-17 05:43:57,560:: INFO - auc:0.2651267349720001
2020-05-17 05:43:57,579:: INFO - balanced accuracy : 0.5176536428194972
2020-05-17 05:43:57,579:: INFO - Model evaluated.
2020-05-17 05:43:57,589:: INFO - >> Starting prediction
2020-05-17 05:43:57,589:: INFO - Dataset       : eclipse
2020-05-17 05:43:57,589:: INFO - Feature       : long_description
2020-05-17 05:43:57,589:: INFO - Classifier    : lstm+emb
2020-05-17 05:43:57,589:: INFO - Balancing     : smote
2020-05-17 05:43:57,589:: INFO - Resampling    : repeated_cv_5x2
2020-05-17 05:43:57,589:: INFO - Metric        : val_accuracy
2020-05-17 05:43:57,589:: INFO - Threshold     : 365
2020-05-17 05:43:57,589:: INFO - Terms         : 100
2020-05-17 05:43:57,675:: INFO - Bug reports train file read: /home/lgomes/Workspace/doctorate/projects/long-lived-bug-prediction/deep-learning/data/raw/20190917_eclipse_bug_report_365_train_data.csv
2020-05-17 05:43:57,675:: INFO - Bug reports test file read: /home/lgomes/Workspace/doctorate/projects/long-lived-bug-prediction/deep-learning/data/raw/20190917_eclipse_bug_report_365_test_data.csv
2020-05-17 05:43:57,676:: INFO - Reports in train - Total: 7334 Positive: 569 (7.76% of total)
2020-05-17 05:43:57,676:: INFO - Reports in train - Total: 7334 Negative: 6765 (92.24% of total)
2020-05-17 05:43:57,676:: INFO - Reports in test - Total: 2444 Positive: 189 (7.73% of total)
2020-05-17 05:43:59,426:: INFO - Bug reports long_description cleaned.
2020-05-17 05:43:59,426:: INFO - Balancing data started
2020-05-17 05:44:00,038:: INFO - BEFORE SMOTE:
2020-05-17 05:44:00,038:: INFO - Reports shape    : data (7334, 100) label (7334, 2)
2020-05-17 05:44:00,038:: INFO - Reports class distribution : 0 (6765) 1 (569)
2020-05-17 05:44:00,083:: INFO - AFTER SMOTE:
2020-05-17 05:44:00,083:: INFO - Reports shape    : data (13530, 100) label (13530, 2)
2020-05-17 05:44:00,083:: INFO - Reports class distribution : 0 (6765) 1 (6765)
2020-05-17 05:44:00,283:: INFO - Shape of test data tensor : (2444, 100)
2020-05-17 05:44:00,283:: INFO - Shape of test label tensor: (2444, 2)
2020-05-17 05:44:00,283:: INFO - Class distribution in test label tensor: 2255(0) 189(1)
2020-05-17 05:44:00,283:: INFO - Balancing data finished
2020-05-17 05:44:00,283:: INFO - Trainning with k-folding started
2020-05-17 05:44:00,910:: INFO - Builing model for Fold# 1 started
2020-05-17 05:47:20,542:: INFO - Builing model for Fold# 1 finished
2020-05-17 05:47:22,801:: INFO - Fold 1 score (accuracy): 0.7797487065779749
2020-05-17 05:47:23,497:: INFO - Builing model for Fold# 2 started
2020-05-17 05:51:46,865:: INFO - Builing model for Fold# 2 finished
2020-05-17 05:51:49,103:: INFO - Fold 2 score (accuracy): 0.7841832963784183
2020-05-17 05:51:49,782:: INFO - Builing model for Fold# 3 started
2020-05-17 05:55:50,036:: INFO - Builing model for Fold# 3 finished
2020-05-17 05:55:52,253:: INFO - Fold 3 score (accuracy): 0.7845528455284553
2020-05-17 05:55:52,923:: INFO - Builing model for Fold# 4 started
2020-05-17 06:00:11,350:: INFO - Builing model for Fold# 4 finished
2020-05-17 06:00:13,670:: INFO - Fold 4 score (accuracy): 0.7771618625277162
2020-05-17 06:00:14,349:: INFO - Builing model for Fold# 5 started
2020-05-17 06:06:12,511:: INFO - Builing model for Fold# 5 finished
2020-05-17 06:06:14,738:: INFO - Fold 5 score (accuracy): 0.779379157427938
2020-05-17 06:06:15,428:: INFO - Builing model for Fold# 6 started
2020-05-17 06:10:05,470:: INFO - Builing model for Fold# 6 finished
2020-05-17 06:10:07,689:: INFO - Fold 6 score (accuracy): 0.770140428677014
2020-05-17 06:10:08,369:: INFO - Builing model for Fold# 7 started
2020-05-17 06:15:21,561:: INFO - Builing model for Fold# 7 finished
2020-05-17 06:15:23,816:: INFO - Fold 7 score (accuracy): 0.7908351810790836
2020-05-17 06:15:24,492:: INFO - Builing model for Fold# 8 started
2020-05-17 06:20:36,244:: INFO - Builing model for Fold# 8 finished
2020-05-17 06:20:38,435:: INFO - Fold 8 score (accuracy): 0.7904656319290465
2020-05-17 06:20:39,111:: INFO - Builing model for Fold# 9 started
2020-05-17 06:26:00,654:: INFO - Builing model for Fold# 9 finished
2020-05-17 06:26:02,922:: INFO - Fold 9 score (accuracy): 0.7834441980783444
2020-05-17 06:26:03,599:: INFO - Builing model for Fold# 10 started
2020-05-17 06:32:09,633:: INFO - Builing model for Fold# 10 finished
2020-05-17 06:32:11,834:: INFO - Fold 10 score (accuracy): 0.7897265336289726
2020-05-17 06:32:11,835:: INFO - Best fold score (accuracy): 0.7908351810790836
2020-05-17 06:32:12,584:: INFO - loss:3.4010584354400635
2020-05-17 06:32:12,584:: INFO - tp:983.0
2020-05-17 06:32:12,585:: INFO - fp:1461.0
2020-05-17 06:32:12,585:: INFO - tn:983.0
2020-05-17 06:32:12,585:: INFO - fn:1461.0
2020-05-17 06:32:12,585:: INFO - accuracy:0.40220949053764343
2020-05-17 06:32:12,585:: INFO - precision:0.40220949053764343
2020-05-17 06:32:12,585:: INFO - recall:0.40220949053764343
2020-05-17 06:32:12,585:: INFO - auc:0.25611385703086853
2020-05-17 06:32:12,605:: INFO - balanced accuracy : 0.5039653210384918
2020-05-17 06:32:12,605:: INFO - Model evaluated.
2020-05-17 06:32:12,615:: INFO - >> Starting prediction
2020-05-17 06:32:12,615:: INFO - Dataset       : eclipse
2020-05-17 06:32:12,615:: INFO - Feature       : long_description
2020-05-17 06:32:12,615:: INFO - Classifier    : lstm+emb
2020-05-17 06:32:12,615:: INFO - Balancing     : smote
2020-05-17 06:32:12,615:: INFO - Resampling    : repeated_cv_5x2
2020-05-17 06:32:12,615:: INFO - Metric        : val_accuracy
2020-05-17 06:32:12,616:: INFO - Threshold     : 365
2020-05-17 06:32:12,616:: INFO - Terms         : 150
2020-05-17 06:32:12,702:: INFO - Bug reports train file read: /home/lgomes/Workspace/doctorate/projects/long-lived-bug-prediction/deep-learning/data/raw/20190917_eclipse_bug_report_365_train_data.csv
2020-05-17 06:32:12,702:: INFO - Bug reports test file read: /home/lgomes/Workspace/doctorate/projects/long-lived-bug-prediction/deep-learning/data/raw/20190917_eclipse_bug_report_365_test_data.csv
2020-05-17 06:32:12,702:: INFO - Reports in train - Total: 7334 Positive: 569 (7.76% of total)
2020-05-17 06:32:12,702:: INFO - Reports in train - Total: 7334 Negative: 6765 (92.24% of total)
2020-05-17 06:32:12,702:: INFO - Reports in test - Total: 2444 Positive: 189 (7.73% of total)
2020-05-17 06:32:14,433:: INFO - Bug reports long_description cleaned.
2020-05-17 06:32:14,433:: INFO - Balancing data started
2020-05-17 06:32:15,040:: INFO - BEFORE SMOTE:
2020-05-17 06:32:15,040:: INFO - Reports shape    : data (7334, 150) label (7334, 2)
2020-05-17 06:32:15,040:: INFO - Reports class distribution : 0 (6765) 1 (569)
2020-05-17 06:32:15,105:: INFO - AFTER SMOTE:
2020-05-17 06:32:15,106:: INFO - Reports shape    : data (13530, 150) label (13530, 2)
2020-05-17 06:32:15,106:: INFO - Reports class distribution : 0 (6765) 1 (6765)
2020-05-17 06:32:15,304:: INFO - Shape of test data tensor : (2444, 150)
2020-05-17 06:32:15,304:: INFO - Shape of test label tensor: (2444, 2)
2020-05-17 06:32:15,304:: INFO - Class distribution in test label tensor: 2255(0) 189(1)
2020-05-17 06:32:15,304:: INFO - Balancing data finished
2020-05-17 06:32:15,304:: INFO - Trainning with k-folding started
2020-05-17 06:32:16,216:: INFO - Builing model for Fold# 1 started
2020-05-17 06:40:59,811:: INFO - Builing model for Fold# 1 finished
2020-05-17 06:41:03,017:: INFO - Fold 1 score (accuracy): 0.8207686622320769
2020-05-17 06:41:04,035:: INFO - Builing model for Fold# 2 started
2020-05-17 06:47:27,533:: INFO - Builing model for Fold# 2 finished
2020-05-17 06:47:30,710:: INFO - Fold 2 score (accuracy): 0.8178122690317813
2020-05-17 06:47:31,704:: INFO - Builing model for Fold# 3 started
2020-05-17 06:52:33,888:: INFO - Builing model for Fold# 3 finished
2020-05-17 06:52:36,996:: INFO - Fold 3 score (accuracy): 0.8133776792313377
2020-05-17 06:52:37,986:: INFO - Builing model for Fold# 4 started
2020-05-17 06:58:56,412:: INFO - Builing model for Fold# 4 finished
2020-05-17 06:58:59,635:: INFO - Fold 4 score (accuracy): 0.8063562453806357
2020-05-17 06:59:00,619:: INFO - Builing model for Fold# 5 started
2020-05-17 07:04:34,243:: INFO - Builing model for Fold# 5 finished
2020-05-17 07:04:37,466:: INFO - Fold 5 score (accuracy): 0.8152254249815225
2020-05-17 07:04:38,465:: INFO - Builing model for Fold# 6 started
2020-05-17 07:10:31,370:: INFO - Builing model for Fold# 6 finished
2020-05-17 07:10:34,570:: INFO - Fold 6 score (accuracy): 0.8163340724316334
2020-05-17 07:10:35,556:: INFO - Builing model for Fold# 7 started
2020-05-17 07:15:17,875:: INFO - Builing model for Fold# 7 finished
2020-05-17 07:15:21,036:: INFO - Fold 7 score (accuracy): 0.8207686622320769
2020-05-17 07:15:22,015:: INFO - Builing model for Fold# 8 started
2020-05-17 07:20:26,878:: INFO - Builing model for Fold# 8 finished
2020-05-17 07:20:29,979:: INFO - Fold 8 score (accuracy): 0.8163340724316334
2020-05-17 07:20:30,978:: INFO - Builing model for Fold# 9 started
2020-05-17 07:25:50,870:: INFO - Builing model for Fold# 9 finished
2020-05-17 07:25:54,086:: INFO - Fold 9 score (accuracy): 0.8133776792313377
2020-05-17 07:25:55,078:: INFO - Builing model for Fold# 10 started
2020-05-17 07:32:07,176:: INFO - Builing model for Fold# 10 finished
2020-05-17 07:32:10,339:: INFO - Fold 10 score (accuracy): 0.8000739098300074
2020-05-17 07:32:10,340:: INFO - Best fold score (accuracy): 0.8207686622320769
2020-05-17 07:32:11,410:: INFO - loss:4.230686187744141
2020-05-17 07:32:11,411:: INFO - tp:862.0
2020-05-17 07:32:11,411:: INFO - fp:1582.0
2020-05-17 07:32:11,411:: INFO - tn:862.0
2020-05-17 07:32:11,411:: INFO - fn:1582.0
2020-05-17 07:32:11,411:: INFO - accuracy:0.35270050168037415
2020-05-17 07:32:11,411:: INFO - precision:0.35270050168037415
2020-05-17 07:32:11,411:: INFO - recall:0.35270050168037415
2020-05-17 07:32:11,411:: INFO - auc:0.21348877251148224
2020-05-17 07:32:11,432:: INFO - balanced accuracy : 0.4941024648341722
2020-05-17 07:32:11,432:: INFO - Model evaluated.
2020-05-17 07:32:11,442:: INFO - >> Starting prediction
2020-05-17 07:32:11,442:: INFO - Dataset       : eclipse
2020-05-17 07:32:11,442:: INFO - Feature       : long_description
2020-05-17 07:32:11,442:: INFO - Classifier    : lstm+emb
2020-05-17 07:32:11,442:: INFO - Balancing     : smote
2020-05-17 07:32:11,442:: INFO - Resampling    : repeated_cv_5x2
2020-05-17 07:32:11,442:: INFO - Metric        : val_accuracy
2020-05-17 07:32:11,442:: INFO - Threshold     : 365
2020-05-17 07:32:11,442:: INFO - Terms         : 200
2020-05-17 07:32:11,527:: INFO - Bug reports train file read: /home/lgomes/Workspace/doctorate/projects/long-lived-bug-prediction/deep-learning/data/raw/20190917_eclipse_bug_report_365_train_data.csv
2020-05-17 07:32:11,528:: INFO - Bug reports test file read: /home/lgomes/Workspace/doctorate/projects/long-lived-bug-prediction/deep-learning/data/raw/20190917_eclipse_bug_report_365_test_data.csv
2020-05-17 07:32:11,528:: INFO - Reports in train - Total: 7334 Positive: 569 (7.76% of total)
2020-05-17 07:32:11,528:: INFO - Reports in train - Total: 7334 Negative: 6765 (92.24% of total)
2020-05-17 07:32:11,528:: INFO - Reports in test - Total: 2444 Positive: 189 (7.73% of total)
2020-05-17 07:32:13,270:: INFO - Bug reports long_description cleaned.
2020-05-17 07:32:13,270:: INFO - Balancing data started
2020-05-17 07:32:13,893:: INFO - BEFORE SMOTE:
2020-05-17 07:32:13,893:: INFO - Reports shape    : data (7334, 200) label (7334, 2)
2020-05-17 07:32:13,893:: INFO - Reports class distribution : 0 (6765) 1 (569)
2020-05-17 07:32:13,979:: INFO - AFTER SMOTE:
2020-05-17 07:32:13,979:: INFO - Reports shape    : data (13530, 200) label (13530, 2)
2020-05-17 07:32:13,979:: INFO - Reports class distribution : 0 (6765) 1 (6765)
2020-05-17 07:32:14,181:: INFO - Shape of test data tensor : (2444, 200)
2020-05-17 07:32:14,181:: INFO - Shape of test label tensor: (2444, 2)
2020-05-17 07:32:14,181:: INFO - Class distribution in test label tensor: 2255(0) 189(1)
2020-05-17 07:32:14,181:: INFO - Balancing data finished
2020-05-17 07:32:14,181:: INFO - Trainning with k-folding started
2020-05-17 07:32:15,453:: INFO - Builing model for Fold# 1 started
2020-05-17 07:39:24,443:: INFO - Builing model for Fold# 1 finished
2020-05-17 07:39:28,388:: INFO - Fold 1 score (accuracy): 0.8296378418329637
2020-05-17 07:39:29,711:: INFO - Builing model for Fold# 2 started
2020-05-17 07:48:01,619:: INFO - Builing model for Fold# 2 finished
2020-05-17 07:48:05,447:: INFO - Fold 2 score (accuracy): 0.8285291943828529
2020-05-17 07:48:06,743:: INFO - Builing model for Fold# 3 started
2020-05-17 07:54:32,234:: INFO - Builing model for Fold# 3 finished
2020-05-17 07:54:36,269:: INFO - Fold 3 score (accuracy): 0.8222468588322247
2020-05-17 07:54:37,557:: INFO - Builing model for Fold# 4 started
2020-05-17 08:01:44,036:: INFO - Builing model for Fold# 4 finished
2020-05-17 08:01:48,093:: INFO - Fold 4 score (accuracy): 0.8181818181818182
2020-05-17 08:01:49,364:: INFO - Builing model for Fold# 5 started
2020-05-17 08:05:28,350:: INFO - Builing model for Fold# 5 finished
2020-05-17 08:05:32,195:: INFO - Fold 5 score (accuracy): 0.8263118994826312
2020-05-17 08:05:33,520:: INFO - Builing model for Fold# 6 started
2020-05-17 08:10:15,985:: INFO - Builing model for Fold# 6 finished
2020-05-17 08:10:19,885:: INFO - Fold 6 score (accuracy): 0.8222468588322247
2020-05-17 08:10:21,166:: INFO - Builing model for Fold# 7 started
2020-05-17 08:15:28,180:: INFO - Builing model for Fold# 7 finished
2020-05-17 08:15:32,259:: INFO - Fold 7 score (accuracy): 0.8203991130820399
2020-05-17 08:15:33,581:: INFO - Builing model for Fold# 8 started
2020-05-17 08:20:31,132:: INFO - Builing model for Fold# 8 finished
2020-05-17 08:20:35,141:: INFO - Fold 8 score (accuracy): 0.8266814486326681
2020-05-17 08:20:36,438:: INFO - Builing model for Fold# 9 started
2020-05-17 08:30:00,203:: INFO - Builing model for Fold# 9 finished
2020-05-17 08:30:04,358:: INFO - Fold 9 score (accuracy): 0.8266814486326681
2020-05-17 08:30:05,638:: INFO - Builing model for Fold# 10 started
2020-05-17 08:39:21,403:: INFO - Builing model for Fold# 10 finished
2020-05-17 08:39:25,583:: INFO - Fold 10 score (accuracy): 0.8307464892830746
2020-05-17 08:39:25,583:: INFO - Best fold score (accuracy): 0.8307464892830746
2020-05-17 08:39:27,065:: INFO - loss:5.282695293426514
2020-05-17 08:39:27,065:: INFO - tp:805.0
2020-05-17 08:39:27,065:: INFO - fp:1639.0
2020-05-17 08:39:27,065:: INFO - tn:805.0
2020-05-17 08:39:27,065:: INFO - fn:1639.0
2020-05-17 08:39:27,065:: INFO - accuracy:0.32937806844711304
2020-05-17 08:39:27,066:: INFO - precision:0.32937806844711304
2020-05-17 08:39:27,066:: INFO - recall:0.32937806844711304
2020-05-17 08:39:27,066:: INFO - auc:0.1852586269378662
2020-05-17 08:39:27,086:: INFO - balanced accuracy : 0.4911589765248302
2020-05-17 08:39:27,086:: INFO - Model evaluated.
2020-05-17 08:39:27,097:: INFO - >> Starting prediction
2020-05-17 08:39:27,097:: INFO - Dataset       : eclipse
2020-05-17 08:39:27,097:: INFO - Feature       : long_description
2020-05-17 08:39:27,097:: INFO - Classifier    : lstm+emb
2020-05-17 08:39:27,097:: INFO - Balancing     : smote
2020-05-17 08:39:27,097:: INFO - Resampling    : repeated_cv_5x2
2020-05-17 08:39:27,097:: INFO - Metric        : val_accuracy
2020-05-17 08:39:27,097:: INFO - Threshold     : 365
2020-05-17 08:39:27,097:: INFO - Terms         : 250
2020-05-17 08:39:27,186:: INFO - Bug reports train file read: /home/lgomes/Workspace/doctorate/projects/long-lived-bug-prediction/deep-learning/data/raw/20190917_eclipse_bug_report_365_train_data.csv
2020-05-17 08:39:27,186:: INFO - Bug reports test file read: /home/lgomes/Workspace/doctorate/projects/long-lived-bug-prediction/deep-learning/data/raw/20190917_eclipse_bug_report_365_test_data.csv
2020-05-17 08:39:27,186:: INFO - Reports in train - Total: 7334 Positive: 569 (7.76% of total)
2020-05-17 08:39:27,187:: INFO - Reports in train - Total: 7334 Negative: 6765 (92.24% of total)
2020-05-17 08:39:27,187:: INFO - Reports in test - Total: 2444 Positive: 189 (7.73% of total)
2020-05-17 08:39:29,010:: INFO - Bug reports long_description cleaned.
2020-05-17 08:39:29,010:: INFO - Balancing data started
2020-05-17 08:39:29,669:: INFO - BEFORE SMOTE:
2020-05-17 08:39:29,669:: INFO - Reports shape    : data (7334, 250) label (7334, 2)
2020-05-17 08:39:29,669:: INFO - Reports class distribution : 0 (6765) 1 (569)
2020-05-17 08:39:29,792:: INFO - AFTER SMOTE:
2020-05-17 08:39:29,792:: INFO - Reports shape    : data (13530, 250) label (13530, 2)
2020-05-17 08:39:29,793:: INFO - Reports class distribution : 0 (6765) 1 (6765)
2020-05-17 08:39:30,005:: INFO - Shape of test data tensor : (2444, 250)
2020-05-17 08:39:30,005:: INFO - Shape of test label tensor: (2444, 2)
2020-05-17 08:39:30,005:: INFO - Class distribution in test label tensor: 2255(0) 189(1)
2020-05-17 08:39:30,005:: INFO - Balancing data finished
2020-05-17 08:39:30,005:: INFO - Trainning with k-folding started
2020-05-17 08:39:31,575:: INFO - Builing model for Fold# 1 started
2020-05-17 08:49:05,547:: INFO - Builing model for Fold# 1 finished
2020-05-17 08:49:10,591:: INFO - Fold 1 score (accuracy): 0.8396156688839616
2020-05-17 08:49:12,162:: INFO - Builing model for Fold# 2 started
2020-05-17 08:57:27,456:: INFO - Builing model for Fold# 2 finished
2020-05-17 08:57:32,149:: INFO - Fold 2 score (accuracy): 0.8381374722838137
2020-05-17 08:57:33,628:: INFO - Builing model for Fold# 3 started
2020-05-17 09:06:54,711:: INFO - Builing model for Fold# 3 finished
2020-05-17 09:06:59,310:: INFO - Fold 3 score (accuracy): 0.8477457501847746
2020-05-17 09:07:00,891:: INFO - Builing model for Fold# 4 started
2020-05-17 09:16:39,576:: INFO - Builing model for Fold# 4 finished
2020-05-17 09:16:44,731:: INFO - Fold 4 score (accuracy): 0.8392461197339246
2020-05-17 09:16:46,310:: INFO - Builing model for Fold# 5 started
2020-05-17 09:27:02,360:: INFO - Builing model for Fold# 5 finished
2020-05-17 09:27:07,284:: INFO - Fold 5 score (accuracy): 0.8466371027346637
2020-05-17 09:27:08,877:: INFO - Builing model for Fold# 6 started
2020-05-17 09:37:11,298:: INFO - Builing model for Fold# 6 finished
2020-05-17 09:37:16,080:: INFO - Fold 6 score (accuracy): 0.8318551367331856
2020-05-17 09:37:17,650:: INFO - Builing model for Fold# 7 started
2020-05-17 09:45:45,307:: INFO - Builing model for Fold# 7 finished
2020-05-17 09:45:50,526:: INFO - Fold 7 score (accuracy): 0.8429416112342941
2020-05-17 09:45:52,085:: INFO - Builing model for Fold# 8 started
2020-05-17 09:56:21,593:: INFO - Builing model for Fold# 8 finished
2020-05-17 09:56:26,324:: INFO - Fold 8 score (accuracy): 0.8510716925351072
2020-05-17 09:56:27,938:: INFO - Builing model for Fold# 9 started
2020-05-17 10:07:19,038:: INFO - Builing model for Fold# 9 finished
2020-05-17 10:07:24,066:: INFO - Fold 9 score (accuracy): 0.8414634146341463
2020-05-17 10:07:25,612:: INFO - Builing model for Fold# 10 started
2020-05-17 10:15:05,828:: INFO - Builing model for Fold# 10 finished
2020-05-17 10:15:10,918:: INFO - Fold 10 score (accuracy): 0.8215077605321508
2020-05-17 10:15:10,918:: INFO - Best fold score (accuracy): 0.8510716925351072
2020-05-17 10:15:12,717:: INFO - loss:5.186731338500977
2020-05-17 10:15:12,717:: INFO - tp:738.0
2020-05-17 10:15:12,717:: INFO - fp:1706.0
2020-05-17 10:15:12,717:: INFO - tn:738.0
2020-05-17 10:15:12,717:: INFO - fn:1706.0
2020-05-17 10:15:12,717:: INFO - accuracy:0.3019639849662781
2020-05-17 10:15:12,717:: INFO - precision:0.3019639849662781
2020-05-17 10:15:12,718:: INFO - recall:0.3019639849662781
2020-05-17 10:15:12,718:: INFO - auc:0.16354802250862122
2020-05-17 10:15:12,738:: INFO - balanced accuracy : 0.5053883785591102
2020-05-17 10:15:12,738:: INFO - Model evaluated.
2020-05-17 10:15:12,749:: INFO - >> Starting prediction
2020-05-17 10:15:12,749:: INFO - Dataset       : eclipse
2020-05-17 10:15:12,749:: INFO - Feature       : long_description
2020-05-17 10:15:12,749:: INFO - Classifier    : lstm+emb
2020-05-17 10:15:12,749:: INFO - Balancing     : smote
2020-05-17 10:15:12,749:: INFO - Resampling    : repeated_cv_5x2
2020-05-17 10:15:12,749:: INFO - Metric        : val_accuracy
2020-05-17 10:15:12,749:: INFO - Threshold     : 365
2020-05-17 10:15:12,749:: INFO - Terms         : 300
2020-05-17 10:15:12,838:: INFO - Bug reports train file read: /home/lgomes/Workspace/doctorate/projects/long-lived-bug-prediction/deep-learning/data/raw/20190917_eclipse_bug_report_365_train_data.csv
2020-05-17 10:15:12,838:: INFO - Bug reports test file read: /home/lgomes/Workspace/doctorate/projects/long-lived-bug-prediction/deep-learning/data/raw/20190917_eclipse_bug_report_365_test_data.csv
2020-05-17 10:15:12,838:: INFO - Reports in train - Total: 7334 Positive: 569 (7.76% of total)
2020-05-17 10:15:12,838:: INFO - Reports in train - Total: 7334 Negative: 6765 (92.24% of total)
2020-05-17 10:15:12,838:: INFO - Reports in test - Total: 2444 Positive: 189 (7.73% of total)
2020-05-17 10:15:14,657:: INFO - Bug reports long_description cleaned.
2020-05-17 10:15:14,657:: INFO - Balancing data started
2020-05-17 10:15:15,309:: INFO - BEFORE SMOTE:
2020-05-17 10:15:15,309:: INFO - Reports shape    : data (7334, 300) label (7334, 2)
2020-05-17 10:15:15,309:: INFO - Reports class distribution : 0 (6765) 1 (569)
2020-05-17 10:15:15,446:: INFO - AFTER SMOTE:
2020-05-17 10:15:15,446:: INFO - Reports shape    : data (13530, 300) label (13530, 2)
2020-05-17 10:15:15,446:: INFO - Reports class distribution : 0 (6765) 1 (6765)
2020-05-17 10:15:15,662:: INFO - Shape of test data tensor : (2444, 300)
2020-05-17 10:15:15,662:: INFO - Shape of test label tensor: (2444, 2)
2020-05-17 10:15:15,662:: INFO - Class distribution in test label tensor: 2255(0) 189(1)
2020-05-17 10:15:15,662:: INFO - Balancing data finished
2020-05-17 10:15:15,662:: INFO - Trainning with k-folding started
2020-05-17 10:15:17,505:: INFO - Builing model for Fold# 1 started
2020-05-17 10:22:56,497:: INFO - Builing model for Fold# 1 finished
2020-05-17 10:23:02,431:: INFO - Fold 1 score (accuracy): 0.8422025129342202
2020-05-17 10:23:04,356:: INFO - Builing model for Fold# 2 started
2020-05-17 10:36:59,947:: INFO - Builing model for Fold# 2 finished
2020-05-17 10:37:05,660:: INFO - Fold 2 score (accuracy): 0.8418329637841833
2020-05-17 10:37:07,498:: INFO - Builing model for Fold# 3 started
2020-05-17 10:41:09,700:: INFO - Builing model for Fold# 3 finished
2020-05-17 10:41:15,510:: INFO - Fold 3 score (accuracy): 0.8366592756836659
2020-05-17 10:41:17,337:: INFO - Builing model for Fold# 4 started
2020-05-17 10:47:22,871:: INFO - Builing model for Fold# 4 finished
2020-05-17 10:47:28,352:: INFO - Fold 4 score (accuracy): 0.8396156688839616
2020-05-17 10:47:30,291:: INFO - Builing model for Fold# 5 started
2020-05-17 10:56:54,468:: INFO - Builing model for Fold# 5 finished
2020-05-17 10:57:00,144:: INFO - Fold 5 score (accuracy): 0.8488543976348855
2020-05-17 10:57:02,005:: INFO - Builing model for Fold# 6 started
2020-05-17 11:02:22,411:: INFO - Builing model for Fold# 6 finished
2020-05-17 11:02:28,462:: INFO - Fold 6 score (accuracy): 0.8355506282335551
2020-05-17 11:02:30,346:: INFO - Builing model for Fold# 7 started
2020-05-17 11:07:40,735:: INFO - Builing model for Fold# 7 finished
2020-05-17 11:07:46,584:: INFO - Fold 7 score (accuracy): 0.8410938654841094
2020-05-17 11:07:48,466:: INFO - Builing model for Fold# 8 started
2020-05-17 11:17:05,559:: INFO - Builing model for Fold# 8 finished
2020-05-17 11:17:11,314:: INFO - Fold 8 score (accuracy): 0.8492239467849224
2020-05-17 11:17:13,192:: INFO - Builing model for Fold# 9 started
2020-05-17 11:27:42,904:: INFO - Builing model for Fold# 9 finished
2020-05-17 11:27:48,616:: INFO - Fold 9 score (accuracy): 0.8462675535846268
2020-05-17 11:27:50,535:: INFO - Builing model for Fold# 10 started
2020-05-17 11:35:20,577:: INFO - Builing model for Fold# 10 finished
2020-05-17 11:35:26,497:: INFO - Fold 10 score (accuracy): 0.8410938654841094
2020-05-17 11:35:26,498:: INFO - Best fold score (accuracy): 0.8492239467849224
2020-05-17 11:35:28,585:: INFO - loss:4.7732319831848145
2020-05-17 11:35:28,585:: INFO - tp:677.0
2020-05-17 11:35:28,585:: INFO - fp:1767.0
2020-05-17 11:35:28,585:: INFO - tn:677.0
2020-05-17 11:35:28,585:: INFO - fn:1767.0
2020-05-17 11:35:28,586:: INFO - accuracy:0.2770048975944519
2020-05-17 11:35:28,586:: INFO - precision:0.2770048975944519
2020-05-17 11:35:28,586:: INFO - recall:0.2770048975944519
2020-05-17 11:35:28,586:: INFO - auc:0.150809645652771
2020-05-17 11:35:28,606:: INFO - balanced accuracy : 0.4967104259787187
2020-05-17 11:35:28,606:: INFO - Model evaluated.
2020-05-17 11:35:28,617:: INFO - Metricas recorded
2020-05-17 11:35:28,619:: INFO - >> Pridicting finished
