2020-05-18 01:28:22,224:: INFO - Setup completed
2020-05-18 01:28:22,224:: INFO - >> Starting prediction
2020-05-18 01:28:22,224:: INFO - Dataset       : eclipse
2020-05-18 01:28:22,224:: INFO - Feature       : long_description
2020-05-18 01:28:22,224:: INFO - Classifier    : lstm+emb
2020-05-18 01:28:22,224:: INFO - Balancing     : smote
2020-05-18 01:28:22,224:: INFO - Resampling    : repeated_cv_5x2
2020-05-18 01:28:22,224:: INFO - Metric        : val_accuracy
2020-05-18 01:28:22,224:: INFO - Threshold     : 365
2020-05-18 01:28:22,224:: INFO - Terms         : 100
2020-05-18 01:28:22,311:: INFO - Bug reports train file read: /home/lgomes/Workspace/doctorate/projects/long-lived-bug-prediction/deep-learning/data/raw/20190917_eclipse_bug_report_365_train_data.csv
2020-05-18 01:28:22,311:: INFO - Bug reports test file read: /home/lgomes/Workspace/doctorate/projects/long-lived-bug-prediction/deep-learning/data/raw/20190917_eclipse_bug_report_365_test_data.csv
2020-05-18 01:28:22,311:: INFO - Reports in train - Total: 7334 Positive: 569 (7.76% of total)
2020-05-18 01:28:22,311:: INFO - Reports in train - Total: 7334 Negative: 6765 (92.24% of total)
2020-05-18 01:28:22,311:: INFO - Reports in test - Total: 2444 Positive: 189 (7.73% of total)
2020-05-18 01:28:24,055:: INFO - Bug reports long_description cleaned.
2020-05-18 01:28:24,055:: INFO - Balancing data started
2020-05-18 01:28:24,750:: INFO - BEFORE SMOTE:
2020-05-18 01:28:24,750:: INFO - Reports shape    : data (7334, 100) label (7334, 2)
2020-05-18 01:28:24,750:: INFO - Reports class distribution : 0 (6765) 1 (569)
2020-05-18 01:28:24,798:: INFO - AFTER SMOTE:
2020-05-18 01:28:24,798:: INFO - Reports shape    : data (13530, 100) label (13530, 2)
2020-05-18 01:28:24,798:: INFO - Reports class distribution : 0 (6765) 1 (6765)
2020-05-18 01:28:25,000:: INFO - Shape of test data tensor : (2444, 100)
2020-05-18 01:28:25,000:: INFO - Shape of test label tensor: (2444, 2)
2020-05-18 01:28:25,000:: INFO - Class distribution in test label tensor: 2255(0) 189(1)
2020-05-18 01:28:25,000:: INFO - Balancing data finished
2020-05-18 01:28:25,000:: INFO - Trainning with k-folding started
2020-05-18 01:28:25,002:: INFO - Builing model for Fold# 1 started
2020-05-18 01:28:39,101:: INFO - Builing model for Fold# 1 finished
2020-05-18 01:28:39,101:: WARNING - From /home/lgomes/Workspace/doctorate/projects/long-lived-bug-prediction/deep-learning/src/modeling/long-lived-bug-prediction-w-dnn.py:313: Sequential.predict_classes (from tensorflow.python.keras.engine.sequential) is deprecated and will be removed after 2021-01-01.
Instructions for updating:
Please use instead:* `np.argmax(model.predict(x), axis=-1)`,   if your model does multi-class classification   (e.g. if it uses a `softmax` last-layer activation).* `(model.predict(x) > 0.5).astype("int32")`,   if your model does binary classification   (e.g. if it uses a `sigmoid` last-layer activation).
2020-05-18 01:28:39,697:: INFO - Fold 1 score (balanced accuracy): 0.6356245380635624
2020-05-18 01:28:39,700:: INFO - Builing model for Fold# 2 started
2020-05-18 01:28:52,192:: INFO - Builing model for Fold# 2 finished
2020-05-18 01:28:52,705:: INFO - Fold 2 score (balanced accuracy): 0.6241685144124168
2020-05-18 01:28:52,708:: INFO - Builing model for Fold# 3 started
2020-05-18 01:29:04,639:: INFO - Builing model for Fold# 3 finished
2020-05-18 01:29:05,144:: INFO - Fold 3 score (balanced accuracy): 0.6651884700665188
2020-05-18 01:29:05,147:: INFO - Builing model for Fold# 4 started
2020-05-18 01:29:17,317:: INFO - Builing model for Fold# 4 finished
2020-05-18 01:29:17,848:: INFO - Fold 4 score (balanced accuracy): 0.6400591278640059
2020-05-18 01:29:17,851:: INFO - Builing model for Fold# 5 started
2020-05-18 01:29:29,816:: INFO - Builing model for Fold# 5 finished
2020-05-18 01:29:30,327:: INFO - Fold 5 score (balanced accuracy): 0.6278640059127865
2020-05-18 01:29:30,333:: INFO - Builing model for Fold# 6 started
2020-05-18 01:29:42,346:: INFO - Builing model for Fold# 6 finished
2020-05-18 01:29:42,864:: INFO - Fold 6 score (balanced accuracy): 0.6363636363636364
2020-05-18 01:29:42,868:: INFO - Builing model for Fold# 7 started
2020-05-18 01:29:54,704:: INFO - Builing model for Fold# 7 finished
2020-05-18 01:29:55,233:: INFO - Fold 7 score (balanced accuracy): 0.6577974870657797
2020-05-18 01:29:55,236:: INFO - Builing model for Fold# 8 started
2020-05-18 01:30:07,513:: INFO - Builing model for Fold# 8 finished
2020-05-18 01:30:08,041:: INFO - Fold 8 score (balanced accuracy): 0.6212121212121212
2020-05-18 01:30:08,044:: INFO - Builing model for Fold# 9 started
2020-05-18 01:30:20,105:: INFO - Builing model for Fold# 9 finished
2020-05-18 01:30:20,600:: INFO - Fold 9 score (balanced accuracy): 0.6348854397634884
2020-05-18 01:30:20,603:: INFO - Builing model for Fold# 10 started
2020-05-18 01:30:32,728:: INFO - Builing model for Fold# 10 finished
2020-05-18 01:30:33,242:: INFO - Fold 10 score (balanced accuracy): 0.630450849963045
2020-05-18 01:30:33,242:: INFO - Best fold score (accuracy): 0.6651884700665188
2020-05-18 01:30:34,018:: INFO - loss:0.7594462037086487
2020-05-18 01:30:34,018:: INFO - tp:926.0
2020-05-18 01:30:34,018:: INFO - fp:1518.0
2020-05-18 01:30:34,018:: INFO - tn:926.0
2020-05-18 01:30:34,018:: INFO - fn:1518.0
2020-05-18 01:30:34,018:: INFO - accuracy:0.3788870573043823
2020-05-18 01:30:34,018:: INFO - precision:0.3788870573043823
2020-05-18 01:30:34,019:: INFO - recall:0.3788870573043823
2020-05-18 01:30:34,019:: INFO - auc:0.30105888843536377
2020-05-18 01:30:34,019:: INFO - balanced accuracy : 0.5034456058846303
2020-05-18 01:30:34,019:: INFO - Model evaluated.
2020-05-18 01:30:34,040:: INFO - >> Starting prediction
2020-05-18 01:30:34,040:: INFO - Dataset       : eclipse
2020-05-18 01:30:34,040:: INFO - Feature       : long_description
2020-05-18 01:30:34,040:: INFO - Classifier    : lstm+emb
2020-05-18 01:30:34,040:: INFO - Balancing     : smote
2020-05-18 01:30:34,040:: INFO - Resampling    : repeated_cv_5x2
2020-05-18 01:30:34,041:: INFO - Metric        : val_accuracy
2020-05-18 01:30:34,041:: INFO - Threshold     : 365
2020-05-18 01:30:34,041:: INFO - Terms         : 150
2020-05-18 01:30:34,128:: INFO - Bug reports train file read: /home/lgomes/Workspace/doctorate/projects/long-lived-bug-prediction/deep-learning/data/raw/20190917_eclipse_bug_report_365_train_data.csv
2020-05-18 01:30:34,128:: INFO - Bug reports test file read: /home/lgomes/Workspace/doctorate/projects/long-lived-bug-prediction/deep-learning/data/raw/20190917_eclipse_bug_report_365_test_data.csv
2020-05-18 01:30:34,129:: INFO - Reports in train - Total: 7334 Positive: 569 (7.76% of total)
2020-05-18 01:30:34,129:: INFO - Reports in train - Total: 7334 Negative: 6765 (92.24% of total)
2020-05-18 01:30:34,129:: INFO - Reports in test - Total: 2444 Positive: 189 (7.73% of total)
2020-05-18 01:30:35,935:: INFO - Bug reports long_description cleaned.
2020-05-18 01:30:35,935:: INFO - Balancing data started
2020-05-18 01:30:36,569:: INFO - BEFORE SMOTE:
2020-05-18 01:30:36,569:: INFO - Reports shape    : data (7334, 150) label (7334, 2)
2020-05-18 01:30:36,569:: INFO - Reports class distribution : 0 (6765) 1 (569)
2020-05-18 01:30:36,635:: INFO - AFTER SMOTE:
2020-05-18 01:30:36,635:: INFO - Reports shape    : data (13530, 150) label (13530, 2)
2020-05-18 01:30:36,635:: INFO - Reports class distribution : 0 (6765) 1 (6765)
2020-05-18 01:30:36,837:: INFO - Shape of test data tensor : (2444, 150)
2020-05-18 01:30:36,837:: INFO - Shape of test label tensor: (2444, 2)
2020-05-18 01:30:36,837:: INFO - Class distribution in test label tensor: 2255(0) 189(1)
2020-05-18 01:30:36,837:: INFO - Balancing data finished
2020-05-18 01:30:36,837:: INFO - Trainning with k-folding started
2020-05-18 01:30:36,841:: INFO - Builing model for Fold# 1 started
2020-05-18 01:30:56,540:: INFO - Builing model for Fold# 1 finished
2020-05-18 01:30:57,273:: INFO - Fold 1 score (balanced accuracy): 0.6430155210643016
2020-05-18 01:30:57,277:: INFO - Builing model for Fold# 2 started
2020-05-18 01:31:15,470:: INFO - Builing model for Fold# 2 finished
2020-05-18 01:31:16,203:: INFO - Fold 2 score (balanced accuracy): 0.6326681448632668
2020-05-18 01:31:16,207:: INFO - Builing model for Fold# 3 started
2020-05-18 01:31:34,352:: INFO - Builing model for Fold# 3 finished
2020-05-18 01:31:35,089:: INFO - Fold 3 score (balanced accuracy): 0.6607538802660753
2020-05-18 01:31:35,092:: INFO - Builing model for Fold# 4 started
2020-05-18 01:31:52,605:: INFO - Builing model for Fold# 4 finished
2020-05-18 01:31:53,295:: INFO - Fold 4 score (balanced accuracy): 0.6589061345158906
2020-05-18 01:31:53,299:: INFO - Builing model for Fold# 5 started
2020-05-18 01:32:09,976:: INFO - Builing model for Fold# 5 finished
2020-05-18 01:32:10,692:: INFO - Fold 5 score (balanced accuracy): 0.6249076127124907
2020-05-18 01:32:10,699:: INFO - Builing model for Fold# 6 started
2020-05-18 01:32:27,345:: INFO - Builing model for Fold# 6 finished
2020-05-18 01:32:28,058:: INFO - Fold 6 score (balanced accuracy): 0.6378418329637842
2020-05-18 01:32:28,062:: INFO - Builing model for Fold# 7 started
2020-05-18 01:32:44,801:: INFO - Builing model for Fold# 7 finished
2020-05-18 01:32:45,521:: INFO - Fold 7 score (balanced accuracy): 0.6570583887657058
2020-05-18 01:32:45,525:: INFO - Builing model for Fold# 8 started
2020-05-18 01:33:01,745:: INFO - Builing model for Fold# 8 finished
2020-05-18 01:33:02,466:: INFO - Fold 8 score (balanced accuracy): 0.6456023651145602
2020-05-18 01:33:02,470:: INFO - Builing model for Fold# 9 started
2020-05-18 01:33:19,247:: INFO - Builing model for Fold# 9 finished
2020-05-18 01:33:19,937:: INFO - Fold 9 score (balanced accuracy): 0.6548410938654841
2020-05-18 01:33:19,941:: INFO - Builing model for Fold# 10 started
2020-05-18 01:33:36,387:: INFO - Builing model for Fold# 10 finished
2020-05-18 01:33:37,099:: INFO - Fold 10 score (balanced accuracy): 0.6300813008130082
2020-05-18 01:33:37,100:: INFO - Best fold score (accuracy): 0.6607538802660753
2020-05-18 01:33:38,237:: INFO - loss:0.7714076042175293
2020-05-18 01:33:38,238:: INFO - tp:920.0
2020-05-18 01:33:38,238:: INFO - fp:1524.0
2020-05-18 01:33:38,238:: INFO - tn:920.0
2020-05-18 01:33:38,238:: INFO - fn:1524.0
2020-05-18 01:33:38,238:: INFO - accuracy:0.3764320909976959
2020-05-18 01:33:38,238:: INFO - precision:0.3764320909976959
2020-05-18 01:33:38,238:: INFO - recall:0.3764320909976959
2020-05-18 01:33:38,238:: INFO - auc:0.2888365387916565
2020-05-18 01:33:38,239:: INFO - balanced accuracy : 0.5190816410328605
2020-05-18 01:33:38,239:: INFO - Model evaluated.
2020-05-18 01:33:38,257:: INFO - >> Starting prediction
2020-05-18 01:33:38,257:: INFO - Dataset       : eclipse
2020-05-18 01:33:38,257:: INFO - Feature       : long_description
2020-05-18 01:33:38,257:: INFO - Classifier    : lstm+emb
2020-05-18 01:33:38,258:: INFO - Balancing     : smote
2020-05-18 01:33:38,258:: INFO - Resampling    : repeated_cv_5x2
2020-05-18 01:33:38,258:: INFO - Metric        : val_accuracy
2020-05-18 01:33:38,258:: INFO - Threshold     : 365
2020-05-18 01:33:38,258:: INFO - Terms         : 200
2020-05-18 01:33:38,349:: INFO - Bug reports train file read: /home/lgomes/Workspace/doctorate/projects/long-lived-bug-prediction/deep-learning/data/raw/20190917_eclipse_bug_report_365_train_data.csv
2020-05-18 01:33:38,349:: INFO - Bug reports test file read: /home/lgomes/Workspace/doctorate/projects/long-lived-bug-prediction/deep-learning/data/raw/20190917_eclipse_bug_report_365_test_data.csv
2020-05-18 01:33:38,349:: INFO - Reports in train - Total: 7334 Positive: 569 (7.76% of total)
2020-05-18 01:33:38,349:: INFO - Reports in train - Total: 7334 Negative: 6765 (92.24% of total)
2020-05-18 01:33:38,349:: INFO - Reports in test - Total: 2444 Positive: 189 (7.73% of total)
2020-05-18 01:33:40,208:: INFO - Bug reports long_description cleaned.
2020-05-18 01:33:40,208:: INFO - Balancing data started
2020-05-18 01:33:40,868:: INFO - BEFORE SMOTE:
2020-05-18 01:33:40,868:: INFO - Reports shape    : data (7334, 200) label (7334, 2)
2020-05-18 01:33:40,868:: INFO - Reports class distribution : 0 (6765) 1 (569)
2020-05-18 01:33:40,970:: INFO - AFTER SMOTE:
2020-05-18 01:33:40,970:: INFO - Reports shape    : data (13530, 200) label (13530, 2)
2020-05-18 01:33:40,971:: INFO - Reports class distribution : 0 (6765) 1 (6765)
2020-05-18 01:33:41,185:: INFO - Shape of test data tensor : (2444, 200)
2020-05-18 01:33:41,185:: INFO - Shape of test label tensor: (2444, 2)
2020-05-18 01:33:41,186:: INFO - Class distribution in test label tensor: 2255(0) 189(1)
2020-05-18 01:33:41,186:: INFO - Balancing data finished
2020-05-18 01:33:41,186:: INFO - Trainning with k-folding started
2020-05-18 01:33:41,189:: INFO - Builing model for Fold# 1 started
2020-05-18 01:34:03,937:: INFO - Builing model for Fold# 1 finished
2020-05-18 01:34:04,845:: INFO - Fold 1 score (balanced accuracy): 0.6108647450110865
2020-05-18 01:34:04,849:: INFO - Builing model for Fold# 2 started
2020-05-18 01:34:26,776:: INFO - Builing model for Fold# 2 finished
2020-05-18 01:34:27,672:: INFO - Fold 2 score (balanced accuracy): 0.6596452328159645
2020-05-18 01:34:27,677:: INFO - Builing model for Fold# 3 started
2020-05-18 01:34:49,593:: INFO - Builing model for Fold# 3 finished
2020-05-18 01:34:50,497:: INFO - Fold 3 score (balanced accuracy): 0.6847745750184775
2020-05-18 01:34:50,502:: INFO - Builing model for Fold# 4 started
2020-05-18 01:35:10,633:: INFO - Builing model for Fold# 4 finished
2020-05-18 01:35:11,539:: INFO - Fold 4 score (balanced accuracy): 0.6781226903178122
2020-05-18 01:35:11,544:: INFO - Builing model for Fold# 5 started
2020-05-18 01:35:32,291:: INFO - Builing model for Fold# 5 finished
2020-05-18 01:35:33,191:: INFO - Fold 5 score (balanced accuracy): 0.6467110125646711
2020-05-18 01:35:33,199:: INFO - Builing model for Fold# 6 started
2020-05-18 01:35:53,734:: INFO - Builing model for Fold# 6 finished
2020-05-18 01:35:54,641:: INFO - Fold 6 score (balanced accuracy): 0.6840354767184036
2020-05-18 01:35:54,646:: INFO - Builing model for Fold# 7 started
2020-05-18 01:36:15,357:: INFO - Builing model for Fold# 7 finished
2020-05-18 01:36:16,261:: INFO - Fold 7 score (balanced accuracy): 0.6792313377679231
2020-05-18 01:36:16,266:: INFO - Builing model for Fold# 8 started
2020-05-18 01:36:35,758:: INFO - Builing model for Fold# 8 finished
2020-05-18 01:36:36,658:: INFO - Fold 8 score (balanced accuracy): 0.6507760532150777
2020-05-18 01:36:36,663:: INFO - Builing model for Fold# 9 started
2020-05-18 01:36:56,679:: INFO - Builing model for Fold# 9 finished
2020-05-18 01:36:57,572:: INFO - Fold 9 score (balanced accuracy): 0.6670362158167036
2020-05-18 01:36:57,577:: INFO - Builing model for Fold# 10 started
2020-05-18 01:37:17,164:: INFO - Builing model for Fold# 10 finished
2020-05-18 01:37:18,082:: INFO - Fold 10 score (balanced accuracy): 0.6552106430155211
2020-05-18 01:37:18,082:: INFO - Best fold score (accuracy): 0.6847745750184775
2020-05-18 01:37:19,547:: INFO - loss:0.7452847957611084
2020-05-18 01:37:19,547:: INFO - tp:1223.0
2020-05-18 01:37:19,547:: INFO - fp:1221.0
2020-05-18 01:37:19,547:: INFO - tn:1223.0
2020-05-18 01:37:19,548:: INFO - fn:1221.0
2020-05-18 01:37:19,548:: INFO - accuracy:0.5004091858863831
2020-05-18 01:37:19,548:: INFO - precision:0.5004091858863831
2020-05-18 01:37:19,548:: INFO - recall:0.5004091858863831
2020-05-18 01:37:19,548:: INFO - auc:0.4450770914554596
2020-05-18 01:37:19,548:: INFO - balanced accuracy : 0.4965860697568014
2020-05-18 01:37:19,548:: INFO - Model evaluated.
2020-05-18 01:37:19,567:: INFO - >> Starting prediction
2020-05-18 01:37:19,567:: INFO - Dataset       : eclipse
2020-05-18 01:37:19,567:: INFO - Feature       : long_description
2020-05-18 01:37:19,567:: INFO - Classifier    : lstm+emb
2020-05-18 01:37:19,567:: INFO - Balancing     : smote
2020-05-18 01:37:19,567:: INFO - Resampling    : repeated_cv_5x2
2020-05-18 01:37:19,567:: INFO - Metric        : val_accuracy
2020-05-18 01:37:19,567:: INFO - Threshold     : 365
2020-05-18 01:37:19,567:: INFO - Terms         : 250
2020-05-18 01:37:19,662:: INFO - Bug reports train file read: /home/lgomes/Workspace/doctorate/projects/long-lived-bug-prediction/deep-learning/data/raw/20190917_eclipse_bug_report_365_train_data.csv
2020-05-18 01:37:19,662:: INFO - Bug reports test file read: /home/lgomes/Workspace/doctorate/projects/long-lived-bug-prediction/deep-learning/data/raw/20190917_eclipse_bug_report_365_test_data.csv
2020-05-18 01:37:19,662:: INFO - Reports in train - Total: 7334 Positive: 569 (7.76% of total)
2020-05-18 01:37:19,662:: INFO - Reports in train - Total: 7334 Negative: 6765 (92.24% of total)
2020-05-18 01:37:19,662:: INFO - Reports in test - Total: 2444 Positive: 189 (7.73% of total)
2020-05-18 01:37:21,432:: INFO - Bug reports long_description cleaned.
2020-05-18 01:37:21,432:: INFO - Balancing data started
2020-05-18 01:37:22,061:: INFO - BEFORE SMOTE:
2020-05-18 01:37:22,061:: INFO - Reports shape    : data (7334, 250) label (7334, 2)
2020-05-18 01:37:22,061:: INFO - Reports class distribution : 0 (6765) 1 (569)
2020-05-18 01:37:22,178:: INFO - AFTER SMOTE:
2020-05-18 01:37:22,178:: INFO - Reports shape    : data (13530, 250) label (13530, 2)
2020-05-18 01:37:22,178:: INFO - Reports class distribution : 0 (6765) 1 (6765)
2020-05-18 01:37:22,383:: INFO - Shape of test data tensor : (2444, 250)
2020-05-18 01:37:22,383:: INFO - Shape of test label tensor: (2444, 2)
2020-05-18 01:37:22,383:: INFO - Class distribution in test label tensor: 2255(0) 189(1)
2020-05-18 01:37:22,383:: INFO - Balancing data finished
2020-05-18 01:37:22,383:: INFO - Trainning with k-folding started
2020-05-18 01:37:22,387:: INFO - Builing model for Fold# 1 started
2020-05-18 01:37:47,203:: INFO - Builing model for Fold# 1 finished
2020-05-18 01:37:48,298:: INFO - Fold 1 score (balanced accuracy): 0.6544715447154472
2020-05-18 01:37:48,304:: INFO - Builing model for Fold# 2 started
2020-05-18 01:38:12,477:: INFO - Builing model for Fold# 2 finished
2020-05-18 01:38:13,558:: INFO - Fold 2 score (balanced accuracy): 0.6685144124168514
2020-05-18 01:38:13,564:: INFO - Builing model for Fold# 3 started
2020-05-18 01:38:36,933:: INFO - Builing model for Fold# 3 finished
2020-05-18 01:38:38,017:: INFO - Fold 3 score (balanced accuracy): 0.6696230598669624
2020-05-18 01:38:38,022:: INFO - Builing model for Fold# 4 started
2020-05-18 01:39:02,107:: INFO - Builing model for Fold# 4 finished
2020-05-18 01:39:03,202:: INFO - Fold 4 score (balanced accuracy): 0.6662971175166297
2020-05-18 01:39:03,209:: INFO - Builing model for Fold# 5 started
2020-05-18 01:39:26,298:: INFO - Builing model for Fold# 5 finished
2020-05-18 01:39:27,378:: INFO - Fold 5 score (balanced accuracy): 0.6382113821138211
2020-05-18 01:39:27,387:: INFO - Builing model for Fold# 6 started
2020-05-18 01:39:50,929:: INFO - Builing model for Fold# 6 finished
2020-05-18 01:39:52,017:: INFO - Fold 6 score (balanced accuracy): 0.6736881005173688
2020-05-18 01:39:52,023:: INFO - Builing model for Fold# 7 started
2020-05-18 01:40:15,428:: INFO - Builing model for Fold# 7 finished
2020-05-18 01:40:16,499:: INFO - Fold 7 score (balanced accuracy): 0.6788617886178863
2020-05-18 01:40:16,504:: INFO - Builing model for Fold# 8 started
2020-05-18 01:40:40,217:: INFO - Builing model for Fold# 8 finished
2020-05-18 01:40:41,270:: INFO - Fold 8 score (balanced accuracy): 0.6600147819660014
2020-05-18 01:40:41,276:: INFO - Builing model for Fold# 9 started
2020-05-18 01:41:04,549:: INFO - Builing model for Fold# 9 finished
2020-05-18 01:41:05,611:: INFO - Fold 9 score (balanced accuracy): 0.6696230598669624
2020-05-18 01:41:05,617:: INFO - Builing model for Fold# 10 started
2020-05-18 01:41:29,001:: INFO - Builing model for Fold# 10 finished
2020-05-18 01:41:30,594:: INFO - Fold 10 score (balanced accuracy): 0.6507760532150777
2020-05-18 01:41:30,594:: INFO - Best fold score (accuracy): 0.6788617886178863
2020-05-18 01:41:32,384:: INFO - loss:0.7599568367004395
2020-05-18 01:41:32,385:: INFO - tp:1069.0
2020-05-18 01:41:32,385:: INFO - fp:1375.0
2020-05-18 01:41:32,385:: INFO - tn:1069.0
2020-05-18 01:41:32,385:: INFO - fn:1375.0
2020-05-18 01:41:32,385:: INFO - accuracy:0.43739771842956543
2020-05-18 01:41:32,385:: INFO - precision:0.43739771842956543
2020-05-18 01:41:32,385:: INFO - recall:0.43739771842956543
2020-05-18 01:41:32,385:: INFO - auc:0.38206201791763306
2020-05-18 01:41:32,385:: INFO - balanced accuracy : 0.493948779314633
2020-05-18 01:41:32,385:: INFO - Model evaluated.
2020-05-18 01:41:32,403:: INFO - >> Starting prediction
2020-05-18 01:41:32,404:: INFO - Dataset       : eclipse
2020-05-18 01:41:32,404:: INFO - Feature       : long_description
2020-05-18 01:41:32,404:: INFO - Classifier    : lstm+emb
2020-05-18 01:41:32,404:: INFO - Balancing     : smote
2020-05-18 01:41:32,404:: INFO - Resampling    : repeated_cv_5x2
2020-05-18 01:41:32,404:: INFO - Metric        : val_accuracy
2020-05-18 01:41:32,404:: INFO - Threshold     : 365
2020-05-18 01:41:32,404:: INFO - Terms         : 300
2020-05-18 01:41:32,498:: INFO - Bug reports train file read: /home/lgomes/Workspace/doctorate/projects/long-lived-bug-prediction/deep-learning/data/raw/20190917_eclipse_bug_report_365_train_data.csv
2020-05-18 01:41:32,498:: INFO - Bug reports test file read: /home/lgomes/Workspace/doctorate/projects/long-lived-bug-prediction/deep-learning/data/raw/20190917_eclipse_bug_report_365_test_data.csv
2020-05-18 01:41:32,498:: INFO - Reports in train - Total: 7334 Positive: 569 (7.76% of total)
2020-05-18 01:41:32,498:: INFO - Reports in train - Total: 7334 Negative: 6765 (92.24% of total)
2020-05-18 01:41:32,499:: INFO - Reports in test - Total: 2444 Positive: 189 (7.73% of total)
2020-05-18 01:41:34,307:: INFO - Bug reports long_description cleaned.
2020-05-18 01:41:34,307:: INFO - Balancing data started
2020-05-18 01:41:34,936:: INFO - BEFORE SMOTE:
2020-05-18 01:41:34,936:: INFO - Reports shape    : data (7334, 300) label (7334, 2)
2020-05-18 01:41:34,936:: INFO - Reports class distribution : 0 (6765) 1 (569)
2020-05-18 01:41:35,066:: INFO - AFTER SMOTE:
2020-05-18 01:41:35,066:: INFO - Reports shape    : data (13530, 300) label (13530, 2)
2020-05-18 01:41:35,066:: INFO - Reports class distribution : 0 (6765) 1 (6765)
2020-05-18 01:41:35,272:: INFO - Shape of test data tensor : (2444, 300)
2020-05-18 01:41:35,273:: INFO - Shape of test label tensor: (2444, 2)
2020-05-18 01:41:35,273:: INFO - Class distribution in test label tensor: 2255(0) 189(1)
2020-05-18 01:41:35,273:: INFO - Balancing data finished
2020-05-18 01:41:35,273:: INFO - Trainning with k-folding started
2020-05-18 01:41:35,278:: INFO - Builing model for Fold# 1 started
2020-05-18 01:42:02,813:: INFO - Builing model for Fold# 1 finished
2020-05-18 01:42:04,069:: INFO - Fold 1 score (balanced accuracy): 0.6655580192165558
2020-05-18 01:42:04,076:: INFO - Builing model for Fold# 2 started
2020-05-18 01:42:31,865:: INFO - Builing model for Fold# 2 finished
2020-05-18 01:42:33,122:: INFO - Fold 2 score (balanced accuracy): 0.6574279379157428
2020-05-18 01:42:33,129:: INFO - Builing model for Fold# 3 started
2020-05-18 01:43:01,207:: INFO - Builing model for Fold# 3 finished
2020-05-18 01:43:02,477:: INFO - Fold 3 score (balanced accuracy): 0.7099039172209904
2020-05-18 01:43:02,484:: INFO - Builing model for Fold# 4 started
2020-05-18 01:43:29,556:: INFO - Builing model for Fold# 4 finished
2020-05-18 01:43:30,807:: INFO - Fold 4 score (balanced accuracy): 0.6917960088691797
2020-05-18 01:43:30,813:: INFO - Builing model for Fold# 5 started
2020-05-18 01:43:58,444:: INFO - Builing model for Fold# 5 finished
2020-05-18 01:43:59,724:: INFO - Fold 5 score (balanced accuracy): 0.6596452328159645
2020-05-18 01:43:59,735:: INFO - Builing model for Fold# 6 started
2020-05-18 01:44:27,467:: INFO - Builing model for Fold# 6 finished
2020-05-18 01:44:28,722:: INFO - Fold 6 score (balanced accuracy): 0.6696230598669624
2020-05-18 01:44:28,729:: INFO - Builing model for Fold# 7 started
2020-05-18 01:44:56,056:: INFO - Builing model for Fold# 7 finished
2020-05-18 01:44:57,319:: INFO - Fold 7 score (balanced accuracy): 0.6674057649667405
2020-05-18 01:44:57,326:: INFO - Builing model for Fold# 8 started
2020-05-18 01:45:23,809:: INFO - Builing model for Fold# 8 finished
2020-05-18 01:45:25,077:: INFO - Fold 8 score (balanced accuracy): 0.6393200295639321
2020-05-18 01:45:25,084:: INFO - Builing model for Fold# 9 started
2020-05-18 01:45:52,174:: INFO - Builing model for Fold# 9 finished
2020-05-18 01:45:53,438:: INFO - Fold 9 score (balanced accuracy): 0.6574279379157428
2020-05-18 01:45:53,445:: INFO - Builing model for Fold# 10 started
2020-05-18 01:46:20,250:: INFO - Builing model for Fold# 10 finished
2020-05-18 01:46:21,492:: INFO - Fold 10 score (balanced accuracy): 0.6674057649667406
2020-05-18 01:46:21,492:: INFO - Best fold score (accuracy): 0.7099039172209904
2020-05-18 01:46:23,605:: INFO - loss:0.8100812435150146
2020-05-18 01:46:23,606:: INFO - tp:895.0
2020-05-18 01:46:23,606:: INFO - fp:1549.0
2020-05-18 01:46:23,606:: INFO - tn:895.0
2020-05-18 01:46:23,606:: INFO - fn:1549.0
2020-05-18 01:46:23,606:: INFO - accuracy:0.3662029504776001
2020-05-18 01:46:23,606:: INFO - precision:0.3662029504776001
2020-05-18 01:46:23,606:: INFO - recall:0.3662029504776001
2020-05-18 01:46:23,607:: INFO - auc:0.2790907621383667
2020-05-18 01:46:23,607:: INFO - balanced accuracy : 0.5086908574713452
2020-05-18 01:46:23,607:: INFO - Model evaluated.
2020-05-18 01:46:23,625:: INFO - Metricas recorded
2020-05-18 01:46:23,628:: INFO - >> Pridicting finished
