2020-05-04 03:44:10,779:: INFO - Setup completed
2020-05-04 03:44:10,779:: INFO - Starting prediction using feature long_description
2020-05-04 03:44:10,779:: INFO - Threshold: 8
2020-05-04 03:44:10,890:: INFO - Bug reports file read
2020-05-04 03:44:10,891:: INFO - Reports - Total: 9846 Positive: 4905 (49.82% of total)
2020-05-04 03:44:12,721:: INFO - Bug reports long_description cleaned.
2020-05-04 03:44:13,657:: INFO - Metric: val_accuracy
2020-05-04 03:44:13,657:: INFO - Data tokenized using 100 terms
2020-05-04 03:44:13,657:: INFO - Shape of data tensor : (9846, 100)
2020-05-04 03:44:13,657:: INFO - Shape of label tensor: (9846, 2)
2020-05-04 03:44:13,657:: INFO - Data pre-processed
2020-05-04 03:44:13,657:: INFO - Spliting data started
2020-05-04 03:44:13,661:: INFO - Training shape    : (6300, 100) (6300, 2)
2020-05-04 03:44:13,661:: INFO - Validation shape  : (1576, 100) (1576, 2)
2020-05-04 03:44:13,661:: INFO - Test shape        : (1970, 100) (1970, 2)
2020-05-04 03:44:13,661:: INFO - Spliting data concluded
2020-05-04 03:44:58,105:: INFO - Model built.
2020-05-04 03:44:58,105:: WARNING - From /home/lgomes/experiments/long-lived-bug-prediction-w-dnn.py:247: Sequential.predict_classes (from tensorflow.python.keras.engine.sequential) is deprecated and will be removed after 2021-01-01.
Instructions for updating:
Please use instead:* `np.argmax(model.predict(x), axis=-1)`,   if your model does multi-class classification   (e.g. if it uses a `softmax` last-layer activation).* `(model.predict(x) > 0.5).astype("int32")`,   if your model does binary classification   (e.g. if it uses a `sigmoid` last-layer activation).
2020-05-04 03:44:59,878:: INFO - loss:0.6847237944602966
2020-05-04 03:44:59,878:: INFO - tp:1105.0
2020-05-04 03:44:59,878:: INFO - fp:860.0
2020-05-04 03:44:59,879:: INFO - tn:1110.0
2020-05-04 03:44:59,879:: INFO - fn:865.0
2020-05-04 03:44:59,879:: INFO - accuracy:0.5621827244758606
2020-05-04 03:44:59,879:: INFO - precision:0.5623409748077393
2020-05-04 03:44:59,879:: INFO - recall:0.5609136819839478
2020-05-04 03:44:59,879:: INFO - auc:0.5875777006149292
2020-05-04 03:44:59,896:: INFO - balanced accuracy : 0.5626770446954392
2020-05-04 03:44:59,896:: INFO - Model evaluated.
2020-05-04 03:45:00,850:: INFO - Metric: val_auc
2020-05-04 03:45:00,850:: INFO - Data tokenized using 100 terms
2020-05-04 03:45:00,850:: INFO - Shape of data tensor : (9846, 100)
2020-05-04 03:45:00,850:: INFO - Shape of label tensor: (9846, 2)
2020-05-04 03:45:00,850:: INFO - Data pre-processed
2020-05-04 03:45:00,850:: INFO - Spliting data started
2020-05-04 03:45:00,854:: INFO - Training shape    : (6300, 100) (6300, 2)
2020-05-04 03:45:00,854:: INFO - Validation shape  : (1576, 100) (1576, 2)
2020-05-04 03:45:00,854:: INFO - Test shape        : (1970, 100) (1970, 2)
2020-05-04 03:45:00,854:: INFO - Spliting data concluded
2020-05-04 03:45:45,438:: INFO - Model built.
2020-05-04 03:45:47,131:: INFO - loss:0.6793262958526611
2020-05-04 03:45:47,132:: INFO - tp:1127.0
2020-05-04 03:45:47,132:: INFO - fp:834.0
2020-05-04 03:45:47,132:: INFO - tn:1136.0
2020-05-04 03:45:47,132:: INFO - fn:843.0
2020-05-04 03:45:47,132:: INFO - accuracy:0.574365496635437
2020-05-04 03:45:47,132:: INFO - precision:0.5747067928314209
2020-05-04 03:45:47,132:: INFO - recall:0.5720812082290649
2020-05-04 03:45:47,132:: INFO - auc:0.6016067266464233
2020-05-04 03:45:47,149:: INFO - balanced accuracy : 0.5734567271054849
2020-05-04 03:45:47,149:: INFO - Model evaluated.
2020-05-04 03:45:48,117:: INFO - Metric: val_accuracy
2020-05-04 03:45:48,117:: INFO - Data tokenized using 150 terms
2020-05-04 03:45:48,117:: INFO - Shape of data tensor : (9846, 150)
2020-05-04 03:45:48,117:: INFO - Shape of label tensor: (9846, 2)
2020-05-04 03:45:48,117:: INFO - Data pre-processed
2020-05-04 03:45:48,117:: INFO - Spliting data started
2020-05-04 03:45:48,121:: INFO - Training shape    : (6300, 150) (6300, 2)
2020-05-04 03:45:48,121:: INFO - Validation shape  : (1576, 150) (1576, 2)
2020-05-04 03:45:48,121:: INFO - Test shape        : (1970, 150) (1970, 2)
2020-05-04 03:45:48,121:: INFO - Spliting data concluded
2020-05-04 03:46:59,679:: INFO - Model built.
2020-05-04 03:47:02,045:: INFO - loss:0.6938791275024414
2020-05-04 03:47:02,045:: INFO - tp:1110.0
2020-05-04 03:47:02,045:: INFO - fp:840.0
2020-05-04 03:47:02,045:: INFO - tn:1130.0
2020-05-04 03:47:02,045:: INFO - fn:860.0
2020-05-04 03:47:02,045:: INFO - accuracy:0.5685279369354248
2020-05-04 03:47:02,046:: INFO - precision:0.5692307949066162
2020-05-04 03:47:02,046:: INFO - recall:0.5634517669677734
2020-05-04 03:47:02,046:: INFO - auc:0.5962454676628113
2020-05-04 03:47:02,062:: INFO - balanced accuracy : 0.5667069867108847
2020-05-04 03:47:02,062:: INFO - Model evaluated.
2020-05-04 03:47:03,251:: INFO - Metric: val_auc
2020-05-04 03:47:03,251:: INFO - Data tokenized using 150 terms
2020-05-04 03:47:03,251:: INFO - Shape of data tensor : (9846, 150)
2020-05-04 03:47:03,251:: INFO - Shape of label tensor: (9846, 2)
2020-05-04 03:47:03,251:: INFO - Data pre-processed
2020-05-04 03:47:03,251:: INFO - Spliting data started
2020-05-04 03:47:03,255:: INFO - Training shape    : (6300, 150) (6300, 2)
2020-05-04 03:47:03,255:: INFO - Validation shape  : (1576, 150) (1576, 2)
2020-05-04 03:47:03,255:: INFO - Test shape        : (1970, 150) (1970, 2)
2020-05-04 03:47:03,255:: INFO - Spliting data concluded
2020-05-04 03:48:03,089:: INFO - Model built.
2020-05-04 03:48:05,471:: INFO - loss:0.6841427087783813
2020-05-04 03:48:05,471:: INFO - tp:1132.0
2020-05-04 03:48:05,472:: INFO - fp:864.0
2020-05-04 03:48:05,472:: INFO - tn:1106.0
2020-05-04 03:48:05,472:: INFO - fn:838.0
2020-05-04 03:48:05,472:: INFO - accuracy:0.5680202841758728
2020-05-04 03:48:05,472:: INFO - precision:0.5671342611312866
2020-05-04 03:48:05,472:: INFO - recall:0.5746192932128906
2020-05-04 03:48:05,472:: INFO - auc:0.5953078269958496
2020-05-04 03:48:05,489:: INFO - balanced accuracy : 0.5687889859251078
2020-05-04 03:48:05,489:: INFO - Model evaluated.
2020-05-04 03:48:06,470:: INFO - Metric: val_accuracy
2020-05-04 03:48:06,470:: INFO - Data tokenized using 200 terms
2020-05-04 03:48:06,470:: INFO - Shape of data tensor : (9846, 200)
2020-05-04 03:48:06,470:: INFO - Shape of label tensor: (9846, 2)
2020-05-04 03:48:06,470:: INFO - Data pre-processed
2020-05-04 03:48:06,470:: INFO - Spliting data started
2020-05-04 03:48:06,475:: INFO - Training shape    : (6300, 200) (6300, 2)
2020-05-04 03:48:06,475:: INFO - Validation shape  : (1576, 200) (1576, 2)
2020-05-04 03:48:06,475:: INFO - Test shape        : (1970, 200) (1970, 2)
2020-05-04 03:48:06,475:: INFO - Spliting data concluded
2020-05-04 03:49:40,288:: INFO - Model built.
2020-05-04 03:49:43,428:: INFO - loss:0.7187509536743164
2020-05-04 03:49:43,428:: INFO - tp:1114.0
2020-05-04 03:49:43,428:: INFO - fp:852.0
2020-05-04 03:49:43,428:: INFO - tn:1118.0
2020-05-04 03:49:43,428:: INFO - fn:856.0
2020-05-04 03:49:43,428:: INFO - accuracy:0.5664974451065063
2020-05-04 03:49:43,428:: INFO - precision:0.5666327476501465
2020-05-04 03:49:43,428:: INFO - recall:0.5654822587966919
2020-05-04 03:49:43,428:: INFO - auc:0.5968753099441528
2020-05-04 03:49:43,439:: INFO - balanced accuracy : 0.5642645819863241
2020-05-04 03:49:43,439:: INFO - Model evaluated.
2020-05-04 03:49:44,420:: INFO - Metric: val_auc
2020-05-04 03:49:44,420:: INFO - Data tokenized using 200 terms
2020-05-04 03:49:44,420:: INFO - Shape of data tensor : (9846, 200)
2020-05-04 03:49:44,420:: INFO - Shape of label tensor: (9846, 2)
2020-05-04 03:49:44,420:: INFO - Data pre-processed
2020-05-04 03:49:44,420:: INFO - Spliting data started
2020-05-04 03:49:44,424:: INFO - Training shape    : (6300, 200) (6300, 2)
2020-05-04 03:49:44,425:: INFO - Validation shape  : (1576, 200) (1576, 2)
2020-05-04 03:49:44,425:: INFO - Test shape        : (1970, 200) (1970, 2)
2020-05-04 03:49:44,425:: INFO - Spliting data concluded
2020-05-04 03:51:01,867:: INFO - Model built.
2020-05-04 03:51:05,013:: INFO - loss:0.6827594041824341
2020-05-04 03:51:05,013:: INFO - tp:1127.0
2020-05-04 03:51:05,013:: INFO - fp:854.0
2020-05-04 03:51:05,013:: INFO - tn:1116.0
2020-05-04 03:51:05,013:: INFO - fn:843.0
2020-05-04 03:51:05,013:: INFO - accuracy:0.5692893266677856
2020-05-04 03:51:05,013:: INFO - precision:0.5689045786857605
2020-05-04 03:51:05,014:: INFO - recall:0.5720812082290649
2020-05-04 03:51:05,014:: INFO - auc:0.5933204889297485
2020-05-04 03:51:05,032:: INFO - balanced accuracy : 0.5720656340198053
2020-05-04 03:51:05,032:: INFO - Model evaluated.
2020-05-04 03:51:05,999:: INFO - Metric: val_accuracy
2020-05-04 03:51:05,999:: INFO - Data tokenized using 250 terms
2020-05-04 03:51:05,999:: INFO - Shape of data tensor : (9846, 250)
2020-05-04 03:51:05,999:: INFO - Shape of label tensor: (9846, 2)
2020-05-04 03:51:05,999:: INFO - Data pre-processed
2020-05-04 03:51:05,999:: INFO - Spliting data started
2020-05-04 03:51:06,004:: INFO - Training shape    : (6300, 250) (6300, 2)
2020-05-04 03:51:06,004:: INFO - Validation shape  : (1576, 250) (1576, 2)
2020-05-04 03:51:06,004:: INFO - Test shape        : (1970, 250) (1970, 2)
2020-05-04 03:51:06,004:: INFO - Spliting data concluded
2020-05-04 03:52:38,513:: INFO - Model built.
2020-05-04 03:52:42,252:: INFO - loss:0.6840372681617737
2020-05-04 03:52:42,253:: INFO - tp:1139.0
2020-05-04 03:52:42,253:: INFO - fp:847.0
2020-05-04 03:52:42,253:: INFO - tn:1123.0
2020-05-04 03:52:42,253:: INFO - fn:831.0
2020-05-04 03:52:42,253:: INFO - accuracy:0.5741117000579834
2020-05-04 03:52:42,253:: INFO - precision:0.5735145807266235
2020-05-04 03:52:42,253:: INFO - recall:0.5781725645065308
2020-05-04 03:52:42,253:: INFO - auc:0.5941463708877563
2020-05-04 03:52:42,272:: INFO - balanced accuracy : 0.5754706669100307
2020-05-04 03:52:42,273:: INFO - Model evaluated.
2020-05-04 03:52:43,248:: INFO - Metric: val_auc
2020-05-04 03:52:43,248:: INFO - Data tokenized using 250 terms
2020-05-04 03:52:43,248:: INFO - Shape of data tensor : (9846, 250)
2020-05-04 03:52:43,248:: INFO - Shape of label tensor: (9846, 2)
2020-05-04 03:52:43,248:: INFO - Data pre-processed
2020-05-04 03:52:43,248:: INFO - Spliting data started
2020-05-04 03:52:43,253:: INFO - Training shape    : (6300, 250) (6300, 2)
2020-05-04 03:52:43,254:: INFO - Validation shape  : (1576, 250) (1576, 2)
2020-05-04 03:52:43,254:: INFO - Test shape        : (1970, 250) (1970, 2)
2020-05-04 03:52:43,254:: INFO - Spliting data concluded
2020-05-04 03:53:57,199:: INFO - Model built.
2020-05-04 03:54:00,936:: INFO - loss:0.6869711875915527
2020-05-04 03:54:00,936:: INFO - tp:1117.0
2020-05-04 03:54:00,936:: INFO - fp:843.0
2020-05-04 03:54:00,936:: INFO - tn:1127.0
2020-05-04 03:54:00,936:: INFO - fn:853.0
2020-05-04 03:54:00,936:: INFO - accuracy:0.5695431232452393
2020-05-04 03:54:00,936:: INFO - precision:0.5698979496955872
2020-05-04 03:54:00,936:: INFO - recall:0.5670050978660583
2020-05-04 03:54:00,937:: INFO - auc:0.5796422362327576
2020-05-04 03:54:00,955:: INFO - balanced accuracy : 0.5649049591591981
2020-05-04 03:54:00,955:: INFO - Model evaluated.
2020-05-04 03:54:01,932:: INFO - Metric: val_accuracy
2020-05-04 03:54:01,932:: INFO - Data tokenized using 300 terms
2020-05-04 03:54:01,932:: INFO - Shape of data tensor : (9846, 300)
2020-05-04 03:54:01,933:: INFO - Shape of label tensor: (9846, 2)
2020-05-04 03:54:01,933:: INFO - Data pre-processed
2020-05-04 03:54:01,933:: INFO - Spliting data started
2020-05-04 03:54:01,938:: INFO - Training shape    : (6300, 300) (6300, 2)
2020-05-04 03:54:01,939:: INFO - Validation shape  : (1576, 300) (1576, 2)
2020-05-04 03:54:01,939:: INFO - Test shape        : (1970, 300) (1970, 2)
2020-05-04 03:54:01,939:: INFO - Spliting data concluded
2020-05-04 03:55:54,226:: INFO - Model built.
2020-05-04 03:55:58,614:: INFO - loss:0.7582455277442932
2020-05-04 03:55:58,614:: INFO - tp:1120.0
2020-05-04 03:55:58,615:: INFO - fp:842.0
2020-05-04 03:55:58,615:: INFO - tn:1128.0
2020-05-04 03:55:58,615:: INFO - fn:850.0
2020-05-04 03:55:58,615:: INFO - accuracy:0.5705583691596985
2020-05-04 03:55:58,615:: INFO - precision:0.5708460807800293
2020-05-04 03:55:58,615:: INFO - recall:0.5685279369354248
2020-05-04 03:55:58,615:: INFO - auc:0.6035311818122864
2020-05-04 03:55:58,633:: INFO - balanced accuracy : 0.5684863277926787
2020-05-04 03:55:58,633:: INFO - Model evaluated.
2020-05-04 03:55:59,611:: INFO - Metric: val_auc
2020-05-04 03:55:59,611:: INFO - Data tokenized using 300 terms
2020-05-04 03:55:59,611:: INFO - Shape of data tensor : (9846, 300)
2020-05-04 03:55:59,611:: INFO - Shape of label tensor: (9846, 2)
2020-05-04 03:55:59,611:: INFO - Data pre-processed
2020-05-04 03:55:59,611:: INFO - Spliting data started
2020-05-04 03:55:59,617:: INFO - Training shape    : (6300, 300) (6300, 2)
2020-05-04 03:55:59,617:: INFO - Validation shape  : (1576, 300) (1576, 2)
2020-05-04 03:55:59,618:: INFO - Test shape        : (1970, 300) (1970, 2)
2020-05-04 03:55:59,618:: INFO - Spliting data concluded
2020-05-04 03:57:43,448:: INFO - Model built.
2020-05-04 03:57:47,862:: INFO - loss:0.6933238506317139
2020-05-04 03:57:47,862:: INFO - tp:1146.0
2020-05-04 03:57:47,862:: INFO - fp:824.0
2020-05-04 03:57:47,862:: INFO - tn:1146.0
2020-05-04 03:57:47,862:: INFO - fn:824.0
2020-05-04 03:57:47,863:: INFO - accuracy:0.5817258954048157
2020-05-04 03:57:47,863:: INFO - precision:0.5817258954048157
2020-05-04 03:57:47,863:: INFO - recall:0.5817258954048157
2020-05-04 03:57:47,863:: INFO - auc:0.6046406030654907
2020-05-04 03:57:47,880:: INFO - balanced accuracy : 0.5813077924930471
2020-05-04 03:57:47,880:: INFO - Model evaluated.
2020-05-04 03:57:47,891:: INFO - Threshold: 63
2020-05-04 03:57:48,005:: INFO - Bug reports file read
2020-05-04 03:57:48,006:: INFO - Reports - Total: 9846 Positive: 2459 (24.97% of total)
2020-05-04 03:57:49,855:: INFO - Bug reports long_description cleaned.
2020-05-04 03:57:50,805:: INFO - Metric: val_accuracy
2020-05-04 03:57:50,806:: INFO - Data tokenized using 100 terms
2020-05-04 03:57:50,806:: INFO - Shape of data tensor : (9846, 100)
2020-05-04 03:57:50,806:: INFO - Shape of label tensor: (9846, 2)
2020-05-04 03:57:50,806:: INFO - Data pre-processed
2020-05-04 03:57:50,806:: INFO - Spliting data started
2020-05-04 03:57:50,809:: INFO - Training shape    : (6300, 100) (6300, 2)
2020-05-04 03:57:50,809:: INFO - Validation shape  : (1576, 100) (1576, 2)
2020-05-04 03:57:50,809:: INFO - Test shape        : (1970, 100) (1970, 2)
2020-05-04 03:57:50,809:: INFO - Spliting data concluded
2020-05-04 03:58:20,597:: INFO - Model built.
2020-05-04 03:58:22,202:: INFO - loss:0.6289206743240356
2020-05-04 03:58:22,203:: INFO - tp:1487.0
2020-05-04 03:58:22,203:: INFO - fp:483.0
2020-05-04 03:58:22,203:: INFO - tn:1487.0
2020-05-04 03:58:22,203:: INFO - fn:483.0
2020-05-04 03:58:22,203:: INFO - accuracy:0.754822313785553
2020-05-04 03:58:22,203:: INFO - precision:0.754822313785553
2020-05-04 03:58:22,203:: INFO - recall:0.754822313785553
2020-05-04 03:58:22,203:: INFO - auc:0.7713870406150818
2020-05-04 03:58:22,219:: INFO - balanced accuracy : 0.5
2020-05-04 03:58:22,220:: INFO - Model evaluated.
2020-05-04 03:58:23,209:: INFO - Metric: val_auc
2020-05-04 03:58:23,209:: INFO - Data tokenized using 100 terms
2020-05-04 03:58:23,209:: INFO - Shape of data tensor : (9846, 100)
2020-05-04 03:58:23,209:: INFO - Shape of label tensor: (9846, 2)
2020-05-04 03:58:23,209:: INFO - Data pre-processed
2020-05-04 03:58:23,209:: INFO - Spliting data started
2020-05-04 03:58:23,212:: INFO - Training shape    : (6300, 100) (6300, 2)
2020-05-04 03:58:23,212:: INFO - Validation shape  : (1576, 100) (1576, 2)
2020-05-04 03:58:23,212:: INFO - Test shape        : (1970, 100) (1970, 2)
2020-05-04 03:58:23,212:: INFO - Spliting data concluded
2020-05-04 03:59:04,750:: INFO - Model built.
2020-05-04 03:59:06,334:: INFO - loss:0.5630362033843994
2020-05-04 03:59:06,334:: INFO - tp:1486.0
2020-05-04 03:59:06,334:: INFO - fp:484.0
2020-05-04 03:59:06,335:: INFO - tn:1486.0
2020-05-04 03:59:06,335:: INFO - fn:484.0
2020-05-04 03:59:06,335:: INFO - accuracy:0.7543147206306458
2020-05-04 03:59:06,335:: INFO - precision:0.7543147206306458
2020-05-04 03:59:06,335:: INFO - recall:0.7543147206306458
2020-05-04 03:59:06,335:: INFO - auc:0.7827417850494385
2020-05-04 03:59:06,351:: INFO - balanced accuracy : 0.4996637525218561
2020-05-04 03:59:06,352:: INFO - Model evaluated.
2020-05-04 03:59:07,331:: INFO - Metric: val_accuracy
2020-05-04 03:59:07,331:: INFO - Data tokenized using 150 terms
2020-05-04 03:59:07,331:: INFO - Shape of data tensor : (9846, 150)
2020-05-04 03:59:07,331:: INFO - Shape of label tensor: (9846, 2)
2020-05-04 03:59:07,331:: INFO - Data pre-processed
2020-05-04 03:59:07,331:: INFO - Spliting data started
2020-05-04 03:59:07,335:: INFO - Training shape    : (6300, 150) (6300, 2)
2020-05-04 03:59:07,335:: INFO - Validation shape  : (1576, 150) (1576, 2)
2020-05-04 03:59:07,335:: INFO - Test shape        : (1970, 150) (1970, 2)
2020-05-04 03:59:07,335:: INFO - Spliting data concluded
2020-05-04 03:59:48,084:: INFO - Model built.
2020-05-04 03:59:50,319:: INFO - loss:0.6173297166824341
2020-05-04 03:59:50,319:: INFO - tp:1487.0
2020-05-04 03:59:50,319:: INFO - fp:483.0
2020-05-04 03:59:50,319:: INFO - tn:1487.0
2020-05-04 03:59:50,319:: INFO - fn:483.0
2020-05-04 03:59:50,320:: INFO - accuracy:0.754822313785553
2020-05-04 03:59:50,320:: INFO - precision:0.754822313785553
2020-05-04 03:59:50,320:: INFO - recall:0.754822313785553
2020-05-04 03:59:50,320:: INFO - auc:0.7712308168411255
2020-05-04 03:59:50,337:: INFO - balanced accuracy : 0.5
2020-05-04 03:59:50,337:: INFO - Model evaluated.
2020-05-04 03:59:51,300:: INFO - Metric: val_auc
2020-05-04 03:59:51,300:: INFO - Data tokenized using 150 terms
2020-05-04 03:59:51,300:: INFO - Shape of data tensor : (9846, 150)
2020-05-04 03:59:51,300:: INFO - Shape of label tensor: (9846, 2)
2020-05-04 03:59:51,300:: INFO - Data pre-processed
2020-05-04 03:59:51,300:: INFO - Spliting data started
2020-05-04 03:59:51,304:: INFO - Training shape    : (6300, 150) (6300, 2)
2020-05-04 03:59:51,304:: INFO - Validation shape  : (1576, 150) (1576, 2)
2020-05-04 03:59:51,304:: INFO - Test shape        : (1970, 150) (1970, 2)
2020-05-04 03:59:51,304:: INFO - Spliting data concluded
2020-05-04 04:00:52,651:: INFO - Model built.
2020-05-04 04:00:54,894:: INFO - loss:0.5766893029212952
2020-05-04 04:00:54,894:: INFO - tp:1482.0
2020-05-04 04:00:54,894:: INFO - fp:479.0
2020-05-04 04:00:54,894:: INFO - tn:1491.0
2020-05-04 04:00:54,894:: INFO - fn:488.0
2020-05-04 04:00:54,895:: INFO - accuracy:0.7545685172080994
2020-05-04 04:00:54,895:: INFO - precision:0.7557368874549866
2020-05-04 04:00:54,895:: INFO - recall:0.7522842884063721
2020-05-04 04:00:54,895:: INFO - auc:0.7831306457519531
2020-05-04 04:00:54,912:: INFO - balanced accuracy : 0.504556396986443
2020-05-04 04:00:54,912:: INFO - Model evaluated.
2020-05-04 04:00:55,887:: INFO - Metric: val_accuracy
2020-05-04 04:00:55,887:: INFO - Data tokenized using 200 terms
2020-05-04 04:00:55,887:: INFO - Shape of data tensor : (9846, 200)
2020-05-04 04:00:55,887:: INFO - Shape of label tensor: (9846, 2)
2020-05-04 04:00:55,887:: INFO - Data pre-processed
2020-05-04 04:00:55,887:: INFO - Spliting data started
2020-05-04 04:00:55,891:: INFO - Training shape    : (6300, 200) (6300, 2)
2020-05-04 04:00:55,892:: INFO - Validation shape  : (1576, 200) (1576, 2)
2020-05-04 04:00:55,892:: INFO - Test shape        : (1970, 200) (1970, 2)
2020-05-04 04:00:55,892:: INFO - Spliting data concluded
2020-05-04 04:01:51,036:: INFO - Model built.
2020-05-04 04:01:54,145:: INFO - loss:0.6361283659934998
2020-05-04 04:01:54,146:: INFO - tp:1487.0
2020-05-04 04:01:54,146:: INFO - fp:483.0
2020-05-04 04:01:54,146:: INFO - tn:1487.0
2020-05-04 04:01:54,146:: INFO - fn:483.0
2020-05-04 04:01:54,146:: INFO - accuracy:0.754822313785553
2020-05-04 04:01:54,146:: INFO - precision:0.754822313785553
2020-05-04 04:01:54,146:: INFO - recall:0.754822313785553
2020-05-04 04:01:54,146:: INFO - auc:0.7742763161659241
2020-05-04 04:01:54,164:: INFO - balanced accuracy : 0.5
2020-05-04 04:01:54,164:: INFO - Model evaluated.
2020-05-04 04:01:55,160:: INFO - Metric: val_auc
2020-05-04 04:01:55,160:: INFO - Data tokenized using 200 terms
2020-05-04 04:01:55,160:: INFO - Shape of data tensor : (9846, 200)
2020-05-04 04:01:55,160:: INFO - Shape of label tensor: (9846, 2)
2020-05-04 04:01:55,160:: INFO - Data pre-processed
2020-05-04 04:01:55,160:: INFO - Spliting data started
2020-05-04 04:01:55,164:: INFO - Training shape    : (6300, 200) (6300, 2)
2020-05-04 04:01:55,164:: INFO - Validation shape  : (1576, 200) (1576, 2)
2020-05-04 04:01:55,164:: INFO - Test shape        : (1970, 200) (1970, 2)
2020-05-04 04:01:55,164:: INFO - Spliting data concluded
2020-05-04 04:03:14,318:: INFO - Model built.
2020-05-04 04:03:17,452:: INFO - loss:0.5580710768699646
2020-05-04 04:03:17,453:: INFO - tp:1486.0
2020-05-04 04:03:17,453:: INFO - fp:484.0
2020-05-04 04:03:17,453:: INFO - tn:1486.0
2020-05-04 04:03:17,453:: INFO - fn:484.0
2020-05-04 04:03:17,453:: INFO - accuracy:0.7543147206306458
2020-05-04 04:03:17,453:: INFO - precision:0.7543147206306458
2020-05-04 04:03:17,453:: INFO - recall:0.7543147206306458
2020-05-04 04:03:17,453:: INFO - auc:0.7832815051078796
2020-05-04 04:03:17,471:: INFO - balanced accuracy : 0.4996637525218561
2020-05-04 04:03:17,471:: INFO - Model evaluated.
2020-05-04 04:03:18,460:: INFO - Metric: val_accuracy
2020-05-04 04:03:18,460:: INFO - Data tokenized using 250 terms
2020-05-04 04:03:18,460:: INFO - Shape of data tensor : (9846, 250)
2020-05-04 04:03:18,460:: INFO - Shape of label tensor: (9846, 2)
2020-05-04 04:03:18,460:: INFO - Data pre-processed
2020-05-04 04:03:18,460:: INFO - Spliting data started
2020-05-04 04:03:18,466:: INFO - Training shape    : (6300, 250) (6300, 2)
2020-05-04 04:03:18,466:: INFO - Validation shape  : (1576, 250) (1576, 2)
2020-05-04 04:03:18,466:: INFO - Test shape        : (1970, 250) (1970, 2)
2020-05-04 04:03:18,466:: INFO - Spliting data concluded
2020-05-04 04:04:26,076:: INFO - Model built.
2020-05-04 04:04:29,868:: INFO - loss:0.6377193331718445
2020-05-04 04:04:29,868:: INFO - tp:1487.0
2020-05-04 04:04:29,868:: INFO - fp:483.0
2020-05-04 04:04:29,868:: INFO - tn:1487.0
2020-05-04 04:04:29,868:: INFO - fn:483.0
2020-05-04 04:04:29,868:: INFO - accuracy:0.754822313785553
2020-05-04 04:04:29,868:: INFO - precision:0.754822313785553
2020-05-04 04:04:29,869:: INFO - recall:0.754822313785553
2020-05-04 04:04:29,869:: INFO - auc:0.7681800127029419
2020-05-04 04:04:29,887:: INFO - balanced accuracy : 0.5
2020-05-04 04:04:29,887:: INFO - Model evaluated.
2020-05-04 04:04:30,869:: INFO - Metric: val_auc
2020-05-04 04:04:30,869:: INFO - Data tokenized using 250 terms
2020-05-04 04:04:30,869:: INFO - Shape of data tensor : (9846, 250)
2020-05-04 04:04:30,869:: INFO - Shape of label tensor: (9846, 2)
2020-05-04 04:04:30,869:: INFO - Data pre-processed
2020-05-04 04:04:30,869:: INFO - Spliting data started
2020-05-04 04:04:30,874:: INFO - Training shape    : (6300, 250) (6300, 2)
2020-05-04 04:04:30,874:: INFO - Validation shape  : (1576, 250) (1576, 2)
2020-05-04 04:04:30,874:: INFO - Test shape        : (1970, 250) (1970, 2)
2020-05-04 04:04:30,874:: INFO - Spliting data concluded
2020-05-04 04:06:14,248:: INFO - Model built.
2020-05-04 04:06:18,009:: INFO - loss:0.5873209238052368
2020-05-04 04:06:18,009:: INFO - tp:1485.0
2020-05-04 04:06:18,009:: INFO - fp:484.0
2020-05-04 04:06:18,009:: INFO - tn:1486.0
2020-05-04 04:06:18,010:: INFO - fn:485.0
2020-05-04 04:06:18,010:: INFO - accuracy:0.7540609240531921
2020-05-04 04:06:18,010:: INFO - precision:0.7541899681091309
2020-05-04 04:06:18,010:: INFO - recall:0.7538071274757385
2020-05-04 04:06:18,010:: INFO - auc:0.7845510244369507
2020-05-04 04:06:18,028:: INFO - balanced accuracy : 0.5038574477772162
2020-05-04 04:06:18,028:: INFO - Model evaluated.
2020-05-04 04:06:19,021:: INFO - Metric: val_accuracy
2020-05-04 04:06:19,021:: INFO - Data tokenized using 300 terms
2020-05-04 04:06:19,021:: INFO - Shape of data tensor : (9846, 300)
2020-05-04 04:06:19,021:: INFO - Shape of label tensor: (9846, 2)
2020-05-04 04:06:19,021:: INFO - Data pre-processed
2020-05-04 04:06:19,021:: INFO - Spliting data started
2020-05-04 04:06:19,027:: INFO - Training shape    : (6300, 300) (6300, 2)
2020-05-04 04:06:19,027:: INFO - Validation shape  : (1576, 300) (1576, 2)
2020-05-04 04:06:19,027:: INFO - Test shape        : (1970, 300) (1970, 2)
2020-05-04 04:06:19,027:: INFO - Spliting data concluded
2020-05-04 04:07:39,249:: INFO - Model built.
2020-05-04 04:07:43,659:: INFO - loss:0.6380903720855713
2020-05-04 04:07:43,659:: INFO - tp:1487.0
2020-05-04 04:07:43,660:: INFO - fp:483.0
2020-05-04 04:07:43,660:: INFO - tn:1487.0
2020-05-04 04:07:43,660:: INFO - fn:483.0
2020-05-04 04:07:43,660:: INFO - accuracy:0.754822313785553
2020-05-04 04:07:43,660:: INFO - precision:0.754822313785553
2020-05-04 04:07:43,660:: INFO - recall:0.754822313785553
2020-05-04 04:07:43,660:: INFO - auc:0.7702206373214722
2020-05-04 04:07:43,678:: INFO - balanced accuracy : 0.5
2020-05-04 04:07:43,678:: INFO - Model evaluated.
2020-05-04 04:07:44,670:: INFO - Metric: val_auc
2020-05-04 04:07:44,670:: INFO - Data tokenized using 300 terms
2020-05-04 04:07:44,670:: INFO - Shape of data tensor : (9846, 300)
2020-05-04 04:07:44,670:: INFO - Shape of label tensor: (9846, 2)
2020-05-04 04:07:44,670:: INFO - Data pre-processed
2020-05-04 04:07:44,670:: INFO - Spliting data started
2020-05-04 04:07:44,676:: INFO - Training shape    : (6300, 300) (6300, 2)
2020-05-04 04:07:44,676:: INFO - Validation shape  : (1576, 300) (1576, 2)
2020-05-04 04:07:44,676:: INFO - Test shape        : (1970, 300) (1970, 2)
2020-05-04 04:07:44,676:: INFO - Spliting data concluded
2020-05-04 04:09:12,439:: INFO - Model built.
2020-05-04 04:09:16,832:: INFO - loss:0.5572315454483032
2020-05-04 04:09:16,832:: INFO - tp:1487.0
2020-05-04 04:09:16,832:: INFO - fp:483.0
2020-05-04 04:09:16,832:: INFO - tn:1487.0
2020-05-04 04:09:16,832:: INFO - fn:483.0
2020-05-04 04:09:16,832:: INFO - accuracy:0.754822313785553
2020-05-04 04:09:16,833:: INFO - precision:0.754822313785553
2020-05-04 04:09:16,833:: INFO - recall:0.754822313785553
2020-05-04 04:09:16,833:: INFO - auc:0.7731982469558716
2020-05-04 04:09:16,851:: INFO - balanced accuracy : 0.5
2020-05-04 04:09:16,851:: INFO - Model evaluated.
2020-05-04 04:09:16,863:: INFO - Threshold: 108
2020-05-04 04:09:16,979:: INFO - Bug reports file read
2020-05-04 04:09:16,979:: INFO - Reports - Total: 9846 Positive: 1866 (18.95% of total)
2020-05-04 04:09:18,833:: INFO - Bug reports long_description cleaned.
2020-05-04 04:09:19,775:: INFO - Metric: val_accuracy
2020-05-04 04:09:19,775:: INFO - Data tokenized using 100 terms
2020-05-04 04:09:19,775:: INFO - Shape of data tensor : (9846, 100)
2020-05-04 04:09:19,775:: INFO - Shape of label tensor: (9846, 2)
2020-05-04 04:09:19,775:: INFO - Data pre-processed
2020-05-04 04:09:19,775:: INFO - Spliting data started
2020-05-04 04:09:19,778:: INFO - Training shape    : (6300, 100) (6300, 2)
2020-05-04 04:09:19,778:: INFO - Validation shape  : (1576, 100) (1576, 2)
2020-05-04 04:09:19,778:: INFO - Test shape        : (1970, 100) (1970, 2)
2020-05-04 04:09:19,778:: INFO - Spliting data concluded
2020-05-04 04:10:03,821:: INFO - Model built.
2020-05-04 04:10:05,410:: INFO - loss:0.48464280366897583
2020-05-04 04:10:05,410:: INFO - tp:1602.0
2020-05-04 04:10:05,410:: INFO - fp:368.0
2020-05-04 04:10:05,410:: INFO - tn:1602.0
2020-05-04 04:10:05,410:: INFO - fn:368.0
2020-05-04 04:10:05,410:: INFO - accuracy:0.8131979703903198
2020-05-04 04:10:05,411:: INFO - precision:0.8131979703903198
2020-05-04 04:10:05,411:: INFO - recall:0.8131979703903198
2020-05-04 04:10:05,411:: INFO - auc:0.8368452787399292
2020-05-04 04:10:05,428:: INFO - balanced accuracy : 0.49968808484092325
2020-05-04 04:10:05,428:: INFO - Model evaluated.
2020-05-04 04:10:06,412:: INFO - Metric: val_auc
2020-05-04 04:10:06,412:: INFO - Data tokenized using 100 terms
2020-05-04 04:10:06,412:: INFO - Shape of data tensor : (9846, 100)
2020-05-04 04:10:06,412:: INFO - Shape of label tensor: (9846, 2)
2020-05-04 04:10:06,412:: INFO - Data pre-processed
2020-05-04 04:10:06,413:: INFO - Spliting data started
2020-05-04 04:10:06,416:: INFO - Training shape    : (6300, 100) (6300, 2)
2020-05-04 04:10:06,416:: INFO - Validation shape  : (1576, 100) (1576, 2)
2020-05-04 04:10:06,416:: INFO - Test shape        : (1970, 100) (1970, 2)
2020-05-04 04:10:06,416:: INFO - Spliting data concluded
2020-05-04 04:10:52,636:: INFO - Model built.
2020-05-04 04:10:54,211:: INFO - loss:0.5069576501846313
2020-05-04 04:10:54,212:: INFO - tp:1599.0
2020-05-04 04:10:54,212:: INFO - fp:374.0
2020-05-04 04:10:54,212:: INFO - tn:1596.0
2020-05-04 04:10:54,212:: INFO - fn:371.0
2020-05-04 04:10:54,212:: INFO - accuracy:0.8109136819839478
2020-05-04 04:10:54,212:: INFO - precision:0.8104409575462341
2020-05-04 04:10:54,212:: INFO - recall:0.8116751313209534
2020-05-04 04:10:54,213:: INFO - auc:0.8375066518783569
2020-05-04 04:10:54,230:: INFO - balanced accuracy : 0.5068442854933104
2020-05-04 04:10:54,230:: INFO - Model evaluated.
2020-05-04 04:10:55,203:: INFO - Metric: val_accuracy
2020-05-04 04:10:55,203:: INFO - Data tokenized using 150 terms
2020-05-04 04:10:55,203:: INFO - Shape of data tensor : (9846, 150)
2020-05-04 04:10:55,203:: INFO - Shape of label tensor: (9846, 2)
2020-05-04 04:10:55,203:: INFO - Data pre-processed
2020-05-04 04:10:55,203:: INFO - Spliting data started
2020-05-04 04:10:55,206:: INFO - Training shape    : (6300, 150) (6300, 2)
2020-05-04 04:10:55,206:: INFO - Validation shape  : (1576, 150) (1576, 2)
2020-05-04 04:10:55,206:: INFO - Test shape        : (1970, 150) (1970, 2)
2020-05-04 04:10:55,206:: INFO - Spliting data concluded
2020-05-04 04:11:53,664:: INFO - Model built.
2020-05-04 04:11:55,913:: INFO - loss:0.47635725140571594
2020-05-04 04:11:55,913:: INFO - tp:1602.0
2020-05-04 04:11:55,914:: INFO - fp:368.0
2020-05-04 04:11:55,914:: INFO - tn:1602.0
2020-05-04 04:11:55,914:: INFO - fn:368.0
2020-05-04 04:11:55,914:: INFO - accuracy:0.8131979703903198
2020-05-04 04:11:55,914:: INFO - precision:0.8131979703903198
2020-05-04 04:11:55,914:: INFO - recall:0.8131979703903198
2020-05-04 04:11:55,914:: INFO - auc:0.838645339012146
2020-05-04 04:11:55,931:: INFO - balanced accuracy : 0.49968808484092325
2020-05-04 04:11:55,931:: INFO - Model evaluated.
2020-05-04 04:11:56,905:: INFO - Metric: val_auc
2020-05-04 04:11:56,905:: INFO - Data tokenized using 150 terms
2020-05-04 04:11:56,905:: INFO - Shape of data tensor : (9846, 150)
2020-05-04 04:11:56,905:: INFO - Shape of label tensor: (9846, 2)
2020-05-04 04:11:56,905:: INFO - Data pre-processed
2020-05-04 04:11:56,905:: INFO - Spliting data started
2020-05-04 04:11:56,908:: INFO - Training shape    : (6300, 150) (6300, 2)
2020-05-04 04:11:56,909:: INFO - Validation shape  : (1576, 150) (1576, 2)
2020-05-04 04:11:56,909:: INFO - Test shape        : (1970, 150) (1970, 2)
2020-05-04 04:11:56,909:: INFO - Spliting data concluded
2020-05-04 04:13:09,305:: INFO - Model built.
2020-05-04 04:13:11,566:: INFO - loss:0.5060354471206665
2020-05-04 04:13:11,566:: INFO - tp:1601.0
2020-05-04 04:13:11,566:: INFO - fp:376.0
2020-05-04 04:13:11,566:: INFO - tn:1594.0
2020-05-04 04:13:11,567:: INFO - fn:369.0
2020-05-04 04:13:11,567:: INFO - accuracy:0.8109136819839478
2020-05-04 04:13:11,567:: INFO - precision:0.8098128437995911
2020-05-04 04:13:11,567:: INFO - recall:0.8126903772354126
2020-05-04 04:13:11,567:: INFO - auc:0.8393235206604004
2020-05-04 04:13:11,584:: INFO - balanced accuracy : 0.5065323703342337
2020-05-04 04:13:11,584:: INFO - Model evaluated.
2020-05-04 04:13:12,595:: INFO - Metric: val_accuracy
2020-05-04 04:13:12,595:: INFO - Data tokenized using 200 terms
2020-05-04 04:13:12,595:: INFO - Shape of data tensor : (9846, 200)
2020-05-04 04:13:12,595:: INFO - Shape of label tensor: (9846, 2)
2020-05-04 04:13:12,595:: INFO - Data pre-processed
2020-05-04 04:13:12,595:: INFO - Spliting data started
2020-05-04 04:13:12,600:: INFO - Training shape    : (6300, 200) (6300, 2)
2020-05-04 04:13:12,600:: INFO - Validation shape  : (1576, 200) (1576, 2)
2020-05-04 04:13:12,600:: INFO - Test shape        : (1970, 200) (1970, 2)
2020-05-04 04:13:12,600:: INFO - Spliting data concluded
2020-05-04 04:14:33,117:: INFO - Model built.
2020-05-04 04:14:36,192:: INFO - loss:0.47722506523132324
2020-05-04 04:14:36,192:: INFO - tp:1602.0
2020-05-04 04:14:36,192:: INFO - fp:368.0
2020-05-04 04:14:36,192:: INFO - tn:1602.0
2020-05-04 04:14:36,193:: INFO - fn:368.0
2020-05-04 04:14:36,193:: INFO - accuracy:0.8131979703903198
2020-05-04 04:14:36,193:: INFO - precision:0.8131979703903198
2020-05-04 04:14:36,193:: INFO - recall:0.8131979703903198
2020-05-04 04:14:36,193:: INFO - auc:0.8376522064208984
2020-05-04 04:14:36,211:: INFO - balanced accuracy : 0.49968808484092325
2020-05-04 04:14:36,211:: INFO - Model evaluated.
2020-05-04 04:14:37,194:: INFO - Metric: val_auc
2020-05-04 04:14:37,194:: INFO - Data tokenized using 200 terms
2020-05-04 04:14:37,194:: INFO - Shape of data tensor : (9846, 200)
2020-05-04 04:14:37,194:: INFO - Shape of label tensor: (9846, 2)
2020-05-04 04:14:37,194:: INFO - Data pre-processed
2020-05-04 04:14:37,194:: INFO - Spliting data started
2020-05-04 04:14:37,198:: INFO - Training shape    : (6300, 200) (6300, 2)
2020-05-04 04:14:37,199:: INFO - Validation shape  : (1576, 200) (1576, 2)
2020-05-04 04:14:37,199:: INFO - Test shape        : (1970, 200) (1970, 2)
2020-05-04 04:14:37,199:: INFO - Spliting data concluded
2020-05-04 04:16:01,318:: INFO - Model built.
2020-05-04 04:16:04,412:: INFO - loss:0.4974108636379242
2020-05-04 04:16:04,413:: INFO - tp:1601.0
2020-05-04 04:16:04,413:: INFO - fp:369.0
2020-05-04 04:16:04,413:: INFO - tn:1601.0
2020-05-04 04:16:04,413:: INFO - fn:369.0
2020-05-04 04:16:04,413:: INFO - accuracy:0.8126903772354126
2020-05-04 04:16:04,413:: INFO - precision:0.8126903772354126
2020-05-04 04:16:04,413:: INFO - recall:0.8126903772354126
2020-05-04 04:16:04,413:: INFO - auc:0.8371047973632812
2020-05-04 04:16:04,431:: INFO - balanced accuracy : 0.49937616968184656
2020-05-04 04:16:04,432:: INFO - Model evaluated.
2020-05-04 04:16:05,434:: INFO - Metric: val_accuracy
2020-05-04 04:16:05,434:: INFO - Data tokenized using 250 terms
2020-05-04 04:16:05,435:: INFO - Shape of data tensor : (9846, 250)
2020-05-04 04:16:05,435:: INFO - Shape of label tensor: (9846, 2)
2020-05-04 04:16:05,435:: INFO - Data pre-processed
2020-05-04 04:16:05,435:: INFO - Spliting data started
2020-05-04 04:16:05,440:: INFO - Training shape    : (6300, 250) (6300, 2)
2020-05-04 04:16:05,440:: INFO - Validation shape  : (1576, 250) (1576, 2)
2020-05-04 04:16:05,440:: INFO - Test shape        : (1970, 250) (1970, 2)
2020-05-04 04:16:05,440:: INFO - Spliting data concluded
2020-05-04 04:17:11,539:: INFO - Model built.
2020-05-04 04:17:15,274:: INFO - loss:0.62367182970047
2020-05-04 04:17:15,275:: INFO - tp:1603.0
2020-05-04 04:17:15,275:: INFO - fp:367.0
2020-05-04 04:17:15,275:: INFO - tn:1603.0
2020-05-04 04:17:15,275:: INFO - fn:367.0
2020-05-04 04:17:15,275:: INFO - accuracy:0.813705563545227
2020-05-04 04:17:15,275:: INFO - precision:0.813705563545227
2020-05-04 04:17:15,275:: INFO - recall:0.813705563545227
2020-05-04 04:17:15,275:: INFO - auc:0.8271485567092896
2020-05-04 04:17:15,293:: INFO - balanced accuracy : 0.5
2020-05-04 04:17:15,293:: INFO - Model evaluated.
2020-05-04 04:17:16,277:: INFO - Metric: val_auc
2020-05-04 04:17:16,277:: INFO - Data tokenized using 250 terms
2020-05-04 04:17:16,277:: INFO - Shape of data tensor : (9846, 250)
2020-05-04 04:17:16,277:: INFO - Shape of label tensor: (9846, 2)
2020-05-04 04:17:16,277:: INFO - Data pre-processed
2020-05-04 04:17:16,277:: INFO - Spliting data started
2020-05-04 04:17:16,282:: INFO - Training shape    : (6300, 250) (6300, 2)
2020-05-04 04:17:16,282:: INFO - Validation shape  : (1576, 250) (1576, 2)
2020-05-04 04:17:16,282:: INFO - Test shape        : (1970, 250) (1970, 2)
2020-05-04 04:17:16,282:: INFO - Spliting data concluded
2020-05-04 04:19:04,762:: INFO - Model built.
2020-05-04 04:19:08,531:: INFO - loss:0.48165062069892883
2020-05-04 04:19:08,531:: INFO - tp:1602.0
2020-05-04 04:19:08,531:: INFO - fp:368.0
2020-05-04 04:19:08,531:: INFO - tn:1602.0
2020-05-04 04:19:08,531:: INFO - fn:368.0
2020-05-04 04:19:08,531:: INFO - accuracy:0.8131979703903198
2020-05-04 04:19:08,532:: INFO - precision:0.8131979703903198
2020-05-04 04:19:08,532:: INFO - recall:0.8131979703903198
2020-05-04 04:19:08,532:: INFO - auc:0.8380172252655029
2020-05-04 04:19:08,548:: INFO - balanced accuracy : 0.49968808484092325
2020-05-04 04:19:08,548:: INFO - Model evaluated.
2020-05-04 04:19:09,530:: INFO - Metric: val_accuracy
2020-05-04 04:19:09,530:: INFO - Data tokenized using 300 terms
2020-05-04 04:19:09,530:: INFO - Shape of data tensor : (9846, 300)
2020-05-04 04:19:09,530:: INFO - Shape of label tensor: (9846, 2)
2020-05-04 04:19:09,530:: INFO - Data pre-processed
2020-05-04 04:19:09,530:: INFO - Spliting data started
2020-05-04 04:19:09,536:: INFO - Training shape    : (6300, 300) (6300, 2)
2020-05-04 04:19:09,536:: INFO - Validation shape  : (1576, 300) (1576, 2)
2020-05-04 04:19:09,536:: INFO - Test shape        : (1970, 300) (1970, 2)
2020-05-04 04:19:09,536:: INFO - Spliting data concluded
2020-05-04 04:21:02,719:: INFO - Model built.
2020-05-04 04:21:07,137:: INFO - loss:0.487850159406662
2020-05-04 04:21:07,138:: INFO - tp:1602.0
2020-05-04 04:21:07,138:: INFO - fp:368.0
2020-05-04 04:21:07,138:: INFO - tn:1602.0
2020-05-04 04:21:07,138:: INFO - fn:368.0
2020-05-04 04:21:07,138:: INFO - accuracy:0.8131979703903198
2020-05-04 04:21:07,138:: INFO - precision:0.8131979703903198
2020-05-04 04:21:07,138:: INFO - recall:0.8131979703903198
2020-05-04 04:21:07,139:: INFO - auc:0.8375574350357056
2020-05-04 04:21:07,156:: INFO - balanced accuracy : 0.49968808484092325
2020-05-04 04:21:07,156:: INFO - Model evaluated.
2020-05-04 04:21:08,153:: INFO - Metric: val_auc
2020-05-04 04:21:08,153:: INFO - Data tokenized using 300 terms
2020-05-04 04:21:08,153:: INFO - Shape of data tensor : (9846, 300)
2020-05-04 04:21:08,153:: INFO - Shape of label tensor: (9846, 2)
2020-05-04 04:21:08,153:: INFO - Data pre-processed
2020-05-04 04:21:08,153:: INFO - Spliting data started
2020-05-04 04:21:08,160:: INFO - Training shape    : (6300, 300) (6300, 2)
2020-05-04 04:21:08,160:: INFO - Validation shape  : (1576, 300) (1576, 2)
2020-05-04 04:21:08,160:: INFO - Test shape        : (1970, 300) (1970, 2)
2020-05-04 04:21:08,160:: INFO - Spliting data concluded
2020-05-04 04:23:16,588:: INFO - Model built.
2020-05-04 04:23:20,973:: INFO - loss:0.4971971809864044
2020-05-04 04:23:20,974:: INFO - tp:1605.0
2020-05-04 04:23:20,974:: INFO - fp:366.0
2020-05-04 04:23:20,974:: INFO - tn:1604.0
2020-05-04 04:23:20,974:: INFO - fn:365.0
2020-05-04 04:23:20,974:: INFO - accuracy:0.8144670128822327
2020-05-04 04:23:20,974:: INFO - precision:0.814307451248169
2020-05-04 04:23:20,974:: INFO - recall:0.8147208094596863
2020-05-04 04:23:20,974:: INFO - auc:0.8392526507377625
2020-05-04 04:23:20,989:: INFO - balanced accuracy : 0.5055643284645105
2020-05-04 04:23:20,989:: INFO - Model evaluated.
2020-05-04 04:23:21,000:: INFO - Threshold: 365
2020-05-04 04:23:21,111:: INFO - Bug reports file read
2020-05-04 04:23:21,111:: INFO - Reports - Total: 9846 Positive: 760 (7.72% of total)
2020-05-04 04:23:22,907:: INFO - Bug reports long_description cleaned.
2020-05-04 04:23:23,855:: INFO - Metric: val_accuracy
2020-05-04 04:23:23,855:: INFO - Data tokenized using 100 terms
2020-05-04 04:23:23,855:: INFO - Shape of data tensor : (9846, 100)
2020-05-04 04:23:23,855:: INFO - Shape of label tensor: (9846, 2)
2020-05-04 04:23:23,855:: INFO - Data pre-processed
2020-05-04 04:23:23,855:: INFO - Spliting data started
2020-05-04 04:23:23,858:: INFO - Training shape    : (6300, 100) (6300, 2)
2020-05-04 04:23:23,858:: INFO - Validation shape  : (1576, 100) (1576, 2)
2020-05-04 04:23:23,858:: INFO - Test shape        : (1970, 100) (1970, 2)
2020-05-04 04:23:23,858:: INFO - Spliting data concluded
2020-05-04 04:23:54,069:: INFO - Model built.
2020-05-04 04:23:55,664:: INFO - loss:0.5721290707588196
2020-05-04 04:23:55,665:: INFO - tp:1821.0
2020-05-04 04:23:55,665:: INFO - fp:149.0
2020-05-04 04:23:55,665:: INFO - tn:1821.0
2020-05-04 04:23:55,665:: INFO - fn:149.0
2020-05-04 04:23:55,665:: INFO - accuracy:0.9243654608726501
2020-05-04 04:23:55,665:: INFO - precision:0.9243654608726501
2020-05-04 04:23:55,665:: INFO - recall:0.9243654608726501
2020-05-04 04:23:55,665:: INFO - auc:0.9304345846176147
2020-05-04 04:23:55,681:: INFO - balanced accuracy : 0.5
2020-05-04 04:23:55,682:: INFO - Model evaluated.
2020-05-04 04:23:56,673:: INFO - Metric: val_auc
2020-05-04 04:23:56,673:: INFO - Data tokenized using 100 terms
2020-05-04 04:23:56,673:: INFO - Shape of data tensor : (9846, 100)
2020-05-04 04:23:56,673:: INFO - Shape of label tensor: (9846, 2)
2020-05-04 04:23:56,673:: INFO - Data pre-processed
2020-05-04 04:23:56,673:: INFO - Spliting data started
2020-05-04 04:23:56,676:: INFO - Training shape    : (6300, 100) (6300, 2)
2020-05-04 04:23:56,676:: INFO - Validation shape  : (1576, 100) (1576, 2)
2020-05-04 04:23:56,676:: INFO - Test shape        : (1970, 100) (1970, 2)
2020-05-04 04:23:56,676:: INFO - Spliting data concluded
2020-05-04 04:24:59,702:: INFO - Model built.
2020-05-04 04:25:01,296:: INFO - loss:0.2733219861984253
2020-05-04 04:25:01,296:: INFO - tp:1821.0
2020-05-04 04:25:01,296:: INFO - fp:149.0
2020-05-04 04:25:01,296:: INFO - tn:1821.0
2020-05-04 04:25:01,296:: INFO - fn:149.0
2020-05-04 04:25:01,297:: INFO - accuracy:0.9243654608726501
2020-05-04 04:25:01,297:: INFO - precision:0.9243654608726501
2020-05-04 04:25:01,297:: INFO - recall:0.9243654608726501
2020-05-04 04:25:01,297:: INFO - auc:0.9321966171264648
2020-05-04 04:25:01,313:: INFO - balanced accuracy : 0.5
2020-05-04 04:25:01,313:: INFO - Model evaluated.
2020-05-04 04:25:02,267:: INFO - Metric: val_accuracy
2020-05-04 04:25:02,268:: INFO - Data tokenized using 150 terms
2020-05-04 04:25:02,268:: INFO - Shape of data tensor : (9846, 150)
2020-05-04 04:25:02,268:: INFO - Shape of label tensor: (9846, 2)
2020-05-04 04:25:02,268:: INFO - Data pre-processed
2020-05-04 04:25:02,268:: INFO - Spliting data started
2020-05-04 04:25:02,271:: INFO - Training shape    : (6300, 150) (6300, 2)
2020-05-04 04:25:02,271:: INFO - Validation shape  : (1576, 150) (1576, 2)
2020-05-04 04:25:02,271:: INFO - Test shape        : (1970, 150) (1970, 2)
2020-05-04 04:25:02,271:: INFO - Spliting data concluded
2020-05-04 04:25:43,761:: INFO - Model built.
2020-05-04 04:25:46,007:: INFO - loss:0.5809066295623779
2020-05-04 04:25:46,008:: INFO - tp:1821.0
2020-05-04 04:25:46,008:: INFO - fp:149.0
2020-05-04 04:25:46,008:: INFO - tn:1821.0
2020-05-04 04:25:46,008:: INFO - fn:149.0
2020-05-04 04:25:46,008:: INFO - accuracy:0.9243654608726501
2020-05-04 04:25:46,008:: INFO - precision:0.9243654608726501
2020-05-04 04:25:46,008:: INFO - recall:0.9243654608726501
2020-05-04 04:25:46,008:: INFO - auc:0.9309133291244507
2020-05-04 04:25:46,025:: INFO - balanced accuracy : 0.5
2020-05-04 04:25:46,026:: INFO - Model evaluated.
2020-05-04 04:25:47,013:: INFO - Metric: val_auc
2020-05-04 04:25:47,014:: INFO - Data tokenized using 150 terms
2020-05-04 04:25:47,014:: INFO - Shape of data tensor : (9846, 150)
2020-05-04 04:25:47,014:: INFO - Shape of label tensor: (9846, 2)
2020-05-04 04:25:47,014:: INFO - Data pre-processed
2020-05-04 04:25:47,014:: INFO - Spliting data started
2020-05-04 04:25:47,017:: INFO - Training shape    : (6300, 150) (6300, 2)
2020-05-04 04:25:47,017:: INFO - Validation shape  : (1576, 150) (1576, 2)
2020-05-04 04:25:47,017:: INFO - Test shape        : (1970, 150) (1970, 2)
2020-05-04 04:25:47,017:: INFO - Spliting data concluded
2020-05-04 04:27:20,656:: INFO - Model built.
2020-05-04 04:27:22,905:: INFO - loss:0.293475866317749
2020-05-04 04:27:22,906:: INFO - tp:1820.0
2020-05-04 04:27:22,906:: INFO - fp:153.0
2020-05-04 04:27:22,906:: INFO - tn:1817.0
2020-05-04 04:27:22,906:: INFO - fn:150.0
2020-05-04 04:27:22,906:: INFO - accuracy:0.9230964183807373
2020-05-04 04:27:22,906:: INFO - precision:0.9224531054496765
2020-05-04 04:27:22,906:: INFO - recall:0.9238578677177429
2020-05-04 04:27:22,907:: INFO - auc:0.9328179359436035
2020-05-04 04:27:22,924:: INFO - balanced accuracy : 0.49945085118066995
2020-05-04 04:27:22,924:: INFO - Model evaluated.
2020-05-04 04:27:23,894:: INFO - Metric: val_accuracy
2020-05-04 04:27:23,895:: INFO - Data tokenized using 200 terms
2020-05-04 04:27:23,895:: INFO - Shape of data tensor : (9846, 200)
2020-05-04 04:27:23,895:: INFO - Shape of label tensor: (9846, 2)
2020-05-04 04:27:23,895:: INFO - Data pre-processed
2020-05-04 04:27:23,895:: INFO - Spliting data started
2020-05-04 04:27:23,899:: INFO - Training shape    : (6300, 200) (6300, 2)
2020-05-04 04:27:23,899:: INFO - Validation shape  : (1576, 200) (1576, 2)
2020-05-04 04:27:23,899:: INFO - Test shape        : (1970, 200) (1970, 2)
2020-05-04 04:27:23,899:: INFO - Spliting data concluded
2020-05-04 04:28:19,991:: INFO - Model built.
2020-05-04 04:28:23,093:: INFO - loss:0.5363836288452148
2020-05-04 04:28:23,093:: INFO - tp:1821.0
2020-05-04 04:28:23,093:: INFO - fp:149.0
2020-05-04 04:28:23,093:: INFO - tn:1821.0
2020-05-04 04:28:23,093:: INFO - fn:149.0
2020-05-04 04:28:23,093:: INFO - accuracy:0.9243654608726501
2020-05-04 04:28:23,093:: INFO - precision:0.9243654608726501
2020-05-04 04:28:23,094:: INFO - recall:0.9243654608726501
2020-05-04 04:28:23,094:: INFO - auc:0.930419921875
2020-05-04 04:28:23,111:: INFO - balanced accuracy : 0.5
2020-05-04 04:28:23,111:: INFO - Model evaluated.
2020-05-04 04:28:24,102:: INFO - Metric: val_auc
2020-05-04 04:28:24,102:: INFO - Data tokenized using 200 terms
2020-05-04 04:28:24,102:: INFO - Shape of data tensor : (9846, 200)
2020-05-04 04:28:24,102:: INFO - Shape of label tensor: (9846, 2)
2020-05-04 04:28:24,102:: INFO - Data pre-processed
2020-05-04 04:28:24,102:: INFO - Spliting data started
2020-05-04 04:28:24,107:: INFO - Training shape    : (6300, 200) (6300, 2)
2020-05-04 04:28:24,107:: INFO - Validation shape  : (1576, 200) (1576, 2)
2020-05-04 04:28:24,107:: INFO - Test shape        : (1970, 200) (1970, 2)
2020-05-04 04:28:24,107:: INFO - Spliting data concluded
2020-05-04 04:30:18,213:: INFO - Model built.
2020-05-04 04:30:21,314:: INFO - loss:0.267635703086853
2020-05-04 04:30:21,314:: INFO - tp:1821.0
2020-05-04 04:30:21,314:: INFO - fp:149.0
2020-05-04 04:30:21,314:: INFO - tn:1821.0
2020-05-04 04:30:21,314:: INFO - fn:149.0
2020-05-04 04:30:21,314:: INFO - accuracy:0.9243654608726501
2020-05-04 04:30:21,315:: INFO - precision:0.9243654608726501
2020-05-04 04:30:21,315:: INFO - recall:0.9243654608726501
2020-05-04 04:30:21,315:: INFO - auc:0.932571530342102
2020-05-04 04:30:21,332:: INFO - balanced accuracy : 0.5
2020-05-04 04:30:21,332:: INFO - Model evaluated.
2020-05-04 04:30:22,300:: INFO - Metric: val_accuracy
2020-05-04 04:30:22,300:: INFO - Data tokenized using 250 terms
2020-05-04 04:30:22,300:: INFO - Shape of data tensor : (9846, 250)
2020-05-04 04:30:22,300:: INFO - Shape of label tensor: (9846, 2)
2020-05-04 04:30:22,300:: INFO - Data pre-processed
2020-05-04 04:30:22,300:: INFO - Spliting data started
2020-05-04 04:30:22,305:: INFO - Training shape    : (6300, 250) (6300, 2)
2020-05-04 04:30:22,305:: INFO - Validation shape  : (1576, 250) (1576, 2)
2020-05-04 04:30:22,305:: INFO - Test shape        : (1970, 250) (1970, 2)
2020-05-04 04:30:22,305:: INFO - Spliting data concluded
2020-05-04 04:31:30,390:: INFO - Model built.
2020-05-04 04:31:34,135:: INFO - loss:0.6152656674385071
2020-05-04 04:31:34,136:: INFO - tp:1821.0
2020-05-04 04:31:34,136:: INFO - fp:149.0
2020-05-04 04:31:34,136:: INFO - tn:1821.0
2020-05-04 04:31:34,136:: INFO - fn:149.0
2020-05-04 04:31:34,136:: INFO - accuracy:0.9243654608726501
2020-05-04 04:31:34,136:: INFO - precision:0.9243654608726501
2020-05-04 04:31:34,136:: INFO - recall:0.9243654608726501
2020-05-04 04:31:34,136:: INFO - auc:0.92716383934021
2020-05-04 04:31:34,155:: INFO - balanced accuracy : 0.5
2020-05-04 04:31:34,155:: INFO - Model evaluated.
2020-05-04 04:31:35,144:: INFO - Metric: val_auc
2020-05-04 04:31:35,145:: INFO - Data tokenized using 250 terms
2020-05-04 04:31:35,145:: INFO - Shape of data tensor : (9846, 250)
2020-05-04 04:31:35,145:: INFO - Shape of label tensor: (9846, 2)
2020-05-04 04:31:35,145:: INFO - Data pre-processed
2020-05-04 04:31:35,145:: INFO - Spliting data started
2020-05-04 04:31:35,150:: INFO - Training shape    : (6300, 250) (6300, 2)
2020-05-04 04:31:35,150:: INFO - Validation shape  : (1576, 250) (1576, 2)
2020-05-04 04:31:35,150:: INFO - Test shape        : (1970, 250) (1970, 2)
2020-05-04 04:31:35,150:: INFO - Spliting data concluded
2020-05-04 04:32:42,405:: INFO - Model built.
2020-05-04 04:32:46,130:: INFO - loss:0.5989108085632324
2020-05-04 04:32:46,130:: INFO - tp:1821.0
2020-05-04 04:32:46,130:: INFO - fp:149.0
2020-05-04 04:32:46,130:: INFO - tn:1821.0
2020-05-04 04:32:46,130:: INFO - fn:149.0
2020-05-04 04:32:46,130:: INFO - accuracy:0.9243654608726501
2020-05-04 04:32:46,130:: INFO - precision:0.9243654608726501
2020-05-04 04:32:46,130:: INFO - recall:0.9243654608726501
2020-05-04 04:32:46,130:: INFO - auc:0.9278818368911743
2020-05-04 04:32:46,142:: INFO - balanced accuracy : 0.5
2020-05-04 04:32:46,142:: INFO - Model evaluated.
2020-05-04 04:32:47,114:: INFO - Metric: val_accuracy
2020-05-04 04:32:47,114:: INFO - Data tokenized using 300 terms
2020-05-04 04:32:47,114:: INFO - Shape of data tensor : (9846, 300)
2020-05-04 04:32:47,114:: INFO - Shape of label tensor: (9846, 2)
2020-05-04 04:32:47,114:: INFO - Data pre-processed
2020-05-04 04:32:47,114:: INFO - Spliting data started
2020-05-04 04:32:47,120:: INFO - Training shape    : (6300, 300) (6300, 2)
2020-05-04 04:32:47,120:: INFO - Validation shape  : (1576, 300) (1576, 2)
2020-05-04 04:32:47,121:: INFO - Test shape        : (1970, 300) (1970, 2)
2020-05-04 04:32:47,121:: INFO - Spliting data concluded
2020-05-04 04:34:06,511:: INFO - Model built.
2020-05-04 04:34:10,898:: INFO - loss:0.5699368715286255
2020-05-04 04:34:10,898:: INFO - tp:1821.0
2020-05-04 04:34:10,898:: INFO - fp:149.0
2020-05-04 04:34:10,899:: INFO - tn:1821.0
2020-05-04 04:34:10,899:: INFO - fn:149.0
2020-05-04 04:34:10,899:: INFO - accuracy:0.9243654608726501
2020-05-04 04:34:10,899:: INFO - precision:0.9243654608726501
2020-05-04 04:34:10,899:: INFO - recall:0.9243654608726501
2020-05-04 04:34:10,899:: INFO - auc:0.9301398992538452
2020-05-04 04:34:10,917:: INFO - balanced accuracy : 0.5
2020-05-04 04:34:10,917:: INFO - Model evaluated.
2020-05-04 04:34:11,897:: INFO - Metric: val_auc
2020-05-04 04:34:11,897:: INFO - Data tokenized using 300 terms
2020-05-04 04:34:11,897:: INFO - Shape of data tensor : (9846, 300)
2020-05-04 04:34:11,897:: INFO - Shape of label tensor: (9846, 2)
2020-05-04 04:34:11,897:: INFO - Data pre-processed
2020-05-04 04:34:11,897:: INFO - Spliting data started
2020-05-04 04:34:11,903:: INFO - Training shape    : (6300, 300) (6300, 2)
2020-05-04 04:34:11,903:: INFO - Validation shape  : (1576, 300) (1576, 2)
2020-05-04 04:34:11,903:: INFO - Test shape        : (1970, 300) (1970, 2)
2020-05-04 04:34:11,903:: INFO - Spliting data concluded
2020-05-04 04:37:12,320:: INFO - Model built.
2020-05-04 04:37:16,707:: INFO - loss:0.289079487323761
2020-05-04 04:37:16,707:: INFO - tp:1819.0
2020-05-04 04:37:16,708:: INFO - fp:149.0
2020-05-04 04:37:16,708:: INFO - tn:1821.0
2020-05-04 04:37:16,708:: INFO - fn:151.0
2020-05-04 04:37:16,708:: INFO - accuracy:0.9238578677177429
2020-05-04 04:37:16,708:: INFO - precision:0.9242886304855347
2020-05-04 04:37:16,708:: INFO - recall:0.9233502745628357
2020-05-04 04:37:16,708:: INFO - auc:0.9329385161399841
2020-05-04 04:37:16,724:: INFO - balanced accuracy : 0.499725425590335
2020-05-04 04:37:16,724:: INFO - Model evaluated.
2020-05-04 04:37:16,734:: INFO - Starting prediction using feature short_description
2020-05-04 04:37:16,734:: INFO - Threshold: 8
2020-05-04 04:37:16,846:: INFO - Bug reports file read
2020-05-04 04:37:16,847:: INFO - Reports - Total: 10000 Positive: 4969 (49.69% of total)
2020-05-04 04:37:17,874:: INFO - Bug reports short_description cleaned.
