2020-05-09 20:27:17,200:: INFO - Setup completed
2020-05-09 20:27:17,200:: INFO - Starting prediction using feature long_description
2020-05-09 20:27:17,200:: INFO - Threshold: 8
2020-05-09 20:27:17,282:: INFO - Bug reports train file read: /home/lgomes/experiments/datasets/20190917_eclipse_bug_report_8_train_data.csv
2020-05-09 20:27:17,282:: INFO - Bug reports test file read: /home/lgomes/experiments/datasets/20190917_eclipse_bug_report_8_test_data.csv
2020-05-09 20:27:17,282:: INFO - Reports in train - Total: 7334 Positive: 3659 (49.89% of total)
2020-05-09 20:27:17,283:: INFO - Reports in test - Total: 2444 Positive: 1219 (49.88% of total)
2020-05-09 20:27:19,069:: INFO - Bug reports long_description cleaned.
2020-05-09 20:27:19,069:: INFO - Metric: val_accuracy
2020-05-09 20:27:19,718:: INFO - Data tokenized using 100 terms
2020-05-09 20:27:19,718:: INFO - Shape of train data tensor : (7334, 100)
2020-05-09 20:27:19,718:: INFO - Shape of train label tensor: (7334,)
2020-05-09 20:27:19,925:: INFO - Shape of test data tensor : (2444, 100)
2020-05-09 20:27:19,925:: INFO - Shape of test label tensor: (2444,)
2020-05-09 20:27:19,928:: INFO - Spliting data started
2020-05-09 20:27:21,451:: INFO - Training shape    : X=(6624, 100) y=(6624, 2)
2020-05-09 20:27:21,452:: INFO - Training shape    : Class 0=3312 Class 1=3312
2020-05-09 20:27:21,452:: INFO - Validation shape  : X=(734, 100) y=(734, 2)
2020-05-09 20:27:21,452:: INFO - Validation shape  : Class 0=363 Class 1=371
2020-05-09 20:27:21,452:: INFO - Test shape    : X=(2444, 100) y=(2444, 2)
2020-05-09 20:27:21,452:: INFO - Test shape    : Class 0=1225 Class 1=1219
2020-05-09 20:27:21,452:: INFO - Spliting data concluded
2020-05-09 20:28:11,874:: INFO - Model built.
2020-05-09 20:28:11,875:: WARNING - From /home/lgomes/experiments/long-lived-bug-prediction-w-dnn.py:291: Sequential.predict_classes (from tensorflow.python.keras.engine.sequential) is deprecated and will be removed after 2021-01-01.
Instructions for updating:
Please use instead:* `np.argmax(model.predict(x), axis=-1)`,   if your model does multi-class classification   (e.g. if it uses a `softmax` last-layer activation).* `(model.predict(x) > 0.5).astype("int32")`,   if your model does binary classification   (e.g. if it uses a `sigmoid` last-layer activation).
2020-05-09 20:28:13,782:: INFO - loss:0.6938055157661438
2020-05-09 20:28:13,782:: INFO - tp:1287.0
2020-05-09 20:28:13,783:: INFO - fp:1131.0
2020-05-09 20:28:13,783:: INFO - tn:1313.0
2020-05-09 20:28:13,783:: INFO - fn:1157.0
2020-05-09 20:28:13,783:: INFO - accuracy:0.5319148898124695
2020-05-09 20:28:13,783:: INFO - precision:0.5322580933570862
2020-05-09 20:28:13,783:: INFO - recall:0.5265957713127136
2020-05-09 20:28:13,783:: INFO - auc:0.5359813570976257
2020-05-09 20:28:13,804:: INFO - balanced accuracy : 0.5312568013259447
2020-05-09 20:28:13,804:: INFO - Model evaluated.
2020-05-09 20:28:13,819:: INFO - Metric: val_accuracy
2020-05-09 20:28:14,476:: INFO - Data tokenized using 150 terms
2020-05-09 20:28:14,476:: INFO - Shape of train data tensor : (7334, 150)
2020-05-09 20:28:14,476:: INFO - Shape of train label tensor: (7334,)
2020-05-09 20:28:14,676:: INFO - Shape of test data tensor : (2444, 150)
2020-05-09 20:28:14,676:: INFO - Shape of test label tensor: (2444,)
2020-05-09 20:28:14,678:: INFO - Spliting data started
2020-05-09 20:28:16,910:: INFO - Training shape    : X=(6624, 150) y=(6624, 2)
2020-05-09 20:28:16,911:: INFO - Training shape    : Class 0=3312 Class 1=3312
2020-05-09 20:28:16,911:: INFO - Validation shape  : X=(734, 150) y=(734, 2)
2020-05-09 20:28:16,911:: INFO - Validation shape  : Class 0=363 Class 1=371
2020-05-09 20:28:16,911:: INFO - Test shape    : X=(2444, 150) y=(2444, 2)
2020-05-09 20:28:16,912:: INFO - Test shape    : Class 0=1225 Class 1=1219
2020-05-09 20:28:16,912:: INFO - Spliting data concluded
2020-05-09 20:29:29,694:: INFO - Model built.
2020-05-09 20:29:32,311:: INFO - loss:0.6921479105949402
2020-05-09 20:29:32,311:: INFO - tp:1298.0
2020-05-09 20:29:32,311:: INFO - fp:1151.0
2020-05-09 20:29:32,311:: INFO - tn:1293.0
2020-05-09 20:29:32,312:: INFO - fn:1146.0
2020-05-09 20:29:32,312:: INFO - accuracy:0.5300736427307129
2020-05-09 20:29:32,312:: INFO - precision:0.5300122499465942
2020-05-09 20:29:32,312:: INFO - recall:0.5310965776443481
2020-05-09 20:29:32,312:: INFO - auc:0.5449613332748413
2020-05-09 20:29:32,332:: INFO - balanced accuracy : 0.5305228440843113
2020-05-09 20:29:32,332:: INFO - Model evaluated.
2020-05-09 20:29:32,342:: INFO - Metric: val_accuracy
2020-05-09 20:29:33,009:: INFO - Data tokenized using 200 terms
2020-05-09 20:29:33,009:: INFO - Shape of train data tensor : (7334, 200)
2020-05-09 20:29:33,009:: INFO - Shape of train label tensor: (7334,)
2020-05-09 20:29:33,217:: INFO - Shape of test data tensor : (2444, 200)
2020-05-09 20:29:33,217:: INFO - Shape of test label tensor: (2444,)
2020-05-09 20:29:33,219:: INFO - Spliting data started
2020-05-09 20:29:36,344:: INFO - Training shape    : X=(6624, 200) y=(6624, 2)
2020-05-09 20:29:36,344:: INFO - Training shape    : Class 0=3312 Class 1=3312
2020-05-09 20:29:36,344:: INFO - Validation shape  : X=(734, 200) y=(734, 2)
2020-05-09 20:29:36,344:: INFO - Validation shape  : Class 0=363 Class 1=371
2020-05-09 20:29:36,344:: INFO - Test shape    : X=(2444, 200) y=(2444, 2)
2020-05-09 20:29:36,344:: INFO - Test shape    : Class 0=1225 Class 1=1219
2020-05-09 20:29:36,344:: INFO - Spliting data concluded
2020-05-09 20:31:11,991:: INFO - Model built.
2020-05-09 20:31:15,460:: INFO - loss:0.6925622820854187
2020-05-09 20:31:15,460:: INFO - tp:1303.0
2020-05-09 20:31:15,460:: INFO - fp:1176.0
2020-05-09 20:31:15,460:: INFO - tn:1268.0
2020-05-09 20:31:15,460:: INFO - fn:1141.0
2020-05-09 20:31:15,461:: INFO - accuracy:0.5259820222854614
2020-05-09 20:31:15,461:: INFO - precision:0.5256151556968689
2020-05-09 20:31:15,461:: INFO - recall:0.5331423878669739
2020-05-09 20:31:15,461:: INFO - auc:0.546789824962616
2020-05-09 20:31:15,481:: INFO - balanced accuracy : 0.525701227168472
2020-05-09 20:31:15,481:: INFO - Model evaluated.
2020-05-09 20:31:15,491:: INFO - Metric: val_accuracy
2020-05-09 20:31:16,159:: INFO - Data tokenized using 250 terms
2020-05-09 20:31:16,159:: INFO - Shape of train data tensor : (7334, 250)
2020-05-09 20:31:16,159:: INFO - Shape of train label tensor: (7334,)
2020-05-09 20:31:16,363:: INFO - Shape of test data tensor : (2444, 250)
2020-05-09 20:31:16,363:: INFO - Shape of test label tensor: (2444,)
2020-05-09 20:31:16,366:: INFO - Spliting data started
2020-05-09 20:31:20,193:: INFO - Training shape    : X=(6624, 250) y=(6624, 2)
2020-05-09 20:31:20,194:: INFO - Training shape    : Class 0=3312 Class 1=3312
2020-05-09 20:31:20,194:: INFO - Validation shape  : X=(734, 250) y=(734, 2)
2020-05-09 20:31:20,194:: INFO - Validation shape  : Class 0=363 Class 1=371
2020-05-09 20:31:20,194:: INFO - Test shape    : X=(2444, 250) y=(2444, 2)
2020-05-09 20:31:20,194:: INFO - Test shape    : Class 0=1225 Class 1=1219
2020-05-09 20:31:20,194:: INFO - Spliting data concluded
2020-05-09 20:32:48,066:: INFO - Model built.
2020-05-09 20:32:52,223:: INFO - loss:0.6894908547401428
2020-05-09 20:32:52,223:: INFO - tp:1323.0
2020-05-09 20:32:52,223:: INFO - fp:1103.0
2020-05-09 20:32:52,223:: INFO - tn:1341.0
2020-05-09 20:32:52,224:: INFO - fn:1121.0
2020-05-09 20:32:52,224:: INFO - accuracy:0.5450081825256348
2020-05-09 20:32:52,224:: INFO - precision:0.5453421473503113
2020-05-09 20:32:52,224:: INFO - recall:0.5413256883621216
2020-05-09 20:32:52,224:: INFO - auc:0.5519608855247498
2020-05-09 20:32:52,244:: INFO - balanced accuracy : 0.5454437394317858
2020-05-09 20:32:52,244:: INFO - Model evaluated.
2020-05-09 20:32:52,255:: INFO - Metric: val_accuracy
2020-05-09 20:32:52,926:: INFO - Data tokenized using 300 terms
2020-05-09 20:32:52,926:: INFO - Shape of train data tensor : (7334, 300)
2020-05-09 20:32:52,926:: INFO - Shape of train label tensor: (7334,)
2020-05-09 20:32:53,142:: INFO - Shape of test data tensor : (2444, 300)
2020-05-09 20:32:53,142:: INFO - Shape of test label tensor: (2444,)
2020-05-09 20:32:53,145:: INFO - Spliting data started
2020-05-09 20:32:57,694:: INFO - Training shape    : X=(6624, 300) y=(6624, 2)
2020-05-09 20:32:57,695:: INFO - Training shape    : Class 0=3312 Class 1=3312
2020-05-09 20:32:57,695:: INFO - Validation shape  : X=(734, 300) y=(734, 2)
2020-05-09 20:32:57,695:: INFO - Validation shape  : Class 0=363 Class 1=371
2020-05-09 20:32:57,695:: INFO - Test shape    : X=(2444, 300) y=(2444, 2)
2020-05-09 20:32:57,695:: INFO - Test shape    : Class 0=1225 Class 1=1219
2020-05-09 20:32:57,695:: INFO - Spliting data concluded
2020-05-09 20:34:44,848:: INFO - Model built.
2020-05-09 20:34:49,806:: INFO - loss:0.6917654871940613
2020-05-09 20:34:49,807:: INFO - tp:1313.0
2020-05-09 20:34:49,807:: INFO - fp:1122.0
2020-05-09 20:34:49,807:: INFO - tn:1322.0
2020-05-09 20:34:49,807:: INFO - fn:1131.0
2020-05-09 20:34:49,807:: INFO - accuracy:0.5390753149986267
2020-05-09 20:34:49,807:: INFO - precision:0.5392197370529175
2020-05-09 20:34:49,807:: INFO - recall:0.5372340679168701
2020-05-09 20:34:49,807:: INFO - auc:0.5467576384544373
2020-05-09 20:34:49,827:: INFO - balanced accuracy : 0.5384045135691684
2020-05-09 20:34:49,827:: INFO - Model evaluated.
2020-05-09 20:34:49,837:: INFO - Threshold: 63
2020-05-09 20:34:49,920:: INFO - Bug reports train file read: /home/lgomes/experiments/datasets/20190917_eclipse_bug_report_63_train_data.csv
2020-05-09 20:34:49,920:: INFO - Bug reports test file read: /home/lgomes/experiments/datasets/20190917_eclipse_bug_report_63_test_data.csv
2020-05-09 20:34:49,921:: INFO - Reports in train - Total: 7334 Positive: 1833 (24.99% of total)
2020-05-09 20:34:49,921:: INFO - Reports in test - Total: 2444 Positive: 611 (25.00% of total)
2020-05-09 20:34:51,664:: INFO - Bug reports long_description cleaned.
2020-05-09 20:34:51,664:: INFO - Metric: val_accuracy
2020-05-09 20:34:52,272:: INFO - Data tokenized using 100 terms
2020-05-09 20:34:52,272:: INFO - Shape of train data tensor : (7334, 100)
2020-05-09 20:34:52,272:: INFO - Shape of train label tensor: (7334,)
2020-05-09 20:34:52,481:: INFO - Shape of test data tensor : (2444, 100)
2020-05-09 20:34:52,481:: INFO - Shape of test label tensor: (2444,)
2020-05-09 20:34:52,483:: INFO - Spliting data started
2020-05-09 20:34:52,874:: INFO - Training shape    : X=(9882, 100) y=(9882, 2)
2020-05-09 20:34:52,874:: INFO - Training shape    : Class 0=4941 Class 1=4941
2020-05-09 20:34:52,874:: INFO - Validation shape  : X=(734, 100) y=(734, 2)
2020-05-09 20:34:52,874:: INFO - Validation shape  : Class 0=560 Class 1=174
2020-05-09 20:34:52,874:: INFO - Test shape    : X=(2444, 100) y=(2444, 2)
2020-05-09 20:34:52,874:: INFO - Test shape    : Class 0=1833 Class 1=611
2020-05-09 20:34:52,875:: INFO - Spliting data concluded
2020-05-09 20:36:14,505:: INFO - Model built.
2020-05-09 20:36:16,671:: INFO - loss:1.4133073091506958
2020-05-09 20:36:16,671:: INFO - tp:1206.0
2020-05-09 20:36:16,671:: INFO - fp:1231.0
2020-05-09 20:36:16,671:: INFO - tn:1213.0
2020-05-09 20:36:16,671:: INFO - fn:1238.0
2020-05-09 20:36:16,671:: INFO - accuracy:0.4948854446411133
2020-05-09 20:36:16,671:: INFO - precision:0.49487075209617615
2020-05-09 20:36:16,672:: INFO - recall:0.49345335364341736
2020-05-09 20:36:16,672:: INFO - auc:0.401162326335907
2020-05-09 20:36:16,693:: INFO - balanced accuracy : 0.5220949263502455
2020-05-09 20:36:16,693:: INFO - Model evaluated.
2020-05-09 20:36:16,704:: INFO - Metric: val_accuracy
2020-05-09 20:36:17,361:: INFO - Data tokenized using 150 terms
2020-05-09 20:36:17,361:: INFO - Shape of train data tensor : (7334, 150)
2020-05-09 20:36:17,361:: INFO - Shape of train label tensor: (7334,)
2020-05-09 20:36:17,571:: INFO - Shape of test data tensor : (2444, 150)
2020-05-09 20:36:17,572:: INFO - Shape of test label tensor: (2444,)
2020-05-09 20:36:17,574:: INFO - Spliting data started
2020-05-09 20:36:18,187:: INFO - Training shape    : X=(9882, 150) y=(9882, 2)
2020-05-09 20:36:18,187:: INFO - Training shape    : Class 0=4941 Class 1=4941
2020-05-09 20:36:18,187:: INFO - Validation shape  : X=(734, 150) y=(734, 2)
2020-05-09 20:36:18,187:: INFO - Validation shape  : Class 0=560 Class 1=174
2020-05-09 20:36:18,187:: INFO - Test shape    : X=(2444, 150) y=(2444, 2)
2020-05-09 20:36:18,187:: INFO - Test shape    : Class 0=1833 Class 1=611
2020-05-09 20:36:18,187:: INFO - Spliting data concluded
2020-05-09 20:38:17,875:: INFO - Model built.
2020-05-09 20:38:21,004:: INFO - loss:1.6289143562316895
2020-05-09 20:38:21,004:: INFO - tp:1130.0
2020-05-09 20:38:21,004:: INFO - fp:1314.0
2020-05-09 20:38:21,004:: INFO - tn:1130.0
2020-05-09 20:38:21,004:: INFO - fn:1314.0
2020-05-09 20:38:21,004:: INFO - accuracy:0.4623568058013916
2020-05-09 20:38:21,005:: INFO - precision:0.4623568058013916
2020-05-09 20:38:21,005:: INFO - recall:0.4623568058013916
2020-05-09 20:38:21,005:: INFO - auc:0.36817869544029236
2020-05-09 20:38:21,024:: INFO - balanced accuracy : 0.5250954719039825
2020-05-09 20:38:21,024:: INFO - Model evaluated.
2020-05-09 20:38:21,035:: INFO - Metric: val_accuracy
2020-05-09 20:38:21,676:: INFO - Data tokenized using 200 terms
2020-05-09 20:38:21,676:: INFO - Shape of train data tensor : (7334, 200)
2020-05-09 20:38:21,676:: INFO - Shape of train label tensor: (7334,)
2020-05-09 20:38:21,888:: INFO - Shape of test data tensor : (2444, 200)
2020-05-09 20:38:21,888:: INFO - Shape of test label tensor: (2444,)
2020-05-09 20:38:21,891:: INFO - Spliting data started
2020-05-09 20:38:22,693:: INFO - Training shape    : X=(9882, 200) y=(9882, 2)
2020-05-09 20:38:22,694:: INFO - Training shape    : Class 0=4941 Class 1=4941
2020-05-09 20:38:22,694:: INFO - Validation shape  : X=(734, 200) y=(734, 2)
2020-05-09 20:38:22,694:: INFO - Validation shape  : Class 0=560 Class 1=174
2020-05-09 20:38:22,694:: INFO - Test shape    : X=(2444, 200) y=(2444, 2)
2020-05-09 20:38:22,694:: INFO - Test shape    : Class 0=1833 Class 1=611
2020-05-09 20:38:22,694:: INFO - Spliting data concluded
2020-05-09 20:40:48,593:: INFO - Model built.
2020-05-09 20:40:52,883:: INFO - loss:1.5746079683303833
2020-05-09 20:40:52,884:: INFO - tp:1105.0
2020-05-09 20:40:52,884:: INFO - fp:1340.0
2020-05-09 20:40:52,884:: INFO - tn:1104.0
2020-05-09 20:40:52,884:: INFO - fn:1339.0
2020-05-09 20:40:52,884:: INFO - accuracy:0.45192307233810425
2020-05-09 20:40:52,884:: INFO - precision:0.4519427418708801
2020-05-09 20:40:52,884:: INFO - recall:0.4521276652812958
2020-05-09 20:40:52,885:: INFO - auc:0.35566017031669617
2020-05-09 20:40:52,906:: INFO - balanced accuracy : 0.5289143480632842
2020-05-09 20:40:52,906:: INFO - Model evaluated.
2020-05-09 20:40:52,917:: INFO - Metric: val_accuracy
2020-05-09 20:40:53,569:: INFO - Data tokenized using 250 terms
2020-05-09 20:40:53,569:: INFO - Shape of train data tensor : (7334, 250)
2020-05-09 20:40:53,569:: INFO - Shape of train label tensor: (7334,)
2020-05-09 20:40:53,782:: INFO - Shape of test data tensor : (2444, 250)
2020-05-09 20:40:53,782:: INFO - Shape of test label tensor: (2444,)
2020-05-09 20:40:53,785:: INFO - Spliting data started
2020-05-09 20:40:54,789:: INFO - Training shape    : X=(9882, 250) y=(9882, 2)
2020-05-09 20:40:54,789:: INFO - Training shape    : Class 0=4941 Class 1=4941
2020-05-09 20:40:54,789:: INFO - Validation shape  : X=(734, 250) y=(734, 2)
2020-05-09 20:40:54,789:: INFO - Validation shape  : Class 0=560 Class 1=174
2020-05-09 20:40:54,789:: INFO - Test shape    : X=(2444, 250) y=(2444, 2)
2020-05-09 20:40:54,789:: INFO - Test shape    : Class 0=1833 Class 1=611
2020-05-09 20:40:54,789:: INFO - Spliting data concluded
2020-05-09 20:42:30,368:: INFO - Model built.
2020-05-09 20:42:35,627:: INFO - loss:0.6764907836914062
2020-05-09 20:42:35,627:: INFO - tp:1520.0
2020-05-09 20:42:35,628:: INFO - fp:671.0
2020-05-09 20:42:35,628:: INFO - tn:1773.0
2020-05-09 20:42:35,628:: INFO - fn:924.0
2020-05-09 20:42:35,628:: INFO - accuracy:0.673690676689148
2020-05-09 20:42:35,628:: INFO - precision:0.6937471628189087
2020-05-09 20:42:35,628:: INFO - recall:0.621931254863739
2020-05-09 20:42:35,629:: INFO - auc:0.7418121099472046
2020-05-09 20:42:35,650:: INFO - balanced accuracy : 0.5196399345335516
2020-05-09 20:42:35,650:: INFO - Model evaluated.
2020-05-09 20:42:35,661:: INFO - Metric: val_accuracy
2020-05-09 20:42:36,327:: INFO - Data tokenized using 300 terms
2020-05-09 20:42:36,327:: INFO - Shape of train data tensor : (7334, 300)
2020-05-09 20:42:36,327:: INFO - Shape of train label tensor: (7334,)
2020-05-09 20:42:36,551:: INFO - Shape of test data tensor : (2444, 300)
2020-05-09 20:42:36,551:: INFO - Shape of test label tensor: (2444,)
2020-05-09 20:42:36,554:: INFO - Spliting data started
2020-05-09 20:42:37,846:: INFO - Training shape    : X=(9882, 300) y=(9882, 2)
2020-05-09 20:42:37,846:: INFO - Training shape    : Class 0=4941 Class 1=4941
2020-05-09 20:42:37,846:: INFO - Validation shape  : X=(734, 300) y=(734, 2)
2020-05-09 20:42:37,847:: INFO - Validation shape  : Class 0=560 Class 1=174
2020-05-09 20:42:37,847:: INFO - Test shape    : X=(2444, 300) y=(2444, 2)
2020-05-09 20:42:37,847:: INFO - Test shape    : Class 0=1833 Class 1=611
2020-05-09 20:42:37,847:: INFO - Spliting data concluded
2020-05-09 20:46:52,512:: INFO - Model built.
2020-05-09 20:46:58,663:: INFO - loss:1.8567562103271484
2020-05-09 20:46:58,663:: INFO - tp:1092.0
2020-05-09 20:46:58,663:: INFO - fp:1361.0
2020-05-09 20:46:58,663:: INFO - tn:1083.0
2020-05-09 20:46:58,663:: INFO - fn:1352.0
2020-05-09 20:46:58,663:: INFO - accuracy:0.44496726989746094
2020-05-09 20:46:58,664:: INFO - precision:0.4451691806316376
2020-05-09 20:46:58,664:: INFO - recall:0.44680851697921753
2020-05-09 20:46:58,664:: INFO - auc:0.3496190309524536
2020-05-09 20:46:58,684:: INFO - balanced accuracy : 0.5313693398799781
2020-05-09 20:46:58,684:: INFO - Model evaluated.
2020-05-09 20:46:58,695:: INFO - Threshold: 108
2020-05-09 20:46:58,780:: INFO - Bug reports train file read: /home/lgomes/experiments/datasets/20190917_eclipse_bug_report_108_train_data.csv
2020-05-09 20:46:58,781:: INFO - Bug reports test file read: /home/lgomes/experiments/datasets/20190917_eclipse_bug_report_108_test_data.csv
2020-05-09 20:46:58,781:: INFO - Reports in train - Total: 7334 Positive: 1395 (19.02% of total)
2020-05-09 20:46:58,781:: INFO - Reports in test - Total: 2444 Positive: 465 (19.03% of total)
2020-05-09 20:47:00,603:: INFO - Bug reports long_description cleaned.
2020-05-09 20:47:00,603:: INFO - Metric: val_accuracy
2020-05-09 20:47:01,242:: INFO - Data tokenized using 100 terms
2020-05-09 20:47:01,242:: INFO - Shape of train data tensor : (7334, 100)
2020-05-09 20:47:01,242:: INFO - Shape of train label tensor: (7334,)
2020-05-09 20:47:01,456:: INFO - Shape of test data tensor : (2444, 100)
2020-05-09 20:47:01,456:: INFO - Shape of test label tensor: (2444,)
2020-05-09 20:47:01,458:: INFO - Spliting data started
2020-05-09 20:47:01,718:: INFO - Training shape    : X=(10666, 100) y=(10666, 2)
2020-05-09 20:47:01,718:: INFO - Training shape    : Class 0=5333 Class 1=5333
2020-05-09 20:47:01,718:: INFO - Validation shape  : X=(734, 100) y=(734, 2)
2020-05-09 20:47:01,718:: INFO - Validation shape  : Class 0=606 Class 1=128
2020-05-09 20:47:01,718:: INFO - Test shape    : X=(2444, 100) y=(2444, 2)
2020-05-09 20:47:01,718:: INFO - Test shape    : Class 0=1979 Class 1=465
2020-05-09 20:47:01,718:: INFO - Spliting data concluded
2020-05-09 20:48:23,502:: INFO - Model built.
2020-05-09 20:48:25,771:: INFO - loss:1.5261191129684448
2020-05-09 20:48:25,772:: INFO - tp:1180.0
2020-05-09 20:48:25,772:: INFO - fp:1278.0
2020-05-09 20:48:25,772:: INFO - tn:1166.0
2020-05-09 20:48:25,772:: INFO - fn:1264.0
2020-05-09 20:48:25,772:: INFO - accuracy:0.4799509048461914
2020-05-09 20:48:25,772:: INFO - precision:0.48006510734558105
2020-05-09 20:48:25,772:: INFO - recall:0.48281505703926086
2020-05-09 20:48:25,772:: INFO - auc:0.3707355558872223
2020-05-09 20:48:25,792:: INFO - balanced accuracy : 0.5181507984373557
2020-05-09 20:48:25,792:: INFO - Model evaluated.
2020-05-09 20:48:25,803:: INFO - Metric: val_accuracy
2020-05-09 20:48:26,450:: INFO - Data tokenized using 150 terms
2020-05-09 20:48:26,451:: INFO - Shape of train data tensor : (7334, 150)
2020-05-09 20:48:26,451:: INFO - Shape of train label tensor: (7334,)
2020-05-09 20:48:26,664:: INFO - Shape of test data tensor : (2444, 150)
2020-05-09 20:48:26,664:: INFO - Shape of test label tensor: (2444,)
2020-05-09 20:48:26,666:: INFO - Spliting data started
2020-05-09 20:48:27,078:: INFO - Training shape    : X=(10666, 150) y=(10666, 2)
2020-05-09 20:48:27,078:: INFO - Training shape    : Class 0=5333 Class 1=5333
2020-05-09 20:48:27,078:: INFO - Validation shape  : X=(734, 150) y=(734, 2)
2020-05-09 20:48:27,078:: INFO - Validation shape  : Class 0=606 Class 1=128
2020-05-09 20:48:27,079:: INFO - Test shape    : X=(2444, 150) y=(2444, 2)
2020-05-09 20:48:27,079:: INFO - Test shape    : Class 0=1979 Class 1=465
2020-05-09 20:48:27,079:: INFO - Spliting data concluded
2020-05-09 20:51:25,658:: INFO - Model built.
2020-05-09 20:51:28,889:: INFO - loss:2.5761871337890625
2020-05-09 20:51:28,890:: INFO - tp:1015.0
2020-05-09 20:51:28,890:: INFO - fp:1428.0
2020-05-09 20:51:28,890:: INFO - tn:1016.0
2020-05-09 20:51:28,890:: INFO - fn:1429.0
2020-05-09 20:51:28,890:: INFO - accuracy:0.41550737619400024
2020-05-09 20:51:28,890:: INFO - precision:0.41547277569770813
2020-05-09 20:51:28,890:: INFO - recall:0.4153027832508087
2020-05-09 20:51:28,890:: INFO - auc:0.303056538105011
2020-05-09 20:51:28,911:: INFO - balanced accuracy : 0.5232228724184583
2020-05-09 20:51:28,911:: INFO - Model evaluated.
2020-05-09 20:51:28,922:: INFO - Metric: val_accuracy
2020-05-09 20:51:29,569:: INFO - Data tokenized using 200 terms
2020-05-09 20:51:29,569:: INFO - Shape of train data tensor : (7334, 200)
2020-05-09 20:51:29,569:: INFO - Shape of train label tensor: (7334,)
2020-05-09 20:51:29,773:: INFO - Shape of test data tensor : (2444, 200)
2020-05-09 20:51:29,774:: INFO - Shape of test label tensor: (2444,)
2020-05-09 20:51:29,776:: INFO - Spliting data started
2020-05-09 20:51:30,302:: INFO - Training shape    : X=(10666, 200) y=(10666, 2)
2020-05-09 20:51:30,303:: INFO - Training shape    : Class 0=5333 Class 1=5333
2020-05-09 20:51:30,303:: INFO - Validation shape  : X=(734, 200) y=(734, 2)
2020-05-09 20:51:30,303:: INFO - Validation shape  : Class 0=606 Class 1=128
2020-05-09 20:51:30,303:: INFO - Test shape    : X=(2444, 200) y=(2444, 2)
2020-05-09 20:51:30,303:: INFO - Test shape    : Class 0=1979 Class 1=465
2020-05-09 20:51:30,303:: INFO - Spliting data concluded
2020-05-09 20:54:19,462:: INFO - Model built.
2020-05-09 20:54:23,989:: INFO - loss:2.1301400661468506
2020-05-09 20:54:23,989:: INFO - tp:1036.0
2020-05-09 20:54:23,989:: INFO - fp:1407.0
2020-05-09 20:54:23,989:: INFO - tn:1037.0
2020-05-09 20:54:23,989:: INFO - fn:1408.0
2020-05-09 20:54:23,990:: INFO - accuracy:0.4240998327732086
2020-05-09 20:54:23,990:: INFO - precision:0.42406877875328064
2020-05-09 20:54:23,990:: INFO - recall:0.4238952398300171
2020-05-09 20:54:23,990:: INFO - auc:0.301116943359375
2020-05-09 20:54:24,010:: INFO - balanced accuracy : 0.5333996207490478
2020-05-09 20:54:24,010:: INFO - Model evaluated.
2020-05-09 20:54:24,020:: INFO - Metric: val_accuracy
2020-05-09 20:54:24,665:: INFO - Data tokenized using 250 terms
2020-05-09 20:54:24,665:: INFO - Shape of train data tensor : (7334, 250)
2020-05-09 20:54:24,665:: INFO - Shape of train label tensor: (7334,)
2020-05-09 20:54:24,872:: INFO - Shape of test data tensor : (2444, 250)
2020-05-09 20:54:24,872:: INFO - Shape of test label tensor: (2444,)
2020-05-09 20:54:24,875:: INFO - Spliting data started
2020-05-09 20:54:25,540:: INFO - Training shape    : X=(10666, 250) y=(10666, 2)
2020-05-09 20:54:25,540:: INFO - Training shape    : Class 0=5333 Class 1=5333
2020-05-09 20:54:25,540:: INFO - Validation shape  : X=(734, 250) y=(734, 2)
2020-05-09 20:54:25,540:: INFO - Validation shape  : Class 0=606 Class 1=128
2020-05-09 20:54:25,540:: INFO - Test shape    : X=(2444, 250) y=(2444, 2)
2020-05-09 20:54:25,541:: INFO - Test shape    : Class 0=1979 Class 1=465
2020-05-09 20:54:25,541:: INFO - Spliting data concluded
2020-05-09 20:57:13,732:: INFO - Model built.
2020-05-09 20:57:19,231:: INFO - loss:1.8188775777816772
2020-05-09 20:57:19,231:: INFO - tp:1034.0
2020-05-09 20:57:19,231:: INFO - fp:1410.0
2020-05-09 20:57:19,232:: INFO - tn:1034.0
2020-05-09 20:57:19,232:: INFO - fn:1410.0
2020-05-09 20:57:19,232:: INFO - accuracy:0.42307692766189575
2020-05-09 20:57:19,232:: INFO - precision:0.42307692766189575
2020-05-09 20:57:19,232:: INFO - recall:0.42307692766189575
2020-05-09 20:57:19,232:: INFO - auc:0.30697351694107056
2020-05-09 20:57:19,252:: INFO - balanced accuracy : 0.5420077480208859
2020-05-09 20:57:19,252:: INFO - Model evaluated.
2020-05-09 20:57:19,263:: INFO - Metric: val_accuracy
2020-05-09 20:57:19,931:: INFO - Data tokenized using 300 terms
2020-05-09 20:57:19,931:: INFO - Shape of train data tensor : (7334, 300)
2020-05-09 20:57:19,931:: INFO - Shape of train label tensor: (7334,)
2020-05-09 20:57:20,151:: INFO - Shape of test data tensor : (2444, 300)
2020-05-09 20:57:20,152:: INFO - Shape of test label tensor: (2444,)
2020-05-09 20:57:20,155:: INFO - Spliting data started
2020-05-09 20:57:20,951:: INFO - Training shape    : X=(10666, 300) y=(10666, 2)
2020-05-09 20:57:20,951:: INFO - Training shape    : Class 0=5333 Class 1=5333
2020-05-09 20:57:20,951:: INFO - Validation shape  : X=(734, 300) y=(734, 2)
2020-05-09 20:57:20,951:: INFO - Validation shape  : Class 0=606 Class 1=128
2020-05-09 20:57:20,952:: INFO - Test shape    : X=(2444, 300) y=(2444, 2)
2020-05-09 20:57:20,952:: INFO - Test shape    : Class 0=1979 Class 1=465
2020-05-09 20:57:20,952:: INFO - Spliting data concluded
2020-05-09 21:00:46,108:: INFO - Model built.
2020-05-09 21:00:52,513:: INFO - loss:1.7644809484481812
2020-05-09 21:00:52,514:: INFO - tp:1015.0
2020-05-09 21:00:52,514:: INFO - fp:1429.0
2020-05-09 21:00:52,514:: INFO - tn:1015.0
2020-05-09 21:00:52,514:: INFO - fn:1429.0
2020-05-09 21:00:52,514:: INFO - accuracy:0.4153027832508087
2020-05-09 21:00:52,514:: INFO - precision:0.4153027832508087
2020-05-09 21:00:52,515:: INFO - recall:0.4153027832508087
2020-05-09 21:00:52,515:: INFO - auc:0.30012258887290955
2020-05-09 21:00:52,534:: INFO - balanced accuracy : 0.5320189951479786
2020-05-09 21:00:52,535:: INFO - Model evaluated.
2020-05-09 21:00:52,545:: INFO - Threshold: 365
2020-05-09 21:00:52,630:: INFO - Bug reports train file read: /home/lgomes/experiments/datasets/20190917_eclipse_bug_report_365_train_data.csv
2020-05-09 21:00:52,630:: INFO - Bug reports test file read: /home/lgomes/experiments/datasets/20190917_eclipse_bug_report_365_test_data.csv
2020-05-09 21:00:52,630:: INFO - Reports in train - Total: 7334 Positive: 569 (7.76% of total)
2020-05-09 21:00:52,630:: INFO - Reports in test - Total: 2444 Positive: 189 (7.73% of total)
2020-05-09 21:00:54,403:: INFO - Bug reports long_description cleaned.
2020-05-09 21:00:54,403:: INFO - Metric: val_accuracy
2020-05-09 21:00:55,017:: INFO - Data tokenized using 100 terms
2020-05-09 21:00:55,018:: INFO - Shape of train data tensor : (7334, 100)
2020-05-09 21:00:55,018:: INFO - Shape of train label tensor: (7334,)
2020-05-09 21:00:55,217:: INFO - Shape of test data tensor : (2444, 100)
2020-05-09 21:00:55,217:: INFO - Shape of test label tensor: (2444,)
2020-05-09 21:00:55,219:: INFO - Spliting data started
2020-05-09 21:00:55,272:: INFO - Training shape    : X=(12208, 100) y=(12208, 2)
2020-05-09 21:00:55,272:: INFO - Training shape    : Class 0=6104 Class 1=6104
2020-05-09 21:00:55,272:: INFO - Validation shape  : X=(734, 100) y=(734, 2)
2020-05-09 21:00:55,272:: INFO - Validation shape  : Class 0=661 Class 1=73
2020-05-09 21:00:55,272:: INFO - Test shape    : X=(2444, 100) y=(2444, 2)
2020-05-09 21:00:55,272:: INFO - Test shape    : Class 0=2255 Class 1=189
2020-05-09 21:00:55,272:: INFO - Spliting data concluded
2020-05-09 21:03:43,522:: INFO - Model built.
2020-05-09 21:03:45,981:: INFO - loss:2.692932367324829
2020-05-09 21:03:45,981:: INFO - tp:1066.0
2020-05-09 21:03:45,981:: INFO - fp:1378.0
2020-05-09 21:03:45,981:: INFO - tn:1066.0
2020-05-09 21:03:45,981:: INFO - fn:1378.0
2020-05-09 21:03:45,982:: INFO - accuracy:0.43617022037506104
2020-05-09 21:03:45,982:: INFO - precision:0.43617022037506104
2020-05-09 21:03:45,982:: INFO - recall:0.43617022037506104
2020-05-09 21:03:45,982:: INFO - auc:0.28007739782333374
2020-05-09 21:03:46,003:: INFO - balanced accuracy : 0.5153192787339129
2020-05-09 21:03:46,003:: INFO - Model evaluated.
2020-05-09 21:03:46,014:: INFO - Metric: val_accuracy
2020-05-09 21:03:46,670:: INFO - Data tokenized using 150 terms
2020-05-09 21:03:46,671:: INFO - Shape of train data tensor : (7334, 150)
2020-05-09 21:03:46,671:: INFO - Shape of train label tensor: (7334,)
2020-05-09 21:03:46,872:: INFO - Shape of test data tensor : (2444, 150)
2020-05-09 21:03:46,872:: INFO - Shape of test label tensor: (2444,)
2020-05-09 21:03:46,875:: INFO - Spliting data started
2020-05-09 21:03:46,949:: INFO - Training shape    : X=(12208, 150) y=(12208, 2)
2020-05-09 21:03:46,949:: INFO - Training shape    : Class 0=6104 Class 1=6104
2020-05-09 21:03:46,949:: INFO - Validation shape  : X=(734, 150) y=(734, 2)
2020-05-09 21:03:46,949:: INFO - Validation shape  : Class 0=661 Class 1=73
2020-05-09 21:03:46,949:: INFO - Test shape    : X=(2444, 150) y=(2444, 2)
2020-05-09 21:03:46,950:: INFO - Test shape    : Class 0=2255 Class 1=189
2020-05-09 21:03:46,950:: INFO - Spliting data concluded
2020-05-09 21:05:55,573:: INFO - Model built.
2020-05-09 21:05:59,125:: INFO - loss:1.3223295211791992
2020-05-09 21:05:59,126:: INFO - tp:1239.0
2020-05-09 21:05:59,126:: INFO - fp:1213.0
2020-05-09 21:05:59,126:: INFO - tn:1231.0
2020-05-09 21:05:59,126:: INFO - fn:1205.0
2020-05-09 21:05:59,126:: INFO - accuracy:0.5053191781044006
2020-05-09 21:05:59,126:: INFO - precision:0.5053017735481262
2020-05-09 21:05:59,126:: INFO - recall:0.5069558024406433
2020-05-09 21:05:59,126:: INFO - auc:0.37336015701293945
2020-05-09 21:05:59,148:: INFO - balanced accuracy : 0.5212825115264139
2020-05-09 21:05:59,148:: INFO - Model evaluated.
2020-05-09 21:05:59,159:: INFO - Metric: val_accuracy
2020-05-09 21:05:59,815:: INFO - Data tokenized using 200 terms
2020-05-09 21:05:59,815:: INFO - Shape of train data tensor : (7334, 200)
2020-05-09 21:05:59,815:: INFO - Shape of train label tensor: (7334,)
2020-05-09 21:06:00,025:: INFO - Shape of test data tensor : (2444, 200)
2020-05-09 21:06:00,026:: INFO - Shape of test label tensor: (2444,)
2020-05-09 21:06:00,028:: INFO - Spliting data started
2020-05-09 21:06:00,125:: INFO - Training shape    : X=(12208, 200) y=(12208, 2)
2020-05-09 21:06:00,126:: INFO - Training shape    : Class 0=6104 Class 1=6104
2020-05-09 21:06:00,126:: INFO - Validation shape  : X=(734, 200) y=(734, 2)
2020-05-09 21:06:00,126:: INFO - Validation shape  : Class 0=661 Class 1=73
2020-05-09 21:06:00,126:: INFO - Test shape    : X=(2444, 200) y=(2444, 2)
2020-05-09 21:06:00,126:: INFO - Test shape    : Class 0=2255 Class 1=189
2020-05-09 21:06:00,126:: INFO - Spliting data concluded
2020-05-09 21:09:10,698:: INFO - Model built.
2020-05-09 21:09:15,646:: INFO - loss:2.654343605041504
2020-05-09 21:09:15,647:: INFO - tp:908.0
2020-05-09 21:09:15,647:: INFO - fp:1537.0
2020-05-09 21:09:15,647:: INFO - tn:907.0
2020-05-09 21:09:15,647:: INFO - fn:1536.0
2020-05-09 21:09:15,647:: INFO - accuracy:0.3713175058364868
2020-05-09 21:09:15,647:: INFO - precision:0.3713701367378235
2020-05-09 21:09:15,647:: INFO - recall:0.37152209877967834
2020-05-09 21:09:15,647:: INFO - auc:0.21549592912197113
2020-05-09 21:09:15,668:: INFO - balanced accuracy : 0.5040802918851699
2020-05-09 21:09:15,668:: INFO - Model evaluated.
2020-05-09 21:09:15,678:: INFO - Metric: val_accuracy
2020-05-09 21:09:16,336:: INFO - Data tokenized using 250 terms
2020-05-09 21:09:16,336:: INFO - Shape of train data tensor : (7334, 250)
2020-05-09 21:09:16,336:: INFO - Shape of train label tensor: (7334,)
2020-05-09 21:09:16,547:: INFO - Shape of test data tensor : (2444, 250)
2020-05-09 21:09:16,547:: INFO - Shape of test label tensor: (2444,)
2020-05-09 21:09:16,549:: INFO - Spliting data started
2020-05-09 21:09:16,687:: INFO - Training shape    : X=(12208, 250) y=(12208, 2)
2020-05-09 21:09:16,687:: INFO - Training shape    : Class 0=6104 Class 1=6104
2020-05-09 21:09:16,687:: INFO - Validation shape  : X=(734, 250) y=(734, 2)
2020-05-09 21:09:16,687:: INFO - Validation shape  : Class 0=661 Class 1=73
2020-05-09 21:09:16,687:: INFO - Test shape    : X=(2444, 250) y=(2444, 2)
2020-05-09 21:09:16,687:: INFO - Test shape    : Class 0=2255 Class 1=189
2020-05-09 21:09:16,687:: INFO - Spliting data concluded
2020-05-09 21:14:14,086:: INFO - Model built.
2020-05-09 21:14:20,100:: INFO - loss:2.2815568447113037
2020-05-09 21:14:20,101:: INFO - tp:869.0
2020-05-09 21:14:20,101:: INFO - fp:1576.0
2020-05-09 21:14:20,101:: INFO - tn:868.0
2020-05-09 21:14:20,101:: INFO - fn:1575.0
2020-05-09 21:14:20,101:: INFO - accuracy:0.3553600609302521
2020-05-09 21:14:20,101:: INFO - precision:0.35541921854019165
2020-05-09 21:14:20,101:: INFO - recall:0.3555646538734436
2020-05-09 21:14:20,101:: INFO - auc:0.19420133531093597
2020-05-09 21:14:20,121:: INFO - balanced accuracy : 0.505127934396227
2020-05-09 21:14:20,121:: INFO - Model evaluated.
2020-05-09 21:14:20,131:: INFO - Metric: val_accuracy
2020-05-09 21:14:20,787:: INFO - Data tokenized using 300 terms
2020-05-09 21:14:20,787:: INFO - Shape of train data tensor : (7334, 300)
2020-05-09 21:14:20,787:: INFO - Shape of train label tensor: (7334,)
2020-05-09 21:14:20,991:: INFO - Shape of test data tensor : (2444, 300)
2020-05-09 21:14:20,991:: INFO - Shape of test label tensor: (2444,)
2020-05-09 21:14:20,994:: INFO - Spliting data started
2020-05-09 21:14:21,153:: INFO - Training shape    : X=(12208, 300) y=(12208, 2)
2020-05-09 21:14:21,153:: INFO - Training shape    : Class 0=6104 Class 1=6104
2020-05-09 21:14:21,153:: INFO - Validation shape  : X=(734, 300) y=(734, 2)
2020-05-09 21:14:21,153:: INFO - Validation shape  : Class 0=661 Class 1=73
2020-05-09 21:14:21,153:: INFO - Test shape    : X=(2444, 300) y=(2444, 2)
2020-05-09 21:14:21,153:: INFO - Test shape    : Class 0=2255 Class 1=189
2020-05-09 21:14:21,153:: INFO - Spliting data concluded
2020-05-09 21:18:34,989:: INFO - Model built.
2020-05-09 21:18:42,039:: INFO - loss:2.601468324661255
2020-05-09 21:18:42,040:: INFO - tp:851.0
2020-05-09 21:18:42,040:: INFO - fp:1592.0
2020-05-09 21:18:42,040:: INFO - tn:852.0
2020-05-09 21:18:42,040:: INFO - fn:1593.0
2020-05-09 21:18:42,040:: INFO - accuracy:0.34840425848960876
2020-05-09 21:18:42,040:: INFO - precision:0.3483422100543976
2020-05-09 21:18:42,040:: INFO - recall:0.34819966554641724
2020-05-09 21:18:42,040:: INFO - auc:0.19749514758586884
2020-05-09 21:18:42,061:: INFO - balanced accuracy : 0.5020237215359167
2020-05-09 21:18:42,061:: INFO - Model evaluated.
2020-05-09 21:18:42,071:: INFO - Metricas recorded
