nohup: ignoring input
Loading required package: caret
Loading required package: lattice
Loading required package: ggplot2
Loading required package: doParallel
Loading required package: foreach
Loading required package: iterators
Loading required package: parallel
Loading required package: e1071
Loading required package: klaR
Loading required package: MASS
Loading required package: kernlab

Attaching package: ‘kernlab’

The following object is masked from ‘package:ggplot2’:

    alpha

Loading required package: futile.logger
Loading required package: nnet
Loading required package: qdap
Loading required package: qdapDictionaries
Loading required package: qdapRegex

Attaching package: ‘qdapRegex’

The following object is masked from ‘package:ggplot2’:

    %+%

Loading required package: qdapTools
Loading required package: RColorBrewer
Registered S3 methods overwritten by 'qdap':
  method               from
  t.DocumentTermMatrix tm  
  t.TermDocumentMatrix tm  

Attaching package: ‘qdap’

The following object is masked from ‘package:base’:

    Filter

Loading required package: randomForest
randomForest 4.6-14
Type rfNews() to see new features/changes/bug fixes.

Attaching package: ‘randomForest’

The following object is masked from ‘package:ggplot2’:

    margin

Loading required package: SnowballC
Loading required package: smotefamily
Loading required package: tidyverse
── Attaching packages ─────────────────────────────────────── tidyverse 1.2.1 ──
✔ tibble  2.1.3     ✔ purrr   0.3.2
✔ tidyr   1.0.0     ✔ dplyr   0.8.3
✔ readr   1.3.1     ✔ stringr 1.4.0
✔ tibble  2.1.3     ✔ forcats 0.4.0
── Conflicts ────────────────────────────────────────── tidyverse_conflicts() ──
✖ qdapRegex::%+%()       masks ggplot2::%+%()
✖ purrr::accumulate()    masks foreach::accumulate()
✖ kernlab::alpha()       masks ggplot2::alpha()
✖ dplyr::combine()       masks randomForest::combine()
✖ purrr::cross()         masks kernlab::cross()
✖ dplyr::explain()       masks qdapRegex::explain()
✖ dplyr::filter()        masks stats::filter()
✖ dplyr::id()            masks qdapTools::id()
✖ dplyr::lag()           masks stats::lag()
✖ purrr::lift()          masks caret::lift()
✖ randomForest::margin() masks ggplot2::margin()
✖ dplyr::select()        masks MASS::select()
✖ purrr::when()          masks foreach::when()
Loading required package: tidytext
Loading required package: tm
Loading required package: NLP

Attaching package: ‘NLP’

The following object is masked from ‘package:qdap’:

    ngrams

The following object is masked from ‘package:ggplot2’:

    annotate


Attaching package: ‘tm’

The following objects are masked from ‘package:qdap’:

    as.DocumentTermMatrix, as.TermDocumentMatrix

Loading required package: xgboost

Attaching package: ‘xgboost’

The following object is masked from ‘package:dplyr’:

    slice

NULL
TRACE [2019-09-24 21:05:47] Long live prediction Research Question 3 - Experiment 2
TRACE [2019-09-24 21:05:47] Evaluation metrics ouput path: ~/Workspace/doctorate/long-lived-bug-prediction/notebooks/datasets
TRACE [2019-09-24 21:05:47] Current project name : eclipse
TRACE [2019-09-24 21:05:47] New Evaluation file: ~/Workspace/doctorate/long-lived-bug-prediction/notebooks/datasets/20190924210542_rq3e2_eclipse_predict_long_lived_metrics.csv
TRACE [2019-09-24 21:05:47] Starting in parameter number: 1
TRACE [2019-09-24 21:05:47] Bug report file name: ~/Workspace/doctorate/long-lived-bug-prediction/notebooks/datasets/20190917_eclipse_bug_report_data.csv
TRACE [2019-09-24 21:05:47] Clean text features
TRACE [2019-09-24 21:06:19] Current parameters:
 N.Terms...: [100]
 Classifier: [nb]
 Metric...: [Kappa]
 Feature...: [short_description]
 Threshold.: [365]
 Balancing.: [unbalanced]
 Resampling: [repeatedcv]
TRACE [2019-09-24 21:06:19] Converting dataframe to term matrix
TRACE [2019-09-24 21:06:19] Text mining: extracting 100 terms from short_description
TRACE [2019-09-24 21:06:28] Text mining: extracted 100 terms from short_description
TRACE [2019-09-24 21:06:28] Partitioning dataset in training and testing
TRACE [2019-09-24 21:06:28] Balancing training dataset
TRACE [2019-09-24 21:06:28] [balance_dataset]: balancing method: unbalanced
TRACE [2019-09-24 21:06:29] Training model 
TRACE [2019-09-24 21:06:29] [get_resampling_method] Resampling model repeatedcv
TRACE [2019-09-24 21:06:29] [train_with_nb] Training model with NB and Kappa
TRACE [2019-09-24 21:15:34] Testing model 
TRACE [2019-09-24 21:15:36] Calculating evaluating metrics
TRACE [2019-09-24 21:15:36] Evaluating metrics calculated!
TRACE [2019-09-24 21:15:36] Metrics: sensitivity [0.629630], specificity [0.451745], b_acc [0.540688]
TRACE [2019-09-24 21:15:36] Recording evaluation results on CSV file.
TRACE [2019-09-24 21:15:36] Evaluation results recorded on CSV file.
TRACE [2019-09-24 21:15:36] Current parameters:
 N.Terms...: [150]
 Classifier: [nb]
 Metric...: [Kappa]
 Feature...: [short_description]
 Threshold.: [365]
 Balancing.: [unbalanced]
 Resampling: [repeatedcv]
TRACE [2019-09-24 21:15:36] Converting dataframe to term matrix
TRACE [2019-09-24 21:15:36] Text mining: extracting 150 terms from short_description
TRACE [2019-09-24 21:15:45] Text mining: extracted 150 terms from short_description
TRACE [2019-09-24 21:15:45] Partitioning dataset in training and testing
TRACE [2019-09-24 21:15:45] Balancing training dataset
TRACE [2019-09-24 21:15:45] [balance_dataset]: balancing method: unbalanced
TRACE [2019-09-24 21:15:45] Training model 
TRACE [2019-09-24 21:15:45] [get_resampling_method] Resampling model repeatedcv
TRACE [2019-09-24 21:15:45] [train_with_nb] Training model with NB and Kappa
TRACE [2019-09-24 21:29:16] Testing model 
TRACE [2019-09-24 21:29:20] Calculating evaluating metrics
TRACE [2019-09-24 21:29:20] Evaluating metrics calculated!
TRACE [2019-09-24 21:29:20] Metrics: sensitivity [0.616279], specificity [0.461426], b_acc [0.538853]
TRACE [2019-09-24 21:29:20] Recording evaluation results on CSV file.
TRACE [2019-09-24 21:29:20] Evaluation results recorded on CSV file.
TRACE [2019-09-24 21:29:20] Current parameters:
 N.Terms...: [200]
 Classifier: [nb]
 Metric...: [Kappa]
 Feature...: [short_description]
 Threshold.: [365]
 Balancing.: [unbalanced]
 Resampling: [repeatedcv]
TRACE [2019-09-24 21:29:20] Converting dataframe to term matrix
TRACE [2019-09-24 21:29:20] Text mining: extracting 200 terms from short_description
TRACE [2019-09-24 21:29:29] Text mining: extracted 200 terms from short_description
TRACE [2019-09-24 21:29:29] Partitioning dataset in training and testing
TRACE [2019-09-24 21:29:29] Balancing training dataset
TRACE [2019-09-24 21:29:29] [balance_dataset]: balancing method: unbalanced
TRACE [2019-09-24 21:29:29] Training model 
TRACE [2019-09-24 21:29:29] [get_resampling_method] Resampling model repeatedcv
TRACE [2019-09-24 21:29:29] [train_with_nb] Training model with NB and Kappa
TRACE [2019-09-24 21:46:30] Testing model 
TRACE [2019-09-24 21:47:01] Calculating evaluating metrics
TRACE [2019-09-24 21:47:01] Evaluating metrics calculated!
TRACE [2019-09-24 21:47:01] Metrics: sensitivity [0.000000], specificity [1.000000], b_acc [0.500000]
TRACE [2019-09-24 21:47:01] Recording evaluation results on CSV file.
TRACE [2019-09-24 21:47:01] Evaluation results recorded on CSV file.
TRACE [2019-09-24 21:47:01] Current parameters:
 N.Terms...: [250]
 Classifier: [nb]
 Metric...: [Kappa]
 Feature...: [short_description]
 Threshold.: [365]
 Balancing.: [unbalanced]
 Resampling: [repeatedcv]
TRACE [2019-09-24 21:47:01] Converting dataframe to term matrix
TRACE [2019-09-24 21:47:01] Text mining: extracting 250 terms from short_description
TRACE [2019-09-24 21:47:10] Text mining: extracted 250 terms from short_description
TRACE [2019-09-24 21:47:10] Partitioning dataset in training and testing
TRACE [2019-09-24 21:47:10] Balancing training dataset
TRACE [2019-09-24 21:47:10] [balance_dataset]: balancing method: unbalanced
TRACE [2019-09-24 21:47:10] Training model 
TRACE [2019-09-24 21:47:10] [get_resampling_method] Resampling model repeatedcv
TRACE [2019-09-24 21:47:10] [train_with_nb] Training model with NB and Kappa
TRACE [2019-09-24 22:08:51] Testing model 
TRACE [2019-09-24 22:09:29] Calculating evaluating metrics
TRACE [2019-09-24 22:09:29] Evaluating metrics calculated!
TRACE [2019-09-24 22:09:29] Metrics: sensitivity [0.000000], specificity [1.000000], b_acc [0.500000]
TRACE [2019-09-24 22:09:29] Recording evaluation results on CSV file.
TRACE [2019-09-24 22:09:29] Evaluation results recorded on CSV file.
TRACE [2019-09-24 22:09:29] Current parameters:
 N.Terms...: [300]
 Classifier: [nb]
 Metric...: [Kappa]
 Feature...: [short_description]
 Threshold.: [365]
 Balancing.: [unbalanced]
 Resampling: [repeatedcv]
TRACE [2019-09-24 22:09:29] Converting dataframe to term matrix
TRACE [2019-09-24 22:09:29] Text mining: extracting 300 terms from short_description
TRACE [2019-09-24 22:09:38] Text mining: extracted 300 terms from short_description
TRACE [2019-09-24 22:09:38] Partitioning dataset in training and testing
TRACE [2019-09-24 22:09:38] Balancing training dataset
TRACE [2019-09-24 22:09:38] [balance_dataset]: balancing method: unbalanced
TRACE [2019-09-24 22:09:38] Training model 
TRACE [2019-09-24 22:09:38] [get_resampling_method] Resampling model repeatedcv
TRACE [2019-09-24 22:09:38] [train_with_nb] Training model with NB and Kappa
TRACE [2019-09-24 22:35:58] Testing model 
TRACE [2019-09-24 22:36:45] Calculating evaluating metrics
TRACE [2019-09-24 22:36:45] Evaluating metrics calculated!
TRACE [2019-09-24 22:36:45] Metrics: sensitivity [0.000000], specificity [1.000000], b_acc [0.500000]
TRACE [2019-09-24 22:36:45] Recording evaluation results on CSV file.
TRACE [2019-09-24 22:36:45] Evaluation results recorded on CSV file.
There were 50 or more warnings (use warnings() to see the first 50)
