nohup: ignoring input
Loading required package: caret
Loading required package: lattice
Loading required package: ggplot2
Loading required package: doParallel
Loading required package: foreach
Loading required package: iterators
Loading required package: parallel
Loading required package: e1071
Loading required package: klaR
Loading required package: MASS
Loading required package: kernlab

Attaching package: ‘kernlab’

The following object is masked from ‘package:ggplot2’:

    alpha

Loading required package: futile.logger
Loading required package: nnet
Loading required package: qdap
Loading required package: qdapDictionaries
Loading required package: qdapRegex

Attaching package: ‘qdapRegex’

The following object is masked from ‘package:ggplot2’:

    %+%

Loading required package: qdapTools
Loading required package: RColorBrewer
Registered S3 methods overwritten by 'qdap':
  method               from
  t.DocumentTermMatrix tm  
  t.TermDocumentMatrix tm  

Attaching package: ‘qdap’

The following object is masked from ‘package:base’:

    Filter

Loading required package: randomForest
randomForest 4.6-14
Type rfNews() to see new features/changes/bug fixes.

Attaching package: ‘randomForest’

The following object is masked from ‘package:ggplot2’:

    margin

Loading required package: SnowballC
Loading required package: smotefamily
Loading required package: tidyverse
── Attaching packages ─────────────────────────────────────── tidyverse 1.2.1 ──
✔ tibble  2.1.3     ✔ purrr   0.3.2
✔ tidyr   1.0.0     ✔ dplyr   0.8.3
✔ readr   1.3.1     ✔ stringr 1.4.0
✔ tibble  2.1.3     ✔ forcats 0.4.0
── Conflicts ────────────────────────────────────────── tidyverse_conflicts() ──
✖ qdapRegex::%+%()       masks ggplot2::%+%()
✖ purrr::accumulate()    masks foreach::accumulate()
✖ kernlab::alpha()       masks ggplot2::alpha()
✖ dplyr::combine()       masks randomForest::combine()
✖ purrr::cross()         masks kernlab::cross()
✖ dplyr::explain()       masks qdapRegex::explain()
✖ dplyr::filter()        masks stats::filter()
✖ dplyr::id()            masks qdapTools::id()
✖ dplyr::lag()           masks stats::lag()
✖ purrr::lift()          masks caret::lift()
✖ randomForest::margin() masks ggplot2::margin()
✖ dplyr::select()        masks MASS::select()
✖ purrr::when()          masks foreach::when()
Loading required package: tidytext
Loading required package: tm
Loading required package: NLP

Attaching package: ‘NLP’

The following object is masked from ‘package:qdap’:

    ngrams

The following object is masked from ‘package:ggplot2’:

    annotate


Attaching package: ‘tm’

The following objects are masked from ‘package:qdap’:

    as.DocumentTermMatrix, as.TermDocumentMatrix

Loading required package: xgboost

Attaching package: ‘xgboost’

The following object is masked from ‘package:dplyr’:

    slice

NULL
TRACE [2019-09-25 14:42:26] Long live prediction Research Question 3 - Experiment 4
TRACE [2019-09-25 14:42:26] Evaluation metrics ouput path: ~/Workspace/doctorate/long-lived-bug-prediction/notebooks/datasets
TRACE [2019-09-25 14:42:26] New Evaluation file: ~/Workspace/doctorate/long-lived-bug-prediction/notebooks/datasets/20190925144222_rq3e4_all_predict_long_lived_metrics.csv
TRACE [2019-09-25 14:42:26] Current project name : eclipse
TRACE [2019-09-25 14:42:26] Starting in parameter number: 1
TRACE [2019-09-25 14:42:26] Bug report file name: ~/Workspace/doctorate/long-lived-bug-prediction/notebooks/datasets/20190917_eclipse_bug_report_data.csv
TRACE [2019-09-25 14:42:27] Clean text features
TRACE [2019-09-25 14:42:58] Current parameters:
 N.Terms...: [100]
 Classifier: [nb]
 Metric...: [Kappa]
 Feature...: [short_description]
 Threshold.: [365]
 Balancing.: [unbalanced]
 Resampling: [repeatedcv]
TRACE [2019-09-25 14:42:58] Converting dataframe to term matrix
TRACE [2019-09-25 14:42:58] Text mining: extracting 100 terms from short_description
TRACE [2019-09-25 14:43:08] Text mining: extracted 100 terms from short_description
TRACE [2019-09-25 14:43:08] Partitioning dataset in training and testing
TRACE [2019-09-25 14:43:08] Balancing training dataset
TRACE [2019-09-25 14:43:08] [balance_dataset]: balancing method: unbalanced
TRACE [2019-09-25 14:43:08] Training model 
TRACE [2019-09-25 14:43:08] [get_resampling_method] Resampling model repeatedcv
TRACE [2019-09-25 14:43:08] [train_with_nb] Training model with NB and Kappa
TRACE [2019-09-25 14:52:18] Testing model 
TRACE [2019-09-25 14:52:21] Calculating evaluating metrics
TRACE [2019-09-25 14:52:21] Evaluating metrics calculated!
TRACE [2019-09-25 14:52:21] Metrics: sensitivity [0.629630], specificity [0.451745], b_acc [0.540688]
TRACE [2019-09-25 14:52:21] Recording evaluation results on CSV file.
TRACE [2019-09-25 14:52:21] Evaluation results recorded on CSV file.
TRACE [2019-09-25 14:52:21] Current project name : freedesktop
TRACE [2019-09-25 14:52:21] Starting in parameter number: 2
TRACE [2019-09-25 14:52:21] Bug report file name: ~/Workspace/doctorate/long-lived-bug-prediction/notebooks/datasets/20190917_freedesktop_bug_report_data.csv
TRACE [2019-09-25 14:52:21] Clean text features
TRACE [2019-09-25 14:53:01] Current parameters:
 N.Terms...: [100]
 Classifier: [nb]
 Metric...: [Kappa]
 Feature...: [short_description]
 Threshold.: [365]
 Balancing.: [unbalanced]
 Resampling: [repeatedcv]
TRACE [2019-09-25 14:53:01] Converting dataframe to term matrix
TRACE [2019-09-25 14:53:01] Text mining: extracting 100 terms from short_description
TRACE [2019-09-25 14:53:08] Text mining: extracted 100 terms from short_description
TRACE [2019-09-25 14:53:08] Partitioning dataset in training and testing
TRACE [2019-09-25 14:53:08] Balancing training dataset
TRACE [2019-09-25 14:53:08] [balance_dataset]: balancing method: unbalanced
TRACE [2019-09-25 14:53:08] Training model 
TRACE [2019-09-25 14:53:08] [get_resampling_method] Resampling model repeatedcv
TRACE [2019-09-25 14:53:08] [train_with_nb] Training model with NB and Kappa
TRACE [2019-09-25 15:00:31] Testing model 
TRACE [2019-09-25 15:00:33] Calculating evaluating metrics
TRACE [2019-09-25 15:00:33] Evaluating metrics calculated!
TRACE [2019-09-25 15:00:33] Metrics: sensitivity [0.595349], specificity [0.446492], b_acc [0.520920]
TRACE [2019-09-25 15:00:33] Recording evaluation results on CSV file.
TRACE [2019-09-25 15:00:33] Evaluation results recorded on CSV file.
TRACE [2019-09-25 15:00:33] Current project name : gcc
TRACE [2019-09-25 15:00:33] Starting in parameter number: 3
TRACE [2019-09-25 15:00:33] Bug report file name: ~/Workspace/doctorate/long-lived-bug-prediction/notebooks/datasets/20190917_gcc_bug_report_data.csv
Warning: 2 parsing failures.
 row              col expected        actual                                                                                                  file
  87 long_description          embedded null '~/Workspace/doctorate/long-lived-bug-prediction/notebooks/datasets/20190917_gcc_bug_report_data.csv'
6701 long_description          embedded null '~/Workspace/doctorate/long-lived-bug-prediction/notebooks/datasets/20190917_gcc_bug_report_data.csv'

TRACE [2019-09-25 15:00:34] Clean text features
TRACE [2019-09-25 15:06:42] Current parameters:
 N.Terms...: [100]
 Classifier: [nb]
 Metric...: [Kappa]
 Feature...: [short_description]
 Threshold.: [365]
 Balancing.: [unbalanced]
 Resampling: [repeatedcv]
TRACE [2019-09-25 15:06:42] Converting dataframe to term matrix
TRACE [2019-09-25 15:06:42] Text mining: extracting 100 terms from short_description
TRACE [2019-09-25 15:06:51] Text mining: extracted 100 terms from short_description
TRACE [2019-09-25 15:06:51] Partitioning dataset in training and testing
TRACE [2019-09-25 15:06:51] Balancing training dataset
TRACE [2019-09-25 15:06:51] [balance_dataset]: balancing method: unbalanced
TRACE [2019-09-25 15:06:51] Training model 
TRACE [2019-09-25 15:06:51] [get_resampling_method] Resampling model repeatedcv
TRACE [2019-09-25 15:06:51] [train_with_nb] Training model with NB and Kappa
TRACE [2019-09-25 15:15:39] Testing model 
TRACE [2019-09-25 15:15:54] Calculating evaluating metrics
TRACE [2019-09-25 15:15:54] Evaluating metrics calculated!
TRACE [2019-09-25 15:15:54] Metrics: sensitivity [0.002990], specificity [0.999402], b_acc [0.501196]
TRACE [2019-09-25 15:15:54] Recording evaluation results on CSV file.
TRACE [2019-09-25 15:15:54] Evaluation results recorded on CSV file.
TRACE [2019-09-25 15:15:54] Current project name : gnome
TRACE [2019-09-25 15:15:54] Starting in parameter number: 4
TRACE [2019-09-25 15:15:54] Bug report file name: ~/Workspace/doctorate/long-lived-bug-prediction/notebooks/datasets/20190917_gnome_bug_report_data.csv
TRACE [2019-09-25 15:15:55] Clean text features
TRACE [2019-09-25 15:19:57] Current parameters:
 N.Terms...: [100]
 Classifier: [nb]
 Metric...: [Kappa]
 Feature...: [short_description]
 Threshold.: [365]
 Balancing.: [unbalanced]
 Resampling: [repeatedcv]
TRACE [2019-09-25 15:19:57] Converting dataframe to term matrix
TRACE [2019-09-25 15:19:57] Text mining: extracting 100 terms from short_description
TRACE [2019-09-25 15:20:04] Text mining: extracted 100 terms from short_description
TRACE [2019-09-25 15:20:04] Partitioning dataset in training and testing
TRACE [2019-09-25 15:20:04] Balancing training dataset
TRACE [2019-09-25 15:20:04] [balance_dataset]: balancing method: unbalanced
TRACE [2019-09-25 15:20:04] Training model 
TRACE [2019-09-25 15:20:04] [get_resampling_method] Resampling model repeatedcv
TRACE [2019-09-25 15:20:04] [train_with_nb] Training model with NB and Kappa
TRACE [2019-09-25 15:26:27] Testing model 
TRACE [2019-09-25 15:26:38] Calculating evaluating metrics
TRACE [2019-09-25 15:26:38] Evaluating metrics calculated!
TRACE [2019-09-25 15:26:38] Metrics: sensitivity [0.008032], specificity [0.996564], b_acc [0.502298]
TRACE [2019-09-25 15:26:38] Recording evaluation results on CSV file.
TRACE [2019-09-25 15:26:38] Evaluation results recorded on CSV file.
TRACE [2019-09-25 15:26:38] Current project name : mozilla
TRACE [2019-09-25 15:26:38] Starting in parameter number: 5
TRACE [2019-09-25 15:26:38] Bug report file name: ~/Workspace/doctorate/long-lived-bug-prediction/notebooks/datasets/20190917_mozilla_bug_report_data.csv
TRACE [2019-09-25 15:26:38] Clean text features
TRACE [2019-09-25 15:26:59] Current parameters:
 N.Terms...: [100]
 Classifier: [nb]
 Metric...: [Kappa]
 Feature...: [short_description]
 Threshold.: [365]
 Balancing.: [unbalanced]
 Resampling: [repeatedcv]
TRACE [2019-09-25 15:26:59] Converting dataframe to term matrix
TRACE [2019-09-25 15:26:59] Text mining: extracting 100 terms from short_description
TRACE [2019-09-25 15:27:09] Text mining: extracted 100 terms from short_description
TRACE [2019-09-25 15:27:09] Partitioning dataset in training and testing
TRACE [2019-09-25 15:27:09] Balancing training dataset
TRACE [2019-09-25 15:27:09] [balance_dataset]: balancing method: unbalanced
TRACE [2019-09-25 15:27:09] Training model 
TRACE [2019-09-25 15:27:09] [get_resampling_method] Resampling model repeatedcv
TRACE [2019-09-25 15:27:09] [train_with_nb] Training model with NB and Kappa
TRACE [2019-09-25 15:36:42] Testing model 
TRACE [2019-09-25 15:36:44] Calculating evaluating metrics
TRACE [2019-09-25 15:36:44] Evaluating metrics calculated!
TRACE [2019-09-25 15:36:44] Metrics: sensitivity [0.673575], specificity [0.479604], b_acc [0.576589]
TRACE [2019-09-25 15:36:44] Recording evaluation results on CSV file.
TRACE [2019-09-25 15:36:44] Evaluation results recorded on CSV file.
TRACE [2019-09-25 15:36:44] Current project name : winehq
TRACE [2019-09-25 15:36:44] Starting in parameter number: 6
TRACE [2019-09-25 15:36:44] Bug report file name: ~/Workspace/doctorate/long-lived-bug-prediction/notebooks/datasets/20190917_winehq_bug_report_data.csv
TRACE [2019-09-25 15:36:45] Clean text features
TRACE [2019-09-25 15:37:03] Current parameters:
 N.Terms...: [100]
 Classifier: [nb]
 Metric...: [Kappa]
 Feature...: [short_description]
 Threshold.: [365]
 Balancing.: [unbalanced]
 Resampling: [repeatedcv]
TRACE [2019-09-25 15:37:03] Converting dataframe to term matrix
TRACE [2019-09-25 15:37:03] Text mining: extracting 100 terms from short_description
TRACE [2019-09-25 15:37:08] Text mining: extracted 100 terms from short_description
TRACE [2019-09-25 15:37:08] Partitioning dataset in training and testing
TRACE [2019-09-25 15:37:08] Balancing training dataset
TRACE [2019-09-25 15:37:08] [balance_dataset]: balancing method: unbalanced
TRACE [2019-09-25 15:37:08] Training model 
TRACE [2019-09-25 15:37:08] [get_resampling_method] Resampling model repeatedcv
TRACE [2019-09-25 15:37:08] [train_with_nb] Training model with NB and Kappa
TRACE [2019-09-25 15:43:37] Testing model 
TRACE [2019-09-25 15:43:38] Calculating evaluating metrics
TRACE [2019-09-25 15:43:38] Evaluating metrics calculated!
TRACE [2019-09-25 15:43:38] Metrics: sensitivity [0.511424], specificity [0.547847], b_acc [0.529635]
TRACE [2019-09-25 15:43:38] Recording evaluation results on CSV file.
TRACE [2019-09-25 15:43:38] Evaluation results recorded on CSV file.
There were 50 or more warnings (use warnings() to see the first 50)
