nohup: ignoring input
Loading required package: caret
Loading required package: lattice
Loading required package: ggplot2
Loading required package: doParallel
Loading required package: foreach
Loading required package: iterators
Loading required package: parallel
Loading required package: e1071
Loading required package: klaR
Loading required package: MASS
Loading required package: kernlab

Attaching package: ‘kernlab’

The following object is masked from ‘package:ggplot2’:

    alpha

Loading required package: futile.logger
Loading required package: nnet
Loading required package: qdap
Loading required package: qdapDictionaries
Loading required package: qdapRegex

Attaching package: ‘qdapRegex’

The following object is masked from ‘package:ggplot2’:

    %+%

Loading required package: qdapTools
Loading required package: RColorBrewer
Registered S3 methods overwritten by 'qdap':
  method               from
  t.DocumentTermMatrix tm  
  t.TermDocumentMatrix tm  

Attaching package: ‘qdap’

The following object is masked from ‘package:base’:

    Filter

Loading required package: randomForest
randomForest 4.6-14
Type rfNews() to see new features/changes/bug fixes.

Attaching package: ‘randomForest’

The following object is masked from ‘package:ggplot2’:

    margin

Loading required package: SnowballC
Loading required package: smotefamily
Loading required package: tidyverse
── Attaching packages ─────────────────────────────────────── tidyverse 1.2.1 ──
✔ tibble  2.1.3     ✔ purrr   0.3.2
✔ tidyr   1.0.0     ✔ dplyr   0.8.3
✔ readr   1.3.1     ✔ stringr 1.4.0
✔ tibble  2.1.3     ✔ forcats 0.4.0
── Conflicts ────────────────────────────────────────── tidyverse_conflicts() ──
✖ qdapRegex::%+%()       masks ggplot2::%+%()
✖ purrr::accumulate()    masks foreach::accumulate()
✖ kernlab::alpha()       masks ggplot2::alpha()
✖ dplyr::combine()       masks randomForest::combine()
✖ purrr::cross()         masks kernlab::cross()
✖ dplyr::explain()       masks qdapRegex::explain()
✖ dplyr::filter()        masks stats::filter()
✖ dplyr::id()            masks qdapTools::id()
✖ dplyr::lag()           masks stats::lag()
✖ purrr::lift()          masks caret::lift()
✖ randomForest::margin() masks ggplot2::margin()
✖ dplyr::select()        masks MASS::select()
✖ purrr::when()          masks foreach::when()
Loading required package: tidytext
Loading required package: tm
Loading required package: NLP

Attaching package: ‘NLP’

The following object is masked from ‘package:qdap’:

    ngrams

The following object is masked from ‘package:ggplot2’:

    annotate


Attaching package: ‘tm’

The following objects are masked from ‘package:qdap’:

    as.DocumentTermMatrix, as.TermDocumentMatrix

Loading required package: xgboost

Attaching package: ‘xgboost’

The following object is masked from ‘package:dplyr’:

    slice

NULL
TRACE [2019-09-26 14:38:59] Long live prediction Research Question 3 - Experiment 4
TRACE [2019-09-26 14:38:59] Evaluation metrics ouput path: ~/Workspace/doctorate/long-lived-bug-prediction/notebooks/datasets
TRACE [2019-09-26 14:38:59] New Evaluation file: ~/Workspace/doctorate/long-lived-bug-prediction/notebooks/datasets/20190926143854_rq3e4_all_predict_long_lived_metrics.csv
TRACE [2019-09-26 14:38:59] Current project name : eclipse
TRACE [2019-09-26 14:38:59] Starting in parameter number: 1
TRACE [2019-09-26 14:38:59] Bug report file name: ~/Workspace/doctorate/long-lived-bug-prediction/notebooks/datasets/20190917_eclipse_bug_report_data.csv
TRACE [2019-09-26 14:38:59] Clean text features
TRACE [2019-09-26 14:39:31] Current parameters:
 N.Terms...: [100]
 Classifier: [nn]
 Metric...: [Accuracy]
 Feature...: [long_description]
 Threshold.: [365]
 Balancing.: [smote]
 Resampling: [repeatedcv]
TRACE [2019-09-26 14:39:31] Converting dataframe to term matrix
TRACE [2019-09-26 14:39:31] Text mining: extracting 100 terms from long_description
TRACE [2019-09-26 14:39:52] Text mining: extracted 100 terms from long_description
TRACE [2019-09-26 14:39:52] Partitioning dataset in training and testing
TRACE [2019-09-26 14:39:52] Balancing training dataset
TRACE [2019-09-26 14:39:52] [balance_dataset]: balancing method: smote
TRACE [2019-09-26 14:39:54] Training model 
TRACE [2019-09-26 14:39:54] [get_resampling_method] Resampling model repeatedcv
TRACE [2019-09-26 14:39:54] [train_with_nnet] Training model with NNET and Accuracy
# weights:  2041
initial  value 12469.989886 
iter  10 value 8218.918575
iter  20 value 8076.508407
iter  30 value 8002.241658
iter  40 value 7872.693673
iter  50 value 7708.230306
iter  60 value 7608.580419
iter  70 value 7513.895700
iter  80 value 7417.706024
iter  90 value 7343.113102
iter 100 value 7297.719838
final  value 7297.719838 
stopped after 100 iterations
TRACE [2019-09-26 14:43:45] Testing model 
TRACE [2019-09-26 14:43:45] Calculating evaluating metrics
TRACE [2019-09-26 14:43:45] Evaluating metrics calculated!
TRACE [2019-09-26 14:43:45] Metrics: sensitivity [0.379679], specificity [0.704638], b_acc [0.542158]
TRACE [2019-09-26 14:43:45] Recording evaluation results on CSV file.
TRACE [2019-09-26 14:43:45] Evaluation results recorded on CSV file.
TRACE [2019-09-26 14:43:45] Current project name : freedesktop
TRACE [2019-09-26 14:43:45] Starting in parameter number: 2
TRACE [2019-09-26 14:43:45] Bug report file name: ~/Workspace/doctorate/long-lived-bug-prediction/notebooks/datasets/20190917_freedesktop_bug_report_data.csv
TRACE [2019-09-26 14:43:45] Clean text features
TRACE [2019-09-26 14:44:25] Current parameters:
 N.Terms...: [100]
 Classifier: [nn]
 Metric...: [Accuracy]
 Feature...: [long_description]
 Threshold.: [365]
 Balancing.: [smote]
 Resampling: [repeatedcv]
TRACE [2019-09-26 14:44:25] Converting dataframe to term matrix
TRACE [2019-09-26 14:44:25] Text mining: extracting 100 terms from long_description
TRACE [2019-09-26 14:44:43] Text mining: extracted 100 terms from long_description
TRACE [2019-09-26 14:44:43] Partitioning dataset in training and testing
TRACE [2019-09-26 14:44:43] Balancing training dataset
TRACE [2019-09-26 14:44:44] [balance_dataset]: balancing method: smote
TRACE [2019-09-26 14:44:46] Training model 
TRACE [2019-09-26 14:44:46] [get_resampling_method] Resampling model repeatedcv
TRACE [2019-09-26 14:44:46] [train_with_nnet] Training model with NNET and Accuracy
# weights:  1021
initial  value 9243.103214 
iter  10 value 6362.324303
iter  20 value 6190.892107
iter  30 value 6143.715816
iter  40 value 6124.491895
iter  50 value 6120.660691
iter  60 value 6117.876423
iter  70 value 6116.055822
iter  80 value 6115.540021
iter  90 value 6115.185504
iter 100 value 6114.782173
final  value 6114.782173 
stopped after 100 iterations
TRACE [2019-09-26 14:47:29] Testing model 
TRACE [2019-09-26 14:47:29] Calculating evaluating metrics
TRACE [2019-09-26 14:47:29] Evaluating metrics calculated!
TRACE [2019-09-26 14:47:29] Metrics: sensitivity [0.492308], specificity [0.616514], b_acc [0.554411]
TRACE [2019-09-26 14:47:29] Recording evaluation results on CSV file.
TRACE [2019-09-26 14:47:29] Evaluation results recorded on CSV file.
TRACE [2019-09-26 14:47:29] Current project name : gcc
TRACE [2019-09-26 14:47:29] Starting in parameter number: 3
TRACE [2019-09-26 14:47:29] Bug report file name: ~/Workspace/doctorate/long-lived-bug-prediction/notebooks/datasets/20190917_gcc_bug_report_data.csv
Warning: 2 parsing failures.
 row              col expected        actual                                                                                                  file
  87 long_description          embedded null '~/Workspace/doctorate/long-lived-bug-prediction/notebooks/datasets/20190917_gcc_bug_report_data.csv'
6701 long_description          embedded null '~/Workspace/doctorate/long-lived-bug-prediction/notebooks/datasets/20190917_gcc_bug_report_data.csv'

TRACE [2019-09-26 14:47:29] Clean text features
TRACE [2019-09-26 14:53:36] Current parameters:
 N.Terms...: [100]
 Classifier: [nn]
 Metric...: [Accuracy]
 Feature...: [long_description]
 Threshold.: [365]
 Balancing.: [smote]
 Resampling: [repeatedcv]
TRACE [2019-09-26 14:53:36] Converting dataframe to term matrix
TRACE [2019-09-26 14:53:36] Text mining: extracting 100 terms from long_description
TRACE [2019-09-26 14:54:11] Text mining: extracted 100 terms from long_description
TRACE [2019-09-26 14:54:11] Partitioning dataset in training and testing
TRACE [2019-09-26 14:54:11] Balancing training dataset
TRACE [2019-09-26 14:54:11] [balance_dataset]: balancing method: smote
TRACE [2019-09-26 14:54:18] Training model 
TRACE [2019-09-26 14:54:18] [get_resampling_method] Resampling model repeatedcv
TRACE [2019-09-26 14:54:18] [train_with_nnet] Training model with NNET and Accuracy
# weights:  4081
initial  value 7396.841427 
iter  10 value 6072.986778
iter  20 value 5673.002401
iter  30 value 5552.955149
iter  40 value 5532.206836
iter  50 value 5524.454353
iter  60 value 5519.573611
iter  70 value 5516.768172
iter  80 value 5515.650542
iter  90 value 5515.239569
iter 100 value 5514.987371
final  value 5514.987371 
stopped after 100 iterations
TRACE [2019-09-26 14:57:40] Testing model 
TRACE [2019-09-26 14:57:40] Calculating evaluating metrics
TRACE [2019-09-26 14:57:40] Evaluating metrics calculated!
TRACE [2019-09-26 14:57:41] Metrics: sensitivity [0.524862], specificity [0.890661], b_acc [0.707761]
TRACE [2019-09-26 14:57:41] Recording evaluation results on CSV file.
TRACE [2019-09-26 14:57:41] Evaluation results recorded on CSV file.
TRACE [2019-09-26 14:57:41] Current project name : gnome
TRACE [2019-09-26 14:57:41] Starting in parameter number: 4
TRACE [2019-09-26 14:57:41] Bug report file name: ~/Workspace/doctorate/long-lived-bug-prediction/notebooks/datasets/20190917_gnome_bug_report_data.csv
TRACE [2019-09-26 14:57:41] Clean text features
TRACE [2019-09-26 15:01:43] Current parameters:
 N.Terms...: [100]
 Classifier: [nn]
 Metric...: [Accuracy]
 Feature...: [long_description]
 Threshold.: [365]
 Balancing.: [smote]
 Resampling: [repeatedcv]
TRACE [2019-09-26 15:01:43] Converting dataframe to term matrix
TRACE [2019-09-26 15:01:43] Text mining: extracting 100 terms from long_description
TRACE [2019-09-26 15:02:05] Text mining: extracted 100 terms from long_description
TRACE [2019-09-26 15:02:05] Partitioning dataset in training and testing
TRACE [2019-09-26 15:02:05] Balancing training dataset
TRACE [2019-09-26 15:02:05] [balance_dataset]: balancing method: smote
TRACE [2019-09-26 15:02:08] Training model 
TRACE [2019-09-26 15:02:08] [get_resampling_method] Resampling model repeatedcv
TRACE [2019-09-26 15:02:08] [train_with_nnet] Training model with NNET and Accuracy
# weights:  1021
initial  value 9311.075459 
iter  10 value 5981.567101
iter  20 value 5749.873376
iter  30 value 5686.621621
iter  40 value 5667.302973
iter  50 value 5650.193579
iter  60 value 5636.380062
iter  70 value 5630.948887
iter  80 value 5627.553465
iter  90 value 5615.004283
iter 100 value 5608.170663
final  value 5608.170663 
stopped after 100 iterations
TRACE [2019-09-26 15:04:55] Testing model 
TRACE [2019-09-26 15:04:55] Calculating evaluating metrics
TRACE [2019-09-26 15:04:55] Evaluating metrics calculated!
TRACE [2019-09-26 15:04:55] Metrics: sensitivity [0.468310], specificity [0.721292], b_acc [0.594801]
TRACE [2019-09-26 15:04:55] Recording evaluation results on CSV file.
TRACE [2019-09-26 15:04:55] Evaluation results recorded on CSV file.
TRACE [2019-09-26 15:04:55] Current project name : mozilla
TRACE [2019-09-26 15:04:55] Starting in parameter number: 5
TRACE [2019-09-26 15:04:55] Bug report file name: ~/Workspace/doctorate/long-lived-bug-prediction/notebooks/datasets/20190917_mozilla_bug_report_data.csv
TRACE [2019-09-26 15:04:55] Clean text features
TRACE [2019-09-26 15:05:16] Current parameters:
 N.Terms...: [100]
 Classifier: [nn]
 Metric...: [Accuracy]
 Feature...: [long_description]
 Threshold.: [365]
 Balancing.: [smote]
 Resampling: [repeatedcv]
TRACE [2019-09-26 15:05:16] Converting dataframe to term matrix
TRACE [2019-09-26 15:05:16] Text mining: extracting 100 terms from long_description
TRACE [2019-09-26 15:05:33] Text mining: extracted 100 terms from long_description
TRACE [2019-09-26 15:05:33] Partitioning dataset in training and testing
TRACE [2019-09-26 15:05:33] Balancing training dataset
TRACE [2019-09-26 15:05:33] [balance_dataset]: balancing method: smote
TRACE [2019-09-26 15:05:37] Training model 
TRACE [2019-09-26 15:05:37] [get_resampling_method] Resampling model repeatedcv
TRACE [2019-09-26 15:05:37] [train_with_nnet] Training model with NNET and Accuracy
# weights:  4081
initial  value 8651.799514 
iter  10 value 7191.931922
iter  20 value 6964.683746
iter  30 value 6901.519455
iter  40 value 6865.777035
iter  50 value 6834.978104
iter  60 value 6819.223249
iter  70 value 6812.939348
iter  80 value 6810.206120
iter  90 value 6808.592775
iter 100 value 6806.975843
final  value 6806.975843 
stopped after 100 iterations
TRACE [2019-09-26 15:09:28] Testing model 
TRACE [2019-09-26 15:09:28] Calculating evaluating metrics
TRACE [2019-09-26 15:09:28] Evaluating metrics calculated!
TRACE [2019-09-26 15:09:28] Metrics: sensitivity [0.567506], specificity [0.669371], b_acc [0.618438]
TRACE [2019-09-26 15:09:28] Recording evaluation results on CSV file.
TRACE [2019-09-26 15:09:28] Evaluation results recorded on CSV file.
TRACE [2019-09-26 15:09:28] Current project name : winehq
TRACE [2019-09-26 15:09:28] Starting in parameter number: 6
TRACE [2019-09-26 15:09:28] Bug report file name: ~/Workspace/doctorate/long-lived-bug-prediction/notebooks/datasets/20190917_winehq_bug_report_data.csv
TRACE [2019-09-26 15:09:28] Clean text features
TRACE [2019-09-26 15:09:47] Current parameters:
 N.Terms...: [100]
 Classifier: [nn]
 Metric...: [Accuracy]
 Feature...: [long_description]
 Threshold.: [365]
 Balancing.: [smote]
 Resampling: [repeatedcv]
TRACE [2019-09-26 15:09:47] Converting dataframe to term matrix
TRACE [2019-09-26 15:09:47] Text mining: extracting 100 terms from long_description
TRACE [2019-09-26 15:09:58] Text mining: extracted 100 terms from long_description
TRACE [2019-09-26 15:09:58] Partitioning dataset in training and testing
TRACE [2019-09-26 15:09:58] Balancing training dataset
TRACE [2019-09-26 15:09:58] [balance_dataset]: balancing method: smote
TRACE [2019-09-26 15:10:02] Training model 
TRACE [2019-09-26 15:10:02] [get_resampling_method] Resampling model repeatedcv
TRACE [2019-09-26 15:10:02] [train_with_nnet] Training model with NNET and Accuracy
# weights:  2041
initial  value 5015.883211 
iter  10 value 2990.686663
iter  20 value 2906.404705
iter  30 value 2898.116260
iter  40 value 2895.177685
iter  50 value 2894.752951
iter  60 value 2894.536805
iter  70 value 2894.475872
iter  80 value 2894.444870
iter  90 value 2894.428534
iter 100 value 2894.423161
final  value 2894.423161 
stopped after 100 iterations
TRACE [2019-09-26 15:11:42] Testing model 
TRACE [2019-09-26 15:11:42] Calculating evaluating metrics
TRACE [2019-09-26 15:11:42] Evaluating metrics calculated!
TRACE [2019-09-26 15:11:42] Metrics: sensitivity [0.295752], specificity [0.833520], b_acc [0.564636]
TRACE [2019-09-26 15:11:42] Recording evaluation results on CSV file.
TRACE [2019-09-26 15:11:42] Evaluation results recorded on CSV file.
There were 50 or more warnings (use warnings() to see the first 50)
