nohup: ignoring input
Loading required package: caret
Loading required package: lattice
Loading required package: ggplot2
Loading required package: doParallel
Loading required package: foreach
Loading required package: iterators
Loading required package: parallel
Loading required package: e1071
Loading required package: klaR
Loading required package: MASS
Loading required package: kernlab

Attaching package: ‘kernlab’

The following object is masked from ‘package:ggplot2’:

    alpha

Loading required package: futile.logger
Loading required package: nnet
Loading required package: qdap
Loading required package: qdapDictionaries
Loading required package: qdapRegex

Attaching package: ‘qdapRegex’

The following object is masked from ‘package:ggplot2’:

    %+%

Loading required package: qdapTools
Loading required package: RColorBrewer
Registered S3 methods overwritten by 'qdap':
  method               from
  t.DocumentTermMatrix tm  
  t.TermDocumentMatrix tm  

Attaching package: ‘qdap’

The following object is masked from ‘package:base’:

    Filter

Loading required package: randomForest
randomForest 4.6-14
Type rfNews() to see new features/changes/bug fixes.

Attaching package: ‘randomForest’

The following object is masked from ‘package:ggplot2’:

    margin

Loading required package: SnowballC
Loading required package: smotefamily
Loading required package: tidyverse
── Attaching packages ─────────────────────────────────────── tidyverse 1.2.1 ──
✔ tibble  2.1.3     ✔ purrr   0.3.2
✔ tidyr   1.0.0     ✔ dplyr   0.8.3
✔ readr   1.3.1     ✔ stringr 1.4.0
✔ tibble  2.1.3     ✔ forcats 0.4.0
── Conflicts ────────────────────────────────────────── tidyverse_conflicts() ──
✖ qdapRegex::%+%()       masks ggplot2::%+%()
✖ purrr::accumulate()    masks foreach::accumulate()
✖ kernlab::alpha()       masks ggplot2::alpha()
✖ dplyr::combine()       masks randomForest::combine()
✖ purrr::cross()         masks kernlab::cross()
✖ dplyr::explain()       masks qdapRegex::explain()
✖ dplyr::filter()        masks stats::filter()
✖ dplyr::id()            masks qdapTools::id()
✖ dplyr::lag()           masks stats::lag()
✖ purrr::lift()          masks caret::lift()
✖ randomForest::margin() masks ggplot2::margin()
✖ dplyr::select()        masks MASS::select()
✖ purrr::when()          masks foreach::when()
Loading required package: tidytext
Loading required package: tm
Loading required package: NLP

Attaching package: ‘NLP’

The following object is masked from ‘package:qdap’:

    ngrams

The following object is masked from ‘package:ggplot2’:

    annotate


Attaching package: ‘tm’

The following objects are masked from ‘package:qdap’:

    as.DocumentTermMatrix, as.TermDocumentMatrix

Loading required package: xgboost

Attaching package: ‘xgboost’

The following object is masked from ‘package:dplyr’:

    slice

NULL
TRACE [2019-09-24 19:51:36] Long live prediction Research Question 3 - Experiment 1
TRACE [2019-09-24 19:51:36] Evaluation metrics ouput path: ~/Workspace/doctorate/long-lived-bug-prediction/notebooks/datasets
TRACE [2019-09-24 19:51:36] Current project name : eclipse
TRACE [2019-09-24 19:51:37] New Evaluation file: ~/Workspace/doctorate/long-lived-bug-prediction/notebooks/datasets/20190924195132_rq3e1_eclipse_predict_long_lived_metrics.csv
TRACE [2019-09-24 19:51:37] Starting in parameter number: 1
TRACE [2019-09-24 19:51:37] Bug report file name: ~/Workspace/doctorate/long-lived-bug-prediction/notebooks/datasets/20190917_eclipse_bug_report_data.csv
TRACE [2019-09-24 19:51:37] Clean text features
TRACE [2019-09-24 19:52:08] Current parameters:
 N.Terms...: [100]
 Classifier: [nn]
 Metric...: [Accuracy]
 Feature...: [long_description]
 Threshold.: [365]
 Balancing.: [smote]
 Resampling: [repeatedcv]
TRACE [2019-09-24 19:52:08] Converting dataframe to term matrix
TRACE [2019-09-24 19:52:08] Text mining: extracting 100 terms from long_description
TRACE [2019-09-24 19:52:29] Text mining: extracted 100 terms from long_description
TRACE [2019-09-24 19:52:29] Partitioning dataset in training and testing
TRACE [2019-09-24 19:52:29] Balancing training dataset
TRACE [2019-09-24 19:52:29] [balance_dataset]: balancing method: smote
TRACE [2019-09-24 19:52:31] Training model 
TRACE [2019-09-24 19:52:31] [get_resampling_method] Resampling model repeatedcv
TRACE [2019-09-24 19:52:31] [train_with_nnet] Training model with NNET and Accuracy
# weights:  2041
initial  value 12469.989886 
iter  10 value 8218.918575
iter  20 value 8076.508407
iter  30 value 8002.241658
iter  40 value 7872.693673
iter  50 value 7708.230306
iter  60 value 7608.580419
iter  70 value 7513.895700
iter  80 value 7417.706024
iter  90 value 7343.113102
iter 100 value 7297.719838
final  value 7297.719838 
stopped after 100 iterations
TRACE [2019-09-24 19:56:23] Testing model 
TRACE [2019-09-24 19:56:23] Calculating evaluating metrics
TRACE [2019-09-24 19:56:23] Evaluating metrics calculated!
TRACE [2019-09-24 19:56:23] Metrics: sensitivity [0.379679], specificity [0.704638], b_acc [0.542158]
TRACE [2019-09-24 19:56:23] Recording evaluation results on CSV file.
TRACE [2019-09-24 19:56:23] Evaluation results recorded on CSV file.
Warning messages:
1: In weighting(x) :
  empty document(s): EFXCLIPSE-482479 EFXCLIPSE-488529 EFXCLIPSE-480294 EFXCLIPSE-480230 ORION-347005 EFXCLIPSE-489950 EFXCLIPSE-492271 EFXCLIPSE-486685 PLATFORM-274081 EFXCLIPSE-478286 PAPYRUS-382975 JDT-227098 EFXCLIPSE-492679 EFXCLIPSE-482422 PDT-415098 EFXCLIPSE-473631 Z_ARCHIVED-222886 JDT-46598 EFXCLIPSE-489802 EFXCLIPSE-489102
2: In nominalTrainWorkflow(x = x, y = y, wts = weights, info = trainInfo,  :
  There were missing values in resampled performance measures.
3: In train.default(x = .x, y = .y, method = "nnet", trControl = .control,  :
  missing values found in aggregated results
