nohup: ignoring input
Loading required package: caret
Loading required package: lattice
Loading required package: ggplot2
Loading required package: doParallel
Loading required package: foreach
Loading required package: iterators
Loading required package: parallel
Loading required package: e1071
Loading required package: klaR
Loading required package: MASS
Loading required package: kernlab

Attaching package: ‘kernlab’

The following object is masked from ‘package:ggplot2’:

    alpha

Loading required package: futile.logger
Loading required package: nnet
Loading required package: qdap
Loading required package: qdapDictionaries
Loading required package: qdapRegex

Attaching package: ‘qdapRegex’

The following object is masked from ‘package:ggplot2’:

    %+%

Loading required package: qdapTools
Loading required package: RColorBrewer
Registered S3 methods overwritten by 'qdap':
  method               from
  t.DocumentTermMatrix tm  
  t.TermDocumentMatrix tm  

Attaching package: ‘qdap’

The following object is masked from ‘package:base’:

    Filter

Loading required package: randomForest
randomForest 4.6-14
Type rfNews() to see new features/changes/bug fixes.

Attaching package: ‘randomForest’

The following object is masked from ‘package:ggplot2’:

    margin

Loading required package: SnowballC
Loading required package: smotefamily
Loading required package: tidyverse
── Attaching packages ─────────────────────────────────────── tidyverse 1.2.1 ──
✔ tibble  2.1.3     ✔ purrr   0.3.2
✔ tidyr   1.0.0     ✔ dplyr   0.8.3
✔ readr   1.3.1     ✔ stringr 1.4.0
✔ tibble  2.1.3     ✔ forcats 0.4.0
── Conflicts ────────────────────────────────────────── tidyverse_conflicts() ──
✖ qdapRegex::%+%()       masks ggplot2::%+%()
✖ purrr::accumulate()    masks foreach::accumulate()
✖ kernlab::alpha()       masks ggplot2::alpha()
✖ dplyr::combine()       masks randomForest::combine()
✖ purrr::cross()         masks kernlab::cross()
✖ dplyr::explain()       masks qdapRegex::explain()
✖ dplyr::filter()        masks stats::filter()
✖ dplyr::id()            masks qdapTools::id()
✖ dplyr::lag()           masks stats::lag()
✖ purrr::lift()          masks caret::lift()
✖ randomForest::margin() masks ggplot2::margin()
✖ dplyr::select()        masks MASS::select()
✖ purrr::when()          masks foreach::when()
Loading required package: tidytext
Loading required package: tm
Loading required package: NLP

Attaching package: ‘NLP’

The following object is masked from ‘package:qdap’:

    ngrams

The following object is masked from ‘package:ggplot2’:

    annotate


Attaching package: ‘tm’

The following objects are masked from ‘package:qdap’:

    as.DocumentTermMatrix, as.TermDocumentMatrix

Loading required package: xgboost

Attaching package: ‘xgboost’

The following object is masked from ‘package:dplyr’:

    slice

NULL
TRACE [2019-09-25 13:50:44] Long live prediction Research Question 3 - Experiment 3
TRACE [2019-09-25 13:50:44] Evaluation metrics ouput path: ~/Workspace/doctorate/long-lived-bug-prediction/notebooks/datasets
TRACE [2019-09-25 13:50:44] Current project name : eclipse
TRACE [2019-09-25 13:50:44] New Evaluation file: ~/Workspace/doctorate/long-lived-bug-prediction/notebooks/datasets/20190925135040_rq3e3_eclipse_predict_long_lived_metrics.csv
TRACE [2019-09-25 13:50:44] Starting in parameter number: 1
TRACE [2019-09-25 13:50:44] Bug report file name: ~/Workspace/doctorate/long-lived-bug-prediction/notebooks/datasets/20190917_eclipse_bug_report_data.csv
TRACE [2019-09-25 13:50:44] Clean text features
TRACE [2019-09-25 13:51:16] Current parameters:
 N.Terms...: [100]
 Classifier: [nb]
 Metric...: [Kappa]
 Feature...: [short_description]
 Threshold.: [1]
 Balancing.: [unbalanced]
 Resampling: [repeatedcv]
TRACE [2019-09-25 13:51:16] Converting dataframe to term matrix
TRACE [2019-09-25 13:51:16] Text mining: extracting 100 terms from short_description
TRACE [2019-09-25 13:51:26] Text mining: extracted 100 terms from short_description
TRACE [2019-09-25 13:51:26] Partitioning dataset in training and testing
TRACE [2019-09-25 13:51:26] Balancing training dataset
TRACE [2019-09-25 13:51:26] [balance_dataset]: balancing method: unbalanced
TRACE [2019-09-25 13:51:26] Training model 
TRACE [2019-09-25 13:51:26] [get_resampling_method] Resampling model repeatedcv
TRACE [2019-09-25 13:51:26] [train_with_nb] Training model with NB and Kappa
TRACE [2019-09-25 14:01:03] Testing model 
TRACE [2019-09-25 14:01:06] Calculating evaluating metrics
TRACE [2019-09-25 14:01:06] Evaluating metrics calculated!
TRACE [2019-09-25 14:01:06] Metrics: sensitivity [0.513569], specificity [0.522763], b_acc [0.518166]
TRACE [2019-09-25 14:01:06] Recording evaluation results on CSV file.
TRACE [2019-09-25 14:01:06] Evaluation results recorded on CSV file.
TRACE [2019-09-25 14:01:06] Current parameters:
 N.Terms...: [100]
 Classifier: [nb]
 Metric...: [Kappa]
 Feature...: [short_description]
 Threshold.: [8]
 Balancing.: [unbalanced]
 Resampling: [repeatedcv]
TRACE [2019-09-25 14:01:06] Partitioning dataset in training and testing
TRACE [2019-09-25 14:01:06] Balancing training dataset
TRACE [2019-09-25 14:01:06] [balance_dataset]: balancing method: unbalanced
TRACE [2019-09-25 14:01:06] Training model 
TRACE [2019-09-25 14:01:06] [get_resampling_method] Resampling model repeatedcv
TRACE [2019-09-25 14:01:06] [train_with_nb] Training model with NB and Kappa
TRACE [2019-09-25 14:10:43] Testing model 
TRACE [2019-09-25 14:10:46] Calculating evaluating metrics
TRACE [2019-09-25 14:10:46] Evaluating metrics calculated!
TRACE [2019-09-25 14:10:46] Metrics: sensitivity [0.534532], specificity [0.532258], b_acc [0.533395]
TRACE [2019-09-25 14:10:46] Recording evaluation results on CSV file.
TRACE [2019-09-25 14:10:46] Evaluation results recorded on CSV file.
TRACE [2019-09-25 14:10:46] Current parameters:
 N.Terms...: [100]
 Classifier: [nb]
 Metric...: [Kappa]
 Feature...: [short_description]
 Threshold.: [63]
 Balancing.: [unbalanced]
 Resampling: [repeatedcv]
TRACE [2019-09-25 14:10:46] Partitioning dataset in training and testing
TRACE [2019-09-25 14:10:46] Balancing training dataset
TRACE [2019-09-25 14:10:46] [balance_dataset]: balancing method: unbalanced
TRACE [2019-09-25 14:10:46] Training model 
TRACE [2019-09-25 14:10:46] [get_resampling_method] Resampling model repeatedcv
TRACE [2019-09-25 14:10:46] [train_with_nb] Training model with NB and Kappa
TRACE [2019-09-25 14:20:19] Testing model 
TRACE [2019-09-25 14:20:21] Calculating evaluating metrics
TRACE [2019-09-25 14:20:21] Evaluating metrics calculated!
TRACE [2019-09-25 14:20:21] Metrics: sensitivity [0.536122], specificity [0.524621], b_acc [0.530371]
TRACE [2019-09-25 14:20:21] Recording evaluation results on CSV file.
TRACE [2019-09-25 14:20:21] Evaluation results recorded on CSV file.
TRACE [2019-09-25 14:20:21] Current parameters:
 N.Terms...: [100]
 Classifier: [nb]
 Metric...: [Kappa]
 Feature...: [short_description]
 Threshold.: [365]
 Balancing.: [unbalanced]
 Resampling: [repeatedcv]
TRACE [2019-09-25 14:20:21] Partitioning dataset in training and testing
TRACE [2019-09-25 14:20:21] Balancing training dataset
TRACE [2019-09-25 14:20:21] [balance_dataset]: balancing method: unbalanced
TRACE [2019-09-25 14:20:21] Training model 
TRACE [2019-09-25 14:20:21] [get_resampling_method] Resampling model repeatedcv
TRACE [2019-09-25 14:20:21] [train_with_nb] Training model with NB and Kappa
TRACE [2019-09-25 14:29:25] Testing model 
TRACE [2019-09-25 14:29:28] Calculating evaluating metrics
TRACE [2019-09-25 14:29:28] Evaluating metrics calculated!
TRACE [2019-09-25 14:29:28] Metrics: sensitivity [0.629630], specificity [0.451745], b_acc [0.540688]
TRACE [2019-09-25 14:29:28] Recording evaluation results on CSV file.
TRACE [2019-09-25 14:29:28] Evaluation results recorded on CSV file.
There were 50 or more warnings (use warnings() to see the first 50)
