nohup: ignoring input
Loading required package: caret
Loading required package: lattice
Loading required package: ggplot2
Loading required package: doParallel
Loading required package: foreach
Loading required package: iterators
Loading required package: parallel
Loading required package: e1071
Loading required package: klaR
Loading required package: MASS
Loading required package: kernlab

Attaching package: ‘kernlab’

The following object is masked from ‘package:ggplot2’:

    alpha

Loading required package: futile.logger
Loading required package: nnet
Loading required package: qdap
Loading required package: qdapDictionaries
Loading required package: qdapRegex

Attaching package: ‘qdapRegex’

The following object is masked from ‘package:ggplot2’:

    %+%

Loading required package: qdapTools
Loading required package: RColorBrewer
Registered S3 methods overwritten by 'qdap':
  method               from
  t.DocumentTermMatrix tm  
  t.TermDocumentMatrix tm  

Attaching package: ‘qdap’

The following object is masked from ‘package:base’:

    Filter

Loading required package: randomForest
randomForest 4.6-14
Type rfNews() to see new features/changes/bug fixes.

Attaching package: ‘randomForest’

The following object is masked from ‘package:ggplot2’:

    margin

Loading required package: SnowballC
Loading required package: smotefamily
Loading required package: tidyverse
── Attaching packages ─────────────────────────────────────── tidyverse 1.2.1 ──
✔ tibble  2.1.3     ✔ purrr   0.3.2
✔ tidyr   1.0.0     ✔ dplyr   0.8.3
✔ readr   1.3.1     ✔ stringr 1.4.0
✔ tibble  2.1.3     ✔ forcats 0.4.0
── Conflicts ────────────────────────────────────────── tidyverse_conflicts() ──
✖ qdapRegex::%+%()       masks ggplot2::%+%()
✖ purrr::accumulate()    masks foreach::accumulate()
✖ kernlab::alpha()       masks ggplot2::alpha()
✖ dplyr::combine()       masks randomForest::combine()
✖ purrr::cross()         masks kernlab::cross()
✖ dplyr::explain()       masks qdapRegex::explain()
✖ dplyr::filter()        masks stats::filter()
✖ dplyr::id()            masks qdapTools::id()
✖ dplyr::lag()           masks stats::lag()
✖ purrr::lift()          masks caret::lift()
✖ randomForest::margin() masks ggplot2::margin()
✖ dplyr::select()        masks MASS::select()
✖ purrr::when()          masks foreach::when()
Loading required package: tidytext
Loading required package: tm
Loading required package: NLP

Attaching package: ‘NLP’

The following object is masked from ‘package:qdap’:

    ngrams

The following object is masked from ‘package:ggplot2’:

    annotate


Attaching package: ‘tm’

The following objects are masked from ‘package:qdap’:

    as.DocumentTermMatrix, as.TermDocumentMatrix

Loading required package: xgboost

Attaching package: ‘xgboost’

The following object is masked from ‘package:dplyr’:

    slice

NULL
TRACE [2019-10-17 13:01:53] Long live prediction Research Question 3 - Experiment 4
TRACE [2019-10-17 13:01:53] Evaluation metrics ouput path: ~/Workspace/doctorate/projects/long-lived-bug-prediction/notebooks/datasets
TRACE [2019-10-17 13:01:53] New Evaluation file: ~/Workspace/doctorate/projects/long-lived-bug-prediction/notebooks/datasets/20191017130148_rq3e4_all_predict_long_lived_metrics.csv
TRACE [2019-10-17 13:01:53] Current project name : eclipse
TRACE [2019-10-17 13:01:53] Starting in parameter number: 1
TRACE [2019-10-17 13:01:53] Bug report file name: ~/Workspace/doctorate/projects/long-lived-bug-prediction/notebooks/datasets/20190917_eclipse_bug_report_data.csv
TRACE [2019-10-17 13:01:53] Clean text features
TRACE [2019-10-17 13:02:29] Current parameters:
 N.Terms...: [100]
 Classifier: [nn]
 Metric...: [Accuracy]
 Feature...: [long_description]
 Threshold.: [8]
 Balancing.: [smote]
 Resampling: [repeatedcv]
TRACE [2019-10-17 13:02:29] Converting dataframe to term matrix
TRACE [2019-10-17 13:02:29] Text mining: extracting 100 terms from long_description
TRACE [2019-10-17 13:02:51] Text mining: extracted 100 terms from long_description
TRACE [2019-10-17 13:02:51] Partitioning dataset in training and testing
TRACE [2019-10-17 13:02:51] Balancing training dataset
TRACE [2019-10-17 13:02:51] [balance_dataset]: balancing method: smote
TRACE [2019-10-17 13:02:57] Training model 
TRACE [2019-10-17 13:02:57] [get_resampling_method] Resampling model repeatedcv
TRACE [2019-10-17 13:02:57] [train_with_nnet] Training model with NNET and Accuracy
