nohup: ignoring input
Loading required package: dplyr

Attaching package: ‘dplyr’

The following objects are masked from ‘package:stats’:

    filter, lag

The following objects are masked from ‘package:base’:

    intersect, setdiff, setequal, union

Loading required package: doParallel
Loading required package: foreach
Loading required package: iterators
Loading required package: parallel
Loading required package: futile.logger
Loading required package: ggplot2
Loading required package: qdap
Loading required package: qdapDictionaries
Loading required package: qdapRegex

Attaching package: ‘qdapRegex’

The following object is masked from ‘package:ggplot2’:

    %+%

The following object is masked from ‘package:dplyr’:

    explain

Loading required package: qdapTools

Attaching package: ‘qdapTools’

The following object is masked from ‘package:dplyr’:

    id

Loading required package: RColorBrewer
Registered S3 methods overwritten by 'qdap':
  method               from
  t.DocumentTermMatrix tm  
  t.TermDocumentMatrix tm  

Attaching package: ‘qdap’

The following object is masked from ‘package:dplyr’:

    %>%

The following object is masked from ‘package:base’:

    Filter

Loading required package: SnowballC
Loading required package: tidyverse
── Attaching packages ─────────────────────────────────────── tidyverse 1.2.1 ──
✔ tibble  2.1.3     ✔ purrr   0.3.3
✔ tidyr   1.0.0     ✔ stringr 1.4.0
✔ readr   1.3.1     ✔ forcats 0.4.0
── Conflicts ────────────────────────────────────────── tidyverse_conflicts() ──
✖ qdapRegex::%+%()     masks ggplot2::%+%()
✖ purrr::accumulate()  masks foreach::accumulate()
✖ qdapRegex::explain() masks dplyr::explain()
✖ dplyr::filter()      masks stats::filter()
✖ qdapTools::id()      masks dplyr::id()
✖ dplyr::lag()         masks stats::lag()
✖ purrr::when()        masks foreach::when()
Loading required package: tidytext
Loading required package: tm
Loading required package: NLP

Attaching package: ‘NLP’

The following object is masked from ‘package:qdap’:

    ngrams

The following object is masked from ‘package:ggplot2’:

    annotate


Attaching package: ‘tm’

The following objects are masked from ‘package:qdap’:

    as.DocumentTermMatrix, as.TermDocumentMatrix

Loading required package: wordcloud
NULL
TRACE [2019-11-01 10:31:39] reading data files of eclipse project
TRACE [2019-11-01 10:31:39] cleaning text features
TRACE [2019-11-01 10:34:12] making document term matrix for short-lived bugs on short_description of eclipse
