nohup: ignoring input
Loading required package: caret
Loading required package: lattice
Loading required package: ggplot2
Loading required package: doParallel
Loading required package: foreach
Loading required package: iterators
Loading required package: parallel
Loading required package: e1071
Loading required package: klaR
Loading required package: MASS
Loading required package: kernlab

Attaching package: ‘kernlab’

The following object is masked from ‘package:ggplot2’:

    alpha

Loading required package: futile.logger
Loading required package: nnet
Loading required package: qdap
Loading required package: qdapDictionaries
Loading required package: qdapRegex

Attaching package: ‘qdapRegex’

The following object is masked from ‘package:ggplot2’:

    %+%

Loading required package: qdapTools
Loading required package: RColorBrewer
Registered S3 methods overwritten by 'qdap':
  method               from
  t.DocumentTermMatrix tm  
  t.TermDocumentMatrix tm  

Attaching package: ‘qdap’

The following object is masked from ‘package:base’:

    Filter

Loading required package: randomForest
randomForest 4.6-14
Type rfNews() to see new features/changes/bug fixes.

Attaching package: ‘randomForest’

The following object is masked from ‘package:ggplot2’:

    margin

Loading required package: SnowballC
Loading required package: smotefamily
Loading required package: tidyverse
── Attaching packages ─────────────────────────────────────── tidyverse 1.2.1 ──
✔ tibble  2.1.3     ✔ purrr   0.3.3
✔ tidyr   1.0.0     ✔ dplyr   0.8.3
✔ readr   1.3.1     ✔ stringr 1.4.0
✔ tibble  2.1.3     ✔ forcats 0.4.0
── Conflicts ────────────────────────────────────────── tidyverse_conflicts() ──
✖ qdapRegex::%+%()       masks ggplot2::%+%()
✖ purrr::accumulate()    masks foreach::accumulate()
✖ kernlab::alpha()       masks ggplot2::alpha()
✖ dplyr::combine()       masks randomForest::combine()
✖ purrr::cross()         masks kernlab::cross()
✖ dplyr::explain()       masks qdapRegex::explain()
✖ dplyr::filter()        masks stats::filter()
✖ dplyr::id()            masks qdapTools::id()
✖ dplyr::lag()           masks stats::lag()
✖ purrr::lift()          masks caret::lift()
✖ randomForest::margin() masks ggplot2::margin()
✖ dplyr::select()        masks MASS::select()
✖ purrr::when()          masks foreach::when()
Loading required package: tidytext
Loading required package: tm
Loading required package: NLP

Attaching package: ‘NLP’

The following object is masked from ‘package:qdap’:

    ngrams

The following object is masked from ‘package:ggplot2’:

    annotate


Attaching package: ‘tm’

The following objects are masked from ‘package:qdap’:

    as.DocumentTermMatrix, as.TermDocumentMatrix

Loading required package: xgboost

Attaching package: ‘xgboost’

The following object is masked from ‘package:dplyr’:

    slice

NULL
TRACE [2019-11-20 00:15:11] Long live prediction Research Question 4 - Experiment 1
TRACE [2019-11-20 00:15:11] Evaluation metrics ouput path: ~/Workspace/doctorate/projects/long-lived-bug-prediction/notebooks/datasets
TRACE [2019-11-20 00:15:12] Current project name : eclipse
TRACE [2019-11-20 00:15:12] New Evaluation file: ~/Workspace/doctorate/projects/long-lived-bug-prediction/notebooks/datasets/20191120001458_rq3e2_eclipse_predict_long_lived_metrics.csv
TRACE [2019-11-20 00:15:12] Starting in parameter number: 1
TRACE [2019-11-20 00:15:12] Bug report file name: ~/Workspace/doctorate/projects/long-lived-bug-prediction/notebooks/datasets/20190917_eclipse_bug_report_data.csv
TRACE [2019-11-20 00:15:12] Clean text features
TRACE [2019-11-20 00:15:44] Current parameters:
 N.Terms...: [100]
 Classifier: [nb]
 Metric...: [ROC]
 Feature...: [short_description]
 Threshold.: [365]
 Balancing.: [unbalanced]
 Resampling: [repeatedcv]
TRACE [2019-11-20 00:15:44] Converting dataframe to term matrix
TRACE [2019-11-20 00:15:44] Text mining: extracting 100 terms from short_description
TRACE [2019-11-20 00:15:54] Text mining: extracted 100 terms from short_description
TRACE [2019-11-20 00:15:54] Partitioning dataset in training and testing
TRACE [2019-11-20 00:15:54] Balancing training dataset
TRACE [2019-11-20 00:15:54] [balance_dataset]: balancing method: unbalanced
TRACE [2019-11-20 00:15:54] Training model 
TRACE [2019-11-20 00:15:54] [get_resampling_method] Resampling model repeatedcv
TRACE [2019-11-20 00:15:54] Change control for ROC
TRACE [2019-11-20 00:15:54] [train_with_nb] Training model with NB and ROC
TRACE [2019-11-20 02:04:54] Testing model 
TRACE [2019-11-20 02:04:56] Calculating evaluating metrics
TRACE [2019-11-20 02:04:56] Evaluating metrics calculated!
TRACE [2019-11-20 02:04:56] Metrics: sensitivity [0.629630], specificity [0.451745], b_acc [0.540688]
TRACE [2019-11-20 02:04:56] Recording evaluation results on CSV file.
TRACE [2019-11-20 02:04:56] Evaluation results recorded on CSV file.
TRACE [2019-11-20 02:04:56] Current parameters:
 N.Terms...: [150]
 Classifier: [nb]
 Metric...: [ROC]
 Feature...: [short_description]
 Threshold.: [365]
 Balancing.: [unbalanced]
 Resampling: [repeatedcv]
TRACE [2019-11-20 02:04:56] Converting dataframe to term matrix
TRACE [2019-11-20 02:04:56] Text mining: extracting 150 terms from short_description
TRACE [2019-11-20 02:05:05] Text mining: extracted 150 terms from short_description
TRACE [2019-11-20 02:05:05] Partitioning dataset in training and testing
TRACE [2019-11-20 02:05:05] Balancing training dataset
TRACE [2019-11-20 02:05:05] [balance_dataset]: balancing method: unbalanced
TRACE [2019-11-20 02:05:05] Training model 
TRACE [2019-11-20 02:05:05] [get_resampling_method] Resampling model repeatedcv
TRACE [2019-11-20 02:05:05] Change control for ROC
TRACE [2019-11-20 02:05:05] [train_with_nb] Training model with NB and ROC
TRACE [2019-11-20 04:48:41] Testing model 
TRACE [2019-11-20 04:48:45] Calculating evaluating metrics
TRACE [2019-11-20 04:48:45] Evaluating metrics calculated!
TRACE [2019-11-20 04:48:45] Metrics: sensitivity [0.616279], specificity [0.461426], b_acc [0.538853]
TRACE [2019-11-20 04:48:45] Recording evaluation results on CSV file.
TRACE [2019-11-20 04:48:45] Evaluation results recorded on CSV file.
TRACE [2019-11-20 04:48:45] Current parameters:
 N.Terms...: [200]
 Classifier: [nb]
 Metric...: [ROC]
 Feature...: [short_description]
 Threshold.: [365]
 Balancing.: [unbalanced]
 Resampling: [repeatedcv]
TRACE [2019-11-20 04:48:45] Converting dataframe to term matrix
TRACE [2019-11-20 04:48:45] Text mining: extracting 200 terms from short_description
TRACE [2019-11-20 04:48:54] Text mining: extracted 200 terms from short_description
TRACE [2019-11-20 04:48:54] Partitioning dataset in training and testing
TRACE [2019-11-20 04:48:54] Balancing training dataset
TRACE [2019-11-20 04:48:54] [balance_dataset]: balancing method: unbalanced
TRACE [2019-11-20 04:48:54] Training model 
TRACE [2019-11-20 04:48:54] [get_resampling_method] Resampling model repeatedcv
TRACE [2019-11-20 04:48:54] Change control for ROC
TRACE [2019-11-20 04:48:54] [train_with_nb] Training model with NB and ROC
TRACE [2019-11-20 08:09:03] Testing model 
TRACE [2019-11-20 08:09:35] Calculating evaluating metrics
TRACE [2019-11-20 08:09:35] Evaluating metrics calculated!
TRACE [2019-11-20 08:09:35] Metrics: sensitivity [0.000000], specificity [1.000000], b_acc [0.500000]
TRACE [2019-11-20 08:09:35] Recording evaluation results on CSV file.
TRACE [2019-11-20 08:09:35] Evaluation results recorded on CSV file.
TRACE [2019-11-20 08:09:35] Current parameters:
 N.Terms...: [250]
 Classifier: [nb]
 Metric...: [ROC]
 Feature...: [short_description]
 Threshold.: [365]
 Balancing.: [unbalanced]
 Resampling: [repeatedcv]
TRACE [2019-11-20 08:09:35] Converting dataframe to term matrix
TRACE [2019-11-20 08:09:35] Text mining: extracting 250 terms from short_description
TRACE [2019-11-20 08:09:44] Text mining: extracted 250 terms from short_description
TRACE [2019-11-20 08:09:44] Partitioning dataset in training and testing
TRACE [2019-11-20 08:09:44] Balancing training dataset
TRACE [2019-11-20 08:09:44] [balance_dataset]: balancing method: unbalanced
TRACE [2019-11-20 08:09:44] Training model 
TRACE [2019-11-20 08:09:44] [get_resampling_method] Resampling model repeatedcv
TRACE [2019-11-20 08:09:44] Change control for ROC
TRACE [2019-11-20 08:09:44] [train_with_nb] Training model with NB and ROC
TRACE [2019-11-20 12:24:10] Testing model 
TRACE [2019-11-20 12:24:51] Calculating evaluating metrics
TRACE [2019-11-20 12:24:51] Evaluating metrics calculated!
TRACE [2019-11-20 12:24:51] Metrics: sensitivity [0.000000], specificity [1.000000], b_acc [0.500000]
TRACE [2019-11-20 12:24:51] Recording evaluation results on CSV file.
TRACE [2019-11-20 12:24:51] Evaluation results recorded on CSV file.
TRACE [2019-11-20 12:24:51] Current parameters:
 N.Terms...: [300]
 Classifier: [nb]
 Metric...: [ROC]
 Feature...: [short_description]
 Threshold.: [365]
 Balancing.: [unbalanced]
 Resampling: [repeatedcv]
TRACE [2019-11-20 12:24:51] Converting dataframe to term matrix
TRACE [2019-11-20 12:24:51] Text mining: extracting 300 terms from short_description
TRACE [2019-11-20 12:25:01] Text mining: extracted 300 terms from short_description
TRACE [2019-11-20 12:25:01] Partitioning dataset in training and testing
TRACE [2019-11-20 12:25:01] Balancing training dataset
TRACE [2019-11-20 12:25:01] [balance_dataset]: balancing method: unbalanced
TRACE [2019-11-20 12:25:01] Training model 
TRACE [2019-11-20 12:25:01] [get_resampling_method] Resampling model repeatedcv
TRACE [2019-11-20 12:25:01] Change control for ROC
TRACE [2019-11-20 12:25:01] [train_with_nb] Training model with NB and ROC
Error in NaiveBayes.default(x, y, usekernel = FALSE, fL = param$fL, ...) : 
  Zero variances for at least one class in variables: birt, chart, hipp, memori, remot, review, thread
Calls: train_with ... createModel -> <Anonymous> -> <Anonymous> -> NaiveBayes.default
In addition: There were 50 or more warnings (use warnings() to see the first 50)
Timing stopped at: 0.159 0 0.16
Execution halted
