TRACE [2020-07-23 23:52:29] Long live prediction Research Question 3 - Experiment 1
TRACE [2020-07-23 23:52:29] Evaluation metrics ouput path: ~/Workspace/doctorate/projects/long-lived-bug-prediction/machine-learning/source/datasets
TRACE [2020-07-23 23:52:29] Current project name : eclipse
TRACE [2020-07-23 23:52:29] Reading the best model by classifier
TRACE [2020-07-23 23:52:30] Bug report file name: ~/Workspace/doctorate/projects/long-lived-bug-prediction/machine-learning/source/datasets/20190917_eclipse_bug_report_data.csv
TRACE [2020-07-23 23:52:30] Clean text features
TRACE [2020-07-23 23:54:28] Long live prediction Research Question 3 - Experiment 1
TRACE [2020-07-23 23:54:28] Evaluation metrics ouput path: ~/Workspace/doctorate/projects/long-lived-bug-prediction/machine-learning/source/datasets
TRACE [2020-07-23 23:54:28] Current project name : eclipse
TRACE [2020-07-23 23:54:28] Reading the best model by classifier
TRACE [2020-07-23 23:54:28] Bug report file name: ~/Workspace/doctorate/projects/long-lived-bug-prediction/machine-learning/source/datasets/20190917_eclipse_bug_report_data.csv
TRACE [2020-07-23 23:54:28] Clean text features
TRACE [2020-07-23 23:55:03] Current parameters:
 N.Terms...: [100]
 Classifier: [knn]
 Metric...: [ROC]
 Feature...: [long_description]
 Threshold.: [365]
 Balancing.: [smote]
 Resampling: [repeatedcv]
TRACE [2020-07-23 23:55:03] Converting dataframe to term matrix
TRACE [2020-07-23 23:55:03] Text mining: extracting 100 terms from long_description
TRACE [2020-07-23 23:55:21] Text mining: extracted 100 terms from long_description
TRACE [2020-07-23 23:55:21] Partitioning dataset in training and testing
TRACE [2020-07-23 23:55:21] Balancing training dataset
TRACE [2020-07-23 23:55:21] [balance_dataset]: balancing method: smote
TRACE [2020-07-23 23:55:23] Training the prediction model 
TRACE [2020-07-23 23:55:23] [get_resampling_method] Resampling model repeatedcv
TRACE [2020-07-23 23:55:23] Change control for ROC
TRACE [2020-07-23 23:55:23] [train_with_knn] Training model with KNN and ROC
TRACE [2020-07-23 23:56:38] Recording best tune hyperparameters in CSV file
TRACE [2020-07-23 23:56:38] Current parameters:
 N.Terms...: [100]
 Classifier: [nb]
 Metric...: [ROC]
 Feature...: [short_description]
 Threshold.: [365]
 Balancing.: [unbalanced]
 Resampling: [repeatedcv]
TRACE [2020-07-23 23:56:38] Converting dataframe to term matrix
TRACE [2020-07-23 23:56:38] Text mining: extracting 100 terms from short_description
TRACE [2020-07-23 23:56:46] Text mining: extracted 100 terms from short_description
TRACE [2020-07-23 23:56:46] Partitioning dataset in training and testing
TRACE [2020-07-23 23:56:46] Balancing training dataset
TRACE [2020-07-23 23:56:46] [balance_dataset]: balancing method: unbalanced
TRACE [2020-07-23 23:56:46] Training the prediction model 
TRACE [2020-07-23 23:56:46] [get_resampling_method] Resampling model repeatedcv
TRACE [2020-07-23 23:56:46] Change control for ROC
TRACE [2020-07-23 23:56:46] [train_with_nb] Training model with NB and ROC
TRACE [2020-07-24 00:01:53] Recording best tune hyperparameters in CSV file
TRACE [2020-07-24 00:01:53] Current parameters:
 N.Terms...: [100]
 Classifier: [nn]
 Metric...: [Accuracy]
 Feature...: [long_description]
 Threshold.: [365]
 Balancing.: [smote]
 Resampling: [repeatedcv]
TRACE [2020-07-24 00:01:53] Converting dataframe to term matrix
TRACE [2020-07-24 00:01:53] Text mining: extracting 100 terms from long_description
TRACE [2020-07-24 00:02:10] Text mining: extracted 100 terms from long_description
TRACE [2020-07-24 00:02:10] Partitioning dataset in training and testing
TRACE [2020-07-24 00:02:10] Balancing training dataset
TRACE [2020-07-24 00:02:10] [balance_dataset]: balancing method: smote
TRACE [2020-07-24 00:02:12] Training the prediction model 
TRACE [2020-07-24 00:02:12] [get_resampling_method] Resampling model repeatedcv
TRACE [2020-07-24 00:02:12] [train_with_nnet] Training model with NNET and Accuracy
TRACE [2020-07-24 00:03:49] Recording best tune hyperparameters in CSV file
TRACE [2020-07-24 00:03:49] Current parameters:
 N.Terms...: [100]
 Classifier: [rf]
 Metric...: [Accuracy]
 Feature...: [long_description]
 Threshold.: [365]
 Balancing.: [smote]
 Resampling: [repeatedcv]
TRACE [2020-07-24 00:03:49] Converting dataframe to term matrix
TRACE [2020-07-24 00:03:49] Text mining: extracting 100 terms from long_description
TRACE [2020-07-24 00:04:07] Text mining: extracted 100 terms from long_description
TRACE [2020-07-24 00:04:07] Partitioning dataset in training and testing
TRACE [2020-07-24 00:04:07] Balancing training dataset
TRACE [2020-07-24 00:04:07] [balance_dataset]: balancing method: smote
TRACE [2020-07-24 00:04:09] Training the prediction model 
TRACE [2020-07-24 00:04:09] [get_resampling_method] Resampling model repeatedcv
TRACE [2020-07-24 00:04:09] [train_with_rf] Training model with RF and Accuracy
TRACE [2020-07-24 00:06:05] Recording best tune hyperparameters in CSV file
TRACE [2020-07-24 00:06:05] Current parameters:
 N.Terms...: [100]
 Classifier: [svm]
 Metric...: [Accuracy]
 Feature...: [long_description]
 Threshold.: [365]
 Balancing.: [smote]
 Resampling: [repeatedcv]
TRACE [2020-07-24 00:06:05] Converting dataframe to term matrix
TRACE [2020-07-24 00:06:05] Text mining: extracting 100 terms from long_description
TRACE [2020-07-24 00:06:22] Text mining: extracted 100 terms from long_description
TRACE [2020-07-24 00:06:22] Partitioning dataset in training and testing
TRACE [2020-07-24 00:06:22] Balancing training dataset
TRACE [2020-07-24 00:06:22] [balance_dataset]: balancing method: smote
TRACE [2020-07-24 00:06:24] Training the prediction model 
TRACE [2020-07-24 00:06:24] [get_resampling_method] Resampling model repeatedcv
TRACE [2020-07-24 00:06:24] [train_with_svm] Training model with SVM and Accuracy
TRACE [2020-07-24 00:39:48] Recording best tune hyperparameters in CSV file
