TRACE [2020-07-24 04:46:01] Long live prediction Research Question 3 - Experiment 1
TRACE [2020-07-24 04:46:01] Evaluation metrics ouput path: ~/Workspace/doctorate/projects/long-lived-bug-prediction/machine-learning/source/datasets
TRACE [2020-07-24 04:46:01] Current project name : eclipse
TRACE [2020-07-24 04:46:01] Reading the best model by classifier
TRACE [2020-07-24 04:46:01] Bug report file name: ~/Workspace/doctorate/projects/long-lived-bug-prediction/machine-learning/source/datasets/20190917_eclipse_bug_report_data.csv
TRACE [2020-07-24 04:46:01] Clean text features
TRACE [2020-07-24 04:46:37] Current parameters:
 N.Terms...: [100]
 Classifier: [knn]
 Metric...: [ROC]
 Feature...: [long_description]
 Threshold.: [365]
 Balancing.: [smote]
 Resampling: [repeatedcv]
TRACE [2020-07-24 04:46:37] Converting dataframe to term matrix
TRACE [2020-07-24 04:46:37] Text mining: extracting 100 terms from long_description
TRACE [2020-07-24 04:46:55] Text mining: extracted 100 terms from long_description
TRACE [2020-07-24 04:46:55] Partitioning dataset in training and testing
TRACE [2020-07-24 04:46:55] Balancing training dataset
TRACE [2020-07-24 04:46:55] [balance_dataset]: balancing method: smote
TRACE [2020-07-24 04:46:57] Training the prediction model 
TRACE [2020-07-24 04:46:57] [get_resampling_method] Resampling model repeatedcv
TRACE [2020-07-24 04:46:57] Change control for ROC
TRACE [2020-07-24 04:46:57] [train_with_knn] Training model with KNN and ROC
TRACE [2020-07-24 04:48:12] Recording best tune hyperparameters in CSV file
TRACE [2020-07-24 04:48:12] Current parameters:
 N.Terms...: [100]
 Classifier: [nb]
 Metric...: [ROC]
 Feature...: [short_description]
 Threshold.: [365]
 Balancing.: [unbalanced]
 Resampling: [repeatedcv]
TRACE [2020-07-24 04:48:12] Converting dataframe to term matrix
TRACE [2020-07-24 04:48:12] Text mining: extracting 100 terms from short_description
TRACE [2020-07-24 04:48:19] Text mining: extracted 100 terms from short_description
TRACE [2020-07-24 04:48:19] Partitioning dataset in training and testing
TRACE [2020-07-24 04:48:19] Balancing training dataset
TRACE [2020-07-24 04:48:19] [balance_dataset]: balancing method: unbalanced
TRACE [2020-07-24 04:48:19] Training the prediction model 
TRACE [2020-07-24 04:48:19] [get_resampling_method] Resampling model repeatedcv
TRACE [2020-07-24 04:48:19] Change control for ROC
TRACE [2020-07-24 04:48:19] [train_with_nb] Training model with NB and ROC
TRACE [2020-07-24 04:53:25] Recording best tune hyperparameters in CSV file
TRACE [2020-07-24 04:53:25] Current parameters:
 N.Terms...: [100]
 Classifier: [nn]
 Metric...: [Accuracy]
 Feature...: [long_description]
 Threshold.: [365]
 Balancing.: [smote]
 Resampling: [repeatedcv]
TRACE [2020-07-24 04:53:25] Converting dataframe to term matrix
TRACE [2020-07-24 04:53:25] Text mining: extracting 100 terms from long_description
TRACE [2020-07-24 04:53:43] Text mining: extracted 100 terms from long_description
TRACE [2020-07-24 04:53:43] Partitioning dataset in training and testing
TRACE [2020-07-24 04:53:43] Balancing training dataset
TRACE [2020-07-24 04:53:43] [balance_dataset]: balancing method: smote
TRACE [2020-07-24 04:53:45] Training the prediction model 
TRACE [2020-07-24 04:53:45] [get_resampling_method] Resampling model repeatedcv
TRACE [2020-07-24 04:53:45] [train_with_nnet] Training model with NNET and Accuracy
TRACE [2020-07-24 04:55:27] Recording best tune hyperparameters in CSV file
TRACE [2020-07-24 04:55:27] Current parameters:
 N.Terms...: [100]
 Classifier: [rf]
 Metric...: [Accuracy]
 Feature...: [long_description]
 Threshold.: [365]
 Balancing.: [smote]
 Resampling: [repeatedcv]
TRACE [2020-07-24 04:55:27] Converting dataframe to term matrix
TRACE [2020-07-24 04:55:27] Text mining: extracting 100 terms from long_description
TRACE [2020-07-24 04:55:44] Text mining: extracted 100 terms from long_description
TRACE [2020-07-24 04:55:44] Partitioning dataset in training and testing
TRACE [2020-07-24 04:55:44] Balancing training dataset
TRACE [2020-07-24 04:55:44] [balance_dataset]: balancing method: smote
TRACE [2020-07-24 04:55:46] Training the prediction model 
TRACE [2020-07-24 04:55:46] [get_resampling_method] Resampling model repeatedcv
TRACE [2020-07-24 04:55:46] [train_with_rf] Training model with RF and Accuracy
TRACE [2020-07-24 04:57:47] Recording best tune hyperparameters in CSV file
TRACE [2020-07-24 04:57:47] Current parameters:
 N.Terms...: [100]
 Classifier: [svm]
 Metric...: [Accuracy]
 Feature...: [long_description]
 Threshold.: [365]
 Balancing.: [smote]
 Resampling: [repeatedcv]
TRACE [2020-07-24 04:57:47] Converting dataframe to term matrix
TRACE [2020-07-24 04:57:47] Text mining: extracting 100 terms from long_description
TRACE [2020-07-24 04:58:04] Text mining: extracted 100 terms from long_description
TRACE [2020-07-24 04:58:04] Partitioning dataset in training and testing
TRACE [2020-07-24 04:58:04] Balancing training dataset
TRACE [2020-07-24 04:58:04] [balance_dataset]: balancing method: smote
TRACE [2020-07-24 04:58:06] Training the prediction model 
TRACE [2020-07-24 04:58:06] [get_resampling_method] Resampling model repeatedcv
TRACE [2020-07-24 04:58:06] [train_with_svm] Training model with SVM and Accuracy
TRACE [2020-07-24 05:31:37] Recording best tune hyperparameters in CSV file
TRACE [2020-07-24 05:31:37] Training best tune hyperparameters recorded on CSV file.
